[0.077s] DEBUG:colcon:Command line arguments: ['/usr/bin/colcon', 'build']
[0.077s] DEBUG:colcon:Parsed command line arguments: Namespace(log_base=None, log_level=None, verb_name='build', build_base='build', install_base='install', merge_install=False, symlink_install=False, test_result_base=None, continue_on_error=False, executor='parallel', parallel_workers=16, event_handlers=None, ignore_user_meta=False, metas=['./colcon.meta'], base_paths=['.'], packages_ignore=None, packages_ignore_regex=None, paths=None, packages_up_to=None, packages_up_to_regex=None, packages_above=None, packages_above_and_dependencies=None, packages_above_depth=None, packages_select_by_dep=None, packages_skip_by_dep=None, packages_skip_up_to=None, packages_select_build_failed=False, packages_skip_build_finished=False, packages_select_test_failures=False, packages_skip_test_passed=False, packages_select=None, packages_skip=None, packages_select_regex=None, packages_skip_regex=None, packages_start=None, packages_end=None, cmake_args=None, cmake_target=None, cmake_target_skip_unavailable=False, cmake_clean_cache=False, cmake_clean_first=False, cmake_force_configure=False, ament_cmake_args=None, catkin_cmake_args=None, catkin_skip_building_tests=False, verb_parser=<colcon_defaults.argument_parser.defaults.DefaultArgumentsDecorator object at 0x7930b2159360>, verb_extension=<colcon_core.verb.build.BuildVerb object at 0x7930b225e800>, main=<bound method BuildVerb.main of <colcon_core.verb.build.BuildVerb object at 0x7930b225e800>>)
[0.217s] Level 1:colcon.colcon_core.package_discovery:discover_packages(colcon_meta) check parameters
[0.217s] Level 1:colcon.colcon_core.package_discovery:discover_packages(recursive) check parameters
[0.217s] Level 1:colcon.colcon_core.package_discovery:discover_packages(ignore) check parameters
[0.217s] Level 1:colcon.colcon_core.package_discovery:discover_packages(path) check parameters
[0.217s] Level 1:colcon.colcon_core.package_discovery:discover_packages(colcon_meta) discover
[0.217s] Level 1:colcon.colcon_core.package_discovery:discover_packages(recursive) discover
[0.217s] INFO:colcon.colcon_core.package_discovery:Crawling recursively for packages in '/home/dev/gps_setting_ws'
[0.217s] Level 1:colcon.colcon_core.package_identification:_identify(.) by extensions ['ignore', 'ignore_ament_install']
[0.217s] Level 1:colcon.colcon_core.package_identification:_identify(.) by extension 'ignore'
[0.217s] Level 1:colcon.colcon_core.package_identification:_identify(.) by extension 'ignore_ament_install'
[0.217s] Level 1:colcon.colcon_core.package_identification:_identify(.) by extensions ['colcon_pkg']
[0.217s] Level 1:colcon.colcon_core.package_identification:_identify(.) by extension 'colcon_pkg'
[0.217s] Level 1:colcon.colcon_core.package_identification:_identify(.) by extensions ['colcon_meta']
[0.217s] Level 1:colcon.colcon_core.package_identification:_identify(.) by extension 'colcon_meta'
[0.217s] Level 1:colcon.colcon_core.package_identification:_identify(.) by extensions ['ros']
[0.217s] Level 1:colcon.colcon_core.package_identification:_identify(.) by extension 'ros'
[0.225s] Level 1:colcon.colcon_core.package_identification:_identify(.) by extensions ['cmake', 'python']
[0.225s] Level 1:colcon.colcon_core.package_identification:_identify(.) by extension 'cmake'
[0.225s] Level 1:colcon.colcon_core.package_identification:_identify(.) by extension 'python'
[0.225s] Level 1:colcon.colcon_core.package_identification:_identify(.) by extensions ['python_setup_py']
[0.225s] Level 1:colcon.colcon_core.package_identification:_identify(.) by extension 'python_setup_py'
[0.225s] Level 1:colcon.colcon_core.package_identification:_identify(build) by extensions ['ignore', 'ignore_ament_install']
[0.225s] Level 1:colcon.colcon_core.package_identification:_identify(build) by extension 'ignore'
[0.225s] Level 1:colcon.colcon_core.package_identification:_identify(build) ignored
[0.225s] Level 1:colcon.colcon_core.package_identification:_identify(install) by extensions ['ignore', 'ignore_ament_install']
[0.225s] Level 1:colcon.colcon_core.package_identification:_identify(install) by extension 'ignore'
[0.225s] Level 1:colcon.colcon_core.package_identification:_identify(install) ignored
[0.225s] Level 1:colcon.colcon_core.package_identification:_identify(log) by extensions ['ignore', 'ignore_ament_install']
[0.225s] Level 1:colcon.colcon_core.package_identification:_identify(log) by extension 'ignore'
[0.226s] Level 1:colcon.colcon_core.package_identification:_identify(log) ignored
[0.226s] Level 1:colcon.colcon_core.package_identification:_identify(src) by extensions ['ignore', 'ignore_ament_install']
[0.226s] Level 1:colcon.colcon_core.package_identification:_identify(src) by extension 'ignore'
[0.226s] Level 1:colcon.colcon_core.package_identification:_identify(src) by extension 'ignore_ament_install'
[0.226s] Level 1:colcon.colcon_core.package_identification:_identify(src) by extensions ['colcon_pkg']
[0.226s] Level 1:colcon.colcon_core.package_identification:_identify(src) by extension 'colcon_pkg'
[0.226s] Level 1:colcon.colcon_core.package_identification:_identify(src) by extensions ['colcon_meta']
[0.226s] Level 1:colcon.colcon_core.package_identification:_identify(src) by extension 'colcon_meta'
[0.226s] Level 1:colcon.colcon_core.package_identification:_identify(src) by extensions ['ros']
[0.226s] Level 1:colcon.colcon_core.package_identification:_identify(src) by extension 'ros'
[0.226s] Level 1:colcon.colcon_core.package_identification:_identify(src) by extensions ['cmake', 'python']
[0.226s] Level 1:colcon.colcon_core.package_identification:_identify(src) by extension 'cmake'
[0.226s] Level 1:colcon.colcon_core.package_identification:_identify(src) by extension 'python'
[0.226s] Level 1:colcon.colcon_core.package_identification:_identify(src) by extensions ['python_setup_py']
[0.226s] Level 1:colcon.colcon_core.package_identification:_identify(src) by extension 'python_setup_py'
[0.226s] Level 1:colcon.colcon_core.package_identification:_identify(src/ntrip_client) by extensions ['ignore', 'ignore_ament_install']
[0.226s] Level 1:colcon.colcon_core.package_identification:_identify(src/ntrip_client) by extension 'ignore'
[0.226s] Level 1:colcon.colcon_core.package_identification:_identify(src/ntrip_client) by extension 'ignore_ament_install'
[0.226s] Level 1:colcon.colcon_core.package_identification:_identify(src/ntrip_client) by extensions ['colcon_pkg']
[0.226s] Level 1:colcon.colcon_core.package_identification:_identify(src/ntrip_client) by extension 'colcon_pkg'
[0.226s] Level 1:colcon.colcon_core.package_identification:_identify(src/ntrip_client) by extensions ['colcon_meta']
[0.226s] Level 1:colcon.colcon_core.package_identification:_identify(src/ntrip_client) by extension 'colcon_meta'
[0.226s] Level 1:colcon.colcon_core.package_identification:_identify(src/ntrip_client) by extensions ['ros']
[0.226s] Level 1:colcon.colcon_core.package_identification:_identify(src/ntrip_client) by extension 'ros'
[0.228s] DEBUG:colcon.colcon_core.package_identification:Package 'src/ntrip_client' with type 'ros.ament_python' and name 'ntrip_client'
[0.228s] Level 1:colcon.colcon_core.package_identification:_identify(src/ublox) by extensions ['ignore', 'ignore_ament_install']
[0.229s] Level 1:colcon.colcon_core.package_identification:_identify(src/ublox) by extension 'ignore'
[0.229s] Level 1:colcon.colcon_core.package_identification:_identify(src/ublox) by extension 'ignore_ament_install'
[0.229s] Level 1:colcon.colcon_core.package_identification:_identify(src/ublox) by extensions ['colcon_pkg']
[0.229s] Level 1:colcon.colcon_core.package_identification:_identify(src/ublox) by extension 'colcon_pkg'
[0.229s] Level 1:colcon.colcon_core.package_identification:_identify(src/ublox) by extensions ['colcon_meta']
[0.229s] Level 1:colcon.colcon_core.package_identification:_identify(src/ublox) by extension 'colcon_meta'
[0.229s] Level 1:colcon.colcon_core.package_identification:_identify(src/ublox) by extensions ['ros']
[0.229s] Level 1:colcon.colcon_core.package_identification:_identify(src/ublox) by extension 'ros'
[0.229s] Level 1:colcon.colcon_core.package_identification:_identify(src/ublox) by extensions ['cmake', 'python']
[0.229s] Level 1:colcon.colcon_core.package_identification:_identify(src/ublox) by extension 'cmake'
[0.229s] Level 1:colcon.colcon_core.package_identification:_identify(src/ublox) by extension 'python'
[0.229s] Level 1:colcon.colcon_core.package_identification:_identify(src/ublox) by extensions ['python_setup_py']
[0.229s] Level 1:colcon.colcon_core.package_identification:_identify(src/ublox) by extension 'python_setup_py'
[0.229s] Level 1:colcon.colcon_core.package_identification:_identify(src/ublox/ublox) by extensions ['ignore', 'ignore_ament_install']
[0.229s] Level 1:colcon.colcon_core.package_identification:_identify(src/ublox/ublox) by extension 'ignore'
[0.229s] Level 1:colcon.colcon_core.package_identification:_identify(src/ublox/ublox) by extension 'ignore_ament_install'
[0.229s] Level 1:colcon.colcon_core.package_identification:_identify(src/ublox/ublox) by extensions ['colcon_pkg']
[0.229s] Level 1:colcon.colcon_core.package_identification:_identify(src/ublox/ublox) by extension 'colcon_pkg'
[0.229s] Level 1:colcon.colcon_core.package_identification:_identify(src/ublox/ublox) by extensions ['colcon_meta']
[0.229s] Level 1:colcon.colcon_core.package_identification:_identify(src/ublox/ublox) by extension 'colcon_meta'
[0.229s] Level 1:colcon.colcon_core.package_identification:_identify(src/ublox/ublox) by extensions ['ros']
[0.229s] Level 1:colcon.colcon_core.package_identification:_identify(src/ublox/ublox) by extension 'ros'
[0.230s] DEBUG:colcon.colcon_core.package_identification:Package 'src/ublox/ublox' with type 'ros.ament_cmake' and name 'ublox'
[0.230s] Level 1:colcon.colcon_core.package_identification:_identify(src/ublox/ublox_gps) by extensions ['ignore', 'ignore_ament_install']
[0.230s] Level 1:colcon.colcon_core.package_identification:_identify(src/ublox/ublox_gps) by extension 'ignore'
[0.230s] Level 1:colcon.colcon_core.package_identification:_identify(src/ublox/ublox_gps) by extension 'ignore_ament_install'
[0.230s] Level 1:colcon.colcon_core.package_identification:_identify(src/ublox/ublox_gps) by extensions ['colcon_pkg']
[0.230s] Level 1:colcon.colcon_core.package_identification:_identify(src/ublox/ublox_gps) by extension 'colcon_pkg'
[0.230s] Level 1:colcon.colcon_core.package_identification:_identify(src/ublox/ublox_gps) by extensions ['colcon_meta']
[0.230s] Level 1:colcon.colcon_core.package_identification:_identify(src/ublox/ublox_gps) by extension 'colcon_meta'
[0.230s] Level 1:colcon.colcon_core.package_identification:_identify(src/ublox/ublox_gps) by extensions ['ros']
[0.230s] Level 1:colcon.colcon_core.package_identification:_identify(src/ublox/ublox_gps) by extension 'ros'
[0.231s] DEBUG:colcon.colcon_core.package_identification:Package 'src/ublox/ublox_gps' with type 'ros.ament_cmake' and name 'ublox_gps'
[0.231s] Level 1:colcon.colcon_core.package_identification:_identify(src/ublox/ublox_msgs) by extensions ['ignore', 'ignore_ament_install']
[0.231s] Level 1:colcon.colcon_core.package_identification:_identify(src/ublox/ublox_msgs) by extension 'ignore'
[0.231s] Level 1:colcon.colcon_core.package_identification:_identify(src/ublox/ublox_msgs) by extension 'ignore_ament_install'
[0.232s] Level 1:colcon.colcon_core.package_identification:_identify(src/ublox/ublox_msgs) by extensions ['colcon_pkg']
[0.232s] Level 1:colcon.colcon_core.package_identification:_identify(src/ublox/ublox_msgs) by extension 'colcon_pkg'
[0.232s] Level 1:colcon.colcon_core.package_identification:_identify(src/ublox/ublox_msgs) by extensions ['colcon_meta']
[0.232s] Level 1:colcon.colcon_core.package_identification:_identify(src/ublox/ublox_msgs) by extension 'colcon_meta'
[0.232s] Level 1:colcon.colcon_core.package_identification:_identify(src/ublox/ublox_msgs) by extensions ['ros']
[0.232s] Level 1:colcon.colcon_core.package_identification:_identify(src/ublox/ublox_msgs) by extension 'ros'
[0.232s] DEBUG:colcon.colcon_core.package_identification:Package 'src/ublox/ublox_msgs' with type 'ros.ament_cmake' and name 'ublox_msgs'
[0.232s] Level 1:colcon.colcon_core.package_identification:_identify(src/ublox/ublox_serialization) by extensions ['ignore', 'ignore_ament_install']
[0.232s] Level 1:colcon.colcon_core.package_identification:_identify(src/ublox/ublox_serialization) by extension 'ignore'
[0.232s] Level 1:colcon.colcon_core.package_identification:_identify(src/ublox/ublox_serialization) by extension 'ignore_ament_install'
[0.232s] Level 1:colcon.colcon_core.package_identification:_identify(src/ublox/ublox_serialization) by extensions ['colcon_pkg']
[0.232s] Level 1:colcon.colcon_core.package_identification:_identify(src/ublox/ublox_serialization) by extension 'colcon_pkg'
[0.232s] Level 1:colcon.colcon_core.package_identification:_identify(src/ublox/ublox_serialization) by extensions ['colcon_meta']
[0.233s] Level 1:colcon.colcon_core.package_identification:_identify(src/ublox/ublox_serialization) by extension 'colcon_meta'
[0.233s] Level 1:colcon.colcon_core.package_identification:_identify(src/ublox/ublox_serialization) by extensions ['ros']
[0.233s] Level 1:colcon.colcon_core.package_identification:_identify(src/ublox/ublox_serialization) by extension 'ros'
[0.233s] DEBUG:colcon.colcon_core.package_identification:Package 'src/ublox/ublox_serialization' with type 'ros.ament_cmake' and name 'ublox_serialization'
[0.233s] Level 1:colcon.colcon_core.package_discovery:discover_packages(recursive) using defaults
[0.233s] Level 1:colcon.colcon_core.package_discovery:discover_packages(ignore) discover
[0.233s] Level 1:colcon.colcon_core.package_discovery:discover_packages(ignore) using defaults
[0.233s] Level 1:colcon.colcon_core.package_discovery:discover_packages(path) discover
[0.233s] Level 1:colcon.colcon_core.package_discovery:discover_packages(path) using defaults
[0.254s] Level 5:colcon.colcon_core.verb:set package 'ntrip_client' build argument 'cmake_args' from command line to 'None'
[0.254s] Level 5:colcon.colcon_core.verb:set package 'ntrip_client' build argument 'cmake_target' from command line to 'None'
[0.254s] Level 5:colcon.colcon_core.verb:set package 'ntrip_client' build argument 'cmake_target_skip_unavailable' from command line to 'False'
[0.254s] Level 5:colcon.colcon_core.verb:set package 'ntrip_client' build argument 'cmake_clean_cache' from command line to 'False'
[0.254s] Level 5:colcon.colcon_core.verb:set package 'ntrip_client' build argument 'cmake_clean_first' from command line to 'False'
[0.254s] Level 5:colcon.colcon_core.verb:set package 'ntrip_client' build argument 'cmake_force_configure' from command line to 'False'
[0.254s] Level 5:colcon.colcon_core.verb:set package 'ntrip_client' build argument 'ament_cmake_args' from command line to 'None'
[0.254s] Level 5:colcon.colcon_core.verb:set package 'ntrip_client' build argument 'catkin_cmake_args' from command line to 'None'
[0.254s] Level 5:colcon.colcon_core.verb:set package 'ntrip_client' build argument 'catkin_skip_building_tests' from command line to 'False'
[0.254s] DEBUG:colcon.colcon_core.verb:Building package 'ntrip_client' with the following arguments: {'ament_cmake_args': None, 'build_base': '/home/dev/gps_setting_ws/build/ntrip_client', 'catkin_cmake_args': None, 'catkin_skip_building_tests': False, 'cmake_args': None, 'cmake_clean_cache': False, 'cmake_clean_first': False, 'cmake_force_configure': False, 'cmake_target': None, 'cmake_target_skip_unavailable': False, 'install_base': '/home/dev/gps_setting_ws/install/ntrip_client', 'merge_install': False, 'path': '/home/dev/gps_setting_ws/src/ntrip_client', 'symlink_install': False, 'test_result_base': None}
[0.254s] Level 5:colcon.colcon_core.verb:set package 'ublox_serialization' build argument 'cmake_args' from command line to 'None'
[0.254s] Level 5:colcon.colcon_core.verb:set package 'ublox_serialization' build argument 'cmake_target' from command line to 'None'
[0.254s] Level 5:colcon.colcon_core.verb:set package 'ublox_serialization' build argument 'cmake_target_skip_unavailable' from command line to 'False'
[0.254s] Level 5:colcon.colcon_core.verb:set package 'ublox_serialization' build argument 'cmake_clean_cache' from command line to 'False'
[0.254s] Level 5:colcon.colcon_core.verb:set package 'ublox_serialization' build argument 'cmake_clean_first' from command line to 'False'
[0.254s] Level 5:colcon.colcon_core.verb:set package 'ublox_serialization' build argument 'cmake_force_configure' from command line to 'False'
[0.254s] Level 5:colcon.colcon_core.verb:set package 'ublox_serialization' build argument 'ament_cmake_args' from command line to 'None'
[0.254s] Level 5:colcon.colcon_core.verb:set package 'ublox_serialization' build argument 'catkin_cmake_args' from command line to 'None'
[0.254s] Level 5:colcon.colcon_core.verb:set package 'ublox_serialization' build argument 'catkin_skip_building_tests' from command line to 'False'
[0.255s] DEBUG:colcon.colcon_core.verb:Building package 'ublox_serialization' with the following arguments: {'ament_cmake_args': None, 'build_base': '/home/dev/gps_setting_ws/build/ublox_serialization', 'catkin_cmake_args': None, 'catkin_skip_building_tests': False, 'cmake_args': None, 'cmake_clean_cache': False, 'cmake_clean_first': False, 'cmake_force_configure': False, 'cmake_target': None, 'cmake_target_skip_unavailable': False, 'install_base': '/home/dev/gps_setting_ws/install/ublox_serialization', 'merge_install': False, 'path': '/home/dev/gps_setting_ws/src/ublox/ublox_serialization', 'symlink_install': False, 'test_result_base': None}
[0.255s] Level 5:colcon.colcon_core.verb:set package 'ublox_msgs' build argument 'cmake_args' from command line to 'None'
[0.255s] Level 5:colcon.colcon_core.verb:set package 'ublox_msgs' build argument 'cmake_target' from command line to 'None'
[0.255s] Level 5:colcon.colcon_core.verb:set package 'ublox_msgs' build argument 'cmake_target_skip_unavailable' from command line to 'False'
[0.255s] Level 5:colcon.colcon_core.verb:set package 'ublox_msgs' build argument 'cmake_clean_cache' from command line to 'False'
[0.255s] Level 5:colcon.colcon_core.verb:set package 'ublox_msgs' build argument 'cmake_clean_first' from command line to 'False'
[0.255s] Level 5:colcon.colcon_core.verb:set package 'ublox_msgs' build argument 'cmake_force_configure' from command line to 'False'
[0.255s] Level 5:colcon.colcon_core.verb:set package 'ublox_msgs' build argument 'ament_cmake_args' from command line to 'None'
[0.255s] Level 5:colcon.colcon_core.verb:set package 'ublox_msgs' build argument 'catkin_cmake_args' from command line to 'None'
[0.255s] Level 5:colcon.colcon_core.verb:set package 'ublox_msgs' build argument 'catkin_skip_building_tests' from command line to 'False'
[0.255s] DEBUG:colcon.colcon_core.verb:Building package 'ublox_msgs' with the following arguments: {'ament_cmake_args': None, 'build_base': '/home/dev/gps_setting_ws/build/ublox_msgs', 'catkin_cmake_args': None, 'catkin_skip_building_tests': False, 'cmake_args': None, 'cmake_clean_cache': False, 'cmake_clean_first': False, 'cmake_force_configure': False, 'cmake_target': None, 'cmake_target_skip_unavailable': False, 'install_base': '/home/dev/gps_setting_ws/install/ublox_msgs', 'merge_install': False, 'path': '/home/dev/gps_setting_ws/src/ublox/ublox_msgs', 'symlink_install': False, 'test_result_base': None}
[0.255s] Level 5:colcon.colcon_core.verb:set package 'ublox_gps' build argument 'cmake_args' from command line to 'None'
[0.255s] Level 5:colcon.colcon_core.verb:set package 'ublox_gps' build argument 'cmake_target' from command line to 'None'
[0.255s] Level 5:colcon.colcon_core.verb:set package 'ublox_gps' build argument 'cmake_target_skip_unavailable' from command line to 'False'
[0.255s] Level 5:colcon.colcon_core.verb:set package 'ublox_gps' build argument 'cmake_clean_cache' from command line to 'False'
[0.255s] Level 5:colcon.colcon_core.verb:set package 'ublox_gps' build argument 'cmake_clean_first' from command line to 'False'
[0.255s] Level 5:colcon.colcon_core.verb:set package 'ublox_gps' build argument 'cmake_force_configure' from command line to 'False'
[0.255s] Level 5:colcon.colcon_core.verb:set package 'ublox_gps' build argument 'ament_cmake_args' from command line to 'None'
[0.255s] Level 5:colcon.colcon_core.verb:set package 'ublox_gps' build argument 'catkin_cmake_args' from command line to 'None'
[0.256s] Level 5:colcon.colcon_core.verb:set package 'ublox_gps' build argument 'catkin_skip_building_tests' from command line to 'False'
[0.256s] DEBUG:colcon.colcon_core.verb:Building package 'ublox_gps' with the following arguments: {'ament_cmake_args': None, 'build_base': '/home/dev/gps_setting_ws/build/ublox_gps', 'catkin_cmake_args': None, 'catkin_skip_building_tests': False, 'cmake_args': None, 'cmake_clean_cache': False, 'cmake_clean_first': False, 'cmake_force_configure': False, 'cmake_target': None, 'cmake_target_skip_unavailable': False, 'install_base': '/home/dev/gps_setting_ws/install/ublox_gps', 'merge_install': False, 'path': '/home/dev/gps_setting_ws/src/ublox/ublox_gps', 'symlink_install': False, 'test_result_base': None}
[0.256s] Level 5:colcon.colcon_core.verb:set package 'ublox' build argument 'cmake_args' from command line to 'None'
[0.256s] Level 5:colcon.colcon_core.verb:set package 'ublox' build argument 'cmake_target' from command line to 'None'
[0.256s] Level 5:colcon.colcon_core.verb:set package 'ublox' build argument 'cmake_target_skip_unavailable' from command line to 'False'
[0.256s] Level 5:colcon.colcon_core.verb:set package 'ublox' build argument 'cmake_clean_cache' from command line to 'False'
[0.256s] Level 5:colcon.colcon_core.verb:set package 'ublox' build argument 'cmake_clean_first' from command line to 'False'
[0.256s] Level 5:colcon.colcon_core.verb:set package 'ublox' build argument 'cmake_force_configure' from command line to 'False'
[0.256s] Level 5:colcon.colcon_core.verb:set package 'ublox' build argument 'ament_cmake_args' from command line to 'None'
[0.256s] Level 5:colcon.colcon_core.verb:set package 'ublox' build argument 'catkin_cmake_args' from command line to 'None'
[0.256s] Level 5:colcon.colcon_core.verb:set package 'ublox' build argument 'catkin_skip_building_tests' from command line to 'False'
[0.256s] DEBUG:colcon.colcon_core.verb:Building package 'ublox' with the following arguments: {'ament_cmake_args': None, 'build_base': '/home/dev/gps_setting_ws/build/ublox', 'catkin_cmake_args': None, 'catkin_skip_building_tests': False, 'cmake_args': None, 'cmake_clean_cache': False, 'cmake_clean_first': False, 'cmake_force_configure': False, 'cmake_target': None, 'cmake_target_skip_unavailable': False, 'install_base': '/home/dev/gps_setting_ws/install/ublox', 'merge_install': False, 'path': '/home/dev/gps_setting_ws/src/ublox/ublox', 'symlink_install': False, 'test_result_base': None}
[0.256s] INFO:colcon.colcon_core.executor:Executing jobs using 'parallel' executor
[0.257s] DEBUG:colcon.colcon_parallel_executor.executor.parallel:run_until_complete
[0.257s] INFO:colcon.colcon_ros.task.ament_cmake.build:Building ROS package in '/home/dev/gps_setting_ws/src/ublox/ublox_serialization' with build type 'ament_cmake'
[0.257s] INFO:colcon.colcon_cmake.task.cmake.build:Building CMake package in '/home/dev/gps_setting_ws/src/ublox/ublox_serialization'
[0.259s] INFO:colcon.colcon_core.plugin_system:Skipping extension 'colcon_core.shell.bat': Not used on non-Windows systems
[0.259s] INFO:colcon.colcon_core.shell:Skip shell extension 'powershell' for command environment: Not usable outside of PowerShell
[0.259s] DEBUG:colcon.colcon_core.shell:Skip shell extension 'dsv' for command environment
[0.263s] INFO:colcon.colcon_ros.task.ament_python.build:Building ROS package in '/home/dev/gps_setting_ws/src/ntrip_client' with build type 'ament_python'
[0.263s] Level 1:colcon.colcon_core.shell:create_environment_hook('ntrip_client', 'ament_prefix_path')
[0.263s] INFO:colcon.colcon_core.shell:Creating environment hook '/home/dev/gps_setting_ws/install/ntrip_client/share/ntrip_client/hook/ament_prefix_path.ps1'
[0.263s] INFO:colcon.colcon_core.shell:Creating environment descriptor '/home/dev/gps_setting_ws/install/ntrip_client/share/ntrip_client/hook/ament_prefix_path.dsv'
[0.264s] INFO:colcon.colcon_core.shell:Creating environment hook '/home/dev/gps_setting_ws/install/ntrip_client/share/ntrip_client/hook/ament_prefix_path.sh'
[0.264s] INFO:colcon.colcon_core.shell:Skip shell extension 'powershell' for command environment: Not usable outside of PowerShell
[0.264s] DEBUG:colcon.colcon_core.shell:Skip shell extension 'dsv' for command environment
[0.271s] DEBUG:colcon.colcon_core.event_handler.log_command:Invoking command in '/home/dev/gps_setting_ws/build/ublox_serialization': CMAKE_PREFIX_PATH=${CMAKE_PREFIX_PATH}:/home/dev/gps_setting_ws/install/ntrip_client:/opt/ros/humble /usr/bin/cmake --build /home/dev/gps_setting_ws/build/ublox_serialization -- -j16 -l16
[0.473s] INFO:colcon.colcon_core.task.python.build:Building Python package in '/home/dev/gps_setting_ws/src/ntrip_client'
[0.473s] INFO:colcon.colcon_core.shell:Skip shell extension 'powershell' for command environment: Not usable outside of PowerShell
[0.473s] DEBUG:colcon.colcon_core.shell:Skip shell extension 'dsv' for command environment
[0.477s] DEBUG:colcon.colcon_core.event_handler.log_command:Invoked command in '/home/dev/gps_setting_ws/build/ublox_serialization' returned '0': CMAKE_PREFIX_PATH=${CMAKE_PREFIX_PATH}:/home/dev/gps_setting_ws/install/ntrip_client:/opt/ros/humble /usr/bin/cmake --build /home/dev/gps_setting_ws/build/ublox_serialization -- -j16 -l16
[0.484s] DEBUG:colcon.colcon_core.event_handler.log_command:Invoking command in '/home/dev/gps_setting_ws/build/ublox_serialization': CMAKE_PREFIX_PATH=${CMAKE_PREFIX_PATH}:/home/dev/gps_setting_ws/install/ntrip_client:/opt/ros/humble /usr/bin/cmake --install /home/dev/gps_setting_ws/build/ublox_serialization
[0.491s] Level 1:colcon.colcon_core.environment:create_environment_scripts_only(ublox_serialization)
[0.491s] DEBUG:colcon.colcon_core.event_handler.log_command:Invoked command in '/home/dev/gps_setting_ws/build/ublox_serialization' returned '0': CMAKE_PREFIX_PATH=${CMAKE_PREFIX_PATH}:/home/dev/gps_setting_ws/install/ntrip_client:/opt/ros/humble /usr/bin/cmake --install /home/dev/gps_setting_ws/build/ublox_serialization
[0.493s] Level 1:colcon.colcon_core.environment:checking '/home/dev/gps_setting_ws/install/ublox_serialization' for CMake module files
[0.493s] Level 1:colcon.colcon_core.environment:checking '/home/dev/gps_setting_ws/install/ublox_serialization' for CMake config files
[0.494s] Level 1:colcon.colcon_core.shell:create_environment_hook('ublox_serialization', 'cmake_prefix_path')
[0.494s] INFO:colcon.colcon_core.shell:Creating environment hook '/home/dev/gps_setting_ws/install/ublox_serialization/share/ublox_serialization/hook/cmake_prefix_path.ps1'
[0.494s] INFO:colcon.colcon_core.shell:Creating environment descriptor '/home/dev/gps_setting_ws/install/ublox_serialization/share/ublox_serialization/hook/cmake_prefix_path.dsv'
[0.494s] INFO:colcon.colcon_core.shell:Creating environment hook '/home/dev/gps_setting_ws/install/ublox_serialization/share/ublox_serialization/hook/cmake_prefix_path.sh'
[0.495s] Level 1:colcon.colcon_core.environment:checking '/home/dev/gps_setting_ws/install/ublox_serialization/bin'
[0.495s] Level 1:colcon.colcon_core.environment:checking '/home/dev/gps_setting_ws/install/ublox_serialization/lib/pkgconfig/ublox_serialization.pc'
[0.495s] Level 1:colcon.colcon_core.environment:checking '/home/dev/gps_setting_ws/install/ublox_serialization/lib/python3.10/site-packages'
[0.495s] Level 1:colcon.colcon_core.environment:checking '/home/dev/gps_setting_ws/install/ublox_serialization/bin'
[0.496s] INFO:colcon.colcon_core.shell:Creating package script '/home/dev/gps_setting_ws/install/ublox_serialization/share/ublox_serialization/package.ps1'
[0.496s] INFO:colcon.colcon_core.shell:Creating package descriptor '/home/dev/gps_setting_ws/install/ublox_serialization/share/ublox_serialization/package.dsv'
[0.497s] INFO:colcon.colcon_core.shell:Creating package script '/home/dev/gps_setting_ws/install/ublox_serialization/share/ublox_serialization/package.sh'
[0.497s] INFO:colcon.colcon_core.shell:Creating package script '/home/dev/gps_setting_ws/install/ublox_serialization/share/ublox_serialization/package.bash'
[0.498s] INFO:colcon.colcon_core.shell:Creating package script '/home/dev/gps_setting_ws/install/ublox_serialization/share/ublox_serialization/package.zsh'
[0.498s] Level 1:colcon.colcon_core.environment:create_file_with_runtime_dependencies(/home/dev/gps_setting_ws/install/ublox_serialization/share/colcon-core/packages/ublox_serialization)
[0.499s] Level 1:colcon.colcon_core.environment:create_environment_scripts_only(ublox_serialization)
[0.499s] Level 1:colcon.colcon_core.environment:checking '/home/dev/gps_setting_ws/install/ublox_serialization' for CMake module files
[0.499s] Level 1:colcon.colcon_core.environment:checking '/home/dev/gps_setting_ws/install/ublox_serialization' for CMake config files
[0.499s] Level 1:colcon.colcon_core.shell:create_environment_hook('ublox_serialization', 'cmake_prefix_path')
[0.499s] INFO:colcon.colcon_core.shell:Creating environment hook '/home/dev/gps_setting_ws/install/ublox_serialization/share/ublox_serialization/hook/cmake_prefix_path.ps1'
[0.500s] INFO:colcon.colcon_core.shell:Creating environment descriptor '/home/dev/gps_setting_ws/install/ublox_serialization/share/ublox_serialization/hook/cmake_prefix_path.dsv'
[0.500s] INFO:colcon.colcon_core.shell:Creating environment hook '/home/dev/gps_setting_ws/install/ublox_serialization/share/ublox_serialization/hook/cmake_prefix_path.sh'
[0.500s] Level 1:colcon.colcon_core.environment:checking '/home/dev/gps_setting_ws/install/ublox_serialization/bin'
[0.500s] Level 1:colcon.colcon_core.environment:checking '/home/dev/gps_setting_ws/install/ublox_serialization/lib/pkgconfig/ublox_serialization.pc'
[0.501s] Level 1:colcon.colcon_core.environment:checking '/home/dev/gps_setting_ws/install/ublox_serialization/lib/python3.10/site-packages'
[0.501s] Level 1:colcon.colcon_core.environment:checking '/home/dev/gps_setting_ws/install/ublox_serialization/bin'
[0.501s] INFO:colcon.colcon_core.shell:Creating package script '/home/dev/gps_setting_ws/install/ublox_serialization/share/ublox_serialization/package.ps1'
[0.501s] INFO:colcon.colcon_core.shell:Creating package descriptor '/home/dev/gps_setting_ws/install/ublox_serialization/share/ublox_serialization/package.dsv'
[0.502s] INFO:colcon.colcon_core.shell:Creating package script '/home/dev/gps_setting_ws/install/ublox_serialization/share/ublox_serialization/package.sh'
[0.502s] INFO:colcon.colcon_core.shell:Creating package script '/home/dev/gps_setting_ws/install/ublox_serialization/share/ublox_serialization/package.bash'
[0.502s] INFO:colcon.colcon_core.shell:Creating package script '/home/dev/gps_setting_ws/install/ublox_serialization/share/ublox_serialization/package.zsh'
[0.503s] Level 1:colcon.colcon_core.environment:create_file_with_runtime_dependencies(/home/dev/gps_setting_ws/install/ublox_serialization/share/colcon-core/packages/ublox_serialization)
[0.503s] INFO:colcon.colcon_ros.task.ament_cmake.build:Building ROS package in '/home/dev/gps_setting_ws/src/ublox/ublox_msgs' with build type 'ament_cmake'
[0.503s] INFO:colcon.colcon_cmake.task.cmake.build:Building CMake package in '/home/dev/gps_setting_ws/src/ublox/ublox_msgs'
[0.503s] INFO:colcon.colcon_core.shell:Skip shell extension 'powershell' for command environment: Not usable outside of PowerShell
[0.503s] DEBUG:colcon.colcon_core.shell:Skip shell extension 'dsv' for command environment
[0.510s] DEBUG:colcon.colcon_core.event_handler.log_command:Invoking command in '/home/dev/gps_setting_ws/build/ublox_msgs': CMAKE_PREFIX_PATH=/home/dev/gps_setting_ws/install/ublox_serialization:/home/dev/gps_setting_ws/install/ublox:/home/dev/gps_setting_ws/install/ublox_gps:/home/dev/gps_setting_ws/install/ublox_msgs:/home/dev/ex_rbq_simul/ROS2/RBQ/ros2/install/rbq_rviz_plugins:/home/dev/ex_rbq_simul/ROS2/RBQ/ros2/install/rbq_msgs:/home/dev/ex_rbq_simul/ROS2/RBQ/ros2/install/rbq_examples:/home/dev/ex_rbq_simul/ROS2/RBQ/ros2/install/rbq_driver:/home/dev/ex_rbq_simul/ROS2/RBQ/ros2/install/rbq_description:/home/dev/gps_setting_ws/install/ntrip_client:/opt/ros/humble /usr/bin/cmake --build /home/dev/gps_setting_ws/build/ublox_msgs -- -j16 -l16
[0.886s] DEBUG:colcon.colcon_core.event_handler.log_command:Invoking command in '/home/dev/gps_setting_ws/src/ntrip_client': PYTHONPATH=/home/dev/gps_setting_ws/build/ntrip_client/prefix_override:/usr/lib/python3/dist-packages/colcon_core/task/python/colcon_distutils_commands:/home/dev/gps_setting_ws/install/ntrip_client/lib/python3.10/site-packages:${PYTHONPATH} /usr/bin/python3 -W ignore:setup.py install is deprecated -W ignore:easy_install command is deprecated setup.py egg_info --egg-base ../../build/ntrip_client build --build-base /home/dev/gps_setting_ws/build/ntrip_client/build install --record /home/dev/gps_setting_ws/build/ntrip_client/install.log --single-version-externally-managed install_data
[0.905s] DEBUG:colcon.colcon_core.event_handler.log_command:Invoked command in '/home/dev/gps_setting_ws/build/ublox_msgs' returned '0': CMAKE_PREFIX_PATH=/home/dev/gps_setting_ws/install/ublox_serialization:/home/dev/gps_setting_ws/install/ublox:/home/dev/gps_setting_ws/install/ublox_gps:/home/dev/gps_setting_ws/install/ublox_msgs:/home/dev/ex_rbq_simul/ROS2/RBQ/ros2/install/rbq_rviz_plugins:/home/dev/ex_rbq_simul/ROS2/RBQ/ros2/install/rbq_msgs:/home/dev/ex_rbq_simul/ROS2/RBQ/ros2/install/rbq_examples:/home/dev/ex_rbq_simul/ROS2/RBQ/ros2/install/rbq_driver:/home/dev/ex_rbq_simul/ROS2/RBQ/ros2/install/rbq_description:/home/dev/gps_setting_ws/install/ntrip_client:/opt/ros/humble /usr/bin/cmake --build /home/dev/gps_setting_ws/build/ublox_msgs -- -j16 -l16
[0.906s] DEBUG:colcon.colcon_core.event_handler.log_command:Invoking command in '/home/dev/gps_setting_ws/build/ublox_msgs': CMAKE_PREFIX_PATH=/home/dev/gps_setting_ws/install/ublox_serialization:/home/dev/gps_setting_ws/install/ublox:/home/dev/gps_setting_ws/install/ublox_gps:/home/dev/gps_setting_ws/install/ublox_msgs:/home/dev/ex_rbq_simul/ROS2/RBQ/ros2/install/rbq_rviz_plugins:/home/dev/ex_rbq_simul/ROS2/RBQ/ros2/install/rbq_msgs:/home/dev/ex_rbq_simul/ROS2/RBQ/ros2/install/rbq_examples:/home/dev/ex_rbq_simul/ROS2/RBQ/ros2/install/rbq_driver:/home/dev/ex_rbq_simul/ROS2/RBQ/ros2/install/rbq_description:/home/dev/gps_setting_ws/install/ntrip_client:/opt/ros/humble /usr/bin/cmake --install /home/dev/gps_setting_ws/build/ublox_msgs
[0.998s] Level 1:colcon.colcon_core.environment:create_environment_scripts_only(ublox_msgs)
[0.998s] Level 1:colcon.colcon_core.environment:checking '/home/dev/gps_setting_ws/install/ublox_msgs' for CMake module files
[1.000s] DEBUG:colcon.colcon_core.event_handler.log_command:Invoked command in '/home/dev/gps_setting_ws/build/ublox_msgs' returned '0': CMAKE_PREFIX_PATH=/home/dev/gps_setting_ws/install/ublox_serialization:/home/dev/gps_setting_ws/install/ublox:/home/dev/gps_setting_ws/install/ublox_gps:/home/dev/gps_setting_ws/install/ublox_msgs:/home/dev/ex_rbq_simul/ROS2/RBQ/ros2/install/rbq_rviz_plugins:/home/dev/ex_rbq_simul/ROS2/RBQ/ros2/install/rbq_msgs:/home/dev/ex_rbq_simul/ROS2/RBQ/ros2/install/rbq_examples:/home/dev/ex_rbq_simul/ROS2/RBQ/ros2/install/rbq_driver:/home/dev/ex_rbq_simul/ROS2/RBQ/ros2/install/rbq_description:/home/dev/gps_setting_ws/install/ntrip_client:/opt/ros/humble /usr/bin/cmake --install /home/dev/gps_setting_ws/build/ublox_msgs
[1.000s] Level 1:colcon.colcon_core.environment:checking '/home/dev/gps_setting_ws/install/ublox_msgs' for CMake config files
[1.002s] Level 1:colcon.colcon_core.shell:create_environment_hook('ublox_msgs', 'cmake_prefix_path')
[1.002s] INFO:colcon.colcon_core.shell:Creating environment hook '/home/dev/gps_setting_ws/install/ublox_msgs/share/ublox_msgs/hook/cmake_prefix_path.ps1'
[1.002s] INFO:colcon.colcon_core.shell:Creating environment descriptor '/home/dev/gps_setting_ws/install/ublox_msgs/share/ublox_msgs/hook/cmake_prefix_path.dsv'
[1.003s] INFO:colcon.colcon_core.shell:Creating environment hook '/home/dev/gps_setting_ws/install/ublox_msgs/share/ublox_msgs/hook/cmake_prefix_path.sh'
[1.003s] Level 1:colcon.colcon_core.environment:checking '/home/dev/gps_setting_ws/install/ublox_msgs/lib'
[1.003s] Level 1:colcon.colcon_core.shell:create_environment_hook('ublox_msgs', 'ld_library_path_lib')
[1.003s] INFO:colcon.colcon_core.shell:Creating environment hook '/home/dev/gps_setting_ws/install/ublox_msgs/share/ublox_msgs/hook/ld_library_path_lib.ps1'
[1.004s] INFO:colcon.colcon_core.shell:Creating environment descriptor '/home/dev/gps_setting_ws/install/ublox_msgs/share/ublox_msgs/hook/ld_library_path_lib.dsv'
[1.004s] INFO:colcon.colcon_core.shell:Creating environment hook '/home/dev/gps_setting_ws/install/ublox_msgs/share/ublox_msgs/hook/ld_library_path_lib.sh'
[1.004s] Level 1:colcon.colcon_core.environment:checking '/home/dev/gps_setting_ws/install/ublox_msgs/bin'
[1.004s] Level 1:colcon.colcon_core.environment:checking '/home/dev/gps_setting_ws/install/ublox_msgs/lib/pkgconfig/ublox_msgs.pc'
[1.005s] Level 1:colcon.colcon_core.environment:checking '/home/dev/gps_setting_ws/install/ublox_msgs/lib/python3.10/site-packages'
[1.005s] Level 1:colcon.colcon_core.environment:checking '/home/dev/gps_setting_ws/install/ublox_msgs/bin'
[1.005s] INFO:colcon.colcon_core.shell:Creating package script '/home/dev/gps_setting_ws/install/ublox_msgs/share/ublox_msgs/package.ps1'
[1.006s] INFO:colcon.colcon_core.shell:Creating package descriptor '/home/dev/gps_setting_ws/install/ublox_msgs/share/ublox_msgs/package.dsv'
[1.006s] INFO:colcon.colcon_core.shell:Creating package script '/home/dev/gps_setting_ws/install/ublox_msgs/share/ublox_msgs/package.sh'
[1.006s] INFO:colcon.colcon_core.shell:Creating package script '/home/dev/gps_setting_ws/install/ublox_msgs/share/ublox_msgs/package.bash'
[1.007s] INFO:colcon.colcon_core.shell:Creating package script '/home/dev/gps_setting_ws/install/ublox_msgs/share/ublox_msgs/package.zsh'
[1.007s] Level 1:colcon.colcon_core.environment:create_file_with_runtime_dependencies(/home/dev/gps_setting_ws/install/ublox_msgs/share/colcon-core/packages/ublox_msgs)
[1.007s] Level 1:colcon.colcon_core.environment:create_environment_scripts_only(ublox_msgs)
[1.007s] Level 1:colcon.colcon_core.environment:checking '/home/dev/gps_setting_ws/install/ublox_msgs' for CMake module files
[1.008s] Level 1:colcon.colcon_core.environment:checking '/home/dev/gps_setting_ws/install/ublox_msgs' for CMake config files
[1.009s] Level 1:colcon.colcon_core.shell:create_environment_hook('ublox_msgs', 'cmake_prefix_path')
[1.010s] INFO:colcon.colcon_core.shell:Creating environment hook '/home/dev/gps_setting_ws/install/ublox_msgs/share/ublox_msgs/hook/cmake_prefix_path.ps1'
[1.010s] INFO:colcon.colcon_core.shell:Creating environment descriptor '/home/dev/gps_setting_ws/install/ublox_msgs/share/ublox_msgs/hook/cmake_prefix_path.dsv'
[1.010s] INFO:colcon.colcon_core.shell:Creating environment hook '/home/dev/gps_setting_ws/install/ublox_msgs/share/ublox_msgs/hook/cmake_prefix_path.sh'
[1.011s] Level 1:colcon.colcon_core.environment:checking '/home/dev/gps_setting_ws/install/ublox_msgs/lib'
[1.011s] Level 1:colcon.colcon_core.shell:create_environment_hook('ublox_msgs', 'ld_library_path_lib')
[1.011s] INFO:colcon.colcon_core.shell:Creating environment hook '/home/dev/gps_setting_ws/install/ublox_msgs/share/ublox_msgs/hook/ld_library_path_lib.ps1'
[1.011s] INFO:colcon.colcon_core.shell:Creating environment descriptor '/home/dev/gps_setting_ws/install/ublox_msgs/share/ublox_msgs/hook/ld_library_path_lib.dsv'
[1.011s] INFO:colcon.colcon_core.shell:Creating environment hook '/home/dev/gps_setting_ws/install/ublox_msgs/share/ublox_msgs/hook/ld_library_path_lib.sh'
[1.012s] Level 1:colcon.colcon_core.environment:checking '/home/dev/gps_setting_ws/install/ublox_msgs/bin'
[1.012s] Level 1:colcon.colcon_core.environment:checking '/home/dev/gps_setting_ws/install/ublox_msgs/lib/pkgconfig/ublox_msgs.pc'
[1.012s] Level 1:colcon.colcon_core.environment:checking '/home/dev/gps_setting_ws/install/ublox_msgs/lib/python3.10/site-packages'
[1.012s] Level 1:colcon.colcon_core.environment:checking '/home/dev/gps_setting_ws/install/ublox_msgs/bin'
[1.012s] INFO:colcon.colcon_core.shell:Creating package script '/home/dev/gps_setting_ws/install/ublox_msgs/share/ublox_msgs/package.ps1'
[1.013s] INFO:colcon.colcon_core.shell:Creating package descriptor '/home/dev/gps_setting_ws/install/ublox_msgs/share/ublox_msgs/package.dsv'
[1.013s] INFO:colcon.colcon_core.shell:Creating package script '/home/dev/gps_setting_ws/install/ublox_msgs/share/ublox_msgs/package.sh'
[1.014s] INFO:colcon.colcon_core.shell:Creating package script '/home/dev/gps_setting_ws/install/ublox_msgs/share/ublox_msgs/package.bash'
[1.014s] INFO:colcon.colcon_core.shell:Creating package script '/home/dev/gps_setting_ws/install/ublox_msgs/share/ublox_msgs/package.zsh'
[1.014s] Level 1:colcon.colcon_core.environment:create_file_with_runtime_dependencies(/home/dev/gps_setting_ws/install/ublox_msgs/share/colcon-core/packages/ublox_msgs)
[1.015s] INFO:colcon.colcon_ros.task.ament_cmake.build:Building ROS package in '/home/dev/gps_setting_ws/src/ublox/ublox_gps' with build type 'ament_cmake'
[1.015s] INFO:colcon.colcon_cmake.task.cmake.build:Building CMake package in '/home/dev/gps_setting_ws/src/ublox/ublox_gps'
[1.015s] INFO:colcon.colcon_core.shell:Skip shell extension 'powershell' for command environment: Not usable outside of PowerShell
[1.015s] DEBUG:colcon.colcon_core.shell:Skip shell extension 'dsv' for command environment
[1.023s] DEBUG:colcon.colcon_core.event_handler.log_command:Invoking command in '/home/dev/gps_setting_ws/build/ublox_gps': CMAKE_PREFIX_PATH=/home/dev/gps_setting_ws/install/ublox_msgs:/home/dev/gps_setting_ws/install/ublox_serialization:/home/dev/gps_setting_ws/install/ublox:/home/dev/gps_setting_ws/install/ublox_gps:/home/dev/ex_rbq_simul/ROS2/RBQ/ros2/install/rbq_rviz_plugins:/home/dev/ex_rbq_simul/ROS2/RBQ/ros2/install/rbq_msgs:/home/dev/ex_rbq_simul/ROS2/RBQ/ros2/install/rbq_examples:/home/dev/ex_rbq_simul/ROS2/RBQ/ros2/install/rbq_driver:/home/dev/ex_rbq_simul/ROS2/RBQ/ros2/install/rbq_description:/home/dev/gps_setting_ws/install/ntrip_client:/opt/ros/humble LD_LIBRARY_PATH=/home/dev/gps_setting_ws/install/ublox_msgs/lib:/home/dev/gps_setting_ws/install/ublox_gps/lib:/home/dev/ex_rbq_simul/ROS2/RBQ/ros2/install/rbq_rviz_plugins/lib:/home/dev/ex_rbq_simul/ROS2/RBQ/ros2/install/rbq_msgs/lib:/opt/ros/humble/opt/rviz_ogre_vendor/lib:/opt/ros/humble/lib/x86_64-linux-gnu:/opt/ros/humble/lib /usr/bin/cmake --build /home/dev/gps_setting_ws/build/ublox_gps -- -j16 -l16
[1.125s] DEBUG:colcon.colcon_core.event_handler.log_command:Invoked command in '/home/dev/gps_setting_ws/build/ublox_gps' returned '0': CMAKE_PREFIX_PATH=/home/dev/gps_setting_ws/install/ublox_msgs:/home/dev/gps_setting_ws/install/ublox_serialization:/home/dev/gps_setting_ws/install/ublox:/home/dev/gps_setting_ws/install/ublox_gps:/home/dev/ex_rbq_simul/ROS2/RBQ/ros2/install/rbq_rviz_plugins:/home/dev/ex_rbq_simul/ROS2/RBQ/ros2/install/rbq_msgs:/home/dev/ex_rbq_simul/ROS2/RBQ/ros2/install/rbq_examples:/home/dev/ex_rbq_simul/ROS2/RBQ/ros2/install/rbq_driver:/home/dev/ex_rbq_simul/ROS2/RBQ/ros2/install/rbq_description:/home/dev/gps_setting_ws/install/ntrip_client:/opt/ros/humble LD_LIBRARY_PATH=/home/dev/gps_setting_ws/install/ublox_msgs/lib:/home/dev/gps_setting_ws/install/ublox_gps/lib:/home/dev/ex_rbq_simul/ROS2/RBQ/ros2/install/rbq_rviz_plugins/lib:/home/dev/ex_rbq_simul/ROS2/RBQ/ros2/install/rbq_msgs/lib:/opt/ros/humble/opt/rviz_ogre_vendor/lib:/opt/ros/humble/lib/x86_64-linux-gnu:/opt/ros/humble/lib /usr/bin/cmake --build /home/dev/gps_setting_ws/build/ublox_gps -- -j16 -l16
[1.126s] DEBUG:colcon.colcon_core.event_handler.log_command:Invoking command in '/home/dev/gps_setting_ws/build/ublox_gps': CMAKE_PREFIX_PATH=/home/dev/gps_setting_ws/install/ublox_msgs:/home/dev/gps_setting_ws/install/ublox_serialization:/home/dev/gps_setting_ws/install/ublox:/home/dev/gps_setting_ws/install/ublox_gps:/home/dev/ex_rbq_simul/ROS2/RBQ/ros2/install/rbq_rviz_plugins:/home/dev/ex_rbq_simul/ROS2/RBQ/ros2/install/rbq_msgs:/home/dev/ex_rbq_simul/ROS2/RBQ/ros2/install/rbq_examples:/home/dev/ex_rbq_simul/ROS2/RBQ/ros2/install/rbq_driver:/home/dev/ex_rbq_simul/ROS2/RBQ/ros2/install/rbq_description:/home/dev/gps_setting_ws/install/ntrip_client:/opt/ros/humble LD_LIBRARY_PATH=/home/dev/gps_setting_ws/install/ublox_msgs/lib:/home/dev/gps_setting_ws/install/ublox_gps/lib:/home/dev/ex_rbq_simul/ROS2/RBQ/ros2/install/rbq_rviz_plugins/lib:/home/dev/ex_rbq_simul/ROS2/RBQ/ros2/install/rbq_msgs/lib:/opt/ros/humble/opt/rviz_ogre_vendor/lib:/opt/ros/humble/lib/x86_64-linux-gnu:/opt/ros/humble/lib /usr/bin/cmake --install /home/dev/gps_setting_ws/build/ublox_gps
[1.136s] Level 1:colcon.colcon_core.environment:create_environment_scripts_only(ublox_gps)
[1.136s] Level 1:colcon.colcon_core.environment:checking '/home/dev/gps_setting_ws/install/ublox_gps' for CMake module files
[1.136s] DEBUG:colcon.colcon_core.event_handler.log_command:Invoked command in '/home/dev/gps_setting_ws/build/ublox_gps' returned '0': CMAKE_PREFIX_PATH=/home/dev/gps_setting_ws/install/ublox_msgs:/home/dev/gps_setting_ws/install/ublox_serialization:/home/dev/gps_setting_ws/install/ublox:/home/dev/gps_setting_ws/install/ublox_gps:/home/dev/ex_rbq_simul/ROS2/RBQ/ros2/install/rbq_rviz_plugins:/home/dev/ex_rbq_simul/ROS2/RBQ/ros2/install/rbq_msgs:/home/dev/ex_rbq_simul/ROS2/RBQ/ros2/install/rbq_examples:/home/dev/ex_rbq_simul/ROS2/RBQ/ros2/install/rbq_driver:/home/dev/ex_rbq_simul/ROS2/RBQ/ros2/install/rbq_description:/home/dev/gps_setting_ws/install/ntrip_client:/opt/ros/humble LD_LIBRARY_PATH=/home/dev/gps_setting_ws/install/ublox_msgs/lib:/home/dev/gps_setting_ws/install/ublox_gps/lib:/home/dev/ex_rbq_simul/ROS2/RBQ/ros2/install/rbq_rviz_plugins/lib:/home/dev/ex_rbq_simul/ROS2/RBQ/ros2/install/rbq_msgs/lib:/opt/ros/humble/opt/rviz_ogre_vendor/lib:/opt/ros/humble/lib/x86_64-linux-gnu:/opt/ros/humble/lib /usr/bin/cmake --install /home/dev/gps_setting_ws/build/ublox_gps
[1.137s] Level 1:colcon.colcon_core.environment:checking '/home/dev/gps_setting_ws/install/ublox_gps' for CMake config files
[1.137s] Level 1:colcon.colcon_core.shell:create_environment_hook('ublox_gps', 'cmake_prefix_path')
[1.137s] INFO:colcon.colcon_core.shell:Creating environment hook '/home/dev/gps_setting_ws/install/ublox_gps/share/ublox_gps/hook/cmake_prefix_path.ps1'
[1.137s] INFO:colcon.colcon_core.shell:Creating environment descriptor '/home/dev/gps_setting_ws/install/ublox_gps/share/ublox_gps/hook/cmake_prefix_path.dsv'
[1.138s] INFO:colcon.colcon_core.shell:Creating environment hook '/home/dev/gps_setting_ws/install/ublox_gps/share/ublox_gps/hook/cmake_prefix_path.sh'
[1.138s] Level 1:colcon.colcon_core.environment:checking '/home/dev/gps_setting_ws/install/ublox_gps/lib'
[1.138s] Level 1:colcon.colcon_core.shell:create_environment_hook('ublox_gps', 'ld_library_path_lib')
[1.138s] INFO:colcon.colcon_core.shell:Creating environment hook '/home/dev/gps_setting_ws/install/ublox_gps/share/ublox_gps/hook/ld_library_path_lib.ps1'
[1.139s] INFO:colcon.colcon_core.shell:Creating environment descriptor '/home/dev/gps_setting_ws/install/ublox_gps/share/ublox_gps/hook/ld_library_path_lib.dsv'
[1.139s] INFO:colcon.colcon_core.shell:Creating environment hook '/home/dev/gps_setting_ws/install/ublox_gps/share/ublox_gps/hook/ld_library_path_lib.sh'
[1.139s] Level 1:colcon.colcon_core.environment:checking '/home/dev/gps_setting_ws/install/ublox_gps/bin'
[1.139s] Level 1:colcon.colcon_core.environment:checking '/home/dev/gps_setting_ws/install/ublox_gps/lib/pkgconfig/ublox_gps.pc'
[1.140s] Level 1:colcon.colcon_core.environment:checking '/home/dev/gps_setting_ws/install/ublox_gps/lib/python3.10/site-packages'
[1.140s] Level 1:colcon.colcon_core.environment:checking '/home/dev/gps_setting_ws/install/ublox_gps/bin'
[1.140s] INFO:colcon.colcon_core.shell:Creating package script '/home/dev/gps_setting_ws/install/ublox_gps/share/ublox_gps/package.ps1'
[1.140s] INFO:colcon.colcon_core.shell:Creating package descriptor '/home/dev/gps_setting_ws/install/ublox_gps/share/ublox_gps/package.dsv'
[1.141s] INFO:colcon.colcon_core.shell:Creating package script '/home/dev/gps_setting_ws/install/ublox_gps/share/ublox_gps/package.sh'
[1.141s] INFO:colcon.colcon_core.shell:Creating package script '/home/dev/gps_setting_ws/install/ublox_gps/share/ublox_gps/package.bash'
[1.141s] INFO:colcon.colcon_core.shell:Creating package script '/home/dev/gps_setting_ws/install/ublox_gps/share/ublox_gps/package.zsh'
[1.142s] Level 1:colcon.colcon_core.environment:create_file_with_runtime_dependencies(/home/dev/gps_setting_ws/install/ublox_gps/share/colcon-core/packages/ublox_gps)
[1.142s] Level 1:colcon.colcon_core.environment:create_environment_scripts_only(ublox_gps)
[1.142s] Level 1:colcon.colcon_core.environment:checking '/home/dev/gps_setting_ws/install/ublox_gps' for CMake module files
[1.143s] Level 1:colcon.colcon_core.environment:checking '/home/dev/gps_setting_ws/install/ublox_gps' for CMake config files
[1.143s] Level 1:colcon.colcon_core.shell:create_environment_hook('ublox_gps', 'cmake_prefix_path')
[1.143s] INFO:colcon.colcon_core.shell:Creating environment hook '/home/dev/gps_setting_ws/install/ublox_gps/share/ublox_gps/hook/cmake_prefix_path.ps1'
[1.143s] INFO:colcon.colcon_core.shell:Creating environment descriptor '/home/dev/gps_setting_ws/install/ublox_gps/share/ublox_gps/hook/cmake_prefix_path.dsv'
[1.144s] INFO:colcon.colcon_core.shell:Creating environment hook '/home/dev/gps_setting_ws/install/ublox_gps/share/ublox_gps/hook/cmake_prefix_path.sh'
[1.144s] Level 1:colcon.colcon_core.environment:checking '/home/dev/gps_setting_ws/install/ublox_gps/lib'
[1.144s] Level 1:colcon.colcon_core.shell:create_environment_hook('ublox_gps', 'ld_library_path_lib')
[1.144s] INFO:colcon.colcon_core.shell:Creating environment hook '/home/dev/gps_setting_ws/install/ublox_gps/share/ublox_gps/hook/ld_library_path_lib.ps1'
[1.145s] INFO:colcon.colcon_core.shell:Creating environment descriptor '/home/dev/gps_setting_ws/install/ublox_gps/share/ublox_gps/hook/ld_library_path_lib.dsv'
[1.145s] INFO:colcon.colcon_core.shell:Creating environment hook '/home/dev/gps_setting_ws/install/ublox_gps/share/ublox_gps/hook/ld_library_path_lib.sh'
[1.145s] Level 1:colcon.colcon_core.environment:checking '/home/dev/gps_setting_ws/install/ublox_gps/bin'
[1.145s] Level 1:colcon.colcon_core.environment:checking '/home/dev/gps_setting_ws/install/ublox_gps/lib/pkgconfig/ublox_gps.pc'
[1.146s] Level 1:colcon.colcon_core.environment:checking '/home/dev/gps_setting_ws/install/ublox_gps/lib/python3.10/site-packages'
[1.146s] Level 1:colcon.colcon_core.environment:checking '/home/dev/gps_setting_ws/install/ublox_gps/bin'
[1.146s] INFO:colcon.colcon_core.shell:Creating package script '/home/dev/gps_setting_ws/install/ublox_gps/share/ublox_gps/package.ps1'
[1.147s] INFO:colcon.colcon_core.shell:Creating package descriptor '/home/dev/gps_setting_ws/install/ublox_gps/share/ublox_gps/package.dsv'
[1.147s] INFO:colcon.colcon_core.shell:Creating package script '/home/dev/gps_setting_ws/install/ublox_gps/share/ublox_gps/package.sh'
[1.147s] INFO:colcon.colcon_core.shell:Creating package script '/home/dev/gps_setting_ws/install/ublox_gps/share/ublox_gps/package.bash'
[1.148s] INFO:colcon.colcon_core.shell:Creating package script '/home/dev/gps_setting_ws/install/ublox_gps/share/ublox_gps/package.zsh'
[1.148s] Level 1:colcon.colcon_core.environment:create_file_with_runtime_dependencies(/home/dev/gps_setting_ws/install/ublox_gps/share/colcon-core/packages/ublox_gps)
[1.148s] INFO:colcon.colcon_ros.task.ament_cmake.build:Building ROS package in '/home/dev/gps_setting_ws/src/ublox/ublox' with build type 'ament_cmake'
[1.149s] INFO:colcon.colcon_cmake.task.cmake.build:Building CMake package in '/home/dev/gps_setting_ws/src/ublox/ublox'
[1.149s] INFO:colcon.colcon_core.shell:Skip shell extension 'powershell' for command environment: Not usable outside of PowerShell
[1.149s] DEBUG:colcon.colcon_core.shell:Skip shell extension 'dsv' for command environment
[1.153s] Level 1:colcon.colcon_core.environment:checking '/home/dev/gps_setting_ws/install/ntrip_client' for CMake module files
[1.153s] DEBUG:colcon.colcon_core.event_handler.log_command:Invoked command in '/home/dev/gps_setting_ws/src/ntrip_client' returned '0': PYTHONPATH=/home/dev/gps_setting_ws/build/ntrip_client/prefix_override:/usr/lib/python3/dist-packages/colcon_core/task/python/colcon_distutils_commands:/home/dev/gps_setting_ws/install/ntrip_client/lib/python3.10/site-packages:${PYTHONPATH} /usr/bin/python3 -W ignore:setup.py install is deprecated -W ignore:easy_install command is deprecated setup.py egg_info --egg-base ../../build/ntrip_client build --build-base /home/dev/gps_setting_ws/build/ntrip_client/build install --record /home/dev/gps_setting_ws/build/ntrip_client/install.log --single-version-externally-managed install_data
[1.153s] Level 1:colcon.colcon_core.environment:checking '/home/dev/gps_setting_ws/install/ntrip_client' for CMake config files
[1.153s] Level 1:colcon.colcon_core.environment:checking '/home/dev/gps_setting_ws/install/ntrip_client/lib'
[1.154s] Level 1:colcon.colcon_core.environment:checking '/home/dev/gps_setting_ws/install/ntrip_client/bin'
[1.154s] Level 1:colcon.colcon_core.environment:checking '/home/dev/gps_setting_ws/install/ntrip_client/lib/pkgconfig/ntrip_client.pc'
[1.154s] Level 1:colcon.colcon_core.environment:checking '/home/dev/gps_setting_ws/install/ntrip_client/lib/python3.10/site-packages'
[1.154s] Level 1:colcon.colcon_core.shell:create_environment_hook('ntrip_client', 'pythonpath')
[1.154s] INFO:colcon.colcon_core.shell:Creating environment hook '/home/dev/gps_setting_ws/install/ntrip_client/share/ntrip_client/hook/pythonpath.ps1'
[1.154s] INFO:colcon.colcon_core.shell:Creating environment descriptor '/home/dev/gps_setting_ws/install/ntrip_client/share/ntrip_client/hook/pythonpath.dsv'
[1.155s] INFO:colcon.colcon_core.shell:Creating environment hook '/home/dev/gps_setting_ws/install/ntrip_client/share/ntrip_client/hook/pythonpath.sh'
[1.155s] Level 1:colcon.colcon_core.environment:checking '/home/dev/gps_setting_ws/install/ntrip_client/bin'
[1.155s] Level 1:colcon.colcon_core.environment:create_environment_scripts_only(ntrip_client)
[1.155s] INFO:colcon.colcon_core.shell:Creating package script '/home/dev/gps_setting_ws/install/ntrip_client/share/ntrip_client/package.ps1'
[1.156s] INFO:colcon.colcon_core.shell:Creating package descriptor '/home/dev/gps_setting_ws/install/ntrip_client/share/ntrip_client/package.dsv'
[1.156s] INFO:colcon.colcon_core.shell:Creating package script '/home/dev/gps_setting_ws/install/ntrip_client/share/ntrip_client/package.sh'
[1.157s] INFO:colcon.colcon_core.shell:Creating package script '/home/dev/gps_setting_ws/install/ntrip_client/share/ntrip_client/package.bash'
[1.157s] INFO:colcon.colcon_core.shell:Creating package script '/home/dev/gps_setting_ws/install/ntrip_client/share/ntrip_client/package.zsh'
[1.157s] Level 1:colcon.colcon_core.environment:create_file_with_runtime_dependencies(/home/dev/gps_setting_ws/install/ntrip_client/share/colcon-core/packages/ntrip_client)
[1.159s] DEBUG:colcon.colcon_core.event_handler.log_command:Invoking command in '/home/dev/gps_setting_ws/build/ublox': CMAKE_PREFIX_PATH=/home/dev/gps_setting_ws/install/ublox_gps:/home/dev/gps_setting_ws/install/ublox_msgs:/home/dev/gps_setting_ws/install/ublox_serialization:/home/dev/gps_setting_ws/install/ublox:/home/dev/ex_rbq_simul/ROS2/RBQ/ros2/install/rbq_rviz_plugins:/home/dev/ex_rbq_simul/ROS2/RBQ/ros2/install/rbq_msgs:/home/dev/ex_rbq_simul/ROS2/RBQ/ros2/install/rbq_examples:/home/dev/ex_rbq_simul/ROS2/RBQ/ros2/install/rbq_driver:/home/dev/ex_rbq_simul/ROS2/RBQ/ros2/install/rbq_description:/home/dev/gps_setting_ws/install/ntrip_client:/opt/ros/humble /usr/bin/cmake --build /home/dev/gps_setting_ws/build/ublox -- -j16 -l16
[1.185s] DEBUG:colcon.colcon_core.event_handler.log_command:Invoked command in '/home/dev/gps_setting_ws/build/ublox' returned '0': CMAKE_PREFIX_PATH=/home/dev/gps_setting_ws/install/ublox_gps:/home/dev/gps_setting_ws/install/ublox_msgs:/home/dev/gps_setting_ws/install/ublox_serialization:/home/dev/gps_setting_ws/install/ublox:/home/dev/ex_rbq_simul/ROS2/RBQ/ros2/install/rbq_rviz_plugins:/home/dev/ex_rbq_simul/ROS2/RBQ/ros2/install/rbq_msgs:/home/dev/ex_rbq_simul/ROS2/RBQ/ros2/install/rbq_examples:/home/dev/ex_rbq_simul/ROS2/RBQ/ros2/install/rbq_driver:/home/dev/ex_rbq_simul/ROS2/RBQ/ros2/install/rbq_description:/home/dev/gps_setting_ws/install/ntrip_client:/opt/ros/humble /usr/bin/cmake --build /home/dev/gps_setting_ws/build/ublox -- -j16 -l16
[1.186s] DEBUG:colcon.colcon_core.event_handler.log_command:Invoking command in '/home/dev/gps_setting_ws/build/ublox': CMAKE_PREFIX_PATH=/home/dev/gps_setting_ws/install/ublox_gps:/home/dev/gps_setting_ws/install/ublox_msgs:/home/dev/gps_setting_ws/install/ublox_serialization:/home/dev/gps_setting_ws/install/ublox:/home/dev/ex_rbq_simul/ROS2/RBQ/ros2/install/rbq_rviz_plugins:/home/dev/ex_rbq_simul/ROS2/RBQ/ros2/install/rbq_msgs:/home/dev/ex_rbq_simul/ROS2/RBQ/ros2/install/rbq_examples:/home/dev/ex_rbq_simul/ROS2/RBQ/ros2/install/rbq_driver:/home/dev/ex_rbq_simul/ROS2/RBQ/ros2/install/rbq_description:/home/dev/gps_setting_ws/install/ntrip_client:/opt/ros/humble /usr/bin/cmake --install /home/dev/gps_setting_ws/build/ublox
[1.192s] Level 1:colcon.colcon_core.environment:create_environment_scripts_only(ublox)
[1.192s] Level 1:colcon.colcon_core.environment:checking '/home/dev/gps_setting_ws/install/ublox' for CMake module files
[1.193s] DEBUG:colcon.colcon_core.event_handler.log_command:Invoked command in '/home/dev/gps_setting_ws/build/ublox' returned '0': CMAKE_PREFIX_PATH=/home/dev/gps_setting_ws/install/ublox_gps:/home/dev/gps_setting_ws/install/ublox_msgs:/home/dev/gps_setting_ws/install/ublox_serialization:/home/dev/gps_setting_ws/install/ublox:/home/dev/ex_rbq_simul/ROS2/RBQ/ros2/install/rbq_rviz_plugins:/home/dev/ex_rbq_simul/ROS2/RBQ/ros2/install/rbq_msgs:/home/dev/ex_rbq_simul/ROS2/RBQ/ros2/install/rbq_examples:/home/dev/ex_rbq_simul/ROS2/RBQ/ros2/install/rbq_driver:/home/dev/ex_rbq_simul/ROS2/RBQ/ros2/install/rbq_description:/home/dev/gps_setting_ws/install/ntrip_client:/opt/ros/humble /usr/bin/cmake --install /home/dev/gps_setting_ws/build/ublox
[1.193s] Level 1:colcon.colcon_core.environment:checking '/home/dev/gps_setting_ws/install/ublox' for CMake config files
[1.193s] Level 1:colcon.colcon_core.shell:create_environment_hook('ublox', 'cmake_prefix_path')
[1.193s] INFO:colcon.colcon_core.shell:Creating environment hook '/home/dev/gps_setting_ws/install/ublox/share/ublox/hook/cmake_prefix_path.ps1'
[1.193s] INFO:colcon.colcon_core.shell:Creating environment descriptor '/home/dev/gps_setting_ws/install/ublox/share/ublox/hook/cmake_prefix_path.dsv'
[1.194s] INFO:colcon.colcon_core.shell:Creating environment hook '/home/dev/gps_setting_ws/install/ublox/share/ublox/hook/cmake_prefix_path.sh'
[1.194s] Level 1:colcon.colcon_core.environment:checking '/home/dev/gps_setting_ws/install/ublox/bin'
[1.194s] Level 1:colcon.colcon_core.environment:checking '/home/dev/gps_setting_ws/install/ublox/lib/pkgconfig/ublox.pc'
[1.194s] Level 1:colcon.colcon_core.environment:checking '/home/dev/gps_setting_ws/install/ublox/lib/python3.10/site-packages'
[1.195s] Level 1:colcon.colcon_core.environment:checking '/home/dev/gps_setting_ws/install/ublox/bin'
[1.195s] INFO:colcon.colcon_core.shell:Creating package script '/home/dev/gps_setting_ws/install/ublox/share/ublox/package.ps1'
[1.195s] INFO:colcon.colcon_core.shell:Creating package descriptor '/home/dev/gps_setting_ws/install/ublox/share/ublox/package.dsv'
[1.196s] INFO:colcon.colcon_core.shell:Creating package script '/home/dev/gps_setting_ws/install/ublox/share/ublox/package.sh'
[1.196s] INFO:colcon.colcon_core.shell:Creating package script '/home/dev/gps_setting_ws/install/ublox/share/ublox/package.bash'
[1.196s] INFO:colcon.colcon_core.shell:Creating package script '/home/dev/gps_setting_ws/install/ublox/share/ublox/package.zsh'
[1.196s] Level 1:colcon.colcon_core.environment:create_file_with_runtime_dependencies(/home/dev/gps_setting_ws/install/ublox/share/colcon-core/packages/ublox)
[1.197s] Level 1:colcon.colcon_core.environment:create_environment_scripts_only(ublox)
[1.197s] Level 1:colcon.colcon_core.environment:checking '/home/dev/gps_setting_ws/install/ublox' for CMake module files
[1.197s] Level 1:colcon.colcon_core.environment:checking '/home/dev/gps_setting_ws/install/ublox' for CMake config files
[1.197s] Level 1:colcon.colcon_core.shell:create_environment_hook('ublox', 'cmake_prefix_path')
[1.198s] INFO:colcon.colcon_core.shell:Creating environment hook '/home/dev/gps_setting_ws/install/ublox/share/ublox/hook/cmake_prefix_path.ps1'
[1.198s] INFO:colcon.colcon_core.shell:Creating environment descriptor '/home/dev/gps_setting_ws/install/ublox/share/ublox/hook/cmake_prefix_path.dsv'
[1.198s] INFO:colcon.colcon_core.shell:Creating environment hook '/home/dev/gps_setting_ws/install/ublox/share/ublox/hook/cmake_prefix_path.sh'
[1.198s] Level 1:colcon.colcon_core.environment:checking '/home/dev/gps_setting_ws/install/ublox/bin'
[1.199s] Level 1:colcon.colcon_core.environment:checking '/home/dev/gps_setting_ws/install/ublox/lib/pkgconfig/ublox.pc'
[1.199s] Level 1:colcon.colcon_core.environment:checking '/home/dev/gps_setting_ws/install/ublox/lib/python3.10/site-packages'
[1.199s] Level 1:colcon.colcon_core.environment:checking '/home/dev/gps_setting_ws/install/ublox/bin'
[1.199s] INFO:colcon.colcon_core.shell:Creating package script '/home/dev/gps_setting_ws/install/ublox/share/ublox/package.ps1'
[1.200s] INFO:colcon.colcon_core.shell:Creating package descriptor '/home/dev/gps_setting_ws/install/ublox/share/ublox/package.dsv'
[1.200s] INFO:colcon.colcon_core.shell:Creating package script '/home/dev/gps_setting_ws/install/ublox/share/ublox/package.sh'
[1.200s] INFO:colcon.colcon_core.shell:Creating package script '/home/dev/gps_setting_ws/install/ublox/share/ublox/package.bash'
[1.201s] INFO:colcon.colcon_core.shell:Creating package script '/home/dev/gps_setting_ws/install/ublox/share/ublox/package.zsh'
[1.201s] Level 1:colcon.colcon_core.environment:create_file_with_runtime_dependencies(/home/dev/gps_setting_ws/install/ublox/share/colcon-core/packages/ublox)
[1.201s] DEBUG:colcon.colcon_parallel_executor.executor.parallel:closing loop
[1.201s] DEBUG:colcon.colcon_parallel_executor.executor.parallel:loop closed
[1.201s] DEBUG:colcon.colcon_parallel_executor.executor.parallel:run_until_complete finished with '0'
[1.201s] DEBUG:colcon.colcon_core.event_reactor:joining thread
[1.205s] INFO:colcon.colcon_core.plugin_system:Skipping extension 'colcon_notification.desktop_notification.terminal_notifier': Not used on non-Darwin systems
[1.206s] INFO:colcon.colcon_core.plugin_system:Skipping extension 'colcon_notification.desktop_notification.win32': Not used on non-Windows systems
[1.206s] INFO:colcon.colcon_notification.desktop_notification:Sending desktop notification using 'notify2'
[1.214s] DEBUG:colcon.colcon_core.event_reactor:joined thread
[1.214s] INFO:colcon.colcon_core.shell:Creating prefix script '/home/dev/gps_setting_ws/install/local_setup.ps1'
[1.215s] INFO:colcon.colcon_core.shell:Creating prefix util module '/home/dev/gps_setting_ws/install/_local_setup_util_ps1.py'
[1.216s] INFO:colcon.colcon_core.shell:Creating prefix chain script '/home/dev/gps_setting_ws/install/setup.ps1'
[1.217s] INFO:colcon.colcon_core.shell:Creating prefix script '/home/dev/gps_setting_ws/install/local_setup.sh'
[1.217s] INFO:colcon.colcon_core.shell:Creating prefix util module '/home/dev/gps_setting_ws/install/_local_setup_util_sh.py'
[1.217s] INFO:colcon.colcon_core.shell:Creating prefix chain script '/home/dev/gps_setting_ws/install/setup.sh'
[1.219s] INFO:colcon.colcon_core.shell:Creating prefix script '/home/dev/gps_setting_ws/install/local_setup.bash'
[1.219s] INFO:colcon.colcon_core.shell:Creating prefix chain script '/home/dev/gps_setting_ws/install/setup.bash'
[1.220s] INFO:colcon.colcon_core.shell:Creating prefix script '/home/dev/gps_setting_ws/install/local_setup.zsh'
[1.220s] INFO:colcon.colcon_core.shell:Creating prefix chain script '/home/dev/gps_setting_ws/install/setup.zsh'
