[0.007s] Invoking command in '/home/dev/gps_setting_ws/build/ublox': AMENT_PREFIX_PATH=/home/dev/gps_setting_ws/install/ublox_gps:/home/dev/gps_setting_ws/install/ublox_msgs:/home/dev/gps_setting_ws/install/ublox_serialization:${AMENT_PREFIX_PATH} CMAKE_PREFIX_PATH=/home/dev/gps_setting_ws/install/ublox_gps:/home/dev/gps_setting_ws/install/ublox_msgs:/home/dev/gps_setting_ws/install/ublox_serialization:/home/dev/ex_rbq_simul/ROS2/RBQ/ros2/install/rbq_rviz_plugins:/home/dev/ex_rbq_simul/ROS2/RBQ/ros2/install/rbq_msgs:/home/dev/ex_rbq_simul/ROS2/RBQ/ros2/install/rbq_examples:/home/dev/ex_rbq_simul/ROS2/RBQ/ros2/install/rbq_driver:/home/dev/ex_rbq_simul/ROS2/RBQ/ros2/install/rbq_description:/opt/ros/humble LD_LIBRARY_PATH=/home/dev/gps_setting_ws/install/ublox_gps/lib:/home/dev/gps_setting_ws/install/ublox_msgs/lib:${LD_LIBRARY_PATH} PYTHONPATH=/home/dev/gps_setting_ws/install/ublox_msgs/local/lib/python3.10/dist-packages:${PYTHONPATH} /usr/bin/cmake --build /home/dev/gps_setting_ws/build/ublox -- -j16 -l16
[0.032s] Invoked command in '/home/dev/gps_setting_ws/build/ublox' returned '0': AMENT_PREFIX_PATH=/home/dev/gps_setting_ws/install/ublox_gps:/home/dev/gps_setting_ws/install/ublox_msgs:/home/dev/gps_setting_ws/install/ublox_serialization:${AMENT_PREFIX_PATH} CMAKE_PREFIX_PATH=/home/dev/gps_setting_ws/install/ublox_gps:/home/dev/gps_setting_ws/install/ublox_msgs:/home/dev/gps_setting_ws/install/ublox_serialization:/home/dev/ex_rbq_simul/ROS2/RBQ/ros2/install/rbq_rviz_plugins:/home/dev/ex_rbq_simul/ROS2/RBQ/ros2/install/rbq_msgs:/home/dev/ex_rbq_simul/ROS2/RBQ/ros2/install/rbq_examples:/home/dev/ex_rbq_simul/ROS2/RBQ/ros2/install/rbq_driver:/home/dev/ex_rbq_simul/ROS2/RBQ/ros2/install/rbq_description:/opt/ros/humble LD_LIBRARY_PATH=/home/dev/gps_setting_ws/install/ublox_gps/lib:/home/dev/gps_setting_ws/install/ublox_msgs/lib:${LD_LIBRARY_PATH} PYTHONPATH=/home/dev/gps_setting_ws/install/ublox_msgs/local/lib/python3.10/dist-packages:${PYTHONPATH} /usr/bin/cmake --build /home/dev/gps_setting_ws/build/ublox -- -j16 -l16
[0.033s] Invoking command in '/home/dev/gps_setting_ws/build/ublox': AMENT_PREFIX_PATH=/home/dev/gps_setting_ws/install/ublox_gps:/home/dev/gps_setting_ws/install/ublox_msgs:/home/dev/gps_setting_ws/install/ublox_serialization:${AMENT_PREFIX_PATH} CMAKE_PREFIX_PATH=/home/dev/gps_setting_ws/install/ublox_gps:/home/dev/gps_setting_ws/install/ublox_msgs:/home/dev/gps_setting_ws/install/ublox_serialization:/home/dev/ex_rbq_simul/ROS2/RBQ/ros2/install/rbq_rviz_plugins:/home/dev/ex_rbq_simul/ROS2/RBQ/ros2/install/rbq_msgs:/home/dev/ex_rbq_simul/ROS2/RBQ/ros2/install/rbq_examples:/home/dev/ex_rbq_simul/ROS2/RBQ/ros2/install/rbq_driver:/home/dev/ex_rbq_simul/ROS2/RBQ/ros2/install/rbq_description:/opt/ros/humble LD_LIBRARY_PATH=/home/dev/gps_setting_ws/install/ublox_gps/lib:/home/dev/gps_setting_ws/install/ublox_msgs/lib:${LD_LIBRARY_PATH} PYTHONPATH=/home/dev/gps_setting_ws/install/ublox_msgs/local/lib/python3.10/dist-packages:${PYTHONPATH} /usr/bin/cmake --install /home/dev/gps_setting_ws/build/ublox
[0.038s] -- Install configuration: ""
[0.038s] -- Up-to-date: /home/dev/gps_setting_ws/install/ublox/share/ament_index/resource_index/package_run_dependencies/ublox
[0.038s] -- Up-to-date: /home/dev/gps_setting_ws/install/ublox/share/ament_index/resource_index/parent_prefix_path/ublox
[0.038s] -- Up-to-date: /home/dev/gps_setting_ws/install/ublox/share/ublox/environment/ament_prefix_path.sh
[0.038s] -- Up-to-date: /home/dev/gps_setting_ws/install/ublox/share/ublox/environment/ament_prefix_path.dsv
[0.038s] -- Up-to-date: /home/dev/gps_setting_ws/install/ublox/share/ublox/environment/path.sh
[0.038s] -- Up-to-date: /home/dev/gps_setting_ws/install/ublox/share/ublox/environment/path.dsv
[0.038s] -- Up-to-date: /home/dev/gps_setting_ws/install/ublox/share/ublox/local_setup.bash
[0.038s] -- Up-to-date: /home/dev/gps_setting_ws/install/ublox/share/ublox/local_setup.sh
[0.038s] -- Up-to-date: /home/dev/gps_setting_ws/install/ublox/share/ublox/local_setup.zsh
[0.038s] -- Up-to-date: /home/dev/gps_setting_ws/install/ublox/share/ublox/local_setup.dsv
[0.038s] -- Up-to-date: /home/dev/gps_setting_ws/install/ublox/share/ublox/package.dsv
[0.038s] -- Up-to-date: /home/dev/gps_setting_ws/install/ublox/share/ament_index/resource_index/packages/ublox
[0.038s] -- Up-to-date: /home/dev/gps_setting_ws/install/ublox/share/ublox/cmake/ubloxConfig.cmake
[0.039s] -- Up-to-date: /home/dev/gps_setting_ws/install/ublox/share/ublox/cmake/ubloxConfig-version.cmake
[0.039s] -- Up-to-date: /home/dev/gps_setting_ws/install/ublox/share/ublox/package.xml
[0.040s] Invoked command in '/home/dev/gps_setting_ws/build/ublox' returned '0': AMENT_PREFIX_PATH=/home/dev/gps_setting_ws/install/ublox_gps:/home/dev/gps_setting_ws/install/ublox_msgs:/home/dev/gps_setting_ws/install/ublox_serialization:${AMENT_PREFIX_PATH} CMAKE_PREFIX_PATH=/home/dev/gps_setting_ws/install/ublox_gps:/home/dev/gps_setting_ws/install/ublox_msgs:/home/dev/gps_setting_ws/install/ublox_serialization:/home/dev/ex_rbq_simul/ROS2/RBQ/ros2/install/rbq_rviz_plugins:/home/dev/ex_rbq_simul/ROS2/RBQ/ros2/install/rbq_msgs:/home/dev/ex_rbq_simul/ROS2/RBQ/ros2/install/rbq_examples:/home/dev/ex_rbq_simul/ROS2/RBQ/ros2/install/rbq_driver:/home/dev/ex_rbq_simul/ROS2/RBQ/ros2/install/rbq_description:/opt/ros/humble LD_LIBRARY_PATH=/home/dev/gps_setting_ws/install/ublox_gps/lib:/home/dev/gps_setting_ws/install/ublox_msgs/lib:${LD_LIBRARY_PATH} PYTHONPATH=/home/dev/gps_setting_ws/install/ublox_msgs/local/lib/python3.10/dist-packages:${PYTHONPATH} /usr/bin/cmake --install /home/dev/gps_setting_ws/build/ublox
