[0.007s] Invoking command in '/home/dev/gps_setting_ws/build/ublox': AMENT_PREFIX_PATH=/home/dev/gps_setting_ws/install/ublox_gps:/home/dev/gps_setting_ws/install/ublox_msgs:/home/dev/gps_setting_ws/install/ublox_serialization:${AMENT_PREFIX_PATH} CMAKE_PREFIX_PATH=/home/dev/gps_setting_ws/install/ublox_gps:/home/dev/gps_setting_ws/install/ublox_msgs:/home/dev/gps_setting_ws/install/ublox_serialization:/home/dev/ex_rbq_simul/ROS2/RBQ/ros2/install/rbq_rviz_plugins:/home/dev/ex_rbq_simul/ROS2/RBQ/ros2/install/rbq_msgs:/home/dev/ex_rbq_simul/ROS2/RBQ/ros2/install/rbq_examples:/home/dev/ex_rbq_simul/ROS2/RBQ/ros2/install/rbq_driver:/home/dev/ex_rbq_simul/ROS2/RBQ/ros2/install/rbq_description:/opt/ros/humble LD_LIBRARY_PATH=/home/dev/gps_setting_ws/install/ublox_gps/lib:/home/dev/gps_setting_ws/install/ublox_msgs/lib:${LD_LIBRARY_PATH} PYTHONPATH=/home/dev/gps_setting_ws/install/ublox_msgs/local/lib/python3.10/dist-packages:${PYTHONPATH} /usr/bin/cmake /home/dev/gps_setting_ws/src/ublox/ublox -DCMAKE_INSTALL_PREFIX=/home/dev/gps_setting_ws/install/ublox
[0.046s] -- The C compiler identification is GNU 11.4.0
[0.092s] -- The CXX compiler identification is GNU 11.4.0
[0.099s] -- Detecting C compiler ABI info
[0.155s] -- Detecting C compiler ABI info - done
[0.162s] -- Check for working C compiler: /usr/bin/cc - skipped
[0.162s] -- Detecting C compile features
[0.162s] -- Detecting C compile features - done
[0.165s] -- Detecting CXX compiler ABI info
[0.225s] -- Detecting CXX compiler ABI info - done
[0.233s] -- Check for working CXX compiler: /usr/bin/c++ - skipped
[0.233s] -- Detecting CXX compile features
[0.234s] -- Detecting CXX compile features - done
[0.236s] -- Found ament_cmake: 1.3.12 (/opt/ros/humble/share/ament_cmake/cmake)
[0.359s] -- Found Python3: /usr/bin/python3 (found version "3.10.12") found components: Interpreter 
[0.474s] -- Configuring done
[0.475s] -- Generating done
[0.477s] -- Build files have been written to: /home/dev/gps_setting_ws/build/ublox
[0.480s] Invoked command in '/home/dev/gps_setting_ws/build/ublox' returned '0': AMENT_PREFIX_PATH=/home/dev/gps_setting_ws/install/ublox_gps:/home/dev/gps_setting_ws/install/ublox_msgs:/home/dev/gps_setting_ws/install/ublox_serialization:${AMENT_PREFIX_PATH} CMAKE_PREFIX_PATH=/home/dev/gps_setting_ws/install/ublox_gps:/home/dev/gps_setting_ws/install/ublox_msgs:/home/dev/gps_setting_ws/install/ublox_serialization:/home/dev/ex_rbq_simul/ROS2/RBQ/ros2/install/rbq_rviz_plugins:/home/dev/ex_rbq_simul/ROS2/RBQ/ros2/install/rbq_msgs:/home/dev/ex_rbq_simul/ROS2/RBQ/ros2/install/rbq_examples:/home/dev/ex_rbq_simul/ROS2/RBQ/ros2/install/rbq_driver:/home/dev/ex_rbq_simul/ROS2/RBQ/ros2/install/rbq_description:/opt/ros/humble LD_LIBRARY_PATH=/home/dev/gps_setting_ws/install/ublox_gps/lib:/home/dev/gps_setting_ws/install/ublox_msgs/lib:${LD_LIBRARY_PATH} PYTHONPATH=/home/dev/gps_setting_ws/install/ublox_msgs/local/lib/python3.10/dist-packages:${PYTHONPATH} /usr/bin/cmake /home/dev/gps_setting_ws/src/ublox/ublox -DCMAKE_INSTALL_PREFIX=/home/dev/gps_setting_ws/install/ublox
[0.481s] Invoking command in '/home/dev/gps_setting_ws/build/ublox': AMENT_PREFIX_PATH=/home/dev/gps_setting_ws/install/ublox_gps:/home/dev/gps_setting_ws/install/ublox_msgs:/home/dev/gps_setting_ws/install/ublox_serialization:${AMENT_PREFIX_PATH} CMAKE_PREFIX_PATH=/home/dev/gps_setting_ws/install/ublox_gps:/home/dev/gps_setting_ws/install/ublox_msgs:/home/dev/gps_setting_ws/install/ublox_serialization:/home/dev/ex_rbq_simul/ROS2/RBQ/ros2/install/rbq_rviz_plugins:/home/dev/ex_rbq_simul/ROS2/RBQ/ros2/install/rbq_msgs:/home/dev/ex_rbq_simul/ROS2/RBQ/ros2/install/rbq_examples:/home/dev/ex_rbq_simul/ROS2/RBQ/ros2/install/rbq_driver:/home/dev/ex_rbq_simul/ROS2/RBQ/ros2/install/rbq_description:/opt/ros/humble LD_LIBRARY_PATH=/home/dev/gps_setting_ws/install/ublox_gps/lib:/home/dev/gps_setting_ws/install/ublox_msgs/lib:${LD_LIBRARY_PATH} PYTHONPATH=/home/dev/gps_setting_ws/install/ublox_msgs/local/lib/python3.10/dist-packages:${PYTHONPATH} /usr/bin/cmake --build /home/dev/gps_setting_ws/build/ublox -- -j16 -l16
[0.506s] Invoked command in '/home/dev/gps_setting_ws/build/ublox' returned '0': AMENT_PREFIX_PATH=/home/dev/gps_setting_ws/install/ublox_gps:/home/dev/gps_setting_ws/install/ublox_msgs:/home/dev/gps_setting_ws/install/ublox_serialization:${AMENT_PREFIX_PATH} CMAKE_PREFIX_PATH=/home/dev/gps_setting_ws/install/ublox_gps:/home/dev/gps_setting_ws/install/ublox_msgs:/home/dev/gps_setting_ws/install/ublox_serialization:/home/dev/ex_rbq_simul/ROS2/RBQ/ros2/install/rbq_rviz_plugins:/home/dev/ex_rbq_simul/ROS2/RBQ/ros2/install/rbq_msgs:/home/dev/ex_rbq_simul/ROS2/RBQ/ros2/install/rbq_examples:/home/dev/ex_rbq_simul/ROS2/RBQ/ros2/install/rbq_driver:/home/dev/ex_rbq_simul/ROS2/RBQ/ros2/install/rbq_description:/opt/ros/humble LD_LIBRARY_PATH=/home/dev/gps_setting_ws/install/ublox_gps/lib:/home/dev/gps_setting_ws/install/ublox_msgs/lib:${LD_LIBRARY_PATH} PYTHONPATH=/home/dev/gps_setting_ws/install/ublox_msgs/local/lib/python3.10/dist-packages:${PYTHONPATH} /usr/bin/cmake --build /home/dev/gps_setting_ws/build/ublox -- -j16 -l16
[0.507s] Invoking command in '/home/dev/gps_setting_ws/build/ublox': AMENT_PREFIX_PATH=/home/dev/gps_setting_ws/install/ublox_gps:/home/dev/gps_setting_ws/install/ublox_msgs:/home/dev/gps_setting_ws/install/ublox_serialization:${AMENT_PREFIX_PATH} CMAKE_PREFIX_PATH=/home/dev/gps_setting_ws/install/ublox_gps:/home/dev/gps_setting_ws/install/ublox_msgs:/home/dev/gps_setting_ws/install/ublox_serialization:/home/dev/ex_rbq_simul/ROS2/RBQ/ros2/install/rbq_rviz_plugins:/home/dev/ex_rbq_simul/ROS2/RBQ/ros2/install/rbq_msgs:/home/dev/ex_rbq_simul/ROS2/RBQ/ros2/install/rbq_examples:/home/dev/ex_rbq_simul/ROS2/RBQ/ros2/install/rbq_driver:/home/dev/ex_rbq_simul/ROS2/RBQ/ros2/install/rbq_description:/opt/ros/humble LD_LIBRARY_PATH=/home/dev/gps_setting_ws/install/ublox_gps/lib:/home/dev/gps_setting_ws/install/ublox_msgs/lib:${LD_LIBRARY_PATH} PYTHONPATH=/home/dev/gps_setting_ws/install/ublox_msgs/local/lib/python3.10/dist-packages:${PYTHONPATH} /usr/bin/cmake --install /home/dev/gps_setting_ws/build/ublox
[0.513s] -- Install configuration: ""
[0.513s] -- Installing: /home/dev/gps_setting_ws/install/ublox/share/ament_index/resource_index/package_run_dependencies/ublox
[0.513s] -- Installing: /home/dev/gps_setting_ws/install/ublox/share/ament_index/resource_index/parent_prefix_path/ublox
[0.513s] -- Installing: /home/dev/gps_setting_ws/install/ublox/share/ublox/environment/ament_prefix_path.sh
[0.513s] -- Installing: /home/dev/gps_setting_ws/install/ublox/share/ublox/environment/ament_prefix_path.dsv
[0.513s] -- Installing: /home/dev/gps_setting_ws/install/ublox/share/ublox/environment/path.sh
[0.513s] -- Installing: /home/dev/gps_setting_ws/install/ublox/share/ublox/environment/path.dsv
[0.513s] -- Installing: /home/dev/gps_setting_ws/install/ublox/share/ublox/local_setup.bash
[0.513s] -- Installing: /home/dev/gps_setting_ws/install/ublox/share/ublox/local_setup.sh
[0.514s] -- Installing: /home/dev/gps_setting_ws/install/ublox/share/ublox/local_setup.zsh
[0.514s] -- Installing: /home/dev/gps_setting_ws/install/ublox/share/ublox/local_setup.dsv
[0.514s] -- Installing: /home/dev/gps_setting_ws/install/ublox/share/ublox/package.dsv
[0.514s] -- Installing: /home/dev/gps_setting_ws/install/ublox/share/ament_index/resource_index/packages/ublox
[0.514s] -- Installing: /home/dev/gps_setting_ws/install/ublox/share/ublox/cmake/ubloxConfig.cmake
[0.514s] -- Installing: /home/dev/gps_setting_ws/install/ublox/share/ublox/cmake/ubloxConfig-version.cmake
[0.514s] -- Installing: /home/dev/gps_setting_ws/install/ublox/share/ublox/package.xml
[0.516s] Invoked command in '/home/dev/gps_setting_ws/build/ublox' returned '0': AMENT_PREFIX_PATH=/home/dev/gps_setting_ws/install/ublox_gps:/home/dev/gps_setting_ws/install/ublox_msgs:/home/dev/gps_setting_ws/install/ublox_serialization:${AMENT_PREFIX_PATH} CMAKE_PREFIX_PATH=/home/dev/gps_setting_ws/install/ublox_gps:/home/dev/gps_setting_ws/install/ublox_msgs:/home/dev/gps_setting_ws/install/ublox_serialization:/home/dev/ex_rbq_simul/ROS2/RBQ/ros2/install/rbq_rviz_plugins:/home/dev/ex_rbq_simul/ROS2/RBQ/ros2/install/rbq_msgs:/home/dev/ex_rbq_simul/ROS2/RBQ/ros2/install/rbq_examples:/home/dev/ex_rbq_simul/ROS2/RBQ/ros2/install/rbq_driver:/home/dev/ex_rbq_simul/ROS2/RBQ/ros2/install/rbq_description:/opt/ros/humble LD_LIBRARY_PATH=/home/dev/gps_setting_ws/install/ublox_gps/lib:/home/dev/gps_setting_ws/install/ublox_msgs/lib:${LD_LIBRARY_PATH} PYTHONPATH=/home/dev/gps_setting_ws/install/ublox_msgs/local/lib/python3.10/dist-packages:${PYTHONPATH} /usr/bin/cmake --install /home/dev/gps_setting_ws/build/ublox
