running egg_info
creating ../../build/ntrip_client/ntrip_client.egg-info
writing ../../build/ntrip_client/ntrip_client.egg-info/PKG-INFO
writing dependency_links to ../../build/ntrip_client/ntrip_client.egg-info/dependency_links.txt
writing requirements to ../../build/ntrip_client/ntrip_client.egg-info/requires.txt
writing top-level names to ../../build/ntrip_client/ntrip_client.egg-info/top_level.txt
writing manifest file '../../build/ntrip_client/ntrip_client.egg-info/SOURCES.txt'
reading manifest file '../../build/ntrip_client/ntrip_client.egg-info/SOURCES.txt'
adding license file 'LICENSE'
writing manifest file '../../build/ntrip_client/ntrip_client.egg-info/SOURCES.txt'
running build
running build_py
creating /home/dev/gps_setting_ws/build/ntrip_client/build
creating /home/dev/gps_setting_ws/build/ntrip_client/build/lib
creating /home/dev/gps_setting_ws/build/ntrip_client/build/lib/ntrip_client
copying src/ntrip_client/nmea_parser.py -> /home/dev/gps_setting_ws/build/ntrip_client/build/lib/ntrip_client
copying src/ntrip_client/ntrip_base.py -> /home/dev/gps_setting_ws/build/ntrip_client/build/lib/ntrip_client
copying src/ntrip_client/ntrip_client.py -> /home/dev/gps_setting_ws/build/ntrip_client/build/lib/ntrip_client
copying src/ntrip_client/rtcm_parser.py -> /home/dev/gps_setting_ws/build/ntrip_client/build/lib/ntrip_client
copying src/ntrip_client/ntrip_serial_device.py -> /home/dev/gps_setting_ws/build/ntrip_client/build/lib/ntrip_client
copying src/ntrip_client/__init__.py -> /home/dev/gps_setting_ws/build/ntrip_client/build/lib/ntrip_client
running build_scripts
creating /home/dev/gps_setting_ws/build/ntrip_client/build/scripts-3.10
copying and adjusting scripts/ntrip_ros.py -> /home/dev/gps_setting_ws/build/ntrip_client/build/scripts-3.10
copying and adjusting scripts/ntrip_ros_base.py -> /home/dev/gps_setting_ws/build/ntrip_client/build/scripts-3.10
copying and adjusting scripts/ntrip_serial_device_ros.py -> /home/dev/gps_setting_ws/build/ntrip_client/build/scripts-3.10
changing mode of /home/dev/gps_setting_ws/build/ntrip_client/build/scripts-3.10/ntrip_ros.py from 664 to 775
changing mode of /home/dev/gps_setting_ws/build/ntrip_client/build/scripts-3.10/ntrip_ros_base.py from 664 to 775
changing mode of /home/dev/gps_setting_ws/build/ntrip_client/build/scripts-3.10/ntrip_serial_device_ros.py from 664 to 775
running install
running install_lib
creating /home/dev/gps_setting_ws/install/ntrip_client/lib/python3.10/site-packages/ntrip_client
copying /home/dev/gps_setting_ws/build/ntrip_client/build/lib/ntrip_client/nmea_parser.py -> /home/dev/gps_setting_ws/install/ntrip_client/lib/python3.10/site-packages/ntrip_client
copying /home/dev/gps_setting_ws/build/ntrip_client/build/lib/ntrip_client/ntrip_base.py -> /home/dev/gps_setting_ws/install/ntrip_client/lib/python3.10/site-packages/ntrip_client
copying /home/dev/gps_setting_ws/build/ntrip_client/build/lib/ntrip_client/ntrip_client.py -> /home/dev/gps_setting_ws/install/ntrip_client/lib/python3.10/site-packages/ntrip_client
copying /home/dev/gps_setting_ws/build/ntrip_client/build/lib/ntrip_client/rtcm_parser.py -> /home/dev/gps_setting_ws/install/ntrip_client/lib/python3.10/site-packages/ntrip_client
copying /home/dev/gps_setting_ws/build/ntrip_client/build/lib/ntrip_client/ntrip_serial_device.py -> /home/dev/gps_setting_ws/install/ntrip_client/lib/python3.10/site-packages/ntrip_client
copying /home/dev/gps_setting_ws/build/ntrip_client/build/lib/ntrip_client/__init__.py -> /home/dev/gps_setting_ws/install/ntrip_client/lib/python3.10/site-packages/ntrip_client
byte-compiling /home/dev/gps_setting_ws/install/ntrip_client/lib/python3.10/site-packages/ntrip_client/nmea_parser.py to nmea_parser.cpython-310.pyc
byte-compiling /home/dev/gps_setting_ws/install/ntrip_client/lib/python3.10/site-packages/ntrip_client/ntrip_base.py to ntrip_base.cpython-310.pyc
byte-compiling /home/dev/gps_setting_ws/install/ntrip_client/lib/python3.10/site-packages/ntrip_client/ntrip_client.py to ntrip_client.cpython-310.pyc
byte-compiling /home/dev/gps_setting_ws/install/ntrip_client/lib/python3.10/site-packages/ntrip_client/rtcm_parser.py to rtcm_parser.cpython-310.pyc
byte-compiling /home/dev/gps_setting_ws/install/ntrip_client/lib/python3.10/site-packages/ntrip_client/ntrip_serial_device.py to ntrip_serial_device.cpython-310.pyc
byte-compiling /home/dev/gps_setting_ws/install/ntrip_client/lib/python3.10/site-packages/ntrip_client/__init__.py to __init__.cpython-310.pyc
running install_data
creating /home/dev/gps_setting_ws/install/ntrip_client/share/ament_index
creating /home/dev/gps_setting_ws/install/ntrip_client/share/ament_index/resource_index
creating /home/dev/gps_setting_ws/install/ntrip_client/share/ament_index/resource_index/packages
copying resource/ntrip_client -> /home/dev/gps_setting_ws/install/ntrip_client/share/ament_index/resource_index/packages
copying package.xml -> /home/dev/gps_setting_ws/install/ntrip_client/share/ntrip_client
copying launch/ntrip_client_launch.py -> /home/dev/gps_setting_ws/install/ntrip_client/share/ntrip_client
copying launch/ntrip_serial_device_launch.py -> /home/dev/gps_setting_ws/install/ntrip_client/share/ntrip_client
running install_egg_info
Copying ../../build/ntrip_client/ntrip_client.egg-info to /home/dev/gps_setting_ws/install/ntrip_client/lib/python3.10/site-packages/ntrip_client-1.4.0-py3.10.egg-info
running install_scripts
creating /home/dev/gps_setting_ws/install/ntrip_client/lib/ntrip_client
copying /home/dev/gps_setting_ws/build/ntrip_client/build/scripts-3.10/ntrip_ros_base.py -> /home/dev/gps_setting_ws/install/ntrip_client/lib/ntrip_client
copying /home/dev/gps_setting_ws/build/ntrip_client/build/scripts-3.10/ntrip_serial_device_ros.py -> /home/dev/gps_setting_ws/install/ntrip_client/lib/ntrip_client
copying /home/dev/gps_setting_ws/build/ntrip_client/build/scripts-3.10/ntrip_ros.py -> /home/dev/gps_setting_ws/install/ntrip_client/lib/ntrip_client
changing mode of /home/dev/gps_setting_ws/install/ntrip_client/lib/ntrip_client/ntrip_ros_base.py to 775
changing mode of /home/dev/gps_setting_ws/install/ntrip_client/lib/ntrip_client/ntrip_serial_device_ros.py to 775
changing mode of /home/dev/gps_setting_ws/install/ntrip_client/lib/ntrip_client/ntrip_ros.py to 775
writing list of installed files to '/home/dev/gps_setting_ws/build/ntrip_client/install.log'
