[0.820s] Invoking command in '/home/dev/gps_setting_ws/src/ntrip_client': PYTHONPATH=/home/dev/gps_setting_ws/build/ntrip_client/prefix_override:/usr/lib/python3/dist-packages/colcon_core/task/python/colcon_distutils_commands:/home/dev/gps_setting_ws/install/ntrip_client/lib/python3.10/site-packages:${PYTHONPATH} /usr/bin/python3 -W ignore:setup.py install is deprecated -W ignore:easy_install command is deprecated setup.py egg_info --egg-base ../../build/ntrip_client build --build-base /home/dev/gps_setting_ws/build/ntrip_client/build install --record /home/dev/gps_setting_ws/build/ntrip_client/install.log --single-version-externally-managed install_data
[1.032s] running egg_info
[1.032s] creating ../../build/ntrip_client/ntrip_client.egg-info
[1.032s] writing ../../build/ntrip_client/ntrip_client.egg-info/PKG-INFO
[1.032s] writing dependency_links to ../../build/ntrip_client/ntrip_client.egg-info/dependency_links.txt
[1.033s] writing requirements to ../../build/ntrip_client/ntrip_client.egg-info/requires.txt
[1.033s] writing top-level names to ../../build/ntrip_client/ntrip_client.egg-info/top_level.txt
[1.033s] writing manifest file '../../build/ntrip_client/ntrip_client.egg-info/SOURCES.txt'
[1.034s] reading manifest file '../../build/ntrip_client/ntrip_client.egg-info/SOURCES.txt'
[1.034s] adding license file 'LICENSE'
[1.035s] writing manifest file '../../build/ntrip_client/ntrip_client.egg-info/SOURCES.txt'
[1.035s] running build
[1.035s] running build_py
[1.035s] creating /home/dev/gps_setting_ws/build/ntrip_client/build
[1.035s] creating /home/dev/gps_setting_ws/build/ntrip_client/build/lib
[1.035s] creating /home/dev/gps_setting_ws/build/ntrip_client/build/lib/ntrip_client
[1.035s] copying src/ntrip_client/nmea_parser.py -> /home/dev/gps_setting_ws/build/ntrip_client/build/lib/ntrip_client
[1.035s] copying src/ntrip_client/ntrip_base.py -> /home/dev/gps_setting_ws/build/ntrip_client/build/lib/ntrip_client
[1.035s] copying src/ntrip_client/ntrip_client.py -> /home/dev/gps_setting_ws/build/ntrip_client/build/lib/ntrip_client
[1.036s] copying src/ntrip_client/rtcm_parser.py -> /home/dev/gps_setting_ws/build/ntrip_client/build/lib/ntrip_client
[1.036s] copying src/ntrip_client/ntrip_serial_device.py -> /home/dev/gps_setting_ws/build/ntrip_client/build/lib/ntrip_client
[1.036s] copying src/ntrip_client/__init__.py -> /home/dev/gps_setting_ws/build/ntrip_client/build/lib/ntrip_client
[1.036s] running build_scripts
[1.036s] creating /home/dev/gps_setting_ws/build/ntrip_client/build/scripts-3.10
[1.036s] copying and adjusting scripts/ntrip_ros.py -> /home/dev/gps_setting_ws/build/ntrip_client/build/scripts-3.10
[1.036s] copying and adjusting scripts/ntrip_ros_base.py -> /home/dev/gps_setting_ws/build/ntrip_client/build/scripts-3.10
[1.036s] copying and adjusting scripts/ntrip_serial_device_ros.py -> /home/dev/gps_setting_ws/build/ntrip_client/build/scripts-3.10
[1.036s] changing mode of /home/dev/gps_setting_ws/build/ntrip_client/build/scripts-3.10/ntrip_ros.py from 664 to 775
[1.036s] changing mode of /home/dev/gps_setting_ws/build/ntrip_client/build/scripts-3.10/ntrip_ros_base.py from 664 to 775
[1.036s] changing mode of /home/dev/gps_setting_ws/build/ntrip_client/build/scripts-3.10/ntrip_serial_device_ros.py from 664 to 775
[1.036s] running install
[1.036s] running install_lib
[1.037s] creating /home/dev/gps_setting_ws/install/ntrip_client/lib/python3.10/site-packages/ntrip_client
[1.037s] copying /home/dev/gps_setting_ws/build/ntrip_client/build/lib/ntrip_client/nmea_parser.py -> /home/dev/gps_setting_ws/install/ntrip_client/lib/python3.10/site-packages/ntrip_client
[1.037s] copying /home/dev/gps_setting_ws/build/ntrip_client/build/lib/ntrip_client/ntrip_base.py -> /home/dev/gps_setting_ws/install/ntrip_client/lib/python3.10/site-packages/ntrip_client
[1.037s] copying /home/dev/gps_setting_ws/build/ntrip_client/build/lib/ntrip_client/ntrip_client.py -> /home/dev/gps_setting_ws/install/ntrip_client/lib/python3.10/site-packages/ntrip_client
[1.037s] copying /home/dev/gps_setting_ws/build/ntrip_client/build/lib/ntrip_client/rtcm_parser.py -> /home/dev/gps_setting_ws/install/ntrip_client/lib/python3.10/site-packages/ntrip_client
[1.037s] copying /home/dev/gps_setting_ws/build/ntrip_client/build/lib/ntrip_client/ntrip_serial_device.py -> /home/dev/gps_setting_ws/install/ntrip_client/lib/python3.10/site-packages/ntrip_client
[1.037s] copying /home/dev/gps_setting_ws/build/ntrip_client/build/lib/ntrip_client/__init__.py -> /home/dev/gps_setting_ws/install/ntrip_client/lib/python3.10/site-packages/ntrip_client
[1.037s] byte-compiling /home/dev/gps_setting_ws/install/ntrip_client/lib/python3.10/site-packages/ntrip_client/nmea_parser.py to nmea_parser.cpython-310.pyc
[1.038s] byte-compiling /home/dev/gps_setting_ws/install/ntrip_client/lib/python3.10/site-packages/ntrip_client/ntrip_base.py to ntrip_base.cpython-310.pyc
[1.039s] byte-compiling /home/dev/gps_setting_ws/install/ntrip_client/lib/python3.10/site-packages/ntrip_client/ntrip_client.py to ntrip_client.cpython-310.pyc
[1.040s] byte-compiling /home/dev/gps_setting_ws/install/ntrip_client/lib/python3.10/site-packages/ntrip_client/rtcm_parser.py to rtcm_parser.cpython-310.pyc
[1.040s] byte-compiling /home/dev/gps_setting_ws/install/ntrip_client/lib/python3.10/site-packages/ntrip_client/ntrip_serial_device.py to ntrip_serial_device.cpython-310.pyc
[1.041s] byte-compiling /home/dev/gps_setting_ws/install/ntrip_client/lib/python3.10/site-packages/ntrip_client/__init__.py to __init__.cpython-310.pyc
[1.041s] running install_data
[1.041s] creating /home/dev/gps_setting_ws/install/ntrip_client/share/ament_index
[1.041s] creating /home/dev/gps_setting_ws/install/ntrip_client/share/ament_index/resource_index
[1.041s] creating /home/dev/gps_setting_ws/install/ntrip_client/share/ament_index/resource_index/packages
[1.041s] copying resource/ntrip_client -> /home/dev/gps_setting_ws/install/ntrip_client/share/ament_index/resource_index/packages
[1.041s] copying package.xml -> /home/dev/gps_setting_ws/install/ntrip_client/share/ntrip_client
[1.041s] copying launch/ntrip_client_launch.py -> /home/dev/gps_setting_ws/install/ntrip_client/share/ntrip_client
[1.041s] copying launch/ntrip_serial_device_launch.py -> /home/dev/gps_setting_ws/install/ntrip_client/share/ntrip_client
[1.041s] running install_egg_info
[1.043s] Copying ../../build/ntrip_client/ntrip_client.egg-info to /home/dev/gps_setting_ws/install/ntrip_client/lib/python3.10/site-packages/ntrip_client-1.4.0-py3.10.egg-info
[1.043s] running install_scripts
[1.057s] creating /home/dev/gps_setting_ws/install/ntrip_client/lib/ntrip_client
[1.058s] copying /home/dev/gps_setting_ws/build/ntrip_client/build/scripts-3.10/ntrip_ros_base.py -> /home/dev/gps_setting_ws/install/ntrip_client/lib/ntrip_client
[1.058s] copying /home/dev/gps_setting_ws/build/ntrip_client/build/scripts-3.10/ntrip_serial_device_ros.py -> /home/dev/gps_setting_ws/install/ntrip_client/lib/ntrip_client
[1.058s] copying /home/dev/gps_setting_ws/build/ntrip_client/build/scripts-3.10/ntrip_ros.py -> /home/dev/gps_setting_ws/install/ntrip_client/lib/ntrip_client
[1.058s] changing mode of /home/dev/gps_setting_ws/install/ntrip_client/lib/ntrip_client/ntrip_ros_base.py to 775
[1.058s] changing mode of /home/dev/gps_setting_ws/install/ntrip_client/lib/ntrip_client/ntrip_serial_device_ros.py to 775
[1.058s] changing mode of /home/dev/gps_setting_ws/install/ntrip_client/lib/ntrip_client/ntrip_ros.py to 775
[1.058s] writing list of installed files to '/home/dev/gps_setting_ws/build/ntrip_client/install.log'
[1.073s] Invoked command in '/home/dev/gps_setting_ws/src/ntrip_client' returned '0': PYTHONPATH=/home/dev/gps_setting_ws/build/ntrip_client/prefix_override:/usr/lib/python3/dist-packages/colcon_core/task/python/colcon_distutils_commands:/home/dev/gps_setting_ws/install/ntrip_client/lib/python3.10/site-packages:${PYTHONPATH} /usr/bin/python3 -W ignore:setup.py install is deprecated -W ignore:easy_install command is deprecated setup.py egg_info --egg-base ../../build/ntrip_client build --build-base /home/dev/gps_setting_ws/build/ntrip_client/build install --record /home/dev/gps_setting_ws/build/ntrip_client/install.log --single-version-externally-managed install_data
