[0.628s] Invoking command in '/home/dev/gps_setting_ws/src/ntrip_client': PYTHONPATH=/home/dev/gps_setting_ws/build/ntrip_client/prefix_override:/usr/lib/python3/dist-packages/colcon_core/task/python/colcon_distutils_commands:/home/dev/gps_setting_ws/install/ntrip_client/lib/python3.10/site-packages:${PYTHONPATH} /usr/bin/python3 -W ignore:setup.py install is deprecated -W ignore:easy_install command is deprecated setup.py egg_info --egg-base ../../build/ntrip_client build --build-base /home/dev/gps_setting_ws/build/ntrip_client/build install --record /home/dev/gps_setting_ws/build/ntrip_client/install.log --single-version-externally-managed install_data
[0.839s] running egg_info
[0.839s] writing ../../build/ntrip_client/ntrip_client.egg-info/PKG-INFO
[0.839s] writing dependency_links to ../../build/ntrip_client/ntrip_client.egg-info/dependency_links.txt
[0.840s] writing requirements to ../../build/ntrip_client/ntrip_client.egg-info/requires.txt
[0.840s] writing top-level names to ../../build/ntrip_client/ntrip_client.egg-info/top_level.txt
[0.841s] reading manifest file '../../build/ntrip_client/ntrip_client.egg-info/SOURCES.txt'
[0.841s] adding license file 'LICENSE'
[0.842s] writing manifest file '../../build/ntrip_client/ntrip_client.egg-info/SOURCES.txt'
[0.842s] running build
[0.842s] running build_py
[0.842s] running build_scripts
[0.843s] running install
[0.843s] running install_lib
[0.844s] running install_data
[0.844s] running install_egg_info
[0.845s] removing '/home/dev/gps_setting_ws/install/ntrip_client/lib/python3.10/site-packages/ntrip_client-1.4.0-py3.10.egg-info' (and everything under it)
[0.846s] Copying ../../build/ntrip_client/ntrip_client.egg-info to /home/dev/gps_setting_ws/install/ntrip_client/lib/python3.10/site-packages/ntrip_client-1.4.0-py3.10.egg-info
[0.846s] running install_scripts
[0.861s] changing mode of /home/dev/gps_setting_ws/install/ntrip_client/lib/ntrip_client/ntrip_ros_base.py to 775
[0.862s] changing mode of /home/dev/gps_setting_ws/install/ntrip_client/lib/ntrip_client/ntrip_serial_device_ros.py to 775
[0.862s] changing mode of /home/dev/gps_setting_ws/install/ntrip_client/lib/ntrip_client/ntrip_ros.py to 775
[0.862s] writing list of installed files to '/home/dev/gps_setting_ws/build/ntrip_client/install.log'
[0.888s] Invoked command in '/home/dev/gps_setting_ws/src/ntrip_client' returned '0': PYTHONPATH=/home/dev/gps_setting_ws/build/ntrip_client/prefix_override:/usr/lib/python3/dist-packages/colcon_core/task/python/colcon_distutils_commands:/home/dev/gps_setting_ws/install/ntrip_client/lib/python3.10/site-packages:${PYTHONPATH} /usr/bin/python3 -W ignore:setup.py install is deprecated -W ignore:easy_install command is deprecated setup.py egg_info --egg-base ../../build/ntrip_client build --build-base /home/dev/gps_setting_ws/build/ntrip_client/build install --record /home/dev/gps_setting_ws/build/ntrip_client/install.log --single-version-externally-managed install_data
