[0.023s] Invoking command in '/home/dev/gps_setting_ws/build/ublox_serialization': CMAKE_PREFIX_PATH=${CMAKE_PREFIX_PATH}:/opt/ros/humble /usr/bin/cmake /home/dev/gps_setting_ws/src/ublox/ublox_serialization -DCMAKE_INSTALL_PREFIX=/home/dev/gps_setting_ws/install/ublox_serialization
[0.125s] -- The C compiler identification is GNU 11.4.0
[0.199s] -- The CXX compiler identification is GNU 11.4.0
[0.207s] -- Detecting C compiler ABI info
[0.259s] -- Detecting C compiler ABI info - done
[0.265s] -- Check for working C compiler: /usr/bin/cc - skipped
[0.265s] -- Detecting C compile features
[0.266s] -- Detecting C compile features - done
[0.269s] -- Detecting CXX compiler ABI info
[0.327s] -- Detecting CXX compiler ABI info - done
[0.333s] -- Check for working CXX compiler: /usr/bin/c++ - skipped
[0.334s] -- Detecting CXX compile features
[0.334s] -- Detecting CXX compile features - done
[0.341s] -- Found ament_cmake: 1.3.12 (/opt/ros/humble/share/ament_cmake/cmake)
[0.504s] -- Found Python3: /usr/bin/python3 (found version "3.10.12") found components: Interpreter 
[0.631s] -- Configuring done
[0.633s] -- Generating done
[0.634s] -- Build files have been written to: /home/dev/gps_setting_ws/build/ublox_serialization
[0.637s] Invoked command in '/home/dev/gps_setting_ws/build/ublox_serialization' returned '0': CMAKE_PREFIX_PATH=${CMAKE_PREFIX_PATH}:/opt/ros/humble /usr/bin/cmake /home/dev/gps_setting_ws/src/ublox/ublox_serialization -DCMAKE_INSTALL_PREFIX=/home/dev/gps_setting_ws/install/ublox_serialization
[0.638s] Invoking command in '/home/dev/gps_setting_ws/build/ublox_serialization': CMAKE_PREFIX_PATH=${CMAKE_PREFIX_PATH}:/opt/ros/humble /usr/bin/cmake --build /home/dev/gps_setting_ws/build/ublox_serialization -- -j16 -l16
[0.662s] Invoked command in '/home/dev/gps_setting_ws/build/ublox_serialization' returned '0': CMAKE_PREFIX_PATH=${CMAKE_PREFIX_PATH}:/opt/ros/humble /usr/bin/cmake --build /home/dev/gps_setting_ws/build/ublox_serialization -- -j16 -l16
[0.669s] Invoking command in '/home/dev/gps_setting_ws/build/ublox_serialization': CMAKE_PREFIX_PATH=${CMAKE_PREFIX_PATH}:/opt/ros/humble /usr/bin/cmake --install /home/dev/gps_setting_ws/build/ublox_serialization
[0.674s] -- Install configuration: ""
[0.674s] -- Installing: /home/dev/gps_setting_ws/install/ublox_serialization/include/ublox_serialization
[0.674s] -- Installing: /home/dev/gps_setting_ws/install/ublox_serialization/include/ublox_serialization/ublox_serialization
[0.675s] -- Installing: /home/dev/gps_setting_ws/install/ublox_serialization/include/ublox_serialization/ublox_serialization/serialization.hpp
[0.675s] -- Installing: /home/dev/gps_setting_ws/install/ublox_serialization/include/ublox_serialization/ublox_serialization/checksum.hpp
[0.675s] -- Installing: /home/dev/gps_setting_ws/install/ublox_serialization/share/ament_index/resource_index/package_run_dependencies/ublox_serialization
[0.675s] -- Installing: /home/dev/gps_setting_ws/install/ublox_serialization/share/ament_index/resource_index/parent_prefix_path/ublox_serialization
[0.675s] -- Installing: /home/dev/gps_setting_ws/install/ublox_serialization/share/ublox_serialization/environment/ament_prefix_path.sh
[0.675s] -- Installing: /home/dev/gps_setting_ws/install/ublox_serialization/share/ublox_serialization/environment/ament_prefix_path.dsv
[0.675s] -- Installing: /home/dev/gps_setting_ws/install/ublox_serialization/share/ublox_serialization/environment/path.sh
[0.675s] -- Installing: /home/dev/gps_setting_ws/install/ublox_serialization/share/ublox_serialization/environment/path.dsv
[0.675s] -- Installing: /home/dev/gps_setting_ws/install/ublox_serialization/share/ublox_serialization/local_setup.bash
[0.676s] -- Installing: /home/dev/gps_setting_ws/install/ublox_serialization/share/ublox_serialization/local_setup.sh
[0.676s] -- Installing: /home/dev/gps_setting_ws/install/ublox_serialization/share/ublox_serialization/local_setup.zsh
[0.676s] -- Installing: /home/dev/gps_setting_ws/install/ublox_serialization/share/ublox_serialization/local_setup.dsv
[0.676s] -- Installing: /home/dev/gps_setting_ws/install/ublox_serialization/share/ublox_serialization/package.dsv
[0.676s] -- Installing: /home/dev/gps_setting_ws/install/ublox_serialization/share/ament_index/resource_index/packages/ublox_serialization
[0.676s] -- Installing: /home/dev/gps_setting_ws/install/ublox_serialization/share/ublox_serialization/cmake/export_ublox_serializationExport.cmake
[0.676s] -- Installing: /home/dev/gps_setting_ws/install/ublox_serialization/share/ublox_serialization/cmake/ament_cmake_export_include_directories-extras.cmake
[0.676s] -- Installing: /home/dev/gps_setting_ws/install/ublox_serialization/share/ublox_serialization/cmake/ament_cmake_export_targets-extras.cmake
[0.676s] -- Installing: /home/dev/gps_setting_ws/install/ublox_serialization/share/ublox_serialization/cmake/ublox_serializationConfig.cmake
[0.676s] -- Installing: /home/dev/gps_setting_ws/install/ublox_serialization/share/ublox_serialization/cmake/ublox_serializationConfig-version.cmake
[0.677s] -- Installing: /home/dev/gps_setting_ws/install/ublox_serialization/share/ublox_serialization/package.xml
[0.678s] Invoked command in '/home/dev/gps_setting_ws/build/ublox_serialization' returned '0': CMAKE_PREFIX_PATH=${CMAKE_PREFIX_PATH}:/opt/ros/humble /usr/bin/cmake --install /home/dev/gps_setting_ws/build/ublox_serialization
