[0.059s] Invoking command in '/home/dev/gps_setting_ws/build/ublox_serialization': CMAKE_PREFIX_PATH=${CMAKE_PREFIX_PATH}:/home/dev/gps_setting_ws/install/rbq_patrol:/home/dev/gps_setting_ws/install/ntrip_client:/opt/ros/humble /usr/bin/cmake --build /home/dev/gps_setting_ws/build/ublox_serialization -- -j16 -l16
[0.474s] Invoked command in '/home/dev/gps_setting_ws/build/ublox_serialization' returned '0': CMAKE_PREFIX_PATH=${CMAKE_PREFIX_PATH}:/home/dev/gps_setting_ws/install/rbq_patrol:/home/dev/gps_setting_ws/install/ntrip_client:/opt/ros/humble /usr/bin/cmake --build /home/dev/gps_setting_ws/build/ublox_serialization -- -j16 -l16
[0.481s] Invoking command in '/home/dev/gps_setting_ws/build/ublox_serialization': CMAKE_PREFIX_PATH=${CMAKE_PREFIX_PATH}:/home/dev/gps_setting_ws/install/rbq_patrol:/home/dev/gps_setting_ws/install/ntrip_client:/opt/ros/humble /usr/bin/cmake --install /home/dev/gps_setting_ws/build/ublox_serialization
[0.486s] -- Install configuration: ""
[0.486s] -- Up-to-date: /home/dev/gps_setting_ws/install/ublox_serialization/include/ublox_serialization
[0.487s] -- Up-to-date: /home/dev/gps_setting_ws/install/ublox_serialization/include/ublox_serialization/ublox_serialization
[0.487s] -- Up-to-date: /home/dev/gps_setting_ws/install/ublox_serialization/include/ublox_serialization/ublox_serialization/serialization.hpp
[0.487s] -- Up-to-date: /home/dev/gps_setting_ws/install/ublox_serialization/include/ublox_serialization/ublox_serialization/checksum.hpp
[0.487s] -- Up-to-date: /home/dev/gps_setting_ws/install/ublox_serialization/share/ament_index/resource_index/package_run_dependencies/ublox_serialization
[0.487s] -- Up-to-date: /home/dev/gps_setting_ws/install/ublox_serialization/share/ament_index/resource_index/parent_prefix_path/ublox_serialization
[0.487s] -- Up-to-date: /home/dev/gps_setting_ws/install/ublox_serialization/share/ublox_serialization/environment/ament_prefix_path.sh
[0.487s] -- Up-to-date: /home/dev/gps_setting_ws/install/ublox_serialization/share/ublox_serialization/environment/ament_prefix_path.dsv
[0.487s] -- Up-to-date: /home/dev/gps_setting_ws/install/ublox_serialization/share/ublox_serialization/environment/path.sh
[0.487s] -- Up-to-date: /home/dev/gps_setting_ws/install/ublox_serialization/share/ublox_serialization/environment/path.dsv
[0.487s] -- Up-to-date: /home/dev/gps_setting_ws/install/ublox_serialization/share/ublox_serialization/local_setup.bash
[0.487s] -- Up-to-date: /home/dev/gps_setting_ws/install/ublox_serialization/share/ublox_serialization/local_setup.sh
[0.487s] -- Up-to-date: /home/dev/gps_setting_ws/install/ublox_serialization/share/ublox_serialization/local_setup.zsh
[0.487s] -- Up-to-date: /home/dev/gps_setting_ws/install/ublox_serialization/share/ublox_serialization/local_setup.dsv
[0.487s] -- Installing: /home/dev/gps_setting_ws/install/ublox_serialization/share/ublox_serialization/package.dsv
[0.487s] -- Up-to-date: /home/dev/gps_setting_ws/install/ublox_serialization/share/ament_index/resource_index/packages/ublox_serialization
[0.487s] -- Up-to-date: /home/dev/gps_setting_ws/install/ublox_serialization/share/ublox_serialization/cmake/export_ublox_serializationExport.cmake
[0.487s] -- Up-to-date: /home/dev/gps_setting_ws/install/ublox_serialization/share/ublox_serialization/cmake/ament_cmake_export_include_directories-extras.cmake
[0.487s] -- Up-to-date: /home/dev/gps_setting_ws/install/ublox_serialization/share/ublox_serialization/cmake/ament_cmake_export_targets-extras.cmake
[0.488s] -- Up-to-date: /home/dev/gps_setting_ws/install/ublox_serialization/share/ublox_serialization/cmake/ublox_serializationConfig.cmake
[0.488s] -- Up-to-date: /home/dev/gps_setting_ws/install/ublox_serialization/share/ublox_serialization/cmake/ublox_serializationConfig-version.cmake
[0.488s] -- Up-to-date: /home/dev/gps_setting_ws/install/ublox_serialization/share/ublox_serialization/package.xml
[0.488s] Invoked command in '/home/dev/gps_setting_ws/build/ublox_serialization' returned '0': CMAKE_PREFIX_PATH=${CMAKE_PREFIX_PATH}:/home/dev/gps_setting_ws/install/rbq_patrol:/home/dev/gps_setting_ws/install/ntrip_client:/opt/ros/humble /usr/bin/cmake --install /home/dev/gps_setting_ws/build/ublox_serialization
