[0.010s] Invoking command in '/home/dev/gps_setting_ws/build/ublox': CMAKE_PREFIX_PATH=/home/dev/gps_setting_ws/install/ublox_gps:/home/dev/gps_setting_ws/install/ublox_msgs:/home/dev/gps_setting_ws/install/ublox_serialization:/home/dev/gps_setting_ws/install/ublox:/home/dev/ex_rbq_simul/ROS2/RBQ/ros2/install/rbq_rviz_plugins:/home/dev/ex_rbq_simul/ROS2/RBQ/ros2/install/rbq_msgs:/home/dev/ex_rbq_simul/ROS2/RBQ/ros2/install/rbq_examples:/home/dev/ex_rbq_simul/ROS2/RBQ/ros2/install/rbq_driver:/home/dev/ex_rbq_simul/ROS2/RBQ/ros2/install/rbq_description:/home/dev/gps_setting_ws/install/rbq_patrol:/home/dev/gps_setting_ws/install/ntrip_client:/opt/ros/humble /usr/bin/cmake --build /home/dev/gps_setting_ws/build/ublox -- -j16 -l16
[0.037s] Invoked command in '/home/dev/gps_setting_ws/build/ublox' returned '0': CMAKE_PREFIX_PATH=/home/dev/gps_setting_ws/install/ublox_gps:/home/dev/gps_setting_ws/install/ublox_msgs:/home/dev/gps_setting_ws/install/ublox_serialization:/home/dev/gps_setting_ws/install/ublox:/home/dev/ex_rbq_simul/ROS2/RBQ/ros2/install/rbq_rviz_plugins:/home/dev/ex_rbq_simul/ROS2/RBQ/ros2/install/rbq_msgs:/home/dev/ex_rbq_simul/ROS2/RBQ/ros2/install/rbq_examples:/home/dev/ex_rbq_simul/ROS2/RBQ/ros2/install/rbq_driver:/home/dev/ex_rbq_simul/ROS2/RBQ/ros2/install/rbq_description:/home/dev/gps_setting_ws/install/rbq_patrol:/home/dev/gps_setting_ws/install/ntrip_client:/opt/ros/humble /usr/bin/cmake --build /home/dev/gps_setting_ws/build/ublox -- -j16 -l16
[0.038s] Invoking command in '/home/dev/gps_setting_ws/build/ublox': CMAKE_PREFIX_PATH=/home/dev/gps_setting_ws/install/ublox_gps:/home/dev/gps_setting_ws/install/ublox_msgs:/home/dev/gps_setting_ws/install/ublox_serialization:/home/dev/gps_setting_ws/install/ublox:/home/dev/ex_rbq_simul/ROS2/RBQ/ros2/install/rbq_rviz_plugins:/home/dev/ex_rbq_simul/ROS2/RBQ/ros2/install/rbq_msgs:/home/dev/ex_rbq_simul/ROS2/RBQ/ros2/install/rbq_examples:/home/dev/ex_rbq_simul/ROS2/RBQ/ros2/install/rbq_driver:/home/dev/ex_rbq_simul/ROS2/RBQ/ros2/install/rbq_description:/home/dev/gps_setting_ws/install/rbq_patrol:/home/dev/gps_setting_ws/install/ntrip_client:/opt/ros/humble /usr/bin/cmake --install /home/dev/gps_setting_ws/build/ublox
[0.043s] -- Install configuration: ""
[0.044s] -- Up-to-date: /home/dev/gps_setting_ws/install/ublox/share/ament_index/resource_index/package_run_dependencies/ublox
[0.044s] -- Up-to-date: /home/dev/gps_setting_ws/install/ublox/share/ament_index/resource_index/parent_prefix_path/ublox
[0.044s] -- Up-to-date: /home/dev/gps_setting_ws/install/ublox/share/ublox/environment/ament_prefix_path.sh
[0.044s] -- Up-to-date: /home/dev/gps_setting_ws/install/ublox/share/ublox/environment/ament_prefix_path.dsv
[0.044s] -- Up-to-date: /home/dev/gps_setting_ws/install/ublox/share/ublox/environment/path.sh
[0.044s] -- Up-to-date: /home/dev/gps_setting_ws/install/ublox/share/ublox/environment/path.dsv
[0.044s] -- Up-to-date: /home/dev/gps_setting_ws/install/ublox/share/ublox/local_setup.bash
[0.044s] -- Up-to-date: /home/dev/gps_setting_ws/install/ublox/share/ublox/local_setup.sh
[0.044s] -- Up-to-date: /home/dev/gps_setting_ws/install/ublox/share/ublox/local_setup.zsh
[0.044s] -- Up-to-date: /home/dev/gps_setting_ws/install/ublox/share/ublox/local_setup.dsv
[0.044s] -- Installing: /home/dev/gps_setting_ws/install/ublox/share/ublox/package.dsv
[0.044s] -- Up-to-date: /home/dev/gps_setting_ws/install/ublox/share/ament_index/resource_index/packages/ublox
[0.044s] -- Up-to-date: /home/dev/gps_setting_ws/install/ublox/share/ublox/cmake/ubloxConfig.cmake
[0.044s] -- Up-to-date: /home/dev/gps_setting_ws/install/ublox/share/ublox/cmake/ubloxConfig-version.cmake
[0.044s] -- Up-to-date: /home/dev/gps_setting_ws/install/ublox/share/ublox/package.xml
[0.045s] Invoked command in '/home/dev/gps_setting_ws/build/ublox' returned '0': CMAKE_PREFIX_PATH=/home/dev/gps_setting_ws/install/ublox_gps:/home/dev/gps_setting_ws/install/ublox_msgs:/home/dev/gps_setting_ws/install/ublox_serialization:/home/dev/gps_setting_ws/install/ublox:/home/dev/ex_rbq_simul/ROS2/RBQ/ros2/install/rbq_rviz_plugins:/home/dev/ex_rbq_simul/ROS2/RBQ/ros2/install/rbq_msgs:/home/dev/ex_rbq_simul/ROS2/RBQ/ros2/install/rbq_examples:/home/dev/ex_rbq_simul/ROS2/RBQ/ros2/install/rbq_driver:/home/dev/ex_rbq_simul/ROS2/RBQ/ros2/install/rbq_description:/home/dev/gps_setting_ws/install/rbq_patrol:/home/dev/gps_setting_ws/install/ntrip_client:/opt/ros/humble /usr/bin/cmake --install /home/dev/gps_setting_ws/build/ublox
