[1.070s] Invoking command in '/home/dev/gps_setting_ws/src/rbq_patrol': PYTHONPATH=/home/dev/gps_setting_ws/build/rbq_patrol/prefix_override:/usr/lib/python3/dist-packages/colcon_core/task/python/colcon_distutils_commands:/home/dev/gps_setting_ws/install/rbq_patrol/lib/python3.10/site-packages:${PYTHONPATH} /usr/bin/python3 -W ignore:setup.py install is deprecated -W ignore:easy_install command is deprecated setup.py egg_info --egg-base ../../build/rbq_patrol build --build-base /home/dev/gps_setting_ws/build/rbq_patrol/build install --record /home/dev/gps_setting_ws/build/rbq_patrol/install.log --single-version-externally-managed install_data
[1.331s] running egg_info
[1.331s] writing ../../build/rbq_patrol/rbq_patrol.egg-info/PKG-INFO
[1.331s] writing dependency_links to ../../build/rbq_patrol/rbq_patrol.egg-info/dependency_links.txt
[1.331s] writing entry points to ../../build/rbq_patrol/rbq_patrol.egg-info/entry_points.txt
[1.332s] writing requirements to ../../build/rbq_patrol/rbq_patrol.egg-info/requires.txt
[1.332s] writing top-level names to ../../build/rbq_patrol/rbq_patrol.egg-info/top_level.txt
[1.333s] reading manifest file '../../build/rbq_patrol/rbq_patrol.egg-info/SOURCES.txt'
[1.334s] writing manifest file '../../build/rbq_patrol/rbq_patrol.egg-info/SOURCES.txt'
[1.334s] running build
[1.334s] running build_py
[1.335s] running install
[1.335s] running install_lib
[1.336s] running install_data
[1.337s] running install_egg_info
[1.338s] removing '/home/dev/gps_setting_ws/install/rbq_patrol/lib/python3.10/site-packages/rbq_patrol-0.0.0-py3.10.egg-info' (and everything under it)
[1.338s] Copying ../../build/rbq_patrol/rbq_patrol.egg-info to /home/dev/gps_setting_ws/install/rbq_patrol/lib/python3.10/site-packages/rbq_patrol-0.0.0-py3.10.egg-info
[1.339s] running install_scripts
[1.359s] Installing cmd script to /home/dev/gps_setting_ws/install/rbq_patrol/lib/rbq_patrol
[1.359s] Installing receiver script to /home/dev/gps_setting_ws/install/rbq_patrol/lib/rbq_patrol
[1.359s] writing list of installed files to '/home/dev/gps_setting_ws/build/rbq_patrol/install.log'
[1.398s] Invoked command in '/home/dev/gps_setting_ws/src/rbq_patrol' returned '0': PYTHONPATH=/home/dev/gps_setting_ws/build/rbq_patrol/prefix_override:/usr/lib/python3/dist-packages/colcon_core/task/python/colcon_distutils_commands:/home/dev/gps_setting_ws/install/rbq_patrol/lib/python3.10/site-packages:${PYTHONPATH} /usr/bin/python3 -W ignore:setup.py install is deprecated -W ignore:easy_install command is deprecated setup.py egg_info --egg-base ../../build/rbq_patrol build --build-base /home/dev/gps_setting_ws/build/rbq_patrol/build install --record /home/dev/gps_setting_ws/build/rbq_patrol/install.log --single-version-externally-managed install_data
