[0.012s] Invoking command in '/home/dev/gps_setting_ws/build/ublox_serialization': /usr/bin/cmake --build /home/dev/gps_setting_ws/build/ublox_serialization -- -j16 -l16
[0.181s] Invoked command in '/home/dev/gps_setting_ws/build/ublox_serialization' returned '0': /usr/bin/cmake --build /home/dev/gps_setting_ws/build/ublox_serialization -- -j16 -l16
[0.188s] Invoking command in '/home/dev/gps_setting_ws/build/ublox_serialization': /usr/bin/cmake --install /home/dev/gps_setting_ws/build/ublox_serialization
[0.193s] -- Install configuration: ""
[0.193s] -- Up-to-date: /home/dev/gps_setting_ws/install/ublox_serialization/include/ublox_serialization
[0.193s] -- Up-to-date: /home/dev/gps_setting_ws/install/ublox_serialization/include/ublox_serialization/ublox_serialization
[0.193s] -- Up-to-date: /home/dev/gps_setting_ws/install/ublox_serialization/include/ublox_serialization/ublox_serialization/serialization.hpp
[0.193s] -- Up-to-date: /home/dev/gps_setting_ws/install/ublox_serialization/include/ublox_serialization/ublox_serialization/checksum.hpp
[0.194s] -- Up-to-date: /home/dev/gps_setting_ws/install/ublox_serialization/share/ament_index/resource_index/package_run_dependencies/ublox_serialization
[0.194s] -- Up-to-date: /home/dev/gps_setting_ws/install/ublox_serialization/share/ament_index/resource_index/parent_prefix_path/ublox_serialization
[0.194s] -- Up-to-date: /home/dev/gps_setting_ws/install/ublox_serialization/share/ublox_serialization/environment/ament_prefix_path.sh
[0.194s] -- Up-to-date: /home/dev/gps_setting_ws/install/ublox_serialization/share/ublox_serialization/environment/ament_prefix_path.dsv
[0.194s] -- Up-to-date: /home/dev/gps_setting_ws/install/ublox_serialization/share/ublox_serialization/environment/path.sh
[0.194s] -- Up-to-date: /home/dev/gps_setting_ws/install/ublox_serialization/share/ublox_serialization/environment/path.dsv
[0.194s] -- Up-to-date: /home/dev/gps_setting_ws/install/ublox_serialization/share/ublox_serialization/local_setup.bash
[0.194s] -- Up-to-date: /home/dev/gps_setting_ws/install/ublox_serialization/share/ublox_serialization/local_setup.sh
[0.194s] -- Up-to-date: /home/dev/gps_setting_ws/install/ublox_serialization/share/ublox_serialization/local_setup.zsh
[0.194s] -- Up-to-date: /home/dev/gps_setting_ws/install/ublox_serialization/share/ublox_serialization/local_setup.dsv
[0.194s] -- Installing: /home/dev/gps_setting_ws/install/ublox_serialization/share/ublox_serialization/package.dsv
[0.194s] -- Up-to-date: /home/dev/gps_setting_ws/install/ublox_serialization/share/ament_index/resource_index/packages/ublox_serialization
[0.195s] -- Up-to-date: /home/dev/gps_setting_ws/install/ublox_serialization/share/ublox_serialization/cmake/export_ublox_serializationExport.cmake
[0.195s] -- Up-to-date: /home/dev/gps_setting_ws/install/ublox_serialization/share/ublox_serialization/cmake/ament_cmake_export_include_directories-extras.cmake
[0.195s] -- Up-to-date: /home/dev/gps_setting_ws/install/ublox_serialization/share/ublox_serialization/cmake/ament_cmake_export_targets-extras.cmake
[0.195s] -- Up-to-date: /home/dev/gps_setting_ws/install/ublox_serialization/share/ublox_serialization/cmake/ublox_serializationConfig.cmake
[0.195s] -- Up-to-date: /home/dev/gps_setting_ws/install/ublox_serialization/share/ublox_serialization/cmake/ublox_serializationConfig-version.cmake
[0.195s] -- Up-to-date: /home/dev/gps_setting_ws/install/ublox_serialization/share/ublox_serialization/package.xml
[0.196s] Invoked command in '/home/dev/gps_setting_ws/build/ublox_serialization' returned '0': /usr/bin/cmake --install /home/dev/gps_setting_ws/build/ublox_serialization
