[0.082s] DEBUG:colcon:Command line arguments: ['/usr/bin/colcon', 'build']
[0.082s] DEBUG:colcon:Parsed command line arguments: Namespace(log_base=None, log_level=None, verb_name='build', build_base='build', install_base='install', merge_install=False, symlink_install=False, test_result_base=None, continue_on_error=False, executor='parallel', parallel_workers=16, event_handlers=None, ignore_user_meta=False, metas=['./colcon.meta'], base_paths=['.'], packages_ignore=None, packages_ignore_regex=None, paths=None, packages_up_to=None, packages_up_to_regex=None, packages_above=None, packages_above_and_dependencies=None, packages_above_depth=None, packages_select_by_dep=None, packages_skip_by_dep=None, packages_skip_up_to=None, packages_select_build_failed=False, packages_skip_build_finished=False, packages_select_test_failures=False, packages_skip_test_passed=False, packages_select=None, packages_skip=None, packages_select_regex=None, packages_skip_regex=None, packages_start=None, packages_end=None, cmake_args=None, cmake_target=None, cmake_target_skip_unavailable=False, cmake_clean_cache=False, cmake_clean_first=False, cmake_force_configure=False, ament_cmake_args=None, catkin_cmake_args=None, catkin_skip_building_tests=False, verb_parser=<colcon_defaults.argument_parser.defaults.DefaultArgumentsDecorator object at 0x7b7a019c9660>, verb_extension=<colcon_core.verb.build.BuildVerb object at 0x7b7a01b5ab00>, main=<bound method BuildVerb.main of <colcon_core.verb.build.BuildVerb object at 0x7b7a01b5ab00>>)
[0.225s] Level 1:colcon.colcon_core.package_discovery:discover_packages(colcon_meta) check parameters
[0.225s] Level 1:colcon.colcon_core.package_discovery:discover_packages(recursive) check parameters
[0.225s] Level 1:colcon.colcon_core.package_discovery:discover_packages(ignore) check parameters
[0.225s] Level 1:colcon.colcon_core.package_discovery:discover_packages(path) check parameters
[0.225s] Level 1:colcon.colcon_core.package_discovery:discover_packages(colcon_meta) discover
[0.225s] Level 1:colcon.colcon_core.package_discovery:discover_packages(recursive) discover
[0.225s] INFO:colcon.colcon_core.package_discovery:Crawling recursively for packages in '/home/dev/gps_setting_ws'
[0.225s] Level 1:colcon.colcon_core.package_identification:_identify(.) by extensions ['ignore', 'ignore_ament_install']
[0.225s] Level 1:colcon.colcon_core.package_identification:_identify(.) by extension 'ignore'
[0.225s] Level 1:colcon.colcon_core.package_identification:_identify(.) by extension 'ignore_ament_install'
[0.225s] Level 1:colcon.colcon_core.package_identification:_identify(.) by extensions ['colcon_pkg']
[0.225s] Level 1:colcon.colcon_core.package_identification:_identify(.) by extension 'colcon_pkg'
[0.225s] Level 1:colcon.colcon_core.package_identification:_identify(.) by extensions ['colcon_meta']
[0.225s] Level 1:colcon.colcon_core.package_identification:_identify(.) by extension 'colcon_meta'
[0.225s] Level 1:colcon.colcon_core.package_identification:_identify(.) by extensions ['ros']
[0.225s] Level 1:colcon.colcon_core.package_identification:_identify(.) by extension 'ros'
[0.233s] Level 1:colcon.colcon_core.package_identification:_identify(.) by extensions ['cmake', 'python']
[0.233s] Level 1:colcon.colcon_core.package_identification:_identify(.) by extension 'cmake'
[0.233s] Level 1:colcon.colcon_core.package_identification:_identify(.) by extension 'python'
[0.233s] Level 1:colcon.colcon_core.package_identification:_identify(.) by extensions ['python_setup_py']
[0.233s] Level 1:colcon.colcon_core.package_identification:_identify(.) by extension 'python_setup_py'
[0.233s] Level 1:colcon.colcon_core.package_identification:_identify(build) by extensions ['ignore', 'ignore_ament_install']
[0.233s] Level 1:colcon.colcon_core.package_identification:_identify(build) by extension 'ignore'
[0.233s] Level 1:colcon.colcon_core.package_identification:_identify(build) ignored
[0.233s] Level 1:colcon.colcon_core.package_identification:_identify(install) by extensions ['ignore', 'ignore_ament_install']
[0.233s] Level 1:colcon.colcon_core.package_identification:_identify(install) by extension 'ignore'
[0.233s] Level 1:colcon.colcon_core.package_identification:_identify(install) ignored
[0.233s] Level 1:colcon.colcon_core.package_identification:_identify(log) by extensions ['ignore', 'ignore_ament_install']
[0.233s] Level 1:colcon.colcon_core.package_identification:_identify(log) by extension 'ignore'
[0.233s] Level 1:colcon.colcon_core.package_identification:_identify(log) ignored
[0.234s] Level 1:colcon.colcon_core.package_identification:_identify(src) by extensions ['ignore', 'ignore_ament_install']
[0.234s] Level 1:colcon.colcon_core.package_identification:_identify(src) by extension 'ignore'
[0.234s] Level 1:colcon.colcon_core.package_identification:_identify(src) by extension 'ignore_ament_install'
[0.234s] Level 1:colcon.colcon_core.package_identification:_identify(src) by extensions ['colcon_pkg']
[0.234s] Level 1:colcon.colcon_core.package_identification:_identify(src) by extension 'colcon_pkg'
[0.234s] Level 1:colcon.colcon_core.package_identification:_identify(src) by extensions ['colcon_meta']
[0.234s] Level 1:colcon.colcon_core.package_identification:_identify(src) by extension 'colcon_meta'
[0.234s] Level 1:colcon.colcon_core.package_identification:_identify(src) by extensions ['ros']
[0.234s] Level 1:colcon.colcon_core.package_identification:_identify(src) by extension 'ros'
[0.234s] Level 1:colcon.colcon_core.package_identification:_identify(src) by extensions ['cmake', 'python']
[0.234s] Level 1:colcon.colcon_core.package_identification:_identify(src) by extension 'cmake'
[0.234s] Level 1:colcon.colcon_core.package_identification:_identify(src) by extension 'python'
[0.234s] Level 1:colcon.colcon_core.package_identification:_identify(src) by extensions ['python_setup_py']
[0.234s] Level 1:colcon.colcon_core.package_identification:_identify(src) by extension 'python_setup_py'
[0.234s] Level 1:colcon.colcon_core.package_identification:_identify(src/ntrip_client) by extensions ['ignore', 'ignore_ament_install']
[0.234s] Level 1:colcon.colcon_core.package_identification:_identify(src/ntrip_client) by extension 'ignore'
[0.234s] Level 1:colcon.colcon_core.package_identification:_identify(src/ntrip_client) by extension 'ignore_ament_install'
[0.234s] Level 1:colcon.colcon_core.package_identification:_identify(src/ntrip_client) by extensions ['colcon_pkg']
[0.234s] Level 1:colcon.colcon_core.package_identification:_identify(src/ntrip_client) by extension 'colcon_pkg'
[0.234s] Level 1:colcon.colcon_core.package_identification:_identify(src/ntrip_client) by extensions ['colcon_meta']
[0.234s] Level 1:colcon.colcon_core.package_identification:_identify(src/ntrip_client) by extension 'colcon_meta'
[0.234s] Level 1:colcon.colcon_core.package_identification:_identify(src/ntrip_client) by extensions ['ros']
[0.234s] Level 1:colcon.colcon_core.package_identification:_identify(src/ntrip_client) by extension 'ros'
[0.236s] DEBUG:colcon.colcon_core.package_identification:Package 'src/ntrip_client' with type 'ros.ament_python' and name 'ntrip_client'
[0.236s] Level 1:colcon.colcon_core.package_identification:_identify(src/rbq_patrol) by extensions ['ignore', 'ignore_ament_install']
[0.236s] Level 1:colcon.colcon_core.package_identification:_identify(src/rbq_patrol) by extension 'ignore'
[0.236s] Level 1:colcon.colcon_core.package_identification:_identify(src/rbq_patrol) by extension 'ignore_ament_install'
[0.236s] Level 1:colcon.colcon_core.package_identification:_identify(src/rbq_patrol) by extensions ['colcon_pkg']
[0.236s] Level 1:colcon.colcon_core.package_identification:_identify(src/rbq_patrol) by extension 'colcon_pkg'
[0.236s] Level 1:colcon.colcon_core.package_identification:_identify(src/rbq_patrol) by extensions ['colcon_meta']
[0.236s] Level 1:colcon.colcon_core.package_identification:_identify(src/rbq_patrol) by extension 'colcon_meta'
[0.237s] Level 1:colcon.colcon_core.package_identification:_identify(src/rbq_patrol) by extensions ['ros']
[0.237s] Level 1:colcon.colcon_core.package_identification:_identify(src/rbq_patrol) by extension 'ros'
[0.237s] DEBUG:colcon.colcon_core.package_identification:Package 'src/rbq_patrol' with type 'ros.ament_python' and name 'rbq_patrol'
[0.237s] Level 1:colcon.colcon_core.package_identification:_identify(src/ublox) by extensions ['ignore', 'ignore_ament_install']
[0.237s] Level 1:colcon.colcon_core.package_identification:_identify(src/ublox) by extension 'ignore'
[0.237s] Level 1:colcon.colcon_core.package_identification:_identify(src/ublox) by extension 'ignore_ament_install'
[0.237s] Level 1:colcon.colcon_core.package_identification:_identify(src/ublox) by extensions ['colcon_pkg']
[0.237s] Level 1:colcon.colcon_core.package_identification:_identify(src/ublox) by extension 'colcon_pkg'
[0.237s] Level 1:colcon.colcon_core.package_identification:_identify(src/ublox) by extensions ['colcon_meta']
[0.237s] Level 1:colcon.colcon_core.package_identification:_identify(src/ublox) by extension 'colcon_meta'
[0.237s] Level 1:colcon.colcon_core.package_identification:_identify(src/ublox) by extensions ['ros']
[0.237s] Level 1:colcon.colcon_core.package_identification:_identify(src/ublox) by extension 'ros'
[0.237s] Level 1:colcon.colcon_core.package_identification:_identify(src/ublox) by extensions ['cmake', 'python']
[0.237s] Level 1:colcon.colcon_core.package_identification:_identify(src/ublox) by extension 'cmake'
[0.237s] Level 1:colcon.colcon_core.package_identification:_identify(src/ublox) by extension 'python'
[0.238s] Level 1:colcon.colcon_core.package_identification:_identify(src/ublox) by extensions ['python_setup_py']
[0.238s] Level 1:colcon.colcon_core.package_identification:_identify(src/ublox) by extension 'python_setup_py'
[0.238s] Level 1:colcon.colcon_core.package_identification:_identify(src/ublox/ublox) by extensions ['ignore', 'ignore_ament_install']
[0.238s] Level 1:colcon.colcon_core.package_identification:_identify(src/ublox/ublox) by extension 'ignore'
[0.238s] Level 1:colcon.colcon_core.package_identification:_identify(src/ublox/ublox) by extension 'ignore_ament_install'
[0.238s] Level 1:colcon.colcon_core.package_identification:_identify(src/ublox/ublox) by extensions ['colcon_pkg']
[0.238s] Level 1:colcon.colcon_core.package_identification:_identify(src/ublox/ublox) by extension 'colcon_pkg'
[0.238s] Level 1:colcon.colcon_core.package_identification:_identify(src/ublox/ublox) by extensions ['colcon_meta']
[0.238s] Level 1:colcon.colcon_core.package_identification:_identify(src/ublox/ublox) by extension 'colcon_meta'
[0.238s] Level 1:colcon.colcon_core.package_identification:_identify(src/ublox/ublox) by extensions ['ros']
[0.238s] Level 1:colcon.colcon_core.package_identification:_identify(src/ublox/ublox) by extension 'ros'
[0.238s] DEBUG:colcon.colcon_core.package_identification:Package 'src/ublox/ublox' with type 'ros.ament_cmake' and name 'ublox'
[0.238s] Level 1:colcon.colcon_core.package_identification:_identify(src/ublox/ublox_gps) by extensions ['ignore', 'ignore_ament_install']
[0.238s] Level 1:colcon.colcon_core.package_identification:_identify(src/ublox/ublox_gps) by extension 'ignore'
[0.238s] Level 1:colcon.colcon_core.package_identification:_identify(src/ublox/ublox_gps) by extension 'ignore_ament_install'
[0.239s] Level 1:colcon.colcon_core.package_identification:_identify(src/ublox/ublox_gps) by extensions ['colcon_pkg']
[0.239s] Level 1:colcon.colcon_core.package_identification:_identify(src/ublox/ublox_gps) by extension 'colcon_pkg'
[0.239s] Level 1:colcon.colcon_core.package_identification:_identify(src/ublox/ublox_gps) by extensions ['colcon_meta']
[0.239s] Level 1:colcon.colcon_core.package_identification:_identify(src/ublox/ublox_gps) by extension 'colcon_meta'
[0.239s] Level 1:colcon.colcon_core.package_identification:_identify(src/ublox/ublox_gps) by extensions ['ros']
[0.239s] Level 1:colcon.colcon_core.package_identification:_identify(src/ublox/ublox_gps) by extension 'ros'
[0.240s] DEBUG:colcon.colcon_core.package_identification:Package 'src/ublox/ublox_gps' with type 'ros.ament_cmake' and name 'ublox_gps'
[0.240s] Level 1:colcon.colcon_core.package_identification:_identify(src/ublox/ublox_msgs) by extensions ['ignore', 'ignore_ament_install']
[0.240s] Level 1:colcon.colcon_core.package_identification:_identify(src/ublox/ublox_msgs) by extension 'ignore'
[0.240s] Level 1:colcon.colcon_core.package_identification:_identify(src/ublox/ublox_msgs) by extension 'ignore_ament_install'
[0.240s] Level 1:colcon.colcon_core.package_identification:_identify(src/ublox/ublox_msgs) by extensions ['colcon_pkg']
[0.240s] Level 1:colcon.colcon_core.package_identification:_identify(src/ublox/ublox_msgs) by extension 'colcon_pkg'
[0.240s] Level 1:colcon.colcon_core.package_identification:_identify(src/ublox/ublox_msgs) by extensions ['colcon_meta']
[0.240s] Level 1:colcon.colcon_core.package_identification:_identify(src/ublox/ublox_msgs) by extension 'colcon_meta'
[0.240s] Level 1:colcon.colcon_core.package_identification:_identify(src/ublox/ublox_msgs) by extensions ['ros']
[0.240s] Level 1:colcon.colcon_core.package_identification:_identify(src/ublox/ublox_msgs) by extension 'ros'
[0.241s] DEBUG:colcon.colcon_core.package_identification:Package 'src/ublox/ublox_msgs' with type 'ros.ament_cmake' and name 'ublox_msgs'
[0.241s] Level 1:colcon.colcon_core.package_identification:_identify(src/ublox/ublox_serialization) by extensions ['ignore', 'ignore_ament_install']
[0.241s] Level 1:colcon.colcon_core.package_identification:_identify(src/ublox/ublox_serialization) by extension 'ignore'
[0.241s] Level 1:colcon.colcon_core.package_identification:_identify(src/ublox/ublox_serialization) by extension 'ignore_ament_install'
[0.241s] Level 1:colcon.colcon_core.package_identification:_identify(src/ublox/ublox_serialization) by extensions ['colcon_pkg']
[0.241s] Level 1:colcon.colcon_core.package_identification:_identify(src/ublox/ublox_serialization) by extension 'colcon_pkg'
[0.241s] Level 1:colcon.colcon_core.package_identification:_identify(src/ublox/ublox_serialization) by extensions ['colcon_meta']
[0.241s] Level 1:colcon.colcon_core.package_identification:_identify(src/ublox/ublox_serialization) by extension 'colcon_meta'
[0.241s] Level 1:colcon.colcon_core.package_identification:_identify(src/ublox/ublox_serialization) by extensions ['ros']
[0.241s] Level 1:colcon.colcon_core.package_identification:_identify(src/ublox/ublox_serialization) by extension 'ros'
[0.241s] DEBUG:colcon.colcon_core.package_identification:Package 'src/ublox/ublox_serialization' with type 'ros.ament_cmake' and name 'ublox_serialization'
[0.241s] Level 1:colcon.colcon_core.package_discovery:discover_packages(recursive) using defaults
[0.241s] Level 1:colcon.colcon_core.package_discovery:discover_packages(ignore) discover
[0.242s] Level 1:colcon.colcon_core.package_discovery:discover_packages(ignore) using defaults
[0.242s] Level 1:colcon.colcon_core.package_discovery:discover_packages(path) discover
[0.242s] Level 1:colcon.colcon_core.package_discovery:discover_packages(path) using defaults
[0.262s] Level 5:colcon.colcon_core.verb:set package 'ntrip_client' build argument 'cmake_args' from command line to 'None'
[0.262s] Level 5:colcon.colcon_core.verb:set package 'ntrip_client' build argument 'cmake_target' from command line to 'None'
[0.262s] Level 5:colcon.colcon_core.verb:set package 'ntrip_client' build argument 'cmake_target_skip_unavailable' from command line to 'False'
[0.262s] Level 5:colcon.colcon_core.verb:set package 'ntrip_client' build argument 'cmake_clean_cache' from command line to 'False'
[0.262s] Level 5:colcon.colcon_core.verb:set package 'ntrip_client' build argument 'cmake_clean_first' from command line to 'False'
[0.262s] Level 5:colcon.colcon_core.verb:set package 'ntrip_client' build argument 'cmake_force_configure' from command line to 'False'
[0.262s] Level 5:colcon.colcon_core.verb:set package 'ntrip_client' build argument 'ament_cmake_args' from command line to 'None'
[0.262s] Level 5:colcon.colcon_core.verb:set package 'ntrip_client' build argument 'catkin_cmake_args' from command line to 'None'
[0.262s] Level 5:colcon.colcon_core.verb:set package 'ntrip_client' build argument 'catkin_skip_building_tests' from command line to 'False'
[0.262s] DEBUG:colcon.colcon_core.verb:Building package 'ntrip_client' with the following arguments: {'ament_cmake_args': None, 'build_base': '/home/dev/gps_setting_ws/build/ntrip_client', 'catkin_cmake_args': None, 'catkin_skip_building_tests': False, 'cmake_args': None, 'cmake_clean_cache': False, 'cmake_clean_first': False, 'cmake_force_configure': False, 'cmake_target': None, 'cmake_target_skip_unavailable': False, 'install_base': '/home/dev/gps_setting_ws/install/ntrip_client', 'merge_install': False, 'path': '/home/dev/gps_setting_ws/src/ntrip_client', 'symlink_install': False, 'test_result_base': None}
[0.262s] Level 5:colcon.colcon_core.verb:set package 'rbq_patrol' build argument 'cmake_args' from command line to 'None'
[0.262s] Level 5:colcon.colcon_core.verb:set package 'rbq_patrol' build argument 'cmake_target' from command line to 'None'
[0.262s] Level 5:colcon.colcon_core.verb:set package 'rbq_patrol' build argument 'cmake_target_skip_unavailable' from command line to 'False'
[0.262s] Level 5:colcon.colcon_core.verb:set package 'rbq_patrol' build argument 'cmake_clean_cache' from command line to 'False'
[0.262s] Level 5:colcon.colcon_core.verb:set package 'rbq_patrol' build argument 'cmake_clean_first' from command line to 'False'
[0.262s] Level 5:colcon.colcon_core.verb:set package 'rbq_patrol' build argument 'cmake_force_configure' from command line to 'False'
[0.262s] Level 5:colcon.colcon_core.verb:set package 'rbq_patrol' build argument 'ament_cmake_args' from command line to 'None'
[0.262s] Level 5:colcon.colcon_core.verb:set package 'rbq_patrol' build argument 'catkin_cmake_args' from command line to 'None'
[0.262s] Level 5:colcon.colcon_core.verb:set package 'rbq_patrol' build argument 'catkin_skip_building_tests' from command line to 'False'
[0.262s] DEBUG:colcon.colcon_core.verb:Building package 'rbq_patrol' with the following arguments: {'ament_cmake_args': None, 'build_base': '/home/dev/gps_setting_ws/build/rbq_patrol', 'catkin_cmake_args': None, 'catkin_skip_building_tests': False, 'cmake_args': None, 'cmake_clean_cache': False, 'cmake_clean_first': False, 'cmake_force_configure': False, 'cmake_target': None, 'cmake_target_skip_unavailable': False, 'install_base': '/home/dev/gps_setting_ws/install/rbq_patrol', 'merge_install': False, 'path': '/home/dev/gps_setting_ws/src/rbq_patrol', 'symlink_install': False, 'test_result_base': None}
[0.263s] Level 5:colcon.colcon_core.verb:set package 'ublox_serialization' build argument 'cmake_args' from command line to 'None'
[0.263s] Level 5:colcon.colcon_core.verb:set package 'ublox_serialization' build argument 'cmake_target' from command line to 'None'
[0.263s] Level 5:colcon.colcon_core.verb:set package 'ublox_serialization' build argument 'cmake_target_skip_unavailable' from command line to 'False'
[0.263s] Level 5:colcon.colcon_core.verb:set package 'ublox_serialization' build argument 'cmake_clean_cache' from command line to 'False'
[0.263s] Level 5:colcon.colcon_core.verb:set package 'ublox_serialization' build argument 'cmake_clean_first' from command line to 'False'
[0.263s] Level 5:colcon.colcon_core.verb:set package 'ublox_serialization' build argument 'cmake_force_configure' from command line to 'False'
[0.263s] Level 5:colcon.colcon_core.verb:set package 'ublox_serialization' build argument 'ament_cmake_args' from command line to 'None'
[0.263s] Level 5:colcon.colcon_core.verb:set package 'ublox_serialization' build argument 'catkin_cmake_args' from command line to 'None'
[0.263s] Level 5:colcon.colcon_core.verb:set package 'ublox_serialization' build argument 'catkin_skip_building_tests' from command line to 'False'
[0.263s] DEBUG:colcon.colcon_core.verb:Building package 'ublox_serialization' with the following arguments: {'ament_cmake_args': None, 'build_base': '/home/dev/gps_setting_ws/build/ublox_serialization', 'catkin_cmake_args': None, 'catkin_skip_building_tests': False, 'cmake_args': None, 'cmake_clean_cache': False, 'cmake_clean_first': False, 'cmake_force_configure': False, 'cmake_target': None, 'cmake_target_skip_unavailable': False, 'install_base': '/home/dev/gps_setting_ws/install/ublox_serialization', 'merge_install': False, 'path': '/home/dev/gps_setting_ws/src/ublox/ublox_serialization', 'symlink_install': False, 'test_result_base': None}
[0.263s] Level 5:colcon.colcon_core.verb:set package 'ublox_msgs' build argument 'cmake_args' from command line to 'None'
[0.263s] Level 5:colcon.colcon_core.verb:set package 'ublox_msgs' build argument 'cmake_target' from command line to 'None'
[0.263s] Level 5:colcon.colcon_core.verb:set package 'ublox_msgs' build argument 'cmake_target_skip_unavailable' from command line to 'False'
[0.263s] Level 5:colcon.colcon_core.verb:set package 'ublox_msgs' build argument 'cmake_clean_cache' from command line to 'False'
[0.263s] Level 5:colcon.colcon_core.verb:set package 'ublox_msgs' build argument 'cmake_clean_first' from command line to 'False'
[0.263s] Level 5:colcon.colcon_core.verb:set package 'ublox_msgs' build argument 'cmake_force_configure' from command line to 'False'
[0.263s] Level 5:colcon.colcon_core.verb:set package 'ublox_msgs' build argument 'ament_cmake_args' from command line to 'None'
[0.263s] Level 5:colcon.colcon_core.verb:set package 'ublox_msgs' build argument 'catkin_cmake_args' from command line to 'None'
[0.263s] Level 5:colcon.colcon_core.verb:set package 'ublox_msgs' build argument 'catkin_skip_building_tests' from command line to 'False'
[0.263s] DEBUG:colcon.colcon_core.verb:Building package 'ublox_msgs' with the following arguments: {'ament_cmake_args': None, 'build_base': '/home/dev/gps_setting_ws/build/ublox_msgs', 'catkin_cmake_args': None, 'catkin_skip_building_tests': False, 'cmake_args': None, 'cmake_clean_cache': False, 'cmake_clean_first': False, 'cmake_force_configure': False, 'cmake_target': None, 'cmake_target_skip_unavailable': False, 'install_base': '/home/dev/gps_setting_ws/install/ublox_msgs', 'merge_install': False, 'path': '/home/dev/gps_setting_ws/src/ublox/ublox_msgs', 'symlink_install': False, 'test_result_base': None}
[0.264s] Level 5:colcon.colcon_core.verb:set package 'ublox_gps' build argument 'cmake_args' from command line to 'None'
[0.264s] Level 5:colcon.colcon_core.verb:set package 'ublox_gps' build argument 'cmake_target' from command line to 'None'
[0.264s] Level 5:colcon.colcon_core.verb:set package 'ublox_gps' build argument 'cmake_target_skip_unavailable' from command line to 'False'
[0.264s] Level 5:colcon.colcon_core.verb:set package 'ublox_gps' build argument 'cmake_clean_cache' from command line to 'False'
[0.264s] Level 5:colcon.colcon_core.verb:set package 'ublox_gps' build argument 'cmake_clean_first' from command line to 'False'
[0.264s] Level 5:colcon.colcon_core.verb:set package 'ublox_gps' build argument 'cmake_force_configure' from command line to 'False'
[0.264s] Level 5:colcon.colcon_core.verb:set package 'ublox_gps' build argument 'ament_cmake_args' from command line to 'None'
[0.264s] Level 5:colcon.colcon_core.verb:set package 'ublox_gps' build argument 'catkin_cmake_args' from command line to 'None'
[0.264s] Level 5:colcon.colcon_core.verb:set package 'ublox_gps' build argument 'catkin_skip_building_tests' from command line to 'False'
[0.264s] DEBUG:colcon.colcon_core.verb:Building package 'ublox_gps' with the following arguments: {'ament_cmake_args': None, 'build_base': '/home/dev/gps_setting_ws/build/ublox_gps', 'catkin_cmake_args': None, 'catkin_skip_building_tests': False, 'cmake_args': None, 'cmake_clean_cache': False, 'cmake_clean_first': False, 'cmake_force_configure': False, 'cmake_target': None, 'cmake_target_skip_unavailable': False, 'install_base': '/home/dev/gps_setting_ws/install/ublox_gps', 'merge_install': False, 'path': '/home/dev/gps_setting_ws/src/ublox/ublox_gps', 'symlink_install': False, 'test_result_base': None}
[0.264s] Level 5:colcon.colcon_core.verb:set package 'ublox' build argument 'cmake_args' from command line to 'None'
[0.264s] Level 5:colcon.colcon_core.verb:set package 'ublox' build argument 'cmake_target' from command line to 'None'
[0.264s] Level 5:colcon.colcon_core.verb:set package 'ublox' build argument 'cmake_target_skip_unavailable' from command line to 'False'
[0.264s] Level 5:colcon.colcon_core.verb:set package 'ublox' build argument 'cmake_clean_cache' from command line to 'False'
[0.264s] Level 5:colcon.colcon_core.verb:set package 'ublox' build argument 'cmake_clean_first' from command line to 'False'
[0.264s] Level 5:colcon.colcon_core.verb:set package 'ublox' build argument 'cmake_force_configure' from command line to 'False'
[0.264s] Level 5:colcon.colcon_core.verb:set package 'ublox' build argument 'ament_cmake_args' from command line to 'None'
[0.264s] Level 5:colcon.colcon_core.verb:set package 'ublox' build argument 'catkin_cmake_args' from command line to 'None'
[0.264s] Level 5:colcon.colcon_core.verb:set package 'ublox' build argument 'catkin_skip_building_tests' from command line to 'False'
[0.264s] DEBUG:colcon.colcon_core.verb:Building package 'ublox' with the following arguments: {'ament_cmake_args': None, 'build_base': '/home/dev/gps_setting_ws/build/ublox', 'catkin_cmake_args': None, 'catkin_skip_building_tests': False, 'cmake_args': None, 'cmake_clean_cache': False, 'cmake_clean_first': False, 'cmake_force_configure': False, 'cmake_target': None, 'cmake_target_skip_unavailable': False, 'install_base': '/home/dev/gps_setting_ws/install/ublox', 'merge_install': False, 'path': '/home/dev/gps_setting_ws/src/ublox/ublox', 'symlink_install': False, 'test_result_base': None}
[0.264s] INFO:colcon.colcon_core.executor:Executing jobs using 'parallel' executor
[0.265s] DEBUG:colcon.colcon_parallel_executor.executor.parallel:run_until_complete
[0.265s] INFO:colcon.colcon_ros.task.ament_cmake.build:Building ROS package in '/home/dev/gps_setting_ws/src/ublox/ublox_serialization' with build type 'ament_cmake'
[0.265s] INFO:colcon.colcon_cmake.task.cmake.build:Building CMake package in '/home/dev/gps_setting_ws/src/ublox/ublox_serialization'
[0.267s] INFO:colcon.colcon_core.plugin_system:Skipping extension 'colcon_core.shell.bat': Not used on non-Windows systems
[0.267s] INFO:colcon.colcon_core.shell:Skip shell extension 'powershell' for command environment: Not usable outside of PowerShell
[0.267s] DEBUG:colcon.colcon_core.shell:Skip shell extension 'dsv' for command environment
[0.271s] INFO:colcon.colcon_ros.task.ament_python.build:Building ROS package in '/home/dev/gps_setting_ws/src/ntrip_client' with build type 'ament_python'
[0.271s] Level 1:colcon.colcon_core.shell:create_environment_hook('ntrip_client', 'ament_prefix_path')
[0.271s] INFO:colcon.colcon_core.shell:Creating environment hook '/home/dev/gps_setting_ws/install/ntrip_client/share/ntrip_client/hook/ament_prefix_path.ps1'
[0.272s] INFO:colcon.colcon_core.shell:Creating environment descriptor '/home/dev/gps_setting_ws/install/ntrip_client/share/ntrip_client/hook/ament_prefix_path.dsv'
[0.272s] INFO:colcon.colcon_core.shell:Creating environment hook '/home/dev/gps_setting_ws/install/ntrip_client/share/ntrip_client/hook/ament_prefix_path.sh'
[0.272s] INFO:colcon.colcon_core.shell:Skip shell extension 'powershell' for command environment: Not usable outside of PowerShell
[0.273s] DEBUG:colcon.colcon_core.shell:Skip shell extension 'dsv' for command environment
[0.275s] INFO:colcon.colcon_ros.task.ament_python.build:Building ROS package in '/home/dev/gps_setting_ws/src/rbq_patrol' with build type 'ament_python'
[0.275s] Level 1:colcon.colcon_core.shell:create_environment_hook('rbq_patrol', 'ament_prefix_path')
[0.276s] INFO:colcon.colcon_core.shell:Creating environment hook '/home/dev/gps_setting_ws/install/rbq_patrol/share/rbq_patrol/hook/ament_prefix_path.ps1'
[0.276s] INFO:colcon.colcon_core.shell:Creating environment descriptor '/home/dev/gps_setting_ws/install/rbq_patrol/share/rbq_patrol/hook/ament_prefix_path.dsv'
[0.276s] INFO:colcon.colcon_core.shell:Creating environment hook '/home/dev/gps_setting_ws/install/rbq_patrol/share/rbq_patrol/hook/ament_prefix_path.sh'
[0.277s] INFO:colcon.colcon_core.shell:Skip shell extension 'powershell' for command environment: Not usable outside of PowerShell
[0.277s] DEBUG:colcon.colcon_core.shell:Skip shell extension 'dsv' for command environment
[0.310s] DEBUG:colcon.colcon_core.event_handler.log_command:Invoking command in '/home/dev/gps_setting_ws/build/ublox_serialization': CMAKE_PREFIX_PATH=${CMAKE_PREFIX_PATH}:/home/dev/gps_setting_ws/install/rbq_patrol:/home/dev/gps_setting_ws/install/ntrip_client:/opt/ros/humble /usr/bin/cmake --build /home/dev/gps_setting_ws/build/ublox_serialization -- -j16 -l16
[0.516s] INFO:colcon.colcon_core.task.python.build:Building Python package in '/home/dev/gps_setting_ws/src/ntrip_client'
[0.516s] INFO:colcon.colcon_core.shell:Skip shell extension 'powershell' for command environment: Not usable outside of PowerShell
[0.516s] DEBUG:colcon.colcon_core.shell:Skip shell extension 'dsv' for command environment
[0.725s] INFO:colcon.colcon_core.task.python.build:Building Python package in '/home/dev/gps_setting_ws/src/rbq_patrol'
[0.725s] INFO:colcon.colcon_core.shell:Skip shell extension 'powershell' for command environment: Not usable outside of PowerShell
[0.725s] DEBUG:colcon.colcon_core.shell:Skip shell extension 'dsv' for command environment
[0.729s] DEBUG:colcon.colcon_core.event_handler.log_command:Invoked command in '/home/dev/gps_setting_ws/build/ublox_serialization' returned '0': CMAKE_PREFIX_PATH=${CMAKE_PREFIX_PATH}:/home/dev/gps_setting_ws/install/rbq_patrol:/home/dev/gps_setting_ws/install/ntrip_client:/opt/ros/humble /usr/bin/cmake --build /home/dev/gps_setting_ws/build/ublox_serialization -- -j16 -l16
[0.736s] DEBUG:colcon.colcon_core.event_handler.log_command:Invoking command in '/home/dev/gps_setting_ws/build/ublox_serialization': CMAKE_PREFIX_PATH=${CMAKE_PREFIX_PATH}:/home/dev/gps_setting_ws/install/rbq_patrol:/home/dev/gps_setting_ws/install/ntrip_client:/opt/ros/humble /usr/bin/cmake --install /home/dev/gps_setting_ws/build/ublox_serialization
[0.743s] Level 1:colcon.colcon_core.environment:create_environment_scripts_only(ublox_serialization)
[0.743s] DEBUG:colcon.colcon_core.event_handler.log_command:Invoked command in '/home/dev/gps_setting_ws/build/ublox_serialization' returned '0': CMAKE_PREFIX_PATH=${CMAKE_PREFIX_PATH}:/home/dev/gps_setting_ws/install/rbq_patrol:/home/dev/gps_setting_ws/install/ntrip_client:/opt/ros/humble /usr/bin/cmake --install /home/dev/gps_setting_ws/build/ublox_serialization
[0.745s] Level 1:colcon.colcon_core.environment:checking '/home/dev/gps_setting_ws/install/ublox_serialization' for CMake module files
[0.745s] Level 1:colcon.colcon_core.environment:checking '/home/dev/gps_setting_ws/install/ublox_serialization' for CMake config files
[0.745s] Level 1:colcon.colcon_core.shell:create_environment_hook('ublox_serialization', 'cmake_prefix_path')
[0.745s] INFO:colcon.colcon_core.shell:Creating environment hook '/home/dev/gps_setting_ws/install/ublox_serialization/share/ublox_serialization/hook/cmake_prefix_path.ps1'
[0.746s] INFO:colcon.colcon_core.shell:Creating environment descriptor '/home/dev/gps_setting_ws/install/ublox_serialization/share/ublox_serialization/hook/cmake_prefix_path.dsv'
[0.746s] INFO:colcon.colcon_core.shell:Creating environment hook '/home/dev/gps_setting_ws/install/ublox_serialization/share/ublox_serialization/hook/cmake_prefix_path.sh'
[0.747s] Level 1:colcon.colcon_core.environment:checking '/home/dev/gps_setting_ws/install/ublox_serialization/bin'
[0.747s] Level 1:colcon.colcon_core.environment:checking '/home/dev/gps_setting_ws/install/ublox_serialization/lib/pkgconfig/ublox_serialization.pc'
[0.747s] Level 1:colcon.colcon_core.environment:checking '/home/dev/gps_setting_ws/install/ublox_serialization/lib/python3.10/site-packages'
[0.747s] Level 1:colcon.colcon_core.environment:checking '/home/dev/gps_setting_ws/install/ublox_serialization/bin'
[0.747s] INFO:colcon.colcon_core.shell:Creating package script '/home/dev/gps_setting_ws/install/ublox_serialization/share/ublox_serialization/package.ps1'
[0.748s] INFO:colcon.colcon_core.shell:Creating package descriptor '/home/dev/gps_setting_ws/install/ublox_serialization/share/ublox_serialization/package.dsv'
[0.748s] INFO:colcon.colcon_core.shell:Creating package script '/home/dev/gps_setting_ws/install/ublox_serialization/share/ublox_serialization/package.sh'
[0.749s] INFO:colcon.colcon_core.shell:Creating package script '/home/dev/gps_setting_ws/install/ublox_serialization/share/ublox_serialization/package.bash'
[0.749s] INFO:colcon.colcon_core.shell:Creating package script '/home/dev/gps_setting_ws/install/ublox_serialization/share/ublox_serialization/package.zsh'
[0.750s] Level 1:colcon.colcon_core.environment:create_file_with_runtime_dependencies(/home/dev/gps_setting_ws/install/ublox_serialization/share/colcon-core/packages/ublox_serialization)
[0.750s] Level 1:colcon.colcon_core.environment:create_environment_scripts_only(ublox_serialization)
[0.750s] Level 1:colcon.colcon_core.environment:checking '/home/dev/gps_setting_ws/install/ublox_serialization' for CMake module files
[0.751s] Level 1:colcon.colcon_core.environment:checking '/home/dev/gps_setting_ws/install/ublox_serialization' for CMake config files
[0.751s] Level 1:colcon.colcon_core.shell:create_environment_hook('ublox_serialization', 'cmake_prefix_path')
[0.751s] INFO:colcon.colcon_core.shell:Creating environment hook '/home/dev/gps_setting_ws/install/ublox_serialization/share/ublox_serialization/hook/cmake_prefix_path.ps1'
[0.751s] INFO:colcon.colcon_core.shell:Creating environment descriptor '/home/dev/gps_setting_ws/install/ublox_serialization/share/ublox_serialization/hook/cmake_prefix_path.dsv'
[0.752s] INFO:colcon.colcon_core.shell:Creating environment hook '/home/dev/gps_setting_ws/install/ublox_serialization/share/ublox_serialization/hook/cmake_prefix_path.sh'
[0.752s] Level 1:colcon.colcon_core.environment:checking '/home/dev/gps_setting_ws/install/ublox_serialization/bin'
[0.752s] Level 1:colcon.colcon_core.environment:checking '/home/dev/gps_setting_ws/install/ublox_serialization/lib/pkgconfig/ublox_serialization.pc'
[0.752s] Level 1:colcon.colcon_core.environment:checking '/home/dev/gps_setting_ws/install/ublox_serialization/lib/python3.10/site-packages'
[0.753s] Level 1:colcon.colcon_core.environment:checking '/home/dev/gps_setting_ws/install/ublox_serialization/bin'
[0.753s] INFO:colcon.colcon_core.shell:Creating package script '/home/dev/gps_setting_ws/install/ublox_serialization/share/ublox_serialization/package.ps1'
[0.753s] INFO:colcon.colcon_core.shell:Creating package descriptor '/home/dev/gps_setting_ws/install/ublox_serialization/share/ublox_serialization/package.dsv'
[0.753s] INFO:colcon.colcon_core.shell:Creating package script '/home/dev/gps_setting_ws/install/ublox_serialization/share/ublox_serialization/package.sh'
[0.754s] INFO:colcon.colcon_core.shell:Creating package script '/home/dev/gps_setting_ws/install/ublox_serialization/share/ublox_serialization/package.bash'
[0.754s] INFO:colcon.colcon_core.shell:Creating package script '/home/dev/gps_setting_ws/install/ublox_serialization/share/ublox_serialization/package.zsh'
[0.754s] Level 1:colcon.colcon_core.environment:create_file_with_runtime_dependencies(/home/dev/gps_setting_ws/install/ublox_serialization/share/colcon-core/packages/ublox_serialization)
[0.755s] INFO:colcon.colcon_ros.task.ament_cmake.build:Building ROS package in '/home/dev/gps_setting_ws/src/ublox/ublox_msgs' with build type 'ament_cmake'
[0.755s] INFO:colcon.colcon_cmake.task.cmake.build:Building CMake package in '/home/dev/gps_setting_ws/src/ublox/ublox_msgs'
[0.755s] INFO:colcon.colcon_core.shell:Skip shell extension 'powershell' for command environment: Not usable outside of PowerShell
[0.755s] DEBUG:colcon.colcon_core.shell:Skip shell extension 'dsv' for command environment
[0.762s] DEBUG:colcon.colcon_core.event_handler.log_command:Invoking command in '/home/dev/gps_setting_ws/build/ublox_msgs': CMAKE_PREFIX_PATH=/home/dev/gps_setting_ws/install/ublox_serialization:/home/dev/gps_setting_ws/install/ublox:/home/dev/gps_setting_ws/install/ublox_gps:/home/dev/gps_setting_ws/install/ublox_msgs:/home/dev/ex_rbq_simul/ROS2/RBQ/ros2/install/rbq_rviz_plugins:/home/dev/ex_rbq_simul/ROS2/RBQ/ros2/install/rbq_msgs:/home/dev/ex_rbq_simul/ROS2/RBQ/ros2/install/rbq_examples:/home/dev/ex_rbq_simul/ROS2/RBQ/ros2/install/rbq_driver:/home/dev/ex_rbq_simul/ROS2/RBQ/ros2/install/rbq_description:/home/dev/gps_setting_ws/install/rbq_patrol:/home/dev/gps_setting_ws/install/ntrip_client:/opt/ros/humble /usr/bin/cmake --build /home/dev/gps_setting_ws/build/ublox_msgs -- -j16 -l16
[1.160s] DEBUG:colcon.colcon_core.event_handler.log_command:Invoked command in '/home/dev/gps_setting_ws/build/ublox_msgs' returned '0': CMAKE_PREFIX_PATH=/home/dev/gps_setting_ws/install/ublox_serialization:/home/dev/gps_setting_ws/install/ublox:/home/dev/gps_setting_ws/install/ublox_gps:/home/dev/gps_setting_ws/install/ublox_msgs:/home/dev/ex_rbq_simul/ROS2/RBQ/ros2/install/rbq_rviz_plugins:/home/dev/ex_rbq_simul/ROS2/RBQ/ros2/install/rbq_msgs:/home/dev/ex_rbq_simul/ROS2/RBQ/ros2/install/rbq_examples:/home/dev/ex_rbq_simul/ROS2/RBQ/ros2/install/rbq_driver:/home/dev/ex_rbq_simul/ROS2/RBQ/ros2/install/rbq_description:/home/dev/gps_setting_ws/install/rbq_patrol:/home/dev/gps_setting_ws/install/ntrip_client:/opt/ros/humble /usr/bin/cmake --build /home/dev/gps_setting_ws/build/ublox_msgs -- -j16 -l16
[1.161s] DEBUG:colcon.colcon_core.event_handler.log_command:Invoking command in '/home/dev/gps_setting_ws/build/ublox_msgs': CMAKE_PREFIX_PATH=/home/dev/gps_setting_ws/install/ublox_serialization:/home/dev/gps_setting_ws/install/ublox:/home/dev/gps_setting_ws/install/ublox_gps:/home/dev/gps_setting_ws/install/ublox_msgs:/home/dev/ex_rbq_simul/ROS2/RBQ/ros2/install/rbq_rviz_plugins:/home/dev/ex_rbq_simul/ROS2/RBQ/ros2/install/rbq_msgs:/home/dev/ex_rbq_simul/ROS2/RBQ/ros2/install/rbq_examples:/home/dev/ex_rbq_simul/ROS2/RBQ/ros2/install/rbq_driver:/home/dev/ex_rbq_simul/ROS2/RBQ/ros2/install/rbq_description:/home/dev/gps_setting_ws/install/rbq_patrol:/home/dev/gps_setting_ws/install/ntrip_client:/opt/ros/humble /usr/bin/cmake --install /home/dev/gps_setting_ws/build/ublox_msgs
[1.198s] DEBUG:colcon.colcon_core.event_handler.log_command:Invoking command in '/home/dev/gps_setting_ws/src/rbq_patrol': PYTHONPATH=/home/dev/gps_setting_ws/build/rbq_patrol/prefix_override:/usr/lib/python3/dist-packages/colcon_core/task/python/colcon_distutils_commands:/home/dev/gps_setting_ws/install/rbq_patrol/lib/python3.10/site-packages:${PYTHONPATH} /usr/bin/python3 -W ignore:setup.py install is deprecated -W ignore:easy_install command is deprecated setup.py egg_info --egg-base ../../build/rbq_patrol build --build-base /home/dev/gps_setting_ws/build/rbq_patrol/build install --record /home/dev/gps_setting_ws/build/rbq_patrol/install.log --single-version-externally-managed install_data
[1.204s] DEBUG:colcon.colcon_core.event_handler.log_command:Invoking command in '/home/dev/gps_setting_ws/src/ntrip_client': PYTHONPATH=/home/dev/gps_setting_ws/build/ntrip_client/prefix_override:/usr/lib/python3/dist-packages/colcon_core/task/python/colcon_distutils_commands:/home/dev/gps_setting_ws/install/ntrip_client/lib/python3.10/site-packages:${PYTHONPATH} /usr/bin/python3 -W ignore:setup.py install is deprecated -W ignore:easy_install command is deprecated setup.py egg_info --egg-base ../../build/ntrip_client build --build-base /home/dev/gps_setting_ws/build/ntrip_client/build install --record /home/dev/gps_setting_ws/build/ntrip_client/install.log --single-version-externally-managed install_data
[1.252s] Level 1:colcon.colcon_core.environment:create_environment_scripts_only(ublox_msgs)
[1.252s] Level 1:colcon.colcon_core.environment:checking '/home/dev/gps_setting_ws/install/ublox_msgs' for CMake module files
[1.259s] Level 1:colcon.colcon_core.environment:checking '/home/dev/gps_setting_ws/install/ublox_msgs' for CMake config files
[1.266s] DEBUG:colcon.colcon_core.event_handler.log_command:Invoked command in '/home/dev/gps_setting_ws/build/ublox_msgs' returned '0': CMAKE_PREFIX_PATH=/home/dev/gps_setting_ws/install/ublox_serialization:/home/dev/gps_setting_ws/install/ublox:/home/dev/gps_setting_ws/install/ublox_gps:/home/dev/gps_setting_ws/install/ublox_msgs:/home/dev/ex_rbq_simul/ROS2/RBQ/ros2/install/rbq_rviz_plugins:/home/dev/ex_rbq_simul/ROS2/RBQ/ros2/install/rbq_msgs:/home/dev/ex_rbq_simul/ROS2/RBQ/ros2/install/rbq_examples:/home/dev/ex_rbq_simul/ROS2/RBQ/ros2/install/rbq_driver:/home/dev/ex_rbq_simul/ROS2/RBQ/ros2/install/rbq_description:/home/dev/gps_setting_ws/install/rbq_patrol:/home/dev/gps_setting_ws/install/ntrip_client:/opt/ros/humble /usr/bin/cmake --install /home/dev/gps_setting_ws/build/ublox_msgs
[1.267s] Level 1:colcon.colcon_core.shell:create_environment_hook('ublox_msgs', 'cmake_prefix_path')
[1.268s] INFO:colcon.colcon_core.shell:Creating environment hook '/home/dev/gps_setting_ws/install/ublox_msgs/share/ublox_msgs/hook/cmake_prefix_path.ps1'
[1.268s] INFO:colcon.colcon_core.shell:Creating environment descriptor '/home/dev/gps_setting_ws/install/ublox_msgs/share/ublox_msgs/hook/cmake_prefix_path.dsv'
[1.268s] INFO:colcon.colcon_core.shell:Creating environment hook '/home/dev/gps_setting_ws/install/ublox_msgs/share/ublox_msgs/hook/cmake_prefix_path.sh'
[1.269s] Level 1:colcon.colcon_core.environment:checking '/home/dev/gps_setting_ws/install/ublox_msgs/lib'
[1.269s] Level 1:colcon.colcon_core.shell:create_environment_hook('ublox_msgs', 'ld_library_path_lib')
[1.269s] INFO:colcon.colcon_core.shell:Creating environment hook '/home/dev/gps_setting_ws/install/ublox_msgs/share/ublox_msgs/hook/ld_library_path_lib.ps1'
[1.269s] INFO:colcon.colcon_core.shell:Creating environment descriptor '/home/dev/gps_setting_ws/install/ublox_msgs/share/ublox_msgs/hook/ld_library_path_lib.dsv'
[1.270s] INFO:colcon.colcon_core.shell:Creating environment hook '/home/dev/gps_setting_ws/install/ublox_msgs/share/ublox_msgs/hook/ld_library_path_lib.sh'
[1.270s] Level 1:colcon.colcon_core.environment:checking '/home/dev/gps_setting_ws/install/ublox_msgs/bin'
[1.270s] Level 1:colcon.colcon_core.environment:checking '/home/dev/gps_setting_ws/install/ublox_msgs/lib/pkgconfig/ublox_msgs.pc'
[1.270s] Level 1:colcon.colcon_core.environment:checking '/home/dev/gps_setting_ws/install/ublox_msgs/lib/python3.10/site-packages'
[1.271s] Level 1:colcon.colcon_core.environment:checking '/home/dev/gps_setting_ws/install/ublox_msgs/bin'
[1.271s] INFO:colcon.colcon_core.shell:Creating package script '/home/dev/gps_setting_ws/install/ublox_msgs/share/ublox_msgs/package.ps1'
[1.271s] INFO:colcon.colcon_core.shell:Creating package descriptor '/home/dev/gps_setting_ws/install/ublox_msgs/share/ublox_msgs/package.dsv'
[1.272s] INFO:colcon.colcon_core.shell:Creating package script '/home/dev/gps_setting_ws/install/ublox_msgs/share/ublox_msgs/package.sh'
[1.272s] INFO:colcon.colcon_core.shell:Creating package script '/home/dev/gps_setting_ws/install/ublox_msgs/share/ublox_msgs/package.bash'
[1.272s] INFO:colcon.colcon_core.shell:Creating package script '/home/dev/gps_setting_ws/install/ublox_msgs/share/ublox_msgs/package.zsh'
[1.272s] Level 1:colcon.colcon_core.environment:create_file_with_runtime_dependencies(/home/dev/gps_setting_ws/install/ublox_msgs/share/colcon-core/packages/ublox_msgs)
[1.273s] Level 1:colcon.colcon_core.environment:create_environment_scripts_only(ublox_msgs)
[1.273s] Level 1:colcon.colcon_core.environment:checking '/home/dev/gps_setting_ws/install/ublox_msgs' for CMake module files
[1.274s] Level 1:colcon.colcon_core.environment:checking '/home/dev/gps_setting_ws/install/ublox_msgs' for CMake config files
[1.275s] Level 1:colcon.colcon_core.shell:create_environment_hook('ublox_msgs', 'cmake_prefix_path')
[1.275s] INFO:colcon.colcon_core.shell:Creating environment hook '/home/dev/gps_setting_ws/install/ublox_msgs/share/ublox_msgs/hook/cmake_prefix_path.ps1'
[1.275s] INFO:colcon.colcon_core.shell:Creating environment descriptor '/home/dev/gps_setting_ws/install/ublox_msgs/share/ublox_msgs/hook/cmake_prefix_path.dsv'
[1.276s] INFO:colcon.colcon_core.shell:Creating environment hook '/home/dev/gps_setting_ws/install/ublox_msgs/share/ublox_msgs/hook/cmake_prefix_path.sh'
[1.276s] Level 1:colcon.colcon_core.environment:checking '/home/dev/gps_setting_ws/install/ublox_msgs/lib'
[1.276s] Level 1:colcon.colcon_core.shell:create_environment_hook('ublox_msgs', 'ld_library_path_lib')
[1.276s] INFO:colcon.colcon_core.shell:Creating environment hook '/home/dev/gps_setting_ws/install/ublox_msgs/share/ublox_msgs/hook/ld_library_path_lib.ps1'
[1.277s] INFO:colcon.colcon_core.shell:Creating environment descriptor '/home/dev/gps_setting_ws/install/ublox_msgs/share/ublox_msgs/hook/ld_library_path_lib.dsv'
[1.277s] INFO:colcon.colcon_core.shell:Creating environment hook '/home/dev/gps_setting_ws/install/ublox_msgs/share/ublox_msgs/hook/ld_library_path_lib.sh'
[1.277s] Level 1:colcon.colcon_core.environment:checking '/home/dev/gps_setting_ws/install/ublox_msgs/bin'
[1.277s] Level 1:colcon.colcon_core.environment:checking '/home/dev/gps_setting_ws/install/ublox_msgs/lib/pkgconfig/ublox_msgs.pc'
[1.278s] Level 1:colcon.colcon_core.environment:checking '/home/dev/gps_setting_ws/install/ublox_msgs/lib/python3.10/site-packages'
[1.278s] Level 1:colcon.colcon_core.environment:checking '/home/dev/gps_setting_ws/install/ublox_msgs/bin'
[1.278s] INFO:colcon.colcon_core.shell:Creating package script '/home/dev/gps_setting_ws/install/ublox_msgs/share/ublox_msgs/package.ps1'
[1.278s] INFO:colcon.colcon_core.shell:Creating package descriptor '/home/dev/gps_setting_ws/install/ublox_msgs/share/ublox_msgs/package.dsv'
[1.279s] INFO:colcon.colcon_core.shell:Creating package script '/home/dev/gps_setting_ws/install/ublox_msgs/share/ublox_msgs/package.sh'
[1.279s] INFO:colcon.colcon_core.shell:Creating package script '/home/dev/gps_setting_ws/install/ublox_msgs/share/ublox_msgs/package.bash'
[1.280s] INFO:colcon.colcon_core.shell:Creating package script '/home/dev/gps_setting_ws/install/ublox_msgs/share/ublox_msgs/package.zsh'
[1.280s] Level 1:colcon.colcon_core.environment:create_file_with_runtime_dependencies(/home/dev/gps_setting_ws/install/ublox_msgs/share/colcon-core/packages/ublox_msgs)
[1.280s] INFO:colcon.colcon_ros.task.ament_cmake.build:Building ROS package in '/home/dev/gps_setting_ws/src/ublox/ublox_gps' with build type 'ament_cmake'
[1.280s] INFO:colcon.colcon_cmake.task.cmake.build:Building CMake package in '/home/dev/gps_setting_ws/src/ublox/ublox_gps'
[1.280s] INFO:colcon.colcon_core.shell:Skip shell extension 'powershell' for command environment: Not usable outside of PowerShell
[1.280s] DEBUG:colcon.colcon_core.shell:Skip shell extension 'dsv' for command environment
[1.289s] DEBUG:colcon.colcon_core.event_handler.log_command:Invoking command in '/home/dev/gps_setting_ws/build/ublox_gps': CMAKE_PREFIX_PATH=/home/dev/gps_setting_ws/install/ublox_msgs:/home/dev/gps_setting_ws/install/ublox_serialization:/home/dev/gps_setting_ws/install/ublox:/home/dev/gps_setting_ws/install/ublox_gps:/home/dev/ex_rbq_simul/ROS2/RBQ/ros2/install/rbq_rviz_plugins:/home/dev/ex_rbq_simul/ROS2/RBQ/ros2/install/rbq_msgs:/home/dev/ex_rbq_simul/ROS2/RBQ/ros2/install/rbq_examples:/home/dev/ex_rbq_simul/ROS2/RBQ/ros2/install/rbq_driver:/home/dev/ex_rbq_simul/ROS2/RBQ/ros2/install/rbq_description:/home/dev/gps_setting_ws/install/rbq_patrol:/home/dev/gps_setting_ws/install/ntrip_client:/opt/ros/humble LD_LIBRARY_PATH=/home/dev/gps_setting_ws/install/ublox_msgs/lib:/home/dev/gps_setting_ws/install/ublox_gps/lib:/home/dev/ex_rbq_simul/ROS2/RBQ/ros2/install/rbq_rviz_plugins/lib:/home/dev/ex_rbq_simul/ROS2/RBQ/ros2/install/rbq_msgs/lib:/opt/ros/humble/opt/rviz_ogre_vendor/lib:/opt/ros/humble/lib/x86_64-linux-gnu:/opt/ros/humble/lib /usr/bin/cmake --build /home/dev/gps_setting_ws/build/ublox_gps -- -j16 -l16
[1.392s] DEBUG:colcon.colcon_core.event_handler.log_command:Invoked command in '/home/dev/gps_setting_ws/build/ublox_gps' returned '0': CMAKE_PREFIX_PATH=/home/dev/gps_setting_ws/install/ublox_msgs:/home/dev/gps_setting_ws/install/ublox_serialization:/home/dev/gps_setting_ws/install/ublox:/home/dev/gps_setting_ws/install/ublox_gps:/home/dev/ex_rbq_simul/ROS2/RBQ/ros2/install/rbq_rviz_plugins:/home/dev/ex_rbq_simul/ROS2/RBQ/ros2/install/rbq_msgs:/home/dev/ex_rbq_simul/ROS2/RBQ/ros2/install/rbq_examples:/home/dev/ex_rbq_simul/ROS2/RBQ/ros2/install/rbq_driver:/home/dev/ex_rbq_simul/ROS2/RBQ/ros2/install/rbq_description:/home/dev/gps_setting_ws/install/rbq_patrol:/home/dev/gps_setting_ws/install/ntrip_client:/opt/ros/humble LD_LIBRARY_PATH=/home/dev/gps_setting_ws/install/ublox_msgs/lib:/home/dev/gps_setting_ws/install/ublox_gps/lib:/home/dev/ex_rbq_simul/ROS2/RBQ/ros2/install/rbq_rviz_plugins/lib:/home/dev/ex_rbq_simul/ROS2/RBQ/ros2/install/rbq_msgs/lib:/opt/ros/humble/opt/rviz_ogre_vendor/lib:/opt/ros/humble/lib/x86_64-linux-gnu:/opt/ros/humble/lib /usr/bin/cmake --build /home/dev/gps_setting_ws/build/ublox_gps -- -j16 -l16
[1.393s] DEBUG:colcon.colcon_core.event_handler.log_command:Invoking command in '/home/dev/gps_setting_ws/build/ublox_gps': CMAKE_PREFIX_PATH=/home/dev/gps_setting_ws/install/ublox_msgs:/home/dev/gps_setting_ws/install/ublox_serialization:/home/dev/gps_setting_ws/install/ublox:/home/dev/gps_setting_ws/install/ublox_gps:/home/dev/ex_rbq_simul/ROS2/RBQ/ros2/install/rbq_rviz_plugins:/home/dev/ex_rbq_simul/ROS2/RBQ/ros2/install/rbq_msgs:/home/dev/ex_rbq_simul/ROS2/RBQ/ros2/install/rbq_examples:/home/dev/ex_rbq_simul/ROS2/RBQ/ros2/install/rbq_driver:/home/dev/ex_rbq_simul/ROS2/RBQ/ros2/install/rbq_description:/home/dev/gps_setting_ws/install/rbq_patrol:/home/dev/gps_setting_ws/install/ntrip_client:/opt/ros/humble LD_LIBRARY_PATH=/home/dev/gps_setting_ws/install/ublox_msgs/lib:/home/dev/gps_setting_ws/install/ublox_gps/lib:/home/dev/ex_rbq_simul/ROS2/RBQ/ros2/install/rbq_rviz_plugins/lib:/home/dev/ex_rbq_simul/ROS2/RBQ/ros2/install/rbq_msgs/lib:/opt/ros/humble/opt/rviz_ogre_vendor/lib:/opt/ros/humble/lib/x86_64-linux-gnu:/opt/ros/humble/lib /usr/bin/cmake --install /home/dev/gps_setting_ws/build/ublox_gps
[1.404s] Level 1:colcon.colcon_core.environment:create_environment_scripts_only(ublox_gps)
[1.404s] Level 1:colcon.colcon_core.environment:checking '/home/dev/gps_setting_ws/install/ublox_gps' for CMake module files
[1.406s] DEBUG:colcon.colcon_core.event_handler.log_command:Invoked command in '/home/dev/gps_setting_ws/build/ublox_gps' returned '0': CMAKE_PREFIX_PATH=/home/dev/gps_setting_ws/install/ublox_msgs:/home/dev/gps_setting_ws/install/ublox_serialization:/home/dev/gps_setting_ws/install/ublox:/home/dev/gps_setting_ws/install/ublox_gps:/home/dev/ex_rbq_simul/ROS2/RBQ/ros2/install/rbq_rviz_plugins:/home/dev/ex_rbq_simul/ROS2/RBQ/ros2/install/rbq_msgs:/home/dev/ex_rbq_simul/ROS2/RBQ/ros2/install/rbq_examples:/home/dev/ex_rbq_simul/ROS2/RBQ/ros2/install/rbq_driver:/home/dev/ex_rbq_simul/ROS2/RBQ/ros2/install/rbq_description:/home/dev/gps_setting_ws/install/rbq_patrol:/home/dev/gps_setting_ws/install/ntrip_client:/opt/ros/humble LD_LIBRARY_PATH=/home/dev/gps_setting_ws/install/ublox_msgs/lib:/home/dev/gps_setting_ws/install/ublox_gps/lib:/home/dev/ex_rbq_simul/ROS2/RBQ/ros2/install/rbq_rviz_plugins/lib:/home/dev/ex_rbq_simul/ROS2/RBQ/ros2/install/rbq_msgs/lib:/opt/ros/humble/opt/rviz_ogre_vendor/lib:/opt/ros/humble/lib/x86_64-linux-gnu:/opt/ros/humble/lib /usr/bin/cmake --install /home/dev/gps_setting_ws/build/ublox_gps
[1.407s] Level 1:colcon.colcon_core.environment:checking '/home/dev/gps_setting_ws/install/ublox_gps' for CMake config files
[1.407s] Level 1:colcon.colcon_core.shell:create_environment_hook('ublox_gps', 'cmake_prefix_path')
[1.407s] INFO:colcon.colcon_core.shell:Creating environment hook '/home/dev/gps_setting_ws/install/ublox_gps/share/ublox_gps/hook/cmake_prefix_path.ps1'
[1.407s] INFO:colcon.colcon_core.shell:Creating environment descriptor '/home/dev/gps_setting_ws/install/ublox_gps/share/ublox_gps/hook/cmake_prefix_path.dsv'
[1.408s] INFO:colcon.colcon_core.shell:Creating environment hook '/home/dev/gps_setting_ws/install/ublox_gps/share/ublox_gps/hook/cmake_prefix_path.sh'
[1.408s] Level 1:colcon.colcon_core.environment:checking '/home/dev/gps_setting_ws/install/ublox_gps/lib'
[1.408s] Level 1:colcon.colcon_core.shell:create_environment_hook('ublox_gps', 'ld_library_path_lib')
[1.408s] INFO:colcon.colcon_core.shell:Creating environment hook '/home/dev/gps_setting_ws/install/ublox_gps/share/ublox_gps/hook/ld_library_path_lib.ps1'
[1.409s] INFO:colcon.colcon_core.shell:Creating environment descriptor '/home/dev/gps_setting_ws/install/ublox_gps/share/ublox_gps/hook/ld_library_path_lib.dsv'
[1.409s] INFO:colcon.colcon_core.shell:Creating environment hook '/home/dev/gps_setting_ws/install/ublox_gps/share/ublox_gps/hook/ld_library_path_lib.sh'
[1.409s] Level 1:colcon.colcon_core.environment:checking '/home/dev/gps_setting_ws/install/ublox_gps/bin'
[1.409s] Level 1:colcon.colcon_core.environment:checking '/home/dev/gps_setting_ws/install/ublox_gps/lib/pkgconfig/ublox_gps.pc'
[1.409s] Level 1:colcon.colcon_core.environment:checking '/home/dev/gps_setting_ws/install/ublox_gps/lib/python3.10/site-packages'
[1.410s] Level 1:colcon.colcon_core.environment:checking '/home/dev/gps_setting_ws/install/ublox_gps/bin'
[1.410s] INFO:colcon.colcon_core.shell:Creating package script '/home/dev/gps_setting_ws/install/ublox_gps/share/ublox_gps/package.ps1'
[1.410s] INFO:colcon.colcon_core.shell:Creating package descriptor '/home/dev/gps_setting_ws/install/ublox_gps/share/ublox_gps/package.dsv'
[1.411s] INFO:colcon.colcon_core.shell:Creating package script '/home/dev/gps_setting_ws/install/ublox_gps/share/ublox_gps/package.sh'
[1.411s] INFO:colcon.colcon_core.shell:Creating package script '/home/dev/gps_setting_ws/install/ublox_gps/share/ublox_gps/package.bash'
[1.411s] INFO:colcon.colcon_core.shell:Creating package script '/home/dev/gps_setting_ws/install/ublox_gps/share/ublox_gps/package.zsh'
[1.412s] Level 1:colcon.colcon_core.environment:create_file_with_runtime_dependencies(/home/dev/gps_setting_ws/install/ublox_gps/share/colcon-core/packages/ublox_gps)
[1.412s] Level 1:colcon.colcon_core.environment:create_environment_scripts_only(ublox_gps)
[1.412s] Level 1:colcon.colcon_core.environment:checking '/home/dev/gps_setting_ws/install/ublox_gps' for CMake module files
[1.413s] Level 1:colcon.colcon_core.environment:checking '/home/dev/gps_setting_ws/install/ublox_gps' for CMake config files
[1.413s] Level 1:colcon.colcon_core.shell:create_environment_hook('ublox_gps', 'cmake_prefix_path')
[1.413s] INFO:colcon.colcon_core.shell:Creating environment hook '/home/dev/gps_setting_ws/install/ublox_gps/share/ublox_gps/hook/cmake_prefix_path.ps1'
[1.413s] INFO:colcon.colcon_core.shell:Creating environment descriptor '/home/dev/gps_setting_ws/install/ublox_gps/share/ublox_gps/hook/cmake_prefix_path.dsv'
[1.414s] INFO:colcon.colcon_core.shell:Creating environment hook '/home/dev/gps_setting_ws/install/ublox_gps/share/ublox_gps/hook/cmake_prefix_path.sh'
[1.414s] Level 1:colcon.colcon_core.environment:checking '/home/dev/gps_setting_ws/install/ublox_gps/lib'
[1.414s] Level 1:colcon.colcon_core.shell:create_environment_hook('ublox_gps', 'ld_library_path_lib')
[1.414s] INFO:colcon.colcon_core.shell:Creating environment hook '/home/dev/gps_setting_ws/install/ublox_gps/share/ublox_gps/hook/ld_library_path_lib.ps1'
[1.415s] INFO:colcon.colcon_core.shell:Creating environment descriptor '/home/dev/gps_setting_ws/install/ublox_gps/share/ublox_gps/hook/ld_library_path_lib.dsv'
[1.415s] INFO:colcon.colcon_core.shell:Creating environment hook '/home/dev/gps_setting_ws/install/ublox_gps/share/ublox_gps/hook/ld_library_path_lib.sh'
[1.415s] Level 1:colcon.colcon_core.environment:checking '/home/dev/gps_setting_ws/install/ublox_gps/bin'
[1.415s] Level 1:colcon.colcon_core.environment:checking '/home/dev/gps_setting_ws/install/ublox_gps/lib/pkgconfig/ublox_gps.pc'
[1.416s] Level 1:colcon.colcon_core.environment:checking '/home/dev/gps_setting_ws/install/ublox_gps/lib/python3.10/site-packages'
[1.416s] Level 1:colcon.colcon_core.environment:checking '/home/dev/gps_setting_ws/install/ublox_gps/bin'
[1.416s] INFO:colcon.colcon_core.shell:Creating package script '/home/dev/gps_setting_ws/install/ublox_gps/share/ublox_gps/package.ps1'
[1.417s] INFO:colcon.colcon_core.shell:Creating package descriptor '/home/dev/gps_setting_ws/install/ublox_gps/share/ublox_gps/package.dsv'
[1.417s] INFO:colcon.colcon_core.shell:Creating package script '/home/dev/gps_setting_ws/install/ublox_gps/share/ublox_gps/package.sh'
[1.417s] INFO:colcon.colcon_core.shell:Creating package script '/home/dev/gps_setting_ws/install/ublox_gps/share/ublox_gps/package.bash'
[1.418s] INFO:colcon.colcon_core.shell:Creating package script '/home/dev/gps_setting_ws/install/ublox_gps/share/ublox_gps/package.zsh'
[1.418s] Level 1:colcon.colcon_core.environment:create_file_with_runtime_dependencies(/home/dev/gps_setting_ws/install/ublox_gps/share/colcon-core/packages/ublox_gps)
[1.418s] INFO:colcon.colcon_ros.task.ament_cmake.build:Building ROS package in '/home/dev/gps_setting_ws/src/ublox/ublox' with build type 'ament_cmake'
[1.418s] INFO:colcon.colcon_cmake.task.cmake.build:Building CMake package in '/home/dev/gps_setting_ws/src/ublox/ublox'
[1.419s] INFO:colcon.colcon_core.shell:Skip shell extension 'powershell' for command environment: Not usable outside of PowerShell
[1.419s] DEBUG:colcon.colcon_core.shell:Skip shell extension 'dsv' for command environment
[1.429s] DEBUG:colcon.colcon_core.event_handler.log_command:Invoking command in '/home/dev/gps_setting_ws/build/ublox': CMAKE_PREFIX_PATH=/home/dev/gps_setting_ws/install/ublox_gps:/home/dev/gps_setting_ws/install/ublox_msgs:/home/dev/gps_setting_ws/install/ublox_serialization:/home/dev/gps_setting_ws/install/ublox:/home/dev/ex_rbq_simul/ROS2/RBQ/ros2/install/rbq_rviz_plugins:/home/dev/ex_rbq_simul/ROS2/RBQ/ros2/install/rbq_msgs:/home/dev/ex_rbq_simul/ROS2/RBQ/ros2/install/rbq_examples:/home/dev/ex_rbq_simul/ROS2/RBQ/ros2/install/rbq_driver:/home/dev/ex_rbq_simul/ROS2/RBQ/ros2/install/rbq_description:/home/dev/gps_setting_ws/install/rbq_patrol:/home/dev/gps_setting_ws/install/ntrip_client:/opt/ros/humble /usr/bin/cmake --build /home/dev/gps_setting_ws/build/ublox -- -j16 -l16
[1.442s] Level 1:colcon.colcon_core.environment:checking '/home/dev/gps_setting_ws/install/ntrip_client' for CMake module files
[1.442s] DEBUG:colcon.colcon_core.event_handler.log_command:Invoked command in '/home/dev/gps_setting_ws/src/ntrip_client' returned '0': PYTHONPATH=/home/dev/gps_setting_ws/build/ntrip_client/prefix_override:/usr/lib/python3/dist-packages/colcon_core/task/python/colcon_distutils_commands:/home/dev/gps_setting_ws/install/ntrip_client/lib/python3.10/site-packages:${PYTHONPATH} /usr/bin/python3 -W ignore:setup.py install is deprecated -W ignore:easy_install command is deprecated setup.py egg_info --egg-base ../../build/ntrip_client build --build-base /home/dev/gps_setting_ws/build/ntrip_client/build install --record /home/dev/gps_setting_ws/build/ntrip_client/install.log --single-version-externally-managed install_data
[1.443s] Level 1:colcon.colcon_core.environment:checking '/home/dev/gps_setting_ws/install/ntrip_client' for CMake config files
[1.443s] Level 1:colcon.colcon_core.environment:checking '/home/dev/gps_setting_ws/install/ntrip_client/lib'
[1.443s] Level 1:colcon.colcon_core.environment:checking '/home/dev/gps_setting_ws/install/ntrip_client/bin'
[1.443s] Level 1:colcon.colcon_core.environment:checking '/home/dev/gps_setting_ws/install/ntrip_client/lib/pkgconfig/ntrip_client.pc'
[1.443s] Level 1:colcon.colcon_core.environment:checking '/home/dev/gps_setting_ws/install/ntrip_client/lib/python3.10/site-packages'
[1.443s] Level 1:colcon.colcon_core.shell:create_environment_hook('ntrip_client', 'pythonpath')
[1.444s] INFO:colcon.colcon_core.shell:Creating environment hook '/home/dev/gps_setting_ws/install/ntrip_client/share/ntrip_client/hook/pythonpath.ps1'
[1.444s] INFO:colcon.colcon_core.shell:Creating environment descriptor '/home/dev/gps_setting_ws/install/ntrip_client/share/ntrip_client/hook/pythonpath.dsv'
[1.444s] INFO:colcon.colcon_core.shell:Creating environment hook '/home/dev/gps_setting_ws/install/ntrip_client/share/ntrip_client/hook/pythonpath.sh'
[1.445s] Level 1:colcon.colcon_core.environment:checking '/home/dev/gps_setting_ws/install/ntrip_client/bin'
[1.445s] Level 1:colcon.colcon_core.environment:create_environment_scripts_only(ntrip_client)
[1.445s] INFO:colcon.colcon_core.shell:Creating package script '/home/dev/gps_setting_ws/install/ntrip_client/share/ntrip_client/package.ps1'
[1.446s] INFO:colcon.colcon_core.shell:Creating package descriptor '/home/dev/gps_setting_ws/install/ntrip_client/share/ntrip_client/package.dsv'
[1.446s] INFO:colcon.colcon_core.shell:Creating package script '/home/dev/gps_setting_ws/install/ntrip_client/share/ntrip_client/package.sh'
[1.446s] INFO:colcon.colcon_core.shell:Creating package script '/home/dev/gps_setting_ws/install/ntrip_client/share/ntrip_client/package.bash'
[1.447s] INFO:colcon.colcon_core.shell:Creating package script '/home/dev/gps_setting_ws/install/ntrip_client/share/ntrip_client/package.zsh'
[1.447s] Level 1:colcon.colcon_core.environment:create_file_with_runtime_dependencies(/home/dev/gps_setting_ws/install/ntrip_client/share/colcon-core/packages/ntrip_client)
[1.448s] Level 1:colcon.colcon_core.environment:checking '/home/dev/gps_setting_ws/install/rbq_patrol' for CMake module files
[1.448s] DEBUG:colcon.colcon_core.event_handler.log_command:Invoked command in '/home/dev/gps_setting_ws/src/rbq_patrol' returned '0': PYTHONPATH=/home/dev/gps_setting_ws/build/rbq_patrol/prefix_override:/usr/lib/python3/dist-packages/colcon_core/task/python/colcon_distutils_commands:/home/dev/gps_setting_ws/install/rbq_patrol/lib/python3.10/site-packages:${PYTHONPATH} /usr/bin/python3 -W ignore:setup.py install is deprecated -W ignore:easy_install command is deprecated setup.py egg_info --egg-base ../../build/rbq_patrol build --build-base /home/dev/gps_setting_ws/build/rbq_patrol/build install --record /home/dev/gps_setting_ws/build/rbq_patrol/install.log --single-version-externally-managed install_data
[1.448s] Level 1:colcon.colcon_core.environment:checking '/home/dev/gps_setting_ws/install/rbq_patrol' for CMake config files
[1.449s] Level 1:colcon.colcon_core.environment:checking '/home/dev/gps_setting_ws/install/rbq_patrol/lib'
[1.449s] Level 1:colcon.colcon_core.environment:checking '/home/dev/gps_setting_ws/install/rbq_patrol/bin'
[1.449s] Level 1:colcon.colcon_core.environment:checking '/home/dev/gps_setting_ws/install/rbq_patrol/lib/pkgconfig/rbq_patrol.pc'
[1.449s] Level 1:colcon.colcon_core.environment:checking '/home/dev/gps_setting_ws/install/rbq_patrol/lib/python3.10/site-packages'
[1.449s] Level 1:colcon.colcon_core.shell:create_environment_hook('rbq_patrol', 'pythonpath')
[1.449s] INFO:colcon.colcon_core.shell:Creating environment hook '/home/dev/gps_setting_ws/install/rbq_patrol/share/rbq_patrol/hook/pythonpath.ps1'
[1.450s] INFO:colcon.colcon_core.shell:Creating environment descriptor '/home/dev/gps_setting_ws/install/rbq_patrol/share/rbq_patrol/hook/pythonpath.dsv'
[1.450s] INFO:colcon.colcon_core.shell:Creating environment hook '/home/dev/gps_setting_ws/install/rbq_patrol/share/rbq_patrol/hook/pythonpath.sh'
[1.450s] Level 1:colcon.colcon_core.environment:checking '/home/dev/gps_setting_ws/install/rbq_patrol/bin'
[1.450s] Level 1:colcon.colcon_core.environment:create_environment_scripts_only(rbq_patrol)
[1.451s] INFO:colcon.colcon_core.shell:Creating package script '/home/dev/gps_setting_ws/install/rbq_patrol/share/rbq_patrol/package.ps1'
[1.451s] INFO:colcon.colcon_core.shell:Creating package descriptor '/home/dev/gps_setting_ws/install/rbq_patrol/share/rbq_patrol/package.dsv'
[1.451s] INFO:colcon.colcon_core.shell:Creating package script '/home/dev/gps_setting_ws/install/rbq_patrol/share/rbq_patrol/package.sh'
[1.452s] INFO:colcon.colcon_core.shell:Creating package script '/home/dev/gps_setting_ws/install/rbq_patrol/share/rbq_patrol/package.bash'
[1.452s] INFO:colcon.colcon_core.shell:Creating package script '/home/dev/gps_setting_ws/install/rbq_patrol/share/rbq_patrol/package.zsh'
[1.452s] Level 1:colcon.colcon_core.environment:create_file_with_runtime_dependencies(/home/dev/gps_setting_ws/install/rbq_patrol/share/colcon-core/packages/rbq_patrol)
[1.456s] DEBUG:colcon.colcon_core.event_handler.log_command:Invoked command in '/home/dev/gps_setting_ws/build/ublox' returned '0': CMAKE_PREFIX_PATH=/home/dev/gps_setting_ws/install/ublox_gps:/home/dev/gps_setting_ws/install/ublox_msgs:/home/dev/gps_setting_ws/install/ublox_serialization:/home/dev/gps_setting_ws/install/ublox:/home/dev/ex_rbq_simul/ROS2/RBQ/ros2/install/rbq_rviz_plugins:/home/dev/ex_rbq_simul/ROS2/RBQ/ros2/install/rbq_msgs:/home/dev/ex_rbq_simul/ROS2/RBQ/ros2/install/rbq_examples:/home/dev/ex_rbq_simul/ROS2/RBQ/ros2/install/rbq_driver:/home/dev/ex_rbq_simul/ROS2/RBQ/ros2/install/rbq_description:/home/dev/gps_setting_ws/install/rbq_patrol:/home/dev/gps_setting_ws/install/ntrip_client:/opt/ros/humble /usr/bin/cmake --build /home/dev/gps_setting_ws/build/ublox -- -j16 -l16
[1.457s] DEBUG:colcon.colcon_core.event_handler.log_command:Invoking command in '/home/dev/gps_setting_ws/build/ublox': CMAKE_PREFIX_PATH=/home/dev/gps_setting_ws/install/ublox_gps:/home/dev/gps_setting_ws/install/ublox_msgs:/home/dev/gps_setting_ws/install/ublox_serialization:/home/dev/gps_setting_ws/install/ublox:/home/dev/ex_rbq_simul/ROS2/RBQ/ros2/install/rbq_rviz_plugins:/home/dev/ex_rbq_simul/ROS2/RBQ/ros2/install/rbq_msgs:/home/dev/ex_rbq_simul/ROS2/RBQ/ros2/install/rbq_examples:/home/dev/ex_rbq_simul/ROS2/RBQ/ros2/install/rbq_driver:/home/dev/ex_rbq_simul/ROS2/RBQ/ros2/install/rbq_description:/home/dev/gps_setting_ws/install/rbq_patrol:/home/dev/gps_setting_ws/install/ntrip_client:/opt/ros/humble /usr/bin/cmake --install /home/dev/gps_setting_ws/build/ublox
[1.464s] Level 1:colcon.colcon_core.environment:create_environment_scripts_only(ublox)
[1.464s] Level 1:colcon.colcon_core.environment:checking '/home/dev/gps_setting_ws/install/ublox' for CMake module files
[1.465s] DEBUG:colcon.colcon_core.event_handler.log_command:Invoked command in '/home/dev/gps_setting_ws/build/ublox' returned '0': CMAKE_PREFIX_PATH=/home/dev/gps_setting_ws/install/ublox_gps:/home/dev/gps_setting_ws/install/ublox_msgs:/home/dev/gps_setting_ws/install/ublox_serialization:/home/dev/gps_setting_ws/install/ublox:/home/dev/ex_rbq_simul/ROS2/RBQ/ros2/install/rbq_rviz_plugins:/home/dev/ex_rbq_simul/ROS2/RBQ/ros2/install/rbq_msgs:/home/dev/ex_rbq_simul/ROS2/RBQ/ros2/install/rbq_examples:/home/dev/ex_rbq_simul/ROS2/RBQ/ros2/install/rbq_driver:/home/dev/ex_rbq_simul/ROS2/RBQ/ros2/install/rbq_description:/home/dev/gps_setting_ws/install/rbq_patrol:/home/dev/gps_setting_ws/install/ntrip_client:/opt/ros/humble /usr/bin/cmake --install /home/dev/gps_setting_ws/build/ublox
[1.465s] Level 1:colcon.colcon_core.environment:checking '/home/dev/gps_setting_ws/install/ublox' for CMake config files
[1.465s] Level 1:colcon.colcon_core.shell:create_environment_hook('ublox', 'cmake_prefix_path')
[1.465s] INFO:colcon.colcon_core.shell:Creating environment hook '/home/dev/gps_setting_ws/install/ublox/share/ublox/hook/cmake_prefix_path.ps1'
[1.465s] INFO:colcon.colcon_core.shell:Creating environment descriptor '/home/dev/gps_setting_ws/install/ublox/share/ublox/hook/cmake_prefix_path.dsv'
[1.466s] INFO:colcon.colcon_core.shell:Creating environment hook '/home/dev/gps_setting_ws/install/ublox/share/ublox/hook/cmake_prefix_path.sh'
[1.466s] Level 1:colcon.colcon_core.environment:checking '/home/dev/gps_setting_ws/install/ublox/bin'
[1.466s] Level 1:colcon.colcon_core.environment:checking '/home/dev/gps_setting_ws/install/ublox/lib/pkgconfig/ublox.pc'
[1.466s] Level 1:colcon.colcon_core.environment:checking '/home/dev/gps_setting_ws/install/ublox/lib/python3.10/site-packages'
[1.467s] Level 1:colcon.colcon_core.environment:checking '/home/dev/gps_setting_ws/install/ublox/bin'
[1.467s] INFO:colcon.colcon_core.shell:Creating package script '/home/dev/gps_setting_ws/install/ublox/share/ublox/package.ps1'
[1.467s] INFO:colcon.colcon_core.shell:Creating package descriptor '/home/dev/gps_setting_ws/install/ublox/share/ublox/package.dsv'
[1.468s] INFO:colcon.colcon_core.shell:Creating package script '/home/dev/gps_setting_ws/install/ublox/share/ublox/package.sh'
[1.468s] INFO:colcon.colcon_core.shell:Creating package script '/home/dev/gps_setting_ws/install/ublox/share/ublox/package.bash'
[1.468s] INFO:colcon.colcon_core.shell:Creating package script '/home/dev/gps_setting_ws/install/ublox/share/ublox/package.zsh'
[1.468s] Level 1:colcon.colcon_core.environment:create_file_with_runtime_dependencies(/home/dev/gps_setting_ws/install/ublox/share/colcon-core/packages/ublox)
[1.469s] Level 1:colcon.colcon_core.environment:create_environment_scripts_only(ublox)
[1.469s] Level 1:colcon.colcon_core.environment:checking '/home/dev/gps_setting_ws/install/ublox' for CMake module files
[1.469s] Level 1:colcon.colcon_core.environment:checking '/home/dev/gps_setting_ws/install/ublox' for CMake config files
[1.469s] Level 1:colcon.colcon_core.shell:create_environment_hook('ublox', 'cmake_prefix_path')
[1.470s] INFO:colcon.colcon_core.shell:Creating environment hook '/home/dev/gps_setting_ws/install/ublox/share/ublox/hook/cmake_prefix_path.ps1'
[1.470s] INFO:colcon.colcon_core.shell:Creating environment descriptor '/home/dev/gps_setting_ws/install/ublox/share/ublox/hook/cmake_prefix_path.dsv'
[1.470s] INFO:colcon.colcon_core.shell:Creating environment hook '/home/dev/gps_setting_ws/install/ublox/share/ublox/hook/cmake_prefix_path.sh'
[1.471s] Level 1:colcon.colcon_core.environment:checking '/home/dev/gps_setting_ws/install/ublox/bin'
[1.471s] Level 1:colcon.colcon_core.environment:checking '/home/dev/gps_setting_ws/install/ublox/lib/pkgconfig/ublox.pc'
[1.471s] Level 1:colcon.colcon_core.environment:checking '/home/dev/gps_setting_ws/install/ublox/lib/python3.10/site-packages'
[1.471s] Level 1:colcon.colcon_core.environment:checking '/home/dev/gps_setting_ws/install/ublox/bin'
[1.471s] INFO:colcon.colcon_core.shell:Creating package script '/home/dev/gps_setting_ws/install/ublox/share/ublox/package.ps1'
[1.472s] INFO:colcon.colcon_core.shell:Creating package descriptor '/home/dev/gps_setting_ws/install/ublox/share/ublox/package.dsv'
[1.472s] INFO:colcon.colcon_core.shell:Creating package script '/home/dev/gps_setting_ws/install/ublox/share/ublox/package.sh'
[1.472s] INFO:colcon.colcon_core.shell:Creating package script '/home/dev/gps_setting_ws/install/ublox/share/ublox/package.bash'
[1.473s] INFO:colcon.colcon_core.shell:Creating package script '/home/dev/gps_setting_ws/install/ublox/share/ublox/package.zsh'
[1.473s] Level 1:colcon.colcon_core.environment:create_file_with_runtime_dependencies(/home/dev/gps_setting_ws/install/ublox/share/colcon-core/packages/ublox)
[1.473s] DEBUG:colcon.colcon_parallel_executor.executor.parallel:closing loop
[1.473s] DEBUG:colcon.colcon_parallel_executor.executor.parallel:loop closed
[1.473s] DEBUG:colcon.colcon_parallel_executor.executor.parallel:run_until_complete finished with '0'
[1.473s] DEBUG:colcon.colcon_core.event_reactor:joining thread
[1.477s] INFO:colcon.colcon_core.plugin_system:Skipping extension 'colcon_notification.desktop_notification.terminal_notifier': Not used on non-Darwin systems
[1.478s] INFO:colcon.colcon_core.plugin_system:Skipping extension 'colcon_notification.desktop_notification.win32': Not used on non-Windows systems
[1.478s] INFO:colcon.colcon_notification.desktop_notification:Sending desktop notification using 'notify2'
[1.485s] DEBUG:colcon.colcon_core.event_reactor:joined thread
[1.485s] INFO:colcon.colcon_core.shell:Creating prefix script '/home/dev/gps_setting_ws/install/local_setup.ps1'
[1.486s] INFO:colcon.colcon_core.shell:Creating prefix util module '/home/dev/gps_setting_ws/install/_local_setup_util_ps1.py'
[1.488s] INFO:colcon.colcon_core.shell:Creating prefix chain script '/home/dev/gps_setting_ws/install/setup.ps1'
[1.489s] INFO:colcon.colcon_core.shell:Creating prefix script '/home/dev/gps_setting_ws/install/local_setup.sh'
[1.489s] INFO:colcon.colcon_core.shell:Creating prefix util module '/home/dev/gps_setting_ws/install/_local_setup_util_sh.py'
[1.489s] INFO:colcon.colcon_core.shell:Creating prefix chain script '/home/dev/gps_setting_ws/install/setup.sh'
[1.491s] INFO:colcon.colcon_core.shell:Creating prefix script '/home/dev/gps_setting_ws/install/local_setup.bash'
[1.491s] INFO:colcon.colcon_core.shell:Creating prefix chain script '/home/dev/gps_setting_ws/install/setup.bash'
[1.492s] INFO:colcon.colcon_core.shell:Creating prefix script '/home/dev/gps_setting_ws/install/local_setup.zsh'
[1.493s] INFO:colcon.colcon_core.shell:Creating prefix chain script '/home/dev/gps_setting_ws/install/setup.zsh'
