[1.027s] Invoking command in '/home/dev/gps_setting_ws/src/rbq_patrol': PYTHONPATH=/home/dev/gps_setting_ws/build/rbq_patrol/prefix_override:/usr/lib/python3/dist-packages/colcon_core/task/python/colcon_distutils_commands:/home/dev/gps_setting_ws/install/rbq_patrol/lib/python3.10/site-packages:${PYTHONPATH} /usr/bin/python3 -W ignore:setup.py install is deprecated -W ignore:easy_install command is deprecated setup.py egg_info --egg-base ../../build/rbq_patrol build --build-base /home/dev/gps_setting_ws/build/rbq_patrol/build install --record /home/dev/gps_setting_ws/build/rbq_patrol/install.log --single-version-externally-managed install_data
[1.212s] running egg_info
[1.212s] creating ../../build/rbq_patrol/rbq_patrol.egg-info
[1.212s] writing ../../build/rbq_patrol/rbq_patrol.egg-info/PKG-INFO
[1.213s] writing dependency_links to ../../build/rbq_patrol/rbq_patrol.egg-info/dependency_links.txt
[1.213s] writing entry points to ../../build/rbq_patrol/rbq_patrol.egg-info/entry_points.txt
[1.213s] writing requirements to ../../build/rbq_patrol/rbq_patrol.egg-info/requires.txt
[1.213s] writing top-level names to ../../build/rbq_patrol/rbq_patrol.egg-info/top_level.txt
[1.213s] writing manifest file '../../build/rbq_patrol/rbq_patrol.egg-info/SOURCES.txt'
[1.214s] reading manifest file '../../build/rbq_patrol/rbq_patrol.egg-info/SOURCES.txt'
[1.215s] writing manifest file '../../build/rbq_patrol/rbq_patrol.egg-info/SOURCES.txt'
[1.215s] running build
[1.215s] running build_py
[1.215s] creating /home/dev/gps_setting_ws/build/rbq_patrol/build
[1.215s] creating /home/dev/gps_setting_ws/build/rbq_patrol/build/lib
[1.215s] creating /home/dev/gps_setting_ws/build/rbq_patrol/build/lib/rbq_patrol
[1.215s] copying rbq_patrol/__init__.py -> /home/dev/gps_setting_ws/build/rbq_patrol/build/lib/rbq_patrol
[1.215s] running install
[1.215s] running install_lib
[1.216s] creating /home/dev/gps_setting_ws/install/rbq_patrol/lib/python3.10/site-packages/rbq_patrol
[1.216s] copying /home/dev/gps_setting_ws/build/rbq_patrol/build/lib/rbq_patrol/__init__.py -> /home/dev/gps_setting_ws/install/rbq_patrol/lib/python3.10/site-packages/rbq_patrol
[1.216s] byte-compiling /home/dev/gps_setting_ws/install/rbq_patrol/lib/python3.10/site-packages/rbq_patrol/__init__.py to __init__.cpython-310.pyc
[1.217s] running install_data
[1.217s] creating /home/dev/gps_setting_ws/install/rbq_patrol/share/ament_index
[1.217s] creating /home/dev/gps_setting_ws/install/rbq_patrol/share/ament_index/resource_index
[1.217s] creating /home/dev/gps_setting_ws/install/rbq_patrol/share/ament_index/resource_index/packages
[1.217s] copying resource/rbq_patrol -> /home/dev/gps_setting_ws/install/rbq_patrol/share/ament_index/resource_index/packages
[1.217s] copying package.xml -> /home/dev/gps_setting_ws/install/rbq_patrol/share/rbq_patrol
[1.217s] running install_egg_info
[1.219s] Copying ../../build/rbq_patrol/rbq_patrol.egg-info to /home/dev/gps_setting_ws/install/rbq_patrol/lib/python3.10/site-packages/rbq_patrol-0.0.0-py3.10.egg-info
[1.219s] running install_scripts
[1.238s] writing list of installed files to '/home/dev/gps_setting_ws/build/rbq_patrol/install.log'
[1.260s] Invoked command in '/home/dev/gps_setting_ws/src/rbq_patrol' returned '0': PYTHONPATH=/home/dev/gps_setting_ws/build/rbq_patrol/prefix_override:/usr/lib/python3/dist-packages/colcon_core/task/python/colcon_distutils_commands:/home/dev/gps_setting_ws/install/rbq_patrol/lib/python3.10/site-packages:${PYTHONPATH} /usr/bin/python3 -W ignore:setup.py install is deprecated -W ignore:easy_install command is deprecated setup.py egg_info --egg-base ../../build/rbq_patrol build --build-base /home/dev/gps_setting_ws/build/rbq_patrol/build install --record /home/dev/gps_setting_ws/build/rbq_patrol/install.log --single-version-externally-managed install_data
