[0.006s] Invoking command in '/home/dev/gps_setting_ws/build/ublox_gps': AMENT_PREFIX_PATH=/home/dev/gps_setting_ws/install/ublox_msgs:/home/dev/gps_setting_ws/install/ublox_serialization CMAKE_PREFIX_PATH=/home/dev/gps_setting_ws/install/ublox_msgs:/home/dev/gps_setting_ws/install/ublox_serialization LD_LIBRARY_PATH=/home/dev/gps_setting_ws/install/ublox_msgs/lib PYTHONPATH=/home/dev/gps_setting_ws/install/ublox_msgs/local/lib/python3.10/dist-packages /usr/bin/cmake --build /home/dev/gps_setting_ws/build/ublox_gps -- -j16 -l16
[0.101s] [ 77%] Built target ublox_gps
[0.122s] [ 90%] Built target ublox_logger
[0.124s] [100%] Built target ublox_gps_node
[0.132s] Invoked command in '/home/dev/gps_setting_ws/build/ublox_gps' returned '0': AMENT_PREFIX_PATH=/home/dev/gps_setting_ws/install/ublox_msgs:/home/dev/gps_setting_ws/install/ublox_serialization CMAKE_PREFIX_PATH=/home/dev/gps_setting_ws/install/ublox_msgs:/home/dev/gps_setting_ws/install/ublox_serialization LD_LIBRARY_PATH=/home/dev/gps_setting_ws/install/ublox_msgs/lib PYTHONPATH=/home/dev/gps_setting_ws/install/ublox_msgs/local/lib/python3.10/dist-packages /usr/bin/cmake --build /home/dev/gps_setting_ws/build/ublox_gps -- -j16 -l16
[0.134s] Invoking command in '/home/dev/gps_setting_ws/build/ublox_gps': AMENT_PREFIX_PATH=/home/dev/gps_setting_ws/install/ublox_msgs:/home/dev/gps_setting_ws/install/ublox_serialization CMAKE_PREFIX_PATH=/home/dev/gps_setting_ws/install/ublox_msgs:/home/dev/gps_setting_ws/install/ublox_serialization LD_LIBRARY_PATH=/home/dev/gps_setting_ws/install/ublox_msgs/lib PYTHONPATH=/home/dev/gps_setting_ws/install/ublox_msgs/local/lib/python3.10/dist-packages /usr/bin/cmake --install /home/dev/gps_setting_ws/build/ublox_gps
[0.139s] -- Install configuration: ""
[0.141s] -- Up-to-date: /home/dev/gps_setting_ws/install/ublox_gps/lib/libublox_gps.so
[0.141s] -- Up-to-date: /home/dev/gps_setting_ws/install/ublox_gps/lib/ublox_gps/ublox_gps_node
[0.142s] -- Up-to-date: /home/dev/gps_setting_ws/install/ublox_gps/lib/ublox_gps/ublox_logger
[0.142s] -- Up-to-date: /home/dev/gps_setting_ws/install/ublox_gps/include/ublox_gps
[0.142s] -- Up-to-date: /home/dev/gps_setting_ws/install/ublox_gps/include/ublox_gps/ublox_gps
[0.143s] -- Up-to-date: /home/dev/gps_setting_ws/install/ublox_gps/include/ublox_gps/ublox_gps/raw_data_pa.hpp
[0.143s] -- Up-to-date: /home/dev/gps_setting_ws/install/ublox_gps/include/ublox_gps/ublox_gps/hp_pos_rec_product.hpp
[0.143s] -- Up-to-date: /home/dev/gps_setting_ws/install/ublox_gps/include/ublox_gps/ublox_gps/ublox_firmware7plus.hpp
[0.143s] -- Up-to-date: /home/dev/gps_setting_ws/install/ublox_gps/include/ublox_gps/ublox_gps/tim_product.hpp
[0.143s] -- Up-to-date: /home/dev/gps_setting_ws/install/ublox_gps/include/ublox_gps/ublox_gps/ublox_firmware7.hpp
[0.143s] -- Up-to-date: /home/dev/gps_setting_ws/install/ublox_gps/include/ublox_gps/ublox_gps/mkgmtime.h
[0.143s] -- Up-to-date: /home/dev/gps_setting_ws/install/ublox_gps/include/ublox_gps/ublox_gps/ublox_firmware6.hpp
[0.143s] -- Up-to-date: /home/dev/gps_setting_ws/install/ublox_gps/include/ublox_gps/ublox_gps/ublox_firmware9.hpp
[0.143s] -- Up-to-date: /home/dev/gps_setting_ws/install/ublox_gps/include/ublox_gps/ublox_gps/fts_product.hpp
[0.143s] -- Up-to-date: /home/dev/gps_setting_ws/install/ublox_gps/include/ublox_gps/ublox_gps/hpg_rov_product.hpp
[0.143s] -- Up-to-date: /home/dev/gps_setting_ws/install/ublox_gps/include/ublox_gps/ublox_gps/adr_udr_product.hpp
[0.143s] -- Up-to-date: /home/dev/gps_setting_ws/install/ublox_gps/include/ublox_gps/ublox_gps/rtcm.hpp
[0.143s] -- Up-to-date: /home/dev/gps_setting_ws/install/ublox_gps/include/ublox_gps/ublox_gps/fix_diagnostic.hpp
[0.143s] -- Up-to-date: /home/dev/gps_setting_ws/install/ublox_gps/include/ublox_gps/ublox_gps/node.hpp
[0.143s] -- Up-to-date: /home/dev/gps_setting_ws/install/ublox_gps/include/ublox_gps/ublox_gps/worker.hpp
[0.144s] -- Up-to-date: /home/dev/gps_setting_ws/install/ublox_gps/include/ublox_gps/ublox_gps/ublox_firmware8.hpp
[0.144s] -- Up-to-date: /home/dev/gps_setting_ws/install/ublox_gps/include/ublox_gps/ublox_gps/gps.hpp
[0.144s] -- Up-to-date: /home/dev/gps_setting_ws/install/ublox_gps/include/ublox_gps/ublox_gps/ublox_topic_diagnostic.hpp
[0.144s] -- Up-to-date: /home/dev/gps_setting_ws/install/ublox_gps/include/ublox_gps/ublox_gps/utils.hpp
[0.144s] -- Up-to-date: /home/dev/gps_setting_ws/install/ublox_gps/include/ublox_gps/ublox_gps/hpg_ref_product.hpp
[0.144s] -- Up-to-date: /home/dev/gps_setting_ws/install/ublox_gps/include/ublox_gps/ublox_gps/raw_data_product.hpp
[0.144s] -- Up-to-date: /home/dev/gps_setting_ws/install/ublox_gps/include/ublox_gps/ublox_gps/async_worker.hpp
[0.144s] -- Up-to-date: /home/dev/gps_setting_ws/install/ublox_gps/include/ublox_gps/ublox_gps/ublox_firmware.hpp
[0.144s] -- Up-to-date: /home/dev/gps_setting_ws/install/ublox_gps/include/ublox_gps/ublox_gps/component_interface.hpp
[0.144s] -- Up-to-date: /home/dev/gps_setting_ws/install/ublox_gps/include/ublox_gps/ublox_gps/gnss.hpp
[0.144s] -- Up-to-date: /home/dev/gps_setting_ws/install/ublox_gps/include/ublox_gps/ublox_gps/callback.hpp
[0.144s] -- Up-to-date: /home/dev/gps_setting_ws/install/ublox_gps/share/ublox_gps/launch
[0.144s] -- Up-to-date: /home/dev/gps_setting_ws/install/ublox_gps/share/ublox_gps/launch/ublox_gps_node-composed-launch.py
[0.144s] -- Up-to-date: /home/dev/gps_setting_ws/install/ublox_gps/share/ublox_gps/launch/ublox_gps_node-launch.py
[0.144s] -- Up-to-date: /home/dev/gps_setting_ws/install/ublox_gps/share/ublox_gps/config
[0.144s] -- Up-to-date: /home/dev/gps_setting_ws/install/ublox_gps/share/ublox_gps/config/nmea.yaml
[0.145s] -- Up-to-date: /home/dev/gps_setting_ws/install/ublox_gps/share/ublox_gps/config/c94_m8p_rover.yaml
[0.145s] -- Up-to-date: /home/dev/gps_setting_ws/install/ublox_gps/share/ublox_gps/config/neo_m8u_rover.yaml
[0.145s] -- Up-to-date: /home/dev/gps_setting_ws/install/ublox_gps/share/ublox_gps/config/c94_m8p_base.yaml
[0.145s] -- Up-to-date: /home/dev/gps_setting_ws/install/ublox_gps/share/ublox_gps/config/zed_f9p.yaml
[0.145s] -- Up-to-date: /home/dev/gps_setting_ws/install/ublox_gps/share/ublox_gps/config/c94_m8t_rover.yaml
[0.145s] -- Up-to-date: /home/dev/gps_setting_ws/install/ublox_gps/share/ublox_gps/config/c94_m8t_base.yaml
[0.145s] -- Up-to-date: /home/dev/gps_setting_ws/install/ublox_gps/share/ament_index/resource_index/package_run_dependencies/ublox_gps
[0.145s] -- Up-to-date: /home/dev/gps_setting_ws/install/ublox_gps/share/ament_index/resource_index/parent_prefix_path/ublox_gps
[0.145s] -- Up-to-date: /home/dev/gps_setting_ws/install/ublox_gps/share/ublox_gps/environment/ament_prefix_path.sh
[0.145s] -- Up-to-date: /home/dev/gps_setting_ws/install/ublox_gps/share/ublox_gps/environment/ament_prefix_path.dsv
[0.145s] -- Up-to-date: /home/dev/gps_setting_ws/install/ublox_gps/share/ublox_gps/environment/path.sh
[0.145s] -- Up-to-date: /home/dev/gps_setting_ws/install/ublox_gps/share/ublox_gps/environment/path.dsv
[0.145s] -- Up-to-date: /home/dev/gps_setting_ws/install/ublox_gps/share/ublox_gps/local_setup.bash
[0.145s] -- Up-to-date: /home/dev/gps_setting_ws/install/ublox_gps/share/ublox_gps/local_setup.sh
[0.145s] -- Up-to-date: /home/dev/gps_setting_ws/install/ublox_gps/share/ublox_gps/local_setup.zsh
[0.145s] -- Up-to-date: /home/dev/gps_setting_ws/install/ublox_gps/share/ublox_gps/local_setup.dsv
[0.145s] -- Installing: /home/dev/gps_setting_ws/install/ublox_gps/share/ublox_gps/package.dsv
[0.146s] -- Up-to-date: /home/dev/gps_setting_ws/install/ublox_gps/share/ament_index/resource_index/packages/ublox_gps
[0.146s] -- Up-to-date: /home/dev/gps_setting_ws/install/ublox_gps/share/ament_index/resource_index/rclcpp_components/ublox_gps
[0.146s] -- Up-to-date: /home/dev/gps_setting_ws/install/ublox_gps/share/ublox_gps/cmake/export_ublox_gpsExport.cmake
[0.146s] -- Up-to-date: /home/dev/gps_setting_ws/install/ublox_gps/share/ublox_gps/cmake/export_ublox_gpsExport-noconfig.cmake
[0.146s] -- Up-to-date: /home/dev/gps_setting_ws/install/ublox_gps/share/ublox_gps/cmake/ament_cmake_export_include_directories-extras.cmake
[0.146s] -- Up-to-date: /home/dev/gps_setting_ws/install/ublox_gps/share/ublox_gps/cmake/ament_cmake_export_targets-extras.cmake
[0.146s] -- Up-to-date: /home/dev/gps_setting_ws/install/ublox_gps/share/ublox_gps/cmake/ublox_gpsConfig.cmake
[0.146s] -- Up-to-date: /home/dev/gps_setting_ws/install/ublox_gps/share/ublox_gps/cmake/ublox_gpsConfig-version.cmake
[0.146s] -- Up-to-date: /home/dev/gps_setting_ws/install/ublox_gps/share/ublox_gps/package.xml
[0.151s] Invoked command in '/home/dev/gps_setting_ws/build/ublox_gps' returned '0': AMENT_PREFIX_PATH=/home/dev/gps_setting_ws/install/ublox_msgs:/home/dev/gps_setting_ws/install/ublox_serialization CMAKE_PREFIX_PATH=/home/dev/gps_setting_ws/install/ublox_msgs:/home/dev/gps_setting_ws/install/ublox_serialization LD_LIBRARY_PATH=/home/dev/gps_setting_ws/install/ublox_msgs/lib PYTHONPATH=/home/dev/gps_setting_ws/install/ublox_msgs/local/lib/python3.10/dist-packages /usr/bin/cmake --install /home/dev/gps_setting_ws/build/ublox_gps
