[0.078s] DEBUG:colcon:Command line arguments: ['/usr/bin/colcon', 'build']
[0.078s] DEBUG:colcon:Parsed command line arguments: Namespace(log_base=None, log_level=None, verb_name='build', build_base='build', install_base='install', merge_install=False, symlink_install=False, test_result_base=None, continue_on_error=False, executor='parallel', parallel_workers=16, event_handlers=None, ignore_user_meta=False, metas=['./colcon.meta'], base_paths=['.'], packages_ignore=None, packages_ignore_regex=None, paths=None, packages_up_to=None, packages_up_to_regex=None, packages_above=None, packages_above_and_dependencies=None, packages_above_depth=None, packages_select_by_dep=None, packages_skip_by_dep=None, packages_skip_up_to=None, packages_select_build_failed=False, packages_skip_build_finished=False, packages_select_test_failures=False, packages_skip_test_passed=False, packages_select=None, packages_skip=None, packages_select_regex=None, packages_skip_regex=None, packages_start=None, packages_end=None, cmake_args=None, cmake_target=None, cmake_target_skip_unavailable=False, cmake_clean_cache=False, cmake_clean_first=False, cmake_force_configure=False, ament_cmake_args=None, catkin_cmake_args=None, catkin_skip_building_tests=False, verb_parser=<colcon_defaults.argument_parser.defaults.DefaultArgumentsDecorator object at 0x76300fc59360>, verb_extension=<colcon_core.verb.build.BuildVerb object at 0x76300fd5e800>, main=<bound method BuildVerb.main of <colcon_core.verb.build.BuildVerb object at 0x76300fd5e800>>)
[0.227s] Level 1:colcon.colcon_core.package_discovery:discover_packages(colcon_meta) check parameters
[0.227s] Level 1:colcon.colcon_core.package_discovery:discover_packages(recursive) check parameters
[0.227s] Level 1:colcon.colcon_core.package_discovery:discover_packages(ignore) check parameters
[0.227s] Level 1:colcon.colcon_core.package_discovery:discover_packages(path) check parameters
[0.227s] Level 1:colcon.colcon_core.package_discovery:discover_packages(colcon_meta) discover
[0.227s] Level 1:colcon.colcon_core.package_discovery:discover_packages(recursive) discover
[0.227s] INFO:colcon.colcon_core.package_discovery:Crawling recursively for packages in '/home/dev/gps_setting_ws'
[0.227s] Level 1:colcon.colcon_core.package_identification:_identify(.) by extensions ['ignore', 'ignore_ament_install']
[0.227s] Level 1:colcon.colcon_core.package_identification:_identify(.) by extension 'ignore'
[0.227s] Level 1:colcon.colcon_core.package_identification:_identify(.) by extension 'ignore_ament_install'
[0.227s] Level 1:colcon.colcon_core.package_identification:_identify(.) by extensions ['colcon_pkg']
[0.228s] Level 1:colcon.colcon_core.package_identification:_identify(.) by extension 'colcon_pkg'
[0.228s] Level 1:colcon.colcon_core.package_identification:_identify(.) by extensions ['colcon_meta']
[0.228s] Level 1:colcon.colcon_core.package_identification:_identify(.) by extension 'colcon_meta'
[0.228s] Level 1:colcon.colcon_core.package_identification:_identify(.) by extensions ['ros']
[0.228s] Level 1:colcon.colcon_core.package_identification:_identify(.) by extension 'ros'
[0.236s] Level 1:colcon.colcon_core.package_identification:_identify(.) by extensions ['cmake', 'python']
[0.236s] Level 1:colcon.colcon_core.package_identification:_identify(.) by extension 'cmake'
[0.236s] Level 1:colcon.colcon_core.package_identification:_identify(.) by extension 'python'
[0.236s] Level 1:colcon.colcon_core.package_identification:_identify(.) by extensions ['python_setup_py']
[0.236s] Level 1:colcon.colcon_core.package_identification:_identify(.) by extension 'python_setup_py'
[0.236s] Level 1:colcon.colcon_core.package_identification:_identify(build) by extensions ['ignore', 'ignore_ament_install']
[0.236s] Level 1:colcon.colcon_core.package_identification:_identify(build) by extension 'ignore'
[0.236s] Level 1:colcon.colcon_core.package_identification:_identify(build) ignored
[0.236s] Level 1:colcon.colcon_core.package_identification:_identify(install) by extensions ['ignore', 'ignore_ament_install']
[0.236s] Level 1:colcon.colcon_core.package_identification:_identify(install) by extension 'ignore'
[0.236s] Level 1:colcon.colcon_core.package_identification:_identify(install) ignored
[0.237s] Level 1:colcon.colcon_core.package_identification:_identify(log) by extensions ['ignore', 'ignore_ament_install']
[0.237s] Level 1:colcon.colcon_core.package_identification:_identify(log) by extension 'ignore'
[0.237s] Level 1:colcon.colcon_core.package_identification:_identify(log) ignored
[0.237s] Level 1:colcon.colcon_core.package_identification:_identify(src) by extensions ['ignore', 'ignore_ament_install']
[0.237s] Level 1:colcon.colcon_core.package_identification:_identify(src) by extension 'ignore'
[0.237s] Level 1:colcon.colcon_core.package_identification:_identify(src) by extension 'ignore_ament_install'
[0.237s] Level 1:colcon.colcon_core.package_identification:_identify(src) by extensions ['colcon_pkg']
[0.237s] Level 1:colcon.colcon_core.package_identification:_identify(src) by extension 'colcon_pkg'
[0.237s] Level 1:colcon.colcon_core.package_identification:_identify(src) by extensions ['colcon_meta']
[0.237s] Level 1:colcon.colcon_core.package_identification:_identify(src) by extension 'colcon_meta'
[0.237s] Level 1:colcon.colcon_core.package_identification:_identify(src) by extensions ['ros']
[0.237s] Level 1:colcon.colcon_core.package_identification:_identify(src) by extension 'ros'
[0.237s] Level 1:colcon.colcon_core.package_identification:_identify(src) by extensions ['cmake', 'python']
[0.237s] Level 1:colcon.colcon_core.package_identification:_identify(src) by extension 'cmake'
[0.237s] Level 1:colcon.colcon_core.package_identification:_identify(src) by extension 'python'
[0.237s] Level 1:colcon.colcon_core.package_identification:_identify(src) by extensions ['python_setup_py']
[0.237s] Level 1:colcon.colcon_core.package_identification:_identify(src) by extension 'python_setup_py'
[0.237s] Level 1:colcon.colcon_core.package_identification:_identify(src/ntrip_client) by extensions ['ignore', 'ignore_ament_install']
[0.237s] Level 1:colcon.colcon_core.package_identification:_identify(src/ntrip_client) by extension 'ignore'
[0.237s] Level 1:colcon.colcon_core.package_identification:_identify(src/ntrip_client) by extension 'ignore_ament_install'
[0.237s] Level 1:colcon.colcon_core.package_identification:_identify(src/ntrip_client) by extensions ['colcon_pkg']
[0.237s] Level 1:colcon.colcon_core.package_identification:_identify(src/ntrip_client) by extension 'colcon_pkg'
[0.237s] Level 1:colcon.colcon_core.package_identification:_identify(src/ntrip_client) by extensions ['colcon_meta']
[0.238s] Level 1:colcon.colcon_core.package_identification:_identify(src/ntrip_client) by extension 'colcon_meta'
[0.238s] Level 1:colcon.colcon_core.package_identification:_identify(src/ntrip_client) by extensions ['ros']
[0.238s] Level 1:colcon.colcon_core.package_identification:_identify(src/ntrip_client) by extension 'ros'
[0.240s] DEBUG:colcon.colcon_core.package_identification:Package 'src/ntrip_client' with type 'ros.ament_python' and name 'ntrip_client'
[0.240s] Level 1:colcon.colcon_core.package_identification:_identify(src/ublox) by extensions ['ignore', 'ignore_ament_install']
[0.240s] Level 1:colcon.colcon_core.package_identification:_identify(src/ublox) by extension 'ignore'
[0.240s] Level 1:colcon.colcon_core.package_identification:_identify(src/ublox) by extension 'ignore_ament_install'
[0.240s] Level 1:colcon.colcon_core.package_identification:_identify(src/ublox) by extensions ['colcon_pkg']
[0.240s] Level 1:colcon.colcon_core.package_identification:_identify(src/ublox) by extension 'colcon_pkg'
[0.240s] Level 1:colcon.colcon_core.package_identification:_identify(src/ublox) by extensions ['colcon_meta']
[0.240s] Level 1:colcon.colcon_core.package_identification:_identify(src/ublox) by extension 'colcon_meta'
[0.240s] Level 1:colcon.colcon_core.package_identification:_identify(src/ublox) by extensions ['ros']
[0.240s] Level 1:colcon.colcon_core.package_identification:_identify(src/ublox) by extension 'ros'
[0.240s] Level 1:colcon.colcon_core.package_identification:_identify(src/ublox) by extensions ['cmake', 'python']
[0.240s] Level 1:colcon.colcon_core.package_identification:_identify(src/ublox) by extension 'cmake'
[0.240s] Level 1:colcon.colcon_core.package_identification:_identify(src/ublox) by extension 'python'
[0.240s] Level 1:colcon.colcon_core.package_identification:_identify(src/ublox) by extensions ['python_setup_py']
[0.240s] Level 1:colcon.colcon_core.package_identification:_identify(src/ublox) by extension 'python_setup_py'
[0.240s] Level 1:colcon.colcon_core.package_identification:_identify(src/ublox/ublox) by extensions ['ignore', 'ignore_ament_install']
[0.240s] Level 1:colcon.colcon_core.package_identification:_identify(src/ublox/ublox) by extension 'ignore'
[0.240s] Level 1:colcon.colcon_core.package_identification:_identify(src/ublox/ublox) by extension 'ignore_ament_install'
[0.241s] Level 1:colcon.colcon_core.package_identification:_identify(src/ublox/ublox) by extensions ['colcon_pkg']
[0.241s] Level 1:colcon.colcon_core.package_identification:_identify(src/ublox/ublox) by extension 'colcon_pkg'
[0.241s] Level 1:colcon.colcon_core.package_identification:_identify(src/ublox/ublox) by extensions ['colcon_meta']
[0.241s] Level 1:colcon.colcon_core.package_identification:_identify(src/ublox/ublox) by extension 'colcon_meta'
[0.241s] Level 1:colcon.colcon_core.package_identification:_identify(src/ublox/ublox) by extensions ['ros']
[0.241s] Level 1:colcon.colcon_core.package_identification:_identify(src/ublox/ublox) by extension 'ros'
[0.241s] DEBUG:colcon.colcon_core.package_identification:Package 'src/ublox/ublox' with type 'ros.ament_cmake' and name 'ublox'
[0.241s] Level 1:colcon.colcon_core.package_identification:_identify(src/ublox/ublox_gps) by extensions ['ignore', 'ignore_ament_install']
[0.241s] Level 1:colcon.colcon_core.package_identification:_identify(src/ublox/ublox_gps) by extension 'ignore'
[0.241s] Level 1:colcon.colcon_core.package_identification:_identify(src/ublox/ublox_gps) by extension 'ignore_ament_install'
[0.241s] Level 1:colcon.colcon_core.package_identification:_identify(src/ublox/ublox_gps) by extensions ['colcon_pkg']
[0.241s] Level 1:colcon.colcon_core.package_identification:_identify(src/ublox/ublox_gps) by extension 'colcon_pkg'
[0.241s] Level 1:colcon.colcon_core.package_identification:_identify(src/ublox/ublox_gps) by extensions ['colcon_meta']
[0.241s] Level 1:colcon.colcon_core.package_identification:_identify(src/ublox/ublox_gps) by extension 'colcon_meta'
[0.241s] Level 1:colcon.colcon_core.package_identification:_identify(src/ublox/ublox_gps) by extensions ['ros']
[0.241s] Level 1:colcon.colcon_core.package_identification:_identify(src/ublox/ublox_gps) by extension 'ros'
[0.243s] DEBUG:colcon.colcon_core.package_identification:Package 'src/ublox/ublox_gps' with type 'ros.ament_cmake' and name 'ublox_gps'
[0.243s] Level 1:colcon.colcon_core.package_identification:_identify(src/ublox/ublox_msgs) by extensions ['ignore', 'ignore_ament_install']
[0.243s] Level 1:colcon.colcon_core.package_identification:_identify(src/ublox/ublox_msgs) by extension 'ignore'
[0.243s] Level 1:colcon.colcon_core.package_identification:_identify(src/ublox/ublox_msgs) by extension 'ignore_ament_install'
[0.243s] Level 1:colcon.colcon_core.package_identification:_identify(src/ublox/ublox_msgs) by extensions ['colcon_pkg']
[0.243s] Level 1:colcon.colcon_core.package_identification:_identify(src/ublox/ublox_msgs) by extension 'colcon_pkg'
[0.243s] Level 1:colcon.colcon_core.package_identification:_identify(src/ublox/ublox_msgs) by extensions ['colcon_meta']
[0.243s] Level 1:colcon.colcon_core.package_identification:_identify(src/ublox/ublox_msgs) by extension 'colcon_meta'
[0.243s] Level 1:colcon.colcon_core.package_identification:_identify(src/ublox/ublox_msgs) by extensions ['ros']
[0.243s] Level 1:colcon.colcon_core.package_identification:_identify(src/ublox/ublox_msgs) by extension 'ros'
[0.244s] DEBUG:colcon.colcon_core.package_identification:Package 'src/ublox/ublox_msgs' with type 'ros.ament_cmake' and name 'ublox_msgs'
[0.244s] Level 1:colcon.colcon_core.package_identification:_identify(src/ublox/ublox_serialization) by extensions ['ignore', 'ignore_ament_install']
[0.244s] Level 1:colcon.colcon_core.package_identification:_identify(src/ublox/ublox_serialization) by extension 'ignore'
[0.244s] Level 1:colcon.colcon_core.package_identification:_identify(src/ublox/ublox_serialization) by extension 'ignore_ament_install'
[0.244s] Level 1:colcon.colcon_core.package_identification:_identify(src/ublox/ublox_serialization) by extensions ['colcon_pkg']
[0.244s] Level 1:colcon.colcon_core.package_identification:_identify(src/ublox/ublox_serialization) by extension 'colcon_pkg'
[0.244s] Level 1:colcon.colcon_core.package_identification:_identify(src/ublox/ublox_serialization) by extensions ['colcon_meta']
[0.244s] Level 1:colcon.colcon_core.package_identification:_identify(src/ublox/ublox_serialization) by extension 'colcon_meta'
[0.244s] Level 1:colcon.colcon_core.package_identification:_identify(src/ublox/ublox_serialization) by extensions ['ros']
[0.244s] Level 1:colcon.colcon_core.package_identification:_identify(src/ublox/ublox_serialization) by extension 'ros'
[0.244s] DEBUG:colcon.colcon_core.package_identification:Package 'src/ublox/ublox_serialization' with type 'ros.ament_cmake' and name 'ublox_serialization'
[0.245s] Level 1:colcon.colcon_core.package_discovery:discover_packages(recursive) using defaults
[0.245s] Level 1:colcon.colcon_core.package_discovery:discover_packages(ignore) discover
[0.245s] Level 1:colcon.colcon_core.package_discovery:discover_packages(ignore) using defaults
[0.245s] Level 1:colcon.colcon_core.package_discovery:discover_packages(path) discover
[0.245s] Level 1:colcon.colcon_core.package_discovery:discover_packages(path) using defaults
[0.266s] Level 5:colcon.colcon_core.verb:set package 'ntrip_client' build argument 'cmake_args' from command line to 'None'
[0.266s] Level 5:colcon.colcon_core.verb:set package 'ntrip_client' build argument 'cmake_target' from command line to 'None'
[0.266s] Level 5:colcon.colcon_core.verb:set package 'ntrip_client' build argument 'cmake_target_skip_unavailable' from command line to 'False'
[0.266s] Level 5:colcon.colcon_core.verb:set package 'ntrip_client' build argument 'cmake_clean_cache' from command line to 'False'
[0.266s] Level 5:colcon.colcon_core.verb:set package 'ntrip_client' build argument 'cmake_clean_first' from command line to 'False'
[0.266s] Level 5:colcon.colcon_core.verb:set package 'ntrip_client' build argument 'cmake_force_configure' from command line to 'False'
[0.266s] Level 5:colcon.colcon_core.verb:set package 'ntrip_client' build argument 'ament_cmake_args' from command line to 'None'
[0.266s] Level 5:colcon.colcon_core.verb:set package 'ntrip_client' build argument 'catkin_cmake_args' from command line to 'None'
[0.266s] Level 5:colcon.colcon_core.verb:set package 'ntrip_client' build argument 'catkin_skip_building_tests' from command line to 'False'
[0.267s] DEBUG:colcon.colcon_core.verb:Building package 'ntrip_client' with the following arguments: {'ament_cmake_args': None, 'build_base': '/home/dev/gps_setting_ws/build/ntrip_client', 'catkin_cmake_args': None, 'catkin_skip_building_tests': False, 'cmake_args': None, 'cmake_clean_cache': False, 'cmake_clean_first': False, 'cmake_force_configure': False, 'cmake_target': None, 'cmake_target_skip_unavailable': False, 'install_base': '/home/dev/gps_setting_ws/install/ntrip_client', 'merge_install': False, 'path': '/home/dev/gps_setting_ws/src/ntrip_client', 'symlink_install': False, 'test_result_base': None}
[0.267s] Level 5:colcon.colcon_core.verb:set package 'ublox_serialization' build argument 'cmake_args' from command line to 'None'
[0.267s] Level 5:colcon.colcon_core.verb:set package 'ublox_serialization' build argument 'cmake_target' from command line to 'None'
[0.267s] Level 5:colcon.colcon_core.verb:set package 'ublox_serialization' build argument 'cmake_target_skip_unavailable' from command line to 'False'
[0.267s] Level 5:colcon.colcon_core.verb:set package 'ublox_serialization' build argument 'cmake_clean_cache' from command line to 'False'
[0.267s] Level 5:colcon.colcon_core.verb:set package 'ublox_serialization' build argument 'cmake_clean_first' from command line to 'False'
[0.267s] Level 5:colcon.colcon_core.verb:set package 'ublox_serialization' build argument 'cmake_force_configure' from command line to 'False'
[0.267s] Level 5:colcon.colcon_core.verb:set package 'ublox_serialization' build argument 'ament_cmake_args' from command line to 'None'
[0.267s] Level 5:colcon.colcon_core.verb:set package 'ublox_serialization' build argument 'catkin_cmake_args' from command line to 'None'
[0.267s] Level 5:colcon.colcon_core.verb:set package 'ublox_serialization' build argument 'catkin_skip_building_tests' from command line to 'False'
[0.267s] DEBUG:colcon.colcon_core.verb:Building package 'ublox_serialization' with the following arguments: {'ament_cmake_args': None, 'build_base': '/home/dev/gps_setting_ws/build/ublox_serialization', 'catkin_cmake_args': None, 'catkin_skip_building_tests': False, 'cmake_args': None, 'cmake_clean_cache': False, 'cmake_clean_first': False, 'cmake_force_configure': False, 'cmake_target': None, 'cmake_target_skip_unavailable': False, 'install_base': '/home/dev/gps_setting_ws/install/ublox_serialization', 'merge_install': False, 'path': '/home/dev/gps_setting_ws/src/ublox/ublox_serialization', 'symlink_install': False, 'test_result_base': None}
[0.267s] Level 5:colcon.colcon_core.verb:set package 'ublox_msgs' build argument 'cmake_args' from command line to 'None'
[0.267s] Level 5:colcon.colcon_core.verb:set package 'ublox_msgs' build argument 'cmake_target' from command line to 'None'
[0.267s] Level 5:colcon.colcon_core.verb:set package 'ublox_msgs' build argument 'cmake_target_skip_unavailable' from command line to 'False'
[0.267s] Level 5:colcon.colcon_core.verb:set package 'ublox_msgs' build argument 'cmake_clean_cache' from command line to 'False'
[0.267s] Level 5:colcon.colcon_core.verb:set package 'ublox_msgs' build argument 'cmake_clean_first' from command line to 'False'
[0.267s] Level 5:colcon.colcon_core.verb:set package 'ublox_msgs' build argument 'cmake_force_configure' from command line to 'False'
[0.267s] Level 5:colcon.colcon_core.verb:set package 'ublox_msgs' build argument 'ament_cmake_args' from command line to 'None'
[0.267s] Level 5:colcon.colcon_core.verb:set package 'ublox_msgs' build argument 'catkin_cmake_args' from command line to 'None'
[0.267s] Level 5:colcon.colcon_core.verb:set package 'ublox_msgs' build argument 'catkin_skip_building_tests' from command line to 'False'
[0.267s] DEBUG:colcon.colcon_core.verb:Building package 'ublox_msgs' with the following arguments: {'ament_cmake_args': None, 'build_base': '/home/dev/gps_setting_ws/build/ublox_msgs', 'catkin_cmake_args': None, 'catkin_skip_building_tests': False, 'cmake_args': None, 'cmake_clean_cache': False, 'cmake_clean_first': False, 'cmake_force_configure': False, 'cmake_target': None, 'cmake_target_skip_unavailable': False, 'install_base': '/home/dev/gps_setting_ws/install/ublox_msgs', 'merge_install': False, 'path': '/home/dev/gps_setting_ws/src/ublox/ublox_msgs', 'symlink_install': False, 'test_result_base': None}
[0.268s] Level 5:colcon.colcon_core.verb:set package 'ublox_gps' build argument 'cmake_args' from command line to 'None'
[0.268s] Level 5:colcon.colcon_core.verb:set package 'ublox_gps' build argument 'cmake_target' from command line to 'None'
[0.268s] Level 5:colcon.colcon_core.verb:set package 'ublox_gps' build argument 'cmake_target_skip_unavailable' from command line to 'False'
[0.268s] Level 5:colcon.colcon_core.verb:set package 'ublox_gps' build argument 'cmake_clean_cache' from command line to 'False'
[0.268s] Level 5:colcon.colcon_core.verb:set package 'ublox_gps' build argument 'cmake_clean_first' from command line to 'False'
[0.268s] Level 5:colcon.colcon_core.verb:set package 'ublox_gps' build argument 'cmake_force_configure' from command line to 'False'
[0.268s] Level 5:colcon.colcon_core.verb:set package 'ublox_gps' build argument 'ament_cmake_args' from command line to 'None'
[0.268s] Level 5:colcon.colcon_core.verb:set package 'ublox_gps' build argument 'catkin_cmake_args' from command line to 'None'
[0.268s] Level 5:colcon.colcon_core.verb:set package 'ublox_gps' build argument 'catkin_skip_building_tests' from command line to 'False'
[0.268s] DEBUG:colcon.colcon_core.verb:Building package 'ublox_gps' with the following arguments: {'ament_cmake_args': None, 'build_base': '/home/dev/gps_setting_ws/build/ublox_gps', 'catkin_cmake_args': None, 'catkin_skip_building_tests': False, 'cmake_args': None, 'cmake_clean_cache': False, 'cmake_clean_first': False, 'cmake_force_configure': False, 'cmake_target': None, 'cmake_target_skip_unavailable': False, 'install_base': '/home/dev/gps_setting_ws/install/ublox_gps', 'merge_install': False, 'path': '/home/dev/gps_setting_ws/src/ublox/ublox_gps', 'symlink_install': False, 'test_result_base': None}
[0.268s] Level 5:colcon.colcon_core.verb:set package 'ublox' build argument 'cmake_args' from command line to 'None'
[0.268s] Level 5:colcon.colcon_core.verb:set package 'ublox' build argument 'cmake_target' from command line to 'None'
[0.268s] Level 5:colcon.colcon_core.verb:set package 'ublox' build argument 'cmake_target_skip_unavailable' from command line to 'False'
[0.268s] Level 5:colcon.colcon_core.verb:set package 'ublox' build argument 'cmake_clean_cache' from command line to 'False'
[0.268s] Level 5:colcon.colcon_core.verb:set package 'ublox' build argument 'cmake_clean_first' from command line to 'False'
[0.268s] Level 5:colcon.colcon_core.verb:set package 'ublox' build argument 'cmake_force_configure' from command line to 'False'
[0.268s] Level 5:colcon.colcon_core.verb:set package 'ublox' build argument 'ament_cmake_args' from command line to 'None'
[0.268s] Level 5:colcon.colcon_core.verb:set package 'ublox' build argument 'catkin_cmake_args' from command line to 'None'
[0.268s] Level 5:colcon.colcon_core.verb:set package 'ublox' build argument 'catkin_skip_building_tests' from command line to 'False'
[0.268s] DEBUG:colcon.colcon_core.verb:Building package 'ublox' with the following arguments: {'ament_cmake_args': None, 'build_base': '/home/dev/gps_setting_ws/build/ublox', 'catkin_cmake_args': None, 'catkin_skip_building_tests': False, 'cmake_args': None, 'cmake_clean_cache': False, 'cmake_clean_first': False, 'cmake_force_configure': False, 'cmake_target': None, 'cmake_target_skip_unavailable': False, 'install_base': '/home/dev/gps_setting_ws/install/ublox', 'merge_install': False, 'path': '/home/dev/gps_setting_ws/src/ublox/ublox', 'symlink_install': False, 'test_result_base': None}
[0.269s] INFO:colcon.colcon_core.executor:Executing jobs using 'parallel' executor
[0.269s] DEBUG:colcon.colcon_parallel_executor.executor.parallel:run_until_complete
[0.269s] INFO:colcon.colcon_ros.task.ament_cmake.build:Building ROS package in '/home/dev/gps_setting_ws/src/ublox/ublox_serialization' with build type 'ament_cmake'
[0.270s] INFO:colcon.colcon_cmake.task.cmake.build:Building CMake package in '/home/dev/gps_setting_ws/src/ublox/ublox_serialization'
[0.271s] INFO:colcon.colcon_core.plugin_system:Skipping extension 'colcon_core.shell.bat': Not used on non-Windows systems
[0.271s] INFO:colcon.colcon_core.shell:Skip shell extension 'powershell' for command environment: Not usable outside of PowerShell
[0.271s] DEBUG:colcon.colcon_core.shell:Skip shell extension 'dsv' for command environment
[0.275s] INFO:colcon.colcon_ros.task.ament_python.build:Building ROS package in '/home/dev/gps_setting_ws/src/ntrip_client' with build type 'ament_python'
[0.275s] Level 1:colcon.colcon_core.shell:create_environment_hook('ntrip_client', 'ament_prefix_path')
[0.275s] INFO:colcon.colcon_core.shell:Creating environment hook '/home/dev/gps_setting_ws/install/ntrip_client/share/ntrip_client/hook/ament_prefix_path.ps1'
[0.276s] INFO:colcon.colcon_core.shell:Creating environment descriptor '/home/dev/gps_setting_ws/install/ntrip_client/share/ntrip_client/hook/ament_prefix_path.dsv'
[0.276s] INFO:colcon.colcon_core.shell:Creating environment hook '/home/dev/gps_setting_ws/install/ntrip_client/share/ntrip_client/hook/ament_prefix_path.sh'
[0.277s] INFO:colcon.colcon_core.shell:Skip shell extension 'powershell' for command environment: Not usable outside of PowerShell
[0.277s] DEBUG:colcon.colcon_core.shell:Skip shell extension 'dsv' for command environment
[0.283s] DEBUG:colcon.colcon_core.event_handler.log_command:Invoking command in '/home/dev/gps_setting_ws/build/ublox_serialization': CMAKE_PREFIX_PATH=${CMAKE_PREFIX_PATH}:/home/dev/gps_setting_ws/install/ntrip_client:/opt/ros/humble /usr/bin/cmake --build /home/dev/gps_setting_ws/build/ublox_serialization -- -j16 -l16
[0.492s] INFO:colcon.colcon_core.task.python.build:Building Python package in '/home/dev/gps_setting_ws/src/ntrip_client'
[0.493s] INFO:colcon.colcon_core.shell:Skip shell extension 'powershell' for command environment: Not usable outside of PowerShell
[0.493s] DEBUG:colcon.colcon_core.shell:Skip shell extension 'dsv' for command environment
[0.496s] DEBUG:colcon.colcon_core.event_handler.log_command:Invoked command in '/home/dev/gps_setting_ws/build/ublox_serialization' returned '0': CMAKE_PREFIX_PATH=${CMAKE_PREFIX_PATH}:/home/dev/gps_setting_ws/install/ntrip_client:/opt/ros/humble /usr/bin/cmake --build /home/dev/gps_setting_ws/build/ublox_serialization -- -j16 -l16
[0.503s] DEBUG:colcon.colcon_core.event_handler.log_command:Invoking command in '/home/dev/gps_setting_ws/build/ublox_serialization': CMAKE_PREFIX_PATH=${CMAKE_PREFIX_PATH}:/home/dev/gps_setting_ws/install/ntrip_client:/opt/ros/humble /usr/bin/cmake --install /home/dev/gps_setting_ws/build/ublox_serialization
[0.510s] Level 1:colcon.colcon_core.environment:create_environment_scripts_only(ublox_serialization)
[0.510s] DEBUG:colcon.colcon_core.event_handler.log_command:Invoked command in '/home/dev/gps_setting_ws/build/ublox_serialization' returned '0': CMAKE_PREFIX_PATH=${CMAKE_PREFIX_PATH}:/home/dev/gps_setting_ws/install/ntrip_client:/opt/ros/humble /usr/bin/cmake --install /home/dev/gps_setting_ws/build/ublox_serialization
[0.512s] Level 1:colcon.colcon_core.environment:checking '/home/dev/gps_setting_ws/install/ublox_serialization' for CMake module files
[0.513s] Level 1:colcon.colcon_core.environment:checking '/home/dev/gps_setting_ws/install/ublox_serialization' for CMake config files
[0.513s] Level 1:colcon.colcon_core.shell:create_environment_hook('ublox_serialization', 'cmake_prefix_path')
[0.513s] INFO:colcon.colcon_core.shell:Creating environment hook '/home/dev/gps_setting_ws/install/ublox_serialization/share/ublox_serialization/hook/cmake_prefix_path.ps1'
[0.513s] INFO:colcon.colcon_core.shell:Creating environment descriptor '/home/dev/gps_setting_ws/install/ublox_serialization/share/ublox_serialization/hook/cmake_prefix_path.dsv'
[0.513s] INFO:colcon.colcon_core.shell:Creating environment hook '/home/dev/gps_setting_ws/install/ublox_serialization/share/ublox_serialization/hook/cmake_prefix_path.sh'
[0.514s] Level 1:colcon.colcon_core.environment:checking '/home/dev/gps_setting_ws/install/ublox_serialization/bin'
[0.514s] Level 1:colcon.colcon_core.environment:checking '/home/dev/gps_setting_ws/install/ublox_serialization/lib/pkgconfig/ublox_serialization.pc'
[0.514s] Level 1:colcon.colcon_core.environment:checking '/home/dev/gps_setting_ws/install/ublox_serialization/lib/python3.10/site-packages'
[0.514s] Level 1:colcon.colcon_core.environment:checking '/home/dev/gps_setting_ws/install/ublox_serialization/bin'
[0.515s] INFO:colcon.colcon_core.shell:Creating package script '/home/dev/gps_setting_ws/install/ublox_serialization/share/ublox_serialization/package.ps1'
[0.515s] INFO:colcon.colcon_core.shell:Creating package descriptor '/home/dev/gps_setting_ws/install/ublox_serialization/share/ublox_serialization/package.dsv'
[0.516s] INFO:colcon.colcon_core.shell:Creating package script '/home/dev/gps_setting_ws/install/ublox_serialization/share/ublox_serialization/package.sh'
[0.516s] INFO:colcon.colcon_core.shell:Creating package script '/home/dev/gps_setting_ws/install/ublox_serialization/share/ublox_serialization/package.bash'
[0.517s] INFO:colcon.colcon_core.shell:Creating package script '/home/dev/gps_setting_ws/install/ublox_serialization/share/ublox_serialization/package.zsh'
[0.517s] Level 1:colcon.colcon_core.environment:create_file_with_runtime_dependencies(/home/dev/gps_setting_ws/install/ublox_serialization/share/colcon-core/packages/ublox_serialization)
[0.518s] Level 1:colcon.colcon_core.environment:create_environment_scripts_only(ublox_serialization)
[0.518s] Level 1:colcon.colcon_core.environment:checking '/home/dev/gps_setting_ws/install/ublox_serialization' for CMake module files
[0.518s] Level 1:colcon.colcon_core.environment:checking '/home/dev/gps_setting_ws/install/ublox_serialization' for CMake config files
[0.519s] Level 1:colcon.colcon_core.shell:create_environment_hook('ublox_serialization', 'cmake_prefix_path')
[0.519s] INFO:colcon.colcon_core.shell:Creating environment hook '/home/dev/gps_setting_ws/install/ublox_serialization/share/ublox_serialization/hook/cmake_prefix_path.ps1'
[0.519s] INFO:colcon.colcon_core.shell:Creating environment descriptor '/home/dev/gps_setting_ws/install/ublox_serialization/share/ublox_serialization/hook/cmake_prefix_path.dsv'
[0.519s] INFO:colcon.colcon_core.shell:Creating environment hook '/home/dev/gps_setting_ws/install/ublox_serialization/share/ublox_serialization/hook/cmake_prefix_path.sh'
[0.520s] Level 1:colcon.colcon_core.environment:checking '/home/dev/gps_setting_ws/install/ublox_serialization/bin'
[0.520s] Level 1:colcon.colcon_core.environment:checking '/home/dev/gps_setting_ws/install/ublox_serialization/lib/pkgconfig/ublox_serialization.pc'
[0.520s] Level 1:colcon.colcon_core.environment:checking '/home/dev/gps_setting_ws/install/ublox_serialization/lib/python3.10/site-packages'
[0.520s] Level 1:colcon.colcon_core.environment:checking '/home/dev/gps_setting_ws/install/ublox_serialization/bin'
[0.520s] INFO:colcon.colcon_core.shell:Creating package script '/home/dev/gps_setting_ws/install/ublox_serialization/share/ublox_serialization/package.ps1'
[0.521s] INFO:colcon.colcon_core.shell:Creating package descriptor '/home/dev/gps_setting_ws/install/ublox_serialization/share/ublox_serialization/package.dsv'
[0.521s] INFO:colcon.colcon_core.shell:Creating package script '/home/dev/gps_setting_ws/install/ublox_serialization/share/ublox_serialization/package.sh'
[0.521s] INFO:colcon.colcon_core.shell:Creating package script '/home/dev/gps_setting_ws/install/ublox_serialization/share/ublox_serialization/package.bash'
[0.522s] INFO:colcon.colcon_core.shell:Creating package script '/home/dev/gps_setting_ws/install/ublox_serialization/share/ublox_serialization/package.zsh'
[0.522s] Level 1:colcon.colcon_core.environment:create_file_with_runtime_dependencies(/home/dev/gps_setting_ws/install/ublox_serialization/share/colcon-core/packages/ublox_serialization)
[0.522s] INFO:colcon.colcon_ros.task.ament_cmake.build:Building ROS package in '/home/dev/gps_setting_ws/src/ublox/ublox_msgs' with build type 'ament_cmake'
[0.522s] INFO:colcon.colcon_cmake.task.cmake.build:Building CMake package in '/home/dev/gps_setting_ws/src/ublox/ublox_msgs'
[0.522s] INFO:colcon.colcon_core.shell:Skip shell extension 'powershell' for command environment: Not usable outside of PowerShell
[0.522s] DEBUG:colcon.colcon_core.shell:Skip shell extension 'dsv' for command environment
[0.529s] DEBUG:colcon.colcon_core.event_handler.log_command:Invoking command in '/home/dev/gps_setting_ws/build/ublox_msgs': CMAKE_PREFIX_PATH=/home/dev/gps_setting_ws/install/ublox_serialization:/home/dev/gps_setting_ws/install/ublox:/home/dev/gps_setting_ws/install/ublox_gps:/home/dev/gps_setting_ws/install/ublox_msgs:/home/dev/ex_rbq_simul/ROS2/RBQ/ros2/install/rbq_rviz_plugins:/home/dev/ex_rbq_simul/ROS2/RBQ/ros2/install/rbq_msgs:/home/dev/ex_rbq_simul/ROS2/RBQ/ros2/install/rbq_examples:/home/dev/ex_rbq_simul/ROS2/RBQ/ros2/install/rbq_driver:/home/dev/ex_rbq_simul/ROS2/RBQ/ros2/install/rbq_description:/home/dev/gps_setting_ws/install/ntrip_client:/opt/ros/humble /usr/bin/cmake --build /home/dev/gps_setting_ws/build/ublox_msgs -- -j16 -l16
[0.922s] DEBUG:colcon.colcon_core.event_handler.log_command:Invoking command in '/home/dev/gps_setting_ws/src/ntrip_client': PYTHONPATH=/home/dev/gps_setting_ws/build/ntrip_client/prefix_override:/usr/lib/python3/dist-packages/colcon_core/task/python/colcon_distutils_commands:/home/dev/gps_setting_ws/install/ntrip_client/lib/python3.10/site-packages:${PYTHONPATH} /usr/bin/python3 -W ignore:setup.py install is deprecated -W ignore:easy_install command is deprecated setup.py egg_info --egg-base ../../build/ntrip_client build --build-base /home/dev/gps_setting_ws/build/ntrip_client/build install --record /home/dev/gps_setting_ws/build/ntrip_client/install.log --single-version-externally-managed install_data
[0.939s] DEBUG:colcon.colcon_core.event_handler.log_command:Invoked command in '/home/dev/gps_setting_ws/build/ublox_msgs' returned '0': CMAKE_PREFIX_PATH=/home/dev/gps_setting_ws/install/ublox_serialization:/home/dev/gps_setting_ws/install/ublox:/home/dev/gps_setting_ws/install/ublox_gps:/home/dev/gps_setting_ws/install/ublox_msgs:/home/dev/ex_rbq_simul/ROS2/RBQ/ros2/install/rbq_rviz_plugins:/home/dev/ex_rbq_simul/ROS2/RBQ/ros2/install/rbq_msgs:/home/dev/ex_rbq_simul/ROS2/RBQ/ros2/install/rbq_examples:/home/dev/ex_rbq_simul/ROS2/RBQ/ros2/install/rbq_driver:/home/dev/ex_rbq_simul/ROS2/RBQ/ros2/install/rbq_description:/home/dev/gps_setting_ws/install/ntrip_client:/opt/ros/humble /usr/bin/cmake --build /home/dev/gps_setting_ws/build/ublox_msgs -- -j16 -l16
[0.940s] DEBUG:colcon.colcon_core.event_handler.log_command:Invoking command in '/home/dev/gps_setting_ws/build/ublox_msgs': CMAKE_PREFIX_PATH=/home/dev/gps_setting_ws/install/ublox_serialization:/home/dev/gps_setting_ws/install/ublox:/home/dev/gps_setting_ws/install/ublox_gps:/home/dev/gps_setting_ws/install/ublox_msgs:/home/dev/ex_rbq_simul/ROS2/RBQ/ros2/install/rbq_rviz_plugins:/home/dev/ex_rbq_simul/ROS2/RBQ/ros2/install/rbq_msgs:/home/dev/ex_rbq_simul/ROS2/RBQ/ros2/install/rbq_examples:/home/dev/ex_rbq_simul/ROS2/RBQ/ros2/install/rbq_driver:/home/dev/ex_rbq_simul/ROS2/RBQ/ros2/install/rbq_description:/home/dev/gps_setting_ws/install/ntrip_client:/opt/ros/humble /usr/bin/cmake --install /home/dev/gps_setting_ws/build/ublox_msgs
[1.032s] Level 1:colcon.colcon_core.environment:create_environment_scripts_only(ublox_msgs)
[1.033s] Level 1:colcon.colcon_core.environment:checking '/home/dev/gps_setting_ws/install/ublox_msgs' for CMake module files
[1.037s] Level 1:colcon.colcon_core.environment:checking '/home/dev/gps_setting_ws/install/ublox_msgs' for CMake config files
[1.038s] DEBUG:colcon.colcon_core.event_handler.log_command:Invoked command in '/home/dev/gps_setting_ws/build/ublox_msgs' returned '0': CMAKE_PREFIX_PATH=/home/dev/gps_setting_ws/install/ublox_serialization:/home/dev/gps_setting_ws/install/ublox:/home/dev/gps_setting_ws/install/ublox_gps:/home/dev/gps_setting_ws/install/ublox_msgs:/home/dev/ex_rbq_simul/ROS2/RBQ/ros2/install/rbq_rviz_plugins:/home/dev/ex_rbq_simul/ROS2/RBQ/ros2/install/rbq_msgs:/home/dev/ex_rbq_simul/ROS2/RBQ/ros2/install/rbq_examples:/home/dev/ex_rbq_simul/ROS2/RBQ/ros2/install/rbq_driver:/home/dev/ex_rbq_simul/ROS2/RBQ/ros2/install/rbq_description:/home/dev/gps_setting_ws/install/ntrip_client:/opt/ros/humble /usr/bin/cmake --install /home/dev/gps_setting_ws/build/ublox_msgs
[1.040s] Level 1:colcon.colcon_core.shell:create_environment_hook('ublox_msgs', 'cmake_prefix_path')
[1.040s] INFO:colcon.colcon_core.shell:Creating environment hook '/home/dev/gps_setting_ws/install/ublox_msgs/share/ublox_msgs/hook/cmake_prefix_path.ps1'
[1.040s] INFO:colcon.colcon_core.shell:Creating environment descriptor '/home/dev/gps_setting_ws/install/ublox_msgs/share/ublox_msgs/hook/cmake_prefix_path.dsv'
[1.041s] INFO:colcon.colcon_core.shell:Creating environment hook '/home/dev/gps_setting_ws/install/ublox_msgs/share/ublox_msgs/hook/cmake_prefix_path.sh'
[1.041s] Level 1:colcon.colcon_core.environment:checking '/home/dev/gps_setting_ws/install/ublox_msgs/lib'
[1.041s] Level 1:colcon.colcon_core.shell:create_environment_hook('ublox_msgs', 'ld_library_path_lib')
[1.041s] INFO:colcon.colcon_core.shell:Creating environment hook '/home/dev/gps_setting_ws/install/ublox_msgs/share/ublox_msgs/hook/ld_library_path_lib.ps1'
[1.042s] INFO:colcon.colcon_core.shell:Creating environment descriptor '/home/dev/gps_setting_ws/install/ublox_msgs/share/ublox_msgs/hook/ld_library_path_lib.dsv'
[1.042s] INFO:colcon.colcon_core.shell:Creating environment hook '/home/dev/gps_setting_ws/install/ublox_msgs/share/ublox_msgs/hook/ld_library_path_lib.sh'
[1.042s] Level 1:colcon.colcon_core.environment:checking '/home/dev/gps_setting_ws/install/ublox_msgs/bin'
[1.042s] Level 1:colcon.colcon_core.environment:checking '/home/dev/gps_setting_ws/install/ublox_msgs/lib/pkgconfig/ublox_msgs.pc'
[1.043s] Level 1:colcon.colcon_core.environment:checking '/home/dev/gps_setting_ws/install/ublox_msgs/lib/python3.10/site-packages'
[1.043s] Level 1:colcon.colcon_core.environment:checking '/home/dev/gps_setting_ws/install/ublox_msgs/bin'
[1.043s] INFO:colcon.colcon_core.shell:Creating package script '/home/dev/gps_setting_ws/install/ublox_msgs/share/ublox_msgs/package.ps1'
[1.044s] INFO:colcon.colcon_core.shell:Creating package descriptor '/home/dev/gps_setting_ws/install/ublox_msgs/share/ublox_msgs/package.dsv'
[1.044s] INFO:colcon.colcon_core.shell:Creating package script '/home/dev/gps_setting_ws/install/ublox_msgs/share/ublox_msgs/package.sh'
[1.044s] INFO:colcon.colcon_core.shell:Creating package script '/home/dev/gps_setting_ws/install/ublox_msgs/share/ublox_msgs/package.bash'
[1.045s] INFO:colcon.colcon_core.shell:Creating package script '/home/dev/gps_setting_ws/install/ublox_msgs/share/ublox_msgs/package.zsh'
[1.045s] Level 1:colcon.colcon_core.environment:create_file_with_runtime_dependencies(/home/dev/gps_setting_ws/install/ublox_msgs/share/colcon-core/packages/ublox_msgs)
[1.045s] Level 1:colcon.colcon_core.environment:create_environment_scripts_only(ublox_msgs)
[1.046s] Level 1:colcon.colcon_core.environment:checking '/home/dev/gps_setting_ws/install/ublox_msgs' for CMake module files
[1.046s] Level 1:colcon.colcon_core.environment:checking '/home/dev/gps_setting_ws/install/ublox_msgs' for CMake config files
[1.048s] Level 1:colcon.colcon_core.shell:create_environment_hook('ublox_msgs', 'cmake_prefix_path')
[1.048s] INFO:colcon.colcon_core.shell:Creating environment hook '/home/dev/gps_setting_ws/install/ublox_msgs/share/ublox_msgs/hook/cmake_prefix_path.ps1'
[1.048s] INFO:colcon.colcon_core.shell:Creating environment descriptor '/home/dev/gps_setting_ws/install/ublox_msgs/share/ublox_msgs/hook/cmake_prefix_path.dsv'
[1.048s] INFO:colcon.colcon_core.shell:Creating environment hook '/home/dev/gps_setting_ws/install/ublox_msgs/share/ublox_msgs/hook/cmake_prefix_path.sh'
[1.049s] Level 1:colcon.colcon_core.environment:checking '/home/dev/gps_setting_ws/install/ublox_msgs/lib'
[1.049s] Level 1:colcon.colcon_core.shell:create_environment_hook('ublox_msgs', 'ld_library_path_lib')
[1.049s] INFO:colcon.colcon_core.shell:Creating environment hook '/home/dev/gps_setting_ws/install/ublox_msgs/share/ublox_msgs/hook/ld_library_path_lib.ps1'
[1.049s] INFO:colcon.colcon_core.shell:Creating environment descriptor '/home/dev/gps_setting_ws/install/ublox_msgs/share/ublox_msgs/hook/ld_library_path_lib.dsv'
[1.049s] INFO:colcon.colcon_core.shell:Creating environment hook '/home/dev/gps_setting_ws/install/ublox_msgs/share/ublox_msgs/hook/ld_library_path_lib.sh'
[1.050s] Level 1:colcon.colcon_core.environment:checking '/home/dev/gps_setting_ws/install/ublox_msgs/bin'
[1.050s] Level 1:colcon.colcon_core.environment:checking '/home/dev/gps_setting_ws/install/ublox_msgs/lib/pkgconfig/ublox_msgs.pc'
[1.050s] Level 1:colcon.colcon_core.environment:checking '/home/dev/gps_setting_ws/install/ublox_msgs/lib/python3.10/site-packages'
[1.050s] Level 1:colcon.colcon_core.environment:checking '/home/dev/gps_setting_ws/install/ublox_msgs/bin'
[1.051s] INFO:colcon.colcon_core.shell:Creating package script '/home/dev/gps_setting_ws/install/ublox_msgs/share/ublox_msgs/package.ps1'
[1.051s] INFO:colcon.colcon_core.shell:Creating package descriptor '/home/dev/gps_setting_ws/install/ublox_msgs/share/ublox_msgs/package.dsv'
[1.051s] INFO:colcon.colcon_core.shell:Creating package script '/home/dev/gps_setting_ws/install/ublox_msgs/share/ublox_msgs/package.sh'
[1.052s] INFO:colcon.colcon_core.shell:Creating package script '/home/dev/gps_setting_ws/install/ublox_msgs/share/ublox_msgs/package.bash'
[1.052s] INFO:colcon.colcon_core.shell:Creating package script '/home/dev/gps_setting_ws/install/ublox_msgs/share/ublox_msgs/package.zsh'
[1.052s] Level 1:colcon.colcon_core.environment:create_file_with_runtime_dependencies(/home/dev/gps_setting_ws/install/ublox_msgs/share/colcon-core/packages/ublox_msgs)
[1.053s] INFO:colcon.colcon_ros.task.ament_cmake.build:Building ROS package in '/home/dev/gps_setting_ws/src/ublox/ublox_gps' with build type 'ament_cmake'
[1.053s] INFO:colcon.colcon_cmake.task.cmake.build:Building CMake package in '/home/dev/gps_setting_ws/src/ublox/ublox_gps'
[1.053s] INFO:colcon.colcon_core.shell:Skip shell extension 'powershell' for command environment: Not usable outside of PowerShell
[1.053s] DEBUG:colcon.colcon_core.shell:Skip shell extension 'dsv' for command environment
[1.062s] DEBUG:colcon.colcon_core.event_handler.log_command:Invoking command in '/home/dev/gps_setting_ws/build/ublox_gps': CMAKE_PREFIX_PATH=/home/dev/gps_setting_ws/install/ublox_msgs:/home/dev/gps_setting_ws/install/ublox_serialization:/home/dev/gps_setting_ws/install/ublox:/home/dev/gps_setting_ws/install/ublox_gps:/home/dev/ex_rbq_simul/ROS2/RBQ/ros2/install/rbq_rviz_plugins:/home/dev/ex_rbq_simul/ROS2/RBQ/ros2/install/rbq_msgs:/home/dev/ex_rbq_simul/ROS2/RBQ/ros2/install/rbq_examples:/home/dev/ex_rbq_simul/ROS2/RBQ/ros2/install/rbq_driver:/home/dev/ex_rbq_simul/ROS2/RBQ/ros2/install/rbq_description:/home/dev/gps_setting_ws/install/ntrip_client:/opt/ros/humble LD_LIBRARY_PATH=/home/dev/gps_setting_ws/install/ublox_msgs/lib:/home/dev/gps_setting_ws/install/ublox_gps/lib:/home/dev/ex_rbq_simul/ROS2/RBQ/ros2/install/rbq_rviz_plugins/lib:/home/dev/ex_rbq_simul/ROS2/RBQ/ros2/install/rbq_msgs/lib:/opt/ros/humble/opt/rviz_ogre_vendor/lib:/opt/ros/humble/lib/x86_64-linux-gnu:/opt/ros/humble/lib /usr/bin/cmake --build /home/dev/gps_setting_ws/build/ublox_gps -- -j16 -l16
[1.166s] DEBUG:colcon.colcon_core.event_handler.log_command:Invoked command in '/home/dev/gps_setting_ws/build/ublox_gps' returned '0': CMAKE_PREFIX_PATH=/home/dev/gps_setting_ws/install/ublox_msgs:/home/dev/gps_setting_ws/install/ublox_serialization:/home/dev/gps_setting_ws/install/ublox:/home/dev/gps_setting_ws/install/ublox_gps:/home/dev/ex_rbq_simul/ROS2/RBQ/ros2/install/rbq_rviz_plugins:/home/dev/ex_rbq_simul/ROS2/RBQ/ros2/install/rbq_msgs:/home/dev/ex_rbq_simul/ROS2/RBQ/ros2/install/rbq_examples:/home/dev/ex_rbq_simul/ROS2/RBQ/ros2/install/rbq_driver:/home/dev/ex_rbq_simul/ROS2/RBQ/ros2/install/rbq_description:/home/dev/gps_setting_ws/install/ntrip_client:/opt/ros/humble LD_LIBRARY_PATH=/home/dev/gps_setting_ws/install/ublox_msgs/lib:/home/dev/gps_setting_ws/install/ublox_gps/lib:/home/dev/ex_rbq_simul/ROS2/RBQ/ros2/install/rbq_rviz_plugins/lib:/home/dev/ex_rbq_simul/ROS2/RBQ/ros2/install/rbq_msgs/lib:/opt/ros/humble/opt/rviz_ogre_vendor/lib:/opt/ros/humble/lib/x86_64-linux-gnu:/opt/ros/humble/lib /usr/bin/cmake --build /home/dev/gps_setting_ws/build/ublox_gps -- -j16 -l16
[1.168s] DEBUG:colcon.colcon_core.event_handler.log_command:Invoking command in '/home/dev/gps_setting_ws/build/ublox_gps': CMAKE_PREFIX_PATH=/home/dev/gps_setting_ws/install/ublox_msgs:/home/dev/gps_setting_ws/install/ublox_serialization:/home/dev/gps_setting_ws/install/ublox:/home/dev/gps_setting_ws/install/ublox_gps:/home/dev/ex_rbq_simul/ROS2/RBQ/ros2/install/rbq_rviz_plugins:/home/dev/ex_rbq_simul/ROS2/RBQ/ros2/install/rbq_msgs:/home/dev/ex_rbq_simul/ROS2/RBQ/ros2/install/rbq_examples:/home/dev/ex_rbq_simul/ROS2/RBQ/ros2/install/rbq_driver:/home/dev/ex_rbq_simul/ROS2/RBQ/ros2/install/rbq_description:/home/dev/gps_setting_ws/install/ntrip_client:/opt/ros/humble LD_LIBRARY_PATH=/home/dev/gps_setting_ws/install/ublox_msgs/lib:/home/dev/gps_setting_ws/install/ublox_gps/lib:/home/dev/ex_rbq_simul/ROS2/RBQ/ros2/install/rbq_rviz_plugins/lib:/home/dev/ex_rbq_simul/ROS2/RBQ/ros2/install/rbq_msgs/lib:/opt/ros/humble/opt/rviz_ogre_vendor/lib:/opt/ros/humble/lib/x86_64-linux-gnu:/opt/ros/humble/lib /usr/bin/cmake --install /home/dev/gps_setting_ws/build/ublox_gps
[1.177s] Level 1:colcon.colcon_core.environment:create_environment_scripts_only(ublox_gps)
[1.178s] Level 1:colcon.colcon_core.environment:checking '/home/dev/gps_setting_ws/install/ublox_gps' for CMake module files
[1.178s] DEBUG:colcon.colcon_core.event_handler.log_command:Invoked command in '/home/dev/gps_setting_ws/build/ublox_gps' returned '0': CMAKE_PREFIX_PATH=/home/dev/gps_setting_ws/install/ublox_msgs:/home/dev/gps_setting_ws/install/ublox_serialization:/home/dev/gps_setting_ws/install/ublox:/home/dev/gps_setting_ws/install/ublox_gps:/home/dev/ex_rbq_simul/ROS2/RBQ/ros2/install/rbq_rviz_plugins:/home/dev/ex_rbq_simul/ROS2/RBQ/ros2/install/rbq_msgs:/home/dev/ex_rbq_simul/ROS2/RBQ/ros2/install/rbq_examples:/home/dev/ex_rbq_simul/ROS2/RBQ/ros2/install/rbq_driver:/home/dev/ex_rbq_simul/ROS2/RBQ/ros2/install/rbq_description:/home/dev/gps_setting_ws/install/ntrip_client:/opt/ros/humble LD_LIBRARY_PATH=/home/dev/gps_setting_ws/install/ublox_msgs/lib:/home/dev/gps_setting_ws/install/ublox_gps/lib:/home/dev/ex_rbq_simul/ROS2/RBQ/ros2/install/rbq_rviz_plugins/lib:/home/dev/ex_rbq_simul/ROS2/RBQ/ros2/install/rbq_msgs/lib:/opt/ros/humble/opt/rviz_ogre_vendor/lib:/opt/ros/humble/lib/x86_64-linux-gnu:/opt/ros/humble/lib /usr/bin/cmake --install /home/dev/gps_setting_ws/build/ublox_gps
[1.178s] Level 1:colcon.colcon_core.environment:checking '/home/dev/gps_setting_ws/install/ublox_gps' for CMake config files
[1.178s] Level 1:colcon.colcon_core.shell:create_environment_hook('ublox_gps', 'cmake_prefix_path')
[1.179s] INFO:colcon.colcon_core.shell:Creating environment hook '/home/dev/gps_setting_ws/install/ublox_gps/share/ublox_gps/hook/cmake_prefix_path.ps1'
[1.179s] INFO:colcon.colcon_core.shell:Creating environment descriptor '/home/dev/gps_setting_ws/install/ublox_gps/share/ublox_gps/hook/cmake_prefix_path.dsv'
[1.179s] INFO:colcon.colcon_core.shell:Creating environment hook '/home/dev/gps_setting_ws/install/ublox_gps/share/ublox_gps/hook/cmake_prefix_path.sh'
[1.180s] Level 1:colcon.colcon_core.environment:checking '/home/dev/gps_setting_ws/install/ublox_gps/lib'
[1.180s] Level 1:colcon.colcon_core.shell:create_environment_hook('ublox_gps', 'ld_library_path_lib')
[1.180s] INFO:colcon.colcon_core.shell:Creating environment hook '/home/dev/gps_setting_ws/install/ublox_gps/share/ublox_gps/hook/ld_library_path_lib.ps1'
[1.180s] INFO:colcon.colcon_core.shell:Creating environment descriptor '/home/dev/gps_setting_ws/install/ublox_gps/share/ublox_gps/hook/ld_library_path_lib.dsv'
[1.180s] INFO:colcon.colcon_core.shell:Creating environment hook '/home/dev/gps_setting_ws/install/ublox_gps/share/ublox_gps/hook/ld_library_path_lib.sh'
[1.181s] Level 1:colcon.colcon_core.environment:checking '/home/dev/gps_setting_ws/install/ublox_gps/bin'
[1.181s] Level 1:colcon.colcon_core.environment:checking '/home/dev/gps_setting_ws/install/ublox_gps/lib/pkgconfig/ublox_gps.pc'
[1.181s] Level 1:colcon.colcon_core.environment:checking '/home/dev/gps_setting_ws/install/ublox_gps/lib/python3.10/site-packages'
[1.181s] Level 1:colcon.colcon_core.environment:checking '/home/dev/gps_setting_ws/install/ublox_gps/bin'
[1.182s] INFO:colcon.colcon_core.shell:Creating package script '/home/dev/gps_setting_ws/install/ublox_gps/share/ublox_gps/package.ps1'
[1.182s] INFO:colcon.colcon_core.shell:Creating package descriptor '/home/dev/gps_setting_ws/install/ublox_gps/share/ublox_gps/package.dsv'
[1.182s] INFO:colcon.colcon_core.shell:Creating package script '/home/dev/gps_setting_ws/install/ublox_gps/share/ublox_gps/package.sh'
[1.183s] INFO:colcon.colcon_core.shell:Creating package script '/home/dev/gps_setting_ws/install/ublox_gps/share/ublox_gps/package.bash'
[1.183s] INFO:colcon.colcon_core.shell:Creating package script '/home/dev/gps_setting_ws/install/ublox_gps/share/ublox_gps/package.zsh'
[1.183s] Level 1:colcon.colcon_core.environment:create_file_with_runtime_dependencies(/home/dev/gps_setting_ws/install/ublox_gps/share/colcon-core/packages/ublox_gps)
[1.184s] Level 1:colcon.colcon_core.environment:create_environment_scripts_only(ublox_gps)
[1.184s] Level 1:colcon.colcon_core.environment:checking '/home/dev/gps_setting_ws/install/ublox_gps' for CMake module files
[1.184s] Level 1:colcon.colcon_core.environment:checking '/home/dev/gps_setting_ws/install/ublox_gps' for CMake config files
[1.184s] Level 1:colcon.colcon_core.shell:create_environment_hook('ublox_gps', 'cmake_prefix_path')
[1.185s] INFO:colcon.colcon_core.shell:Creating environment hook '/home/dev/gps_setting_ws/install/ublox_gps/share/ublox_gps/hook/cmake_prefix_path.ps1'
[1.185s] INFO:colcon.colcon_core.shell:Creating environment descriptor '/home/dev/gps_setting_ws/install/ublox_gps/share/ublox_gps/hook/cmake_prefix_path.dsv'
[1.185s] INFO:colcon.colcon_core.shell:Creating environment hook '/home/dev/gps_setting_ws/install/ublox_gps/share/ublox_gps/hook/cmake_prefix_path.sh'
[1.186s] Level 1:colcon.colcon_core.environment:checking '/home/dev/gps_setting_ws/install/ublox_gps/lib'
[1.186s] Level 1:colcon.colcon_core.shell:create_environment_hook('ublox_gps', 'ld_library_path_lib')
[1.186s] INFO:colcon.colcon_core.shell:Creating environment hook '/home/dev/gps_setting_ws/install/ublox_gps/share/ublox_gps/hook/ld_library_path_lib.ps1'
[1.186s] INFO:colcon.colcon_core.shell:Creating environment descriptor '/home/dev/gps_setting_ws/install/ublox_gps/share/ublox_gps/hook/ld_library_path_lib.dsv'
[1.186s] INFO:colcon.colcon_core.shell:Creating environment hook '/home/dev/gps_setting_ws/install/ublox_gps/share/ublox_gps/hook/ld_library_path_lib.sh'
[1.187s] Level 1:colcon.colcon_core.environment:checking '/home/dev/gps_setting_ws/install/ublox_gps/bin'
[1.187s] Level 1:colcon.colcon_core.environment:checking '/home/dev/gps_setting_ws/install/ublox_gps/lib/pkgconfig/ublox_gps.pc'
[1.187s] Level 1:colcon.colcon_core.environment:checking '/home/dev/gps_setting_ws/install/ublox_gps/lib/python3.10/site-packages'
[1.187s] Level 1:colcon.colcon_core.environment:checking '/home/dev/gps_setting_ws/install/ublox_gps/bin'
[1.188s] INFO:colcon.colcon_core.shell:Creating package script '/home/dev/gps_setting_ws/install/ublox_gps/share/ublox_gps/package.ps1'
[1.188s] INFO:colcon.colcon_core.shell:Creating package descriptor '/home/dev/gps_setting_ws/install/ublox_gps/share/ublox_gps/package.dsv'
[1.189s] INFO:colcon.colcon_core.shell:Creating package script '/home/dev/gps_setting_ws/install/ublox_gps/share/ublox_gps/package.sh'
[1.189s] INFO:colcon.colcon_core.shell:Creating package script '/home/dev/gps_setting_ws/install/ublox_gps/share/ublox_gps/package.bash'
[1.190s] INFO:colcon.colcon_core.shell:Creating package script '/home/dev/gps_setting_ws/install/ublox_gps/share/ublox_gps/package.zsh'
[1.190s] Level 1:colcon.colcon_core.environment:create_file_with_runtime_dependencies(/home/dev/gps_setting_ws/install/ublox_gps/share/colcon-core/packages/ublox_gps)
[1.190s] INFO:colcon.colcon_ros.task.ament_cmake.build:Building ROS package in '/home/dev/gps_setting_ws/src/ublox/ublox' with build type 'ament_cmake'
[1.190s] INFO:colcon.colcon_cmake.task.cmake.build:Building CMake package in '/home/dev/gps_setting_ws/src/ublox/ublox'
[1.191s] INFO:colcon.colcon_core.shell:Skip shell extension 'powershell' for command environment: Not usable outside of PowerShell
[1.191s] DEBUG:colcon.colcon_core.shell:Skip shell extension 'dsv' for command environment
[1.194s] Level 1:colcon.colcon_core.environment:checking '/home/dev/gps_setting_ws/install/ntrip_client' for CMake module files
[1.195s] DEBUG:colcon.colcon_core.event_handler.log_command:Invoked command in '/home/dev/gps_setting_ws/src/ntrip_client' returned '0': PYTHONPATH=/home/dev/gps_setting_ws/build/ntrip_client/prefix_override:/usr/lib/python3/dist-packages/colcon_core/task/python/colcon_distutils_commands:/home/dev/gps_setting_ws/install/ntrip_client/lib/python3.10/site-packages:${PYTHONPATH} /usr/bin/python3 -W ignore:setup.py install is deprecated -W ignore:easy_install command is deprecated setup.py egg_info --egg-base ../../build/ntrip_client build --build-base /home/dev/gps_setting_ws/build/ntrip_client/build install --record /home/dev/gps_setting_ws/build/ntrip_client/install.log --single-version-externally-managed install_data
[1.195s] Level 1:colcon.colcon_core.environment:checking '/home/dev/gps_setting_ws/install/ntrip_client' for CMake config files
[1.195s] Level 1:colcon.colcon_core.environment:checking '/home/dev/gps_setting_ws/install/ntrip_client/lib'
[1.195s] Level 1:colcon.colcon_core.environment:checking '/home/dev/gps_setting_ws/install/ntrip_client/bin'
[1.195s] Level 1:colcon.colcon_core.environment:checking '/home/dev/gps_setting_ws/install/ntrip_client/lib/pkgconfig/ntrip_client.pc'
[1.196s] Level 1:colcon.colcon_core.environment:checking '/home/dev/gps_setting_ws/install/ntrip_client/lib/python3.10/site-packages'
[1.196s] Level 1:colcon.colcon_core.shell:create_environment_hook('ntrip_client', 'pythonpath')
[1.196s] INFO:colcon.colcon_core.shell:Creating environment hook '/home/dev/gps_setting_ws/install/ntrip_client/share/ntrip_client/hook/pythonpath.ps1'
[1.196s] INFO:colcon.colcon_core.shell:Creating environment descriptor '/home/dev/gps_setting_ws/install/ntrip_client/share/ntrip_client/hook/pythonpath.dsv'
[1.196s] INFO:colcon.colcon_core.shell:Creating environment hook '/home/dev/gps_setting_ws/install/ntrip_client/share/ntrip_client/hook/pythonpath.sh'
[1.197s] Level 1:colcon.colcon_core.environment:checking '/home/dev/gps_setting_ws/install/ntrip_client/bin'
[1.197s] Level 1:colcon.colcon_core.environment:create_environment_scripts_only(ntrip_client)
[1.197s] INFO:colcon.colcon_core.shell:Creating package script '/home/dev/gps_setting_ws/install/ntrip_client/share/ntrip_client/package.ps1'
[1.198s] INFO:colcon.colcon_core.shell:Creating package descriptor '/home/dev/gps_setting_ws/install/ntrip_client/share/ntrip_client/package.dsv'
[1.199s] INFO:colcon.colcon_core.shell:Creating package script '/home/dev/gps_setting_ws/install/ntrip_client/share/ntrip_client/package.sh'
[1.199s] INFO:colcon.colcon_core.shell:Creating package script '/home/dev/gps_setting_ws/install/ntrip_client/share/ntrip_client/package.bash'
[1.199s] INFO:colcon.colcon_core.shell:Creating package script '/home/dev/gps_setting_ws/install/ntrip_client/share/ntrip_client/package.zsh'
[1.199s] Level 1:colcon.colcon_core.environment:create_file_with_runtime_dependencies(/home/dev/gps_setting_ws/install/ntrip_client/share/colcon-core/packages/ntrip_client)
[1.202s] DEBUG:colcon.colcon_core.event_handler.log_command:Invoking command in '/home/dev/gps_setting_ws/build/ublox': CMAKE_PREFIX_PATH=/home/dev/gps_setting_ws/install/ublox_gps:/home/dev/gps_setting_ws/install/ublox_msgs:/home/dev/gps_setting_ws/install/ublox_serialization:/home/dev/gps_setting_ws/install/ublox:/home/dev/ex_rbq_simul/ROS2/RBQ/ros2/install/rbq_rviz_plugins:/home/dev/ex_rbq_simul/ROS2/RBQ/ros2/install/rbq_msgs:/home/dev/ex_rbq_simul/ROS2/RBQ/ros2/install/rbq_examples:/home/dev/ex_rbq_simul/ROS2/RBQ/ros2/install/rbq_driver:/home/dev/ex_rbq_simul/ROS2/RBQ/ros2/install/rbq_description:/home/dev/gps_setting_ws/install/ntrip_client:/opt/ros/humble /usr/bin/cmake --build /home/dev/gps_setting_ws/build/ublox -- -j16 -l16
[1.227s] DEBUG:colcon.colcon_core.event_handler.log_command:Invoked command in '/home/dev/gps_setting_ws/build/ublox' returned '0': CMAKE_PREFIX_PATH=/home/dev/gps_setting_ws/install/ublox_gps:/home/dev/gps_setting_ws/install/ublox_msgs:/home/dev/gps_setting_ws/install/ublox_serialization:/home/dev/gps_setting_ws/install/ublox:/home/dev/ex_rbq_simul/ROS2/RBQ/ros2/install/rbq_rviz_plugins:/home/dev/ex_rbq_simul/ROS2/RBQ/ros2/install/rbq_msgs:/home/dev/ex_rbq_simul/ROS2/RBQ/ros2/install/rbq_examples:/home/dev/ex_rbq_simul/ROS2/RBQ/ros2/install/rbq_driver:/home/dev/ex_rbq_simul/ROS2/RBQ/ros2/install/rbq_description:/home/dev/gps_setting_ws/install/ntrip_client:/opt/ros/humble /usr/bin/cmake --build /home/dev/gps_setting_ws/build/ublox -- -j16 -l16
[1.228s] DEBUG:colcon.colcon_core.event_handler.log_command:Invoking command in '/home/dev/gps_setting_ws/build/ublox': CMAKE_PREFIX_PATH=/home/dev/gps_setting_ws/install/ublox_gps:/home/dev/gps_setting_ws/install/ublox_msgs:/home/dev/gps_setting_ws/install/ublox_serialization:/home/dev/gps_setting_ws/install/ublox:/home/dev/ex_rbq_simul/ROS2/RBQ/ros2/install/rbq_rviz_plugins:/home/dev/ex_rbq_simul/ROS2/RBQ/ros2/install/rbq_msgs:/home/dev/ex_rbq_simul/ROS2/RBQ/ros2/install/rbq_examples:/home/dev/ex_rbq_simul/ROS2/RBQ/ros2/install/rbq_driver:/home/dev/ex_rbq_simul/ROS2/RBQ/ros2/install/rbq_description:/home/dev/gps_setting_ws/install/ntrip_client:/opt/ros/humble /usr/bin/cmake --install /home/dev/gps_setting_ws/build/ublox
[1.235s] Level 1:colcon.colcon_core.environment:create_environment_scripts_only(ublox)
[1.235s] Level 1:colcon.colcon_core.environment:checking '/home/dev/gps_setting_ws/install/ublox' for CMake module files
[1.235s] DEBUG:colcon.colcon_core.event_handler.log_command:Invoked command in '/home/dev/gps_setting_ws/build/ublox' returned '0': CMAKE_PREFIX_PATH=/home/dev/gps_setting_ws/install/ublox_gps:/home/dev/gps_setting_ws/install/ublox_msgs:/home/dev/gps_setting_ws/install/ublox_serialization:/home/dev/gps_setting_ws/install/ublox:/home/dev/ex_rbq_simul/ROS2/RBQ/ros2/install/rbq_rviz_plugins:/home/dev/ex_rbq_simul/ROS2/RBQ/ros2/install/rbq_msgs:/home/dev/ex_rbq_simul/ROS2/RBQ/ros2/install/rbq_examples:/home/dev/ex_rbq_simul/ROS2/RBQ/ros2/install/rbq_driver:/home/dev/ex_rbq_simul/ROS2/RBQ/ros2/install/rbq_description:/home/dev/gps_setting_ws/install/ntrip_client:/opt/ros/humble /usr/bin/cmake --install /home/dev/gps_setting_ws/build/ublox
[1.236s] Level 1:colcon.colcon_core.environment:checking '/home/dev/gps_setting_ws/install/ublox' for CMake config files
[1.236s] Level 1:colcon.colcon_core.shell:create_environment_hook('ublox', 'cmake_prefix_path')
[1.236s] INFO:colcon.colcon_core.shell:Creating environment hook '/home/dev/gps_setting_ws/install/ublox/share/ublox/hook/cmake_prefix_path.ps1'
[1.236s] INFO:colcon.colcon_core.shell:Creating environment descriptor '/home/dev/gps_setting_ws/install/ublox/share/ublox/hook/cmake_prefix_path.dsv'
[1.237s] INFO:colcon.colcon_core.shell:Creating environment hook '/home/dev/gps_setting_ws/install/ublox/share/ublox/hook/cmake_prefix_path.sh'
[1.237s] Level 1:colcon.colcon_core.environment:checking '/home/dev/gps_setting_ws/install/ublox/bin'
[1.237s] Level 1:colcon.colcon_core.environment:checking '/home/dev/gps_setting_ws/install/ublox/lib/pkgconfig/ublox.pc'
[1.237s] Level 1:colcon.colcon_core.environment:checking '/home/dev/gps_setting_ws/install/ublox/lib/python3.10/site-packages'
[1.238s] Level 1:colcon.colcon_core.environment:checking '/home/dev/gps_setting_ws/install/ublox/bin'
[1.238s] INFO:colcon.colcon_core.shell:Creating package script '/home/dev/gps_setting_ws/install/ublox/share/ublox/package.ps1'
[1.238s] INFO:colcon.colcon_core.shell:Creating package descriptor '/home/dev/gps_setting_ws/install/ublox/share/ublox/package.dsv'
[1.239s] INFO:colcon.colcon_core.shell:Creating package script '/home/dev/gps_setting_ws/install/ublox/share/ublox/package.sh'
[1.239s] INFO:colcon.colcon_core.shell:Creating package script '/home/dev/gps_setting_ws/install/ublox/share/ublox/package.bash'
[1.239s] INFO:colcon.colcon_core.shell:Creating package script '/home/dev/gps_setting_ws/install/ublox/share/ublox/package.zsh'
[1.239s] Level 1:colcon.colcon_core.environment:create_file_with_runtime_dependencies(/home/dev/gps_setting_ws/install/ublox/share/colcon-core/packages/ublox)
[1.240s] Level 1:colcon.colcon_core.environment:create_environment_scripts_only(ublox)
[1.240s] Level 1:colcon.colcon_core.environment:checking '/home/dev/gps_setting_ws/install/ublox' for CMake module files
[1.240s] Level 1:colcon.colcon_core.environment:checking '/home/dev/gps_setting_ws/install/ublox' for CMake config files
[1.240s] Level 1:colcon.colcon_core.shell:create_environment_hook('ublox', 'cmake_prefix_path')
[1.240s] INFO:colcon.colcon_core.shell:Creating environment hook '/home/dev/gps_setting_ws/install/ublox/share/ublox/hook/cmake_prefix_path.ps1'
[1.241s] INFO:colcon.colcon_core.shell:Creating environment descriptor '/home/dev/gps_setting_ws/install/ublox/share/ublox/hook/cmake_prefix_path.dsv'
[1.241s] INFO:colcon.colcon_core.shell:Creating environment hook '/home/dev/gps_setting_ws/install/ublox/share/ublox/hook/cmake_prefix_path.sh'
[1.241s] Level 1:colcon.colcon_core.environment:checking '/home/dev/gps_setting_ws/install/ublox/bin'
[1.241s] Level 1:colcon.colcon_core.environment:checking '/home/dev/gps_setting_ws/install/ublox/lib/pkgconfig/ublox.pc'
[1.242s] Level 1:colcon.colcon_core.environment:checking '/home/dev/gps_setting_ws/install/ublox/lib/python3.10/site-packages'
[1.242s] Level 1:colcon.colcon_core.environment:checking '/home/dev/gps_setting_ws/install/ublox/bin'
[1.242s] INFO:colcon.colcon_core.shell:Creating package script '/home/dev/gps_setting_ws/install/ublox/share/ublox/package.ps1'
[1.242s] INFO:colcon.colcon_core.shell:Creating package descriptor '/home/dev/gps_setting_ws/install/ublox/share/ublox/package.dsv'
[1.243s] INFO:colcon.colcon_core.shell:Creating package script '/home/dev/gps_setting_ws/install/ublox/share/ublox/package.sh'
[1.243s] INFO:colcon.colcon_core.shell:Creating package script '/home/dev/gps_setting_ws/install/ublox/share/ublox/package.bash'
[1.243s] INFO:colcon.colcon_core.shell:Creating package script '/home/dev/gps_setting_ws/install/ublox/share/ublox/package.zsh'
[1.244s] Level 1:colcon.colcon_core.environment:create_file_with_runtime_dependencies(/home/dev/gps_setting_ws/install/ublox/share/colcon-core/packages/ublox)
[1.244s] DEBUG:colcon.colcon_parallel_executor.executor.parallel:closing loop
[1.244s] DEBUG:colcon.colcon_parallel_executor.executor.parallel:loop closed
[1.244s] DEBUG:colcon.colcon_parallel_executor.executor.parallel:run_until_complete finished with '0'
[1.244s] DEBUG:colcon.colcon_core.event_reactor:joining thread
[1.248s] INFO:colcon.colcon_core.plugin_system:Skipping extension 'colcon_notification.desktop_notification.terminal_notifier': Not used on non-Darwin systems
[1.248s] INFO:colcon.colcon_core.plugin_system:Skipping extension 'colcon_notification.desktop_notification.win32': Not used on non-Windows systems
[1.248s] INFO:colcon.colcon_notification.desktop_notification:Sending desktop notification using 'notify2'
[1.257s] DEBUG:colcon.colcon_core.event_reactor:joined thread
[1.257s] INFO:colcon.colcon_core.shell:Creating prefix script '/home/dev/gps_setting_ws/install/local_setup.ps1'
[1.258s] INFO:colcon.colcon_core.shell:Creating prefix util module '/home/dev/gps_setting_ws/install/_local_setup_util_ps1.py'
[1.259s] INFO:colcon.colcon_core.shell:Creating prefix chain script '/home/dev/gps_setting_ws/install/setup.ps1'
[1.260s] INFO:colcon.colcon_core.shell:Creating prefix script '/home/dev/gps_setting_ws/install/local_setup.sh'
[1.261s] INFO:colcon.colcon_core.shell:Creating prefix util module '/home/dev/gps_setting_ws/install/_local_setup_util_sh.py'
[1.262s] INFO:colcon.colcon_core.shell:Creating prefix chain script '/home/dev/gps_setting_ws/install/setup.sh'
[1.263s] INFO:colcon.colcon_core.shell:Creating prefix script '/home/dev/gps_setting_ws/install/local_setup.bash'
[1.264s] INFO:colcon.colcon_core.shell:Creating prefix chain script '/home/dev/gps_setting_ws/install/setup.bash'
[1.266s] INFO:colcon.colcon_core.shell:Creating prefix script '/home/dev/gps_setting_ws/install/local_setup.zsh'
[1.266s] INFO:colcon.colcon_core.shell:Creating prefix chain script '/home/dev/gps_setting_ws/install/setup.zsh'
