[0.092s] DEBUG:colcon:Command line arguments: ['/usr/bin/colcon', 'build']
[0.092s] DEBUG:colcon:Parsed command line arguments: Namespace(log_base=None, log_level=None, verb_name='build', build_base='build', install_base='install', merge_install=False, symlink_install=False, test_result_base=None, continue_on_error=False, executor='parallel', parallel_workers=16, event_handlers=None, ignore_user_meta=False, metas=['./colcon.meta'], base_paths=['.'], packages_ignore=None, packages_ignore_regex=None, paths=None, packages_up_to=None, packages_up_to_regex=None, packages_above=None, packages_above_and_dependencies=None, packages_above_depth=None, packages_select_by_dep=None, packages_skip_by_dep=None, packages_skip_up_to=None, packages_select_build_failed=False, packages_skip_build_finished=False, packages_select_test_failures=False, packages_skip_test_passed=False, packages_select=None, packages_skip=None, packages_select_regex=None, packages_skip_regex=None, packages_start=None, packages_end=None, cmake_args=None, cmake_target=None, cmake_target_skip_unavailable=False, cmake_clean_cache=False, cmake_clean_first=False, cmake_force_configure=False, ament_cmake_args=None, catkin_cmake_args=None, catkin_skip_building_tests=False, verb_parser=<colcon_defaults.argument_parser.defaults.DefaultArgumentsDecorator object at 0x775a88059690>, verb_extension=<colcon_core.verb.build.BuildVerb object at 0x775a8815ab30>, main=<bound method BuildVerb.main of <colcon_core.verb.build.BuildVerb object at 0x775a8815ab30>>)
[0.257s] Level 1:colcon.colcon_core.package_discovery:discover_packages(colcon_meta) check parameters
[0.258s] Level 1:colcon.colcon_core.package_discovery:discover_packages(recursive) check parameters
[0.258s] Level 1:colcon.colcon_core.package_discovery:discover_packages(ignore) check parameters
[0.258s] Level 1:colcon.colcon_core.package_discovery:discover_packages(path) check parameters
[0.258s] Level 1:colcon.colcon_core.package_discovery:discover_packages(colcon_meta) discover
[0.258s] Level 1:colcon.colcon_core.package_discovery:discover_packages(recursive) discover
[0.258s] INFO:colcon.colcon_core.package_discovery:Crawling recursively for packages in '/home/dev/gps_setting_ws'
[0.258s] Level 1:colcon.colcon_core.package_identification:_identify(.) by extensions ['ignore', 'ignore_ament_install']
[0.258s] Level 1:colcon.colcon_core.package_identification:_identify(.) by extension 'ignore'
[0.258s] Level 1:colcon.colcon_core.package_identification:_identify(.) by extension 'ignore_ament_install'
[0.258s] Level 1:colcon.colcon_core.package_identification:_identify(.) by extensions ['colcon_pkg']
[0.258s] Level 1:colcon.colcon_core.package_identification:_identify(.) by extension 'colcon_pkg'
[0.258s] Level 1:colcon.colcon_core.package_identification:_identify(.) by extensions ['colcon_meta']
[0.258s] Level 1:colcon.colcon_core.package_identification:_identify(.) by extension 'colcon_meta'
[0.258s] Level 1:colcon.colcon_core.package_identification:_identify(.) by extensions ['ros']
[0.258s] Level 1:colcon.colcon_core.package_identification:_identify(.) by extension 'ros'
[0.268s] Level 1:colcon.colcon_core.package_identification:_identify(.) by extensions ['cmake', 'python']
[0.268s] Level 1:colcon.colcon_core.package_identification:_identify(.) by extension 'cmake'
[0.268s] Level 1:colcon.colcon_core.package_identification:_identify(.) by extension 'python'
[0.268s] Level 1:colcon.colcon_core.package_identification:_identify(.) by extensions ['python_setup_py']
[0.268s] Level 1:colcon.colcon_core.package_identification:_identify(.) by extension 'python_setup_py'
[0.268s] Level 1:colcon.colcon_core.package_identification:_identify(build) by extensions ['ignore', 'ignore_ament_install']
[0.268s] Level 1:colcon.colcon_core.package_identification:_identify(build) by extension 'ignore'
[0.268s] Level 1:colcon.colcon_core.package_identification:_identify(build) ignored
[0.268s] Level 1:colcon.colcon_core.package_identification:_identify(gps_trajectory) by extensions ['ignore', 'ignore_ament_install']
[0.268s] Level 1:colcon.colcon_core.package_identification:_identify(gps_trajectory) by extension 'ignore'
[0.268s] Level 1:colcon.colcon_core.package_identification:_identify(gps_trajectory) by extension 'ignore_ament_install'
[0.268s] Level 1:colcon.colcon_core.package_identification:_identify(gps_trajectory) by extensions ['colcon_pkg']
[0.268s] Level 1:colcon.colcon_core.package_identification:_identify(gps_trajectory) by extension 'colcon_pkg'
[0.268s] Level 1:colcon.colcon_core.package_identification:_identify(gps_trajectory) by extensions ['colcon_meta']
[0.268s] Level 1:colcon.colcon_core.package_identification:_identify(gps_trajectory) by extension 'colcon_meta'
[0.268s] Level 1:colcon.colcon_core.package_identification:_identify(gps_trajectory) by extensions ['ros']
[0.268s] Level 1:colcon.colcon_core.package_identification:_identify(gps_trajectory) by extension 'ros'
[0.268s] Level 1:colcon.colcon_core.package_identification:_identify(gps_trajectory) by extensions ['cmake', 'python']
[0.268s] Level 1:colcon.colcon_core.package_identification:_identify(gps_trajectory) by extension 'cmake'
[0.269s] Level 1:colcon.colcon_core.package_identification:_identify(gps_trajectory) by extension 'python'
[0.269s] Level 1:colcon.colcon_core.package_identification:_identify(gps_trajectory) by extensions ['python_setup_py']
[0.269s] Level 1:colcon.colcon_core.package_identification:_identify(gps_trajectory) by extension 'python_setup_py'
[0.269s] Level 1:colcon.colcon_core.package_identification:_identify(install) by extensions ['ignore', 'ignore_ament_install']
[0.269s] Level 1:colcon.colcon_core.package_identification:_identify(install) by extension 'ignore'
[0.269s] Level 1:colcon.colcon_core.package_identification:_identify(install) ignored
[0.269s] Level 1:colcon.colcon_core.package_identification:_identify(log) by extensions ['ignore', 'ignore_ament_install']
[0.269s] Level 1:colcon.colcon_core.package_identification:_identify(log) by extension 'ignore'
[0.269s] Level 1:colcon.colcon_core.package_identification:_identify(log) ignored
[0.269s] Level 1:colcon.colcon_core.package_identification:_identify(src) by extensions ['ignore', 'ignore_ament_install']
[0.269s] Level 1:colcon.colcon_core.package_identification:_identify(src) by extension 'ignore'
[0.269s] Level 1:colcon.colcon_core.package_identification:_identify(src) by extension 'ignore_ament_install'
[0.269s] Level 1:colcon.colcon_core.package_identification:_identify(src) by extensions ['colcon_pkg']
[0.269s] Level 1:colcon.colcon_core.package_identification:_identify(src) by extension 'colcon_pkg'
[0.269s] Level 1:colcon.colcon_core.package_identification:_identify(src) by extensions ['colcon_meta']
[0.269s] Level 1:colcon.colcon_core.package_identification:_identify(src) by extension 'colcon_meta'
[0.269s] Level 1:colcon.colcon_core.package_identification:_identify(src) by extensions ['ros']
[0.269s] Level 1:colcon.colcon_core.package_identification:_identify(src) by extension 'ros'
[0.270s] Level 1:colcon.colcon_core.package_identification:_identify(src) by extensions ['cmake', 'python']
[0.270s] Level 1:colcon.colcon_core.package_identification:_identify(src) by extension 'cmake'
[0.270s] Level 1:colcon.colcon_core.package_identification:_identify(src) by extension 'python'
[0.270s] Level 1:colcon.colcon_core.package_identification:_identify(src) by extensions ['python_setup_py']
[0.270s] Level 1:colcon.colcon_core.package_identification:_identify(src) by extension 'python_setup_py'
[0.270s] Level 1:colcon.colcon_core.package_identification:_identify(src/ntrip_client) by extensions ['ignore', 'ignore_ament_install']
[0.270s] Level 1:colcon.colcon_core.package_identification:_identify(src/ntrip_client) by extension 'ignore'
[0.270s] Level 1:colcon.colcon_core.package_identification:_identify(src/ntrip_client) by extension 'ignore_ament_install'
[0.270s] Level 1:colcon.colcon_core.package_identification:_identify(src/ntrip_client) by extensions ['colcon_pkg']
[0.270s] Level 1:colcon.colcon_core.package_identification:_identify(src/ntrip_client) by extension 'colcon_pkg'
[0.270s] Level 1:colcon.colcon_core.package_identification:_identify(src/ntrip_client) by extensions ['colcon_meta']
[0.270s] Level 1:colcon.colcon_core.package_identification:_identify(src/ntrip_client) by extension 'colcon_meta'
[0.270s] Level 1:colcon.colcon_core.package_identification:_identify(src/ntrip_client) by extensions ['ros']
[0.270s] Level 1:colcon.colcon_core.package_identification:_identify(src/ntrip_client) by extension 'ros'
[0.272s] DEBUG:colcon.colcon_core.package_identification:Package 'src/ntrip_client' with type 'ros.ament_python' and name 'ntrip_client'
[0.272s] Level 1:colcon.colcon_core.package_identification:_identify(src/rbq_patrol) by extensions ['ignore', 'ignore_ament_install']
[0.273s] Level 1:colcon.colcon_core.package_identification:_identify(src/rbq_patrol) by extension 'ignore'
[0.273s] Level 1:colcon.colcon_core.package_identification:_identify(src/rbq_patrol) by extension 'ignore_ament_install'
[0.273s] Level 1:colcon.colcon_core.package_identification:_identify(src/rbq_patrol) by extensions ['colcon_pkg']
[0.273s] Level 1:colcon.colcon_core.package_identification:_identify(src/rbq_patrol) by extension 'colcon_pkg'
[0.273s] Level 1:colcon.colcon_core.package_identification:_identify(src/rbq_patrol) by extensions ['colcon_meta']
[0.273s] Level 1:colcon.colcon_core.package_identification:_identify(src/rbq_patrol) by extension 'colcon_meta'
[0.273s] Level 1:colcon.colcon_core.package_identification:_identify(src/rbq_patrol) by extensions ['ros']
[0.273s] Level 1:colcon.colcon_core.package_identification:_identify(src/rbq_patrol) by extension 'ros'
[0.273s] DEBUG:colcon.colcon_core.package_identification:Package 'src/rbq_patrol' with type 'ros.ament_python' and name 'rbq_patrol'
[0.273s] Level 1:colcon.colcon_core.package_identification:_identify(src/ublox) by extensions ['ignore', 'ignore_ament_install']
[0.273s] Level 1:colcon.colcon_core.package_identification:_identify(src/ublox) by extension 'ignore'
[0.274s] Level 1:colcon.colcon_core.package_identification:_identify(src/ublox) by extension 'ignore_ament_install'
[0.274s] Level 1:colcon.colcon_core.package_identification:_identify(src/ublox) by extensions ['colcon_pkg']
[0.274s] Level 1:colcon.colcon_core.package_identification:_identify(src/ublox) by extension 'colcon_pkg'
[0.274s] Level 1:colcon.colcon_core.package_identification:_identify(src/ublox) by extensions ['colcon_meta']
[0.274s] Level 1:colcon.colcon_core.package_identification:_identify(src/ublox) by extension 'colcon_meta'
[0.274s] Level 1:colcon.colcon_core.package_identification:_identify(src/ublox) by extensions ['ros']
[0.274s] Level 1:colcon.colcon_core.package_identification:_identify(src/ublox) by extension 'ros'
[0.274s] Level 1:colcon.colcon_core.package_identification:_identify(src/ublox) by extensions ['cmake', 'python']
[0.274s] Level 1:colcon.colcon_core.package_identification:_identify(src/ublox) by extension 'cmake'
[0.274s] Level 1:colcon.colcon_core.package_identification:_identify(src/ublox) by extension 'python'
[0.274s] Level 1:colcon.colcon_core.package_identification:_identify(src/ublox) by extensions ['python_setup_py']
[0.274s] Level 1:colcon.colcon_core.package_identification:_identify(src/ublox) by extension 'python_setup_py'
[0.274s] Level 1:colcon.colcon_core.package_identification:_identify(src/ublox/ublox) by extensions ['ignore', 'ignore_ament_install']
[0.274s] Level 1:colcon.colcon_core.package_identification:_identify(src/ublox/ublox) by extension 'ignore'
[0.274s] Level 1:colcon.colcon_core.package_identification:_identify(src/ublox/ublox) by extension 'ignore_ament_install'
[0.274s] Level 1:colcon.colcon_core.package_identification:_identify(src/ublox/ublox) by extensions ['colcon_pkg']
[0.274s] Level 1:colcon.colcon_core.package_identification:_identify(src/ublox/ublox) by extension 'colcon_pkg'
[0.274s] Level 1:colcon.colcon_core.package_identification:_identify(src/ublox/ublox) by extensions ['colcon_meta']
[0.274s] Level 1:colcon.colcon_core.package_identification:_identify(src/ublox/ublox) by extension 'colcon_meta'
[0.274s] Level 1:colcon.colcon_core.package_identification:_identify(src/ublox/ublox) by extensions ['ros']
[0.274s] Level 1:colcon.colcon_core.package_identification:_identify(src/ublox/ublox) by extension 'ros'
[0.275s] DEBUG:colcon.colcon_core.package_identification:Package 'src/ublox/ublox' with type 'ros.ament_cmake' and name 'ublox'
[0.275s] Level 1:colcon.colcon_core.package_identification:_identify(src/ublox/ublox_gps) by extensions ['ignore', 'ignore_ament_install']
[0.275s] Level 1:colcon.colcon_core.package_identification:_identify(src/ublox/ublox_gps) by extension 'ignore'
[0.275s] Level 1:colcon.colcon_core.package_identification:_identify(src/ublox/ublox_gps) by extension 'ignore_ament_install'
[0.275s] Level 1:colcon.colcon_core.package_identification:_identify(src/ublox/ublox_gps) by extensions ['colcon_pkg']
[0.275s] Level 1:colcon.colcon_core.package_identification:_identify(src/ublox/ublox_gps) by extension 'colcon_pkg'
[0.275s] Level 1:colcon.colcon_core.package_identification:_identify(src/ublox/ublox_gps) by extensions ['colcon_meta']
[0.275s] Level 1:colcon.colcon_core.package_identification:_identify(src/ublox/ublox_gps) by extension 'colcon_meta'
[0.275s] Level 1:colcon.colcon_core.package_identification:_identify(src/ublox/ublox_gps) by extensions ['ros']
[0.275s] Level 1:colcon.colcon_core.package_identification:_identify(src/ublox/ublox_gps) by extension 'ros'
[0.277s] DEBUG:colcon.colcon_core.package_identification:Package 'src/ublox/ublox_gps' with type 'ros.ament_cmake' and name 'ublox_gps'
[0.277s] Level 1:colcon.colcon_core.package_identification:_identify(src/ublox/ublox_msgs) by extensions ['ignore', 'ignore_ament_install']
[0.277s] Level 1:colcon.colcon_core.package_identification:_identify(src/ublox/ublox_msgs) by extension 'ignore'
[0.277s] Level 1:colcon.colcon_core.package_identification:_identify(src/ublox/ublox_msgs) by extension 'ignore_ament_install'
[0.277s] Level 1:colcon.colcon_core.package_identification:_identify(src/ublox/ublox_msgs) by extensions ['colcon_pkg']
[0.277s] Level 1:colcon.colcon_core.package_identification:_identify(src/ublox/ublox_msgs) by extension 'colcon_pkg'
[0.277s] Level 1:colcon.colcon_core.package_identification:_identify(src/ublox/ublox_msgs) by extensions ['colcon_meta']
[0.277s] Level 1:colcon.colcon_core.package_identification:_identify(src/ublox/ublox_msgs) by extension 'colcon_meta'
[0.277s] Level 1:colcon.colcon_core.package_identification:_identify(src/ublox/ublox_msgs) by extensions ['ros']
[0.277s] Level 1:colcon.colcon_core.package_identification:_identify(src/ublox/ublox_msgs) by extension 'ros'
[0.278s] DEBUG:colcon.colcon_core.package_identification:Package 'src/ublox/ublox_msgs' with type 'ros.ament_cmake' and name 'ublox_msgs'
[0.278s] Level 1:colcon.colcon_core.package_identification:_identify(src/ublox/ublox_serialization) by extensions ['ignore', 'ignore_ament_install']
[0.278s] Level 1:colcon.colcon_core.package_identification:_identify(src/ublox/ublox_serialization) by extension 'ignore'
[0.278s] Level 1:colcon.colcon_core.package_identification:_identify(src/ublox/ublox_serialization) by extension 'ignore_ament_install'
[0.278s] Level 1:colcon.colcon_core.package_identification:_identify(src/ublox/ublox_serialization) by extensions ['colcon_pkg']
[0.278s] Level 1:colcon.colcon_core.package_identification:_identify(src/ublox/ublox_serialization) by extension 'colcon_pkg'
[0.278s] Level 1:colcon.colcon_core.package_identification:_identify(src/ublox/ublox_serialization) by extensions ['colcon_meta']
[0.278s] Level 1:colcon.colcon_core.package_identification:_identify(src/ublox/ublox_serialization) by extension 'colcon_meta'
[0.278s] Level 1:colcon.colcon_core.package_identification:_identify(src/ublox/ublox_serialization) by extensions ['ros']
[0.278s] Level 1:colcon.colcon_core.package_identification:_identify(src/ublox/ublox_serialization) by extension 'ros'
[0.278s] DEBUG:colcon.colcon_core.package_identification:Package 'src/ublox/ublox_serialization' with type 'ros.ament_cmake' and name 'ublox_serialization'
[0.279s] Level 1:colcon.colcon_core.package_discovery:discover_packages(recursive) using defaults
[0.279s] Level 1:colcon.colcon_core.package_discovery:discover_packages(ignore) discover
[0.279s] Level 1:colcon.colcon_core.package_discovery:discover_packages(ignore) using defaults
[0.279s] Level 1:colcon.colcon_core.package_discovery:discover_packages(path) discover
[0.279s] Level 1:colcon.colcon_core.package_discovery:discover_packages(path) using defaults
[0.303s] Level 5:colcon.colcon_core.verb:set package 'ntrip_client' build argument 'cmake_args' from command line to 'None'
[0.303s] Level 5:colcon.colcon_core.verb:set package 'ntrip_client' build argument 'cmake_target' from command line to 'None'
[0.303s] Level 5:colcon.colcon_core.verb:set package 'ntrip_client' build argument 'cmake_target_skip_unavailable' from command line to 'False'
[0.303s] Level 5:colcon.colcon_core.verb:set package 'ntrip_client' build argument 'cmake_clean_cache' from command line to 'False'
[0.303s] Level 5:colcon.colcon_core.verb:set package 'ntrip_client' build argument 'cmake_clean_first' from command line to 'False'
[0.303s] Level 5:colcon.colcon_core.verb:set package 'ntrip_client' build argument 'cmake_force_configure' from command line to 'False'
[0.303s] Level 5:colcon.colcon_core.verb:set package 'ntrip_client' build argument 'ament_cmake_args' from command line to 'None'
[0.303s] Level 5:colcon.colcon_core.verb:set package 'ntrip_client' build argument 'catkin_cmake_args' from command line to 'None'
[0.303s] Level 5:colcon.colcon_core.verb:set package 'ntrip_client' build argument 'catkin_skip_building_tests' from command line to 'False'
[0.303s] DEBUG:colcon.colcon_core.verb:Building package 'ntrip_client' with the following arguments: {'ament_cmake_args': None, 'build_base': '/home/dev/gps_setting_ws/build/ntrip_client', 'catkin_cmake_args': None, 'catkin_skip_building_tests': False, 'cmake_args': None, 'cmake_clean_cache': False, 'cmake_clean_first': False, 'cmake_force_configure': False, 'cmake_target': None, 'cmake_target_skip_unavailable': False, 'install_base': '/home/dev/gps_setting_ws/install/ntrip_client', 'merge_install': False, 'path': '/home/dev/gps_setting_ws/src/ntrip_client', 'symlink_install': False, 'test_result_base': None}
[0.304s] Level 5:colcon.colcon_core.verb:set package 'rbq_patrol' build argument 'cmake_args' from command line to 'None'
[0.304s] Level 5:colcon.colcon_core.verb:set package 'rbq_patrol' build argument 'cmake_target' from command line to 'None'
[0.304s] Level 5:colcon.colcon_core.verb:set package 'rbq_patrol' build argument 'cmake_target_skip_unavailable' from command line to 'False'
[0.304s] Level 5:colcon.colcon_core.verb:set package 'rbq_patrol' build argument 'cmake_clean_cache' from command line to 'False'
[0.304s] Level 5:colcon.colcon_core.verb:set package 'rbq_patrol' build argument 'cmake_clean_first' from command line to 'False'
[0.304s] Level 5:colcon.colcon_core.verb:set package 'rbq_patrol' build argument 'cmake_force_configure' from command line to 'False'
[0.304s] Level 5:colcon.colcon_core.verb:set package 'rbq_patrol' build argument 'ament_cmake_args' from command line to 'None'
[0.304s] Level 5:colcon.colcon_core.verb:set package 'rbq_patrol' build argument 'catkin_cmake_args' from command line to 'None'
[0.304s] Level 5:colcon.colcon_core.verb:set package 'rbq_patrol' build argument 'catkin_skip_building_tests' from command line to 'False'
[0.304s] DEBUG:colcon.colcon_core.verb:Building package 'rbq_patrol' with the following arguments: {'ament_cmake_args': None, 'build_base': '/home/dev/gps_setting_ws/build/rbq_patrol', 'catkin_cmake_args': None, 'catkin_skip_building_tests': False, 'cmake_args': None, 'cmake_clean_cache': False, 'cmake_clean_first': False, 'cmake_force_configure': False, 'cmake_target': None, 'cmake_target_skip_unavailable': False, 'install_base': '/home/dev/gps_setting_ws/install/rbq_patrol', 'merge_install': False, 'path': '/home/dev/gps_setting_ws/src/rbq_patrol', 'symlink_install': False, 'test_result_base': None}
[0.304s] Level 5:colcon.colcon_core.verb:set package 'ublox_serialization' build argument 'cmake_args' from command line to 'None'
[0.304s] Level 5:colcon.colcon_core.verb:set package 'ublox_serialization' build argument 'cmake_target' from command line to 'None'
[0.304s] Level 5:colcon.colcon_core.verb:set package 'ublox_serialization' build argument 'cmake_target_skip_unavailable' from command line to 'False'
[0.304s] Level 5:colcon.colcon_core.verb:set package 'ublox_serialization' build argument 'cmake_clean_cache' from command line to 'False'
[0.304s] Level 5:colcon.colcon_core.verb:set package 'ublox_serialization' build argument 'cmake_clean_first' from command line to 'False'
[0.304s] Level 5:colcon.colcon_core.verb:set package 'ublox_serialization' build argument 'cmake_force_configure' from command line to 'False'
[0.304s] Level 5:colcon.colcon_core.verb:set package 'ublox_serialization' build argument 'ament_cmake_args' from command line to 'None'
[0.304s] Level 5:colcon.colcon_core.verb:set package 'ublox_serialization' build argument 'catkin_cmake_args' from command line to 'None'
[0.304s] Level 5:colcon.colcon_core.verb:set package 'ublox_serialization' build argument 'catkin_skip_building_tests' from command line to 'False'
[0.304s] DEBUG:colcon.colcon_core.verb:Building package 'ublox_serialization' with the following arguments: {'ament_cmake_args': None, 'build_base': '/home/dev/gps_setting_ws/build/ublox_serialization', 'catkin_cmake_args': None, 'catkin_skip_building_tests': False, 'cmake_args': None, 'cmake_clean_cache': False, 'cmake_clean_first': False, 'cmake_force_configure': False, 'cmake_target': None, 'cmake_target_skip_unavailable': False, 'install_base': '/home/dev/gps_setting_ws/install/ublox_serialization', 'merge_install': False, 'path': '/home/dev/gps_setting_ws/src/ublox/ublox_serialization', 'symlink_install': False, 'test_result_base': None}
[0.305s] Level 5:colcon.colcon_core.verb:set package 'ublox_msgs' build argument 'cmake_args' from command line to 'None'
[0.305s] Level 5:colcon.colcon_core.verb:set package 'ublox_msgs' build argument 'cmake_target' from command line to 'None'
[0.305s] Level 5:colcon.colcon_core.verb:set package 'ublox_msgs' build argument 'cmake_target_skip_unavailable' from command line to 'False'
[0.305s] Level 5:colcon.colcon_core.verb:set package 'ublox_msgs' build argument 'cmake_clean_cache' from command line to 'False'
[0.305s] Level 5:colcon.colcon_core.verb:set package 'ublox_msgs' build argument 'cmake_clean_first' from command line to 'False'
[0.305s] Level 5:colcon.colcon_core.verb:set package 'ublox_msgs' build argument 'cmake_force_configure' from command line to 'False'
[0.305s] Level 5:colcon.colcon_core.verb:set package 'ublox_msgs' build argument 'ament_cmake_args' from command line to 'None'
[0.305s] Level 5:colcon.colcon_core.verb:set package 'ublox_msgs' build argument 'catkin_cmake_args' from command line to 'None'
[0.305s] Level 5:colcon.colcon_core.verb:set package 'ublox_msgs' build argument 'catkin_skip_building_tests' from command line to 'False'
[0.305s] DEBUG:colcon.colcon_core.verb:Building package 'ublox_msgs' with the following arguments: {'ament_cmake_args': None, 'build_base': '/home/dev/gps_setting_ws/build/ublox_msgs', 'catkin_cmake_args': None, 'catkin_skip_building_tests': False, 'cmake_args': None, 'cmake_clean_cache': False, 'cmake_clean_first': False, 'cmake_force_configure': False, 'cmake_target': None, 'cmake_target_skip_unavailable': False, 'install_base': '/home/dev/gps_setting_ws/install/ublox_msgs', 'merge_install': False, 'path': '/home/dev/gps_setting_ws/src/ublox/ublox_msgs', 'symlink_install': False, 'test_result_base': None}
[0.305s] Level 5:colcon.colcon_core.verb:set package 'ublox_gps' build argument 'cmake_args' from command line to 'None'
[0.305s] Level 5:colcon.colcon_core.verb:set package 'ublox_gps' build argument 'cmake_target' from command line to 'None'
[0.305s] Level 5:colcon.colcon_core.verb:set package 'ublox_gps' build argument 'cmake_target_skip_unavailable' from command line to 'False'
[0.305s] Level 5:colcon.colcon_core.verb:set package 'ublox_gps' build argument 'cmake_clean_cache' from command line to 'False'
[0.305s] Level 5:colcon.colcon_core.verb:set package 'ublox_gps' build argument 'cmake_clean_first' from command line to 'False'
[0.305s] Level 5:colcon.colcon_core.verb:set package 'ublox_gps' build argument 'cmake_force_configure' from command line to 'False'
[0.305s] Level 5:colcon.colcon_core.verb:set package 'ublox_gps' build argument 'ament_cmake_args' from command line to 'None'
[0.305s] Level 5:colcon.colcon_core.verb:set package 'ublox_gps' build argument 'catkin_cmake_args' from command line to 'None'
[0.305s] Level 5:colcon.colcon_core.verb:set package 'ublox_gps' build argument 'catkin_skip_building_tests' from command line to 'False'
[0.305s] DEBUG:colcon.colcon_core.verb:Building package 'ublox_gps' with the following arguments: {'ament_cmake_args': None, 'build_base': '/home/dev/gps_setting_ws/build/ublox_gps', 'catkin_cmake_args': None, 'catkin_skip_building_tests': False, 'cmake_args': None, 'cmake_clean_cache': False, 'cmake_clean_first': False, 'cmake_force_configure': False, 'cmake_target': None, 'cmake_target_skip_unavailable': False, 'install_base': '/home/dev/gps_setting_ws/install/ublox_gps', 'merge_install': False, 'path': '/home/dev/gps_setting_ws/src/ublox/ublox_gps', 'symlink_install': False, 'test_result_base': None}
[0.306s] Level 5:colcon.colcon_core.verb:set package 'ublox' build argument 'cmake_args' from command line to 'None'
[0.306s] Level 5:colcon.colcon_core.verb:set package 'ublox' build argument 'cmake_target' from command line to 'None'
[0.306s] Level 5:colcon.colcon_core.verb:set package 'ublox' build argument 'cmake_target_skip_unavailable' from command line to 'False'
[0.306s] Level 5:colcon.colcon_core.verb:set package 'ublox' build argument 'cmake_clean_cache' from command line to 'False'
[0.306s] Level 5:colcon.colcon_core.verb:set package 'ublox' build argument 'cmake_clean_first' from command line to 'False'
[0.306s] Level 5:colcon.colcon_core.verb:set package 'ublox' build argument 'cmake_force_configure' from command line to 'False'
[0.306s] Level 5:colcon.colcon_core.verb:set package 'ublox' build argument 'ament_cmake_args' from command line to 'None'
[0.306s] Level 5:colcon.colcon_core.verb:set package 'ublox' build argument 'catkin_cmake_args' from command line to 'None'
[0.306s] Level 5:colcon.colcon_core.verb:set package 'ublox' build argument 'catkin_skip_building_tests' from command line to 'False'
[0.306s] DEBUG:colcon.colcon_core.verb:Building package 'ublox' with the following arguments: {'ament_cmake_args': None, 'build_base': '/home/dev/gps_setting_ws/build/ublox', 'catkin_cmake_args': None, 'catkin_skip_building_tests': False, 'cmake_args': None, 'cmake_clean_cache': False, 'cmake_clean_first': False, 'cmake_force_configure': False, 'cmake_target': None, 'cmake_target_skip_unavailable': False, 'install_base': '/home/dev/gps_setting_ws/install/ublox', 'merge_install': False, 'path': '/home/dev/gps_setting_ws/src/ublox/ublox', 'symlink_install': False, 'test_result_base': None}
[0.306s] INFO:colcon.colcon_core.executor:Executing jobs using 'parallel' executor
[0.307s] DEBUG:colcon.colcon_parallel_executor.executor.parallel:run_until_complete
[0.307s] INFO:colcon.colcon_ros.task.ament_cmake.build:Building ROS package in '/home/dev/gps_setting_ws/src/ublox/ublox_serialization' with build type 'ament_cmake'
[0.307s] INFO:colcon.colcon_cmake.task.cmake.build:Building CMake package in '/home/dev/gps_setting_ws/src/ublox/ublox_serialization'
[0.309s] INFO:colcon.colcon_core.plugin_system:Skipping extension 'colcon_core.shell.bat': Not used on non-Windows systems
[0.309s] INFO:colcon.colcon_core.shell:Skip shell extension 'powershell' for command environment: Not usable outside of PowerShell
[0.309s] DEBUG:colcon.colcon_core.shell:Skip shell extension 'dsv' for command environment
[0.313s] INFO:colcon.colcon_ros.task.ament_python.build:Building ROS package in '/home/dev/gps_setting_ws/src/ntrip_client' with build type 'ament_python'
[0.313s] Level 1:colcon.colcon_core.shell:create_environment_hook('ntrip_client', 'ament_prefix_path')
[0.314s] INFO:colcon.colcon_core.shell:Creating environment hook '/home/dev/gps_setting_ws/install/ntrip_client/share/ntrip_client/hook/ament_prefix_path.ps1'
[0.314s] INFO:colcon.colcon_core.shell:Creating environment descriptor '/home/dev/gps_setting_ws/install/ntrip_client/share/ntrip_client/hook/ament_prefix_path.dsv'
[0.314s] INFO:colcon.colcon_core.shell:Creating environment hook '/home/dev/gps_setting_ws/install/ntrip_client/share/ntrip_client/hook/ament_prefix_path.sh'
[0.315s] INFO:colcon.colcon_core.shell:Skip shell extension 'powershell' for command environment: Not usable outside of PowerShell
[0.315s] DEBUG:colcon.colcon_core.shell:Skip shell extension 'dsv' for command environment
[0.318s] INFO:colcon.colcon_ros.task.ament_python.build:Building ROS package in '/home/dev/gps_setting_ws/src/rbq_patrol' with build type 'ament_python'
[0.318s] Level 1:colcon.colcon_core.shell:create_environment_hook('rbq_patrol', 'ament_prefix_path')
[0.318s] INFO:colcon.colcon_core.shell:Creating environment hook '/home/dev/gps_setting_ws/install/rbq_patrol/share/rbq_patrol/hook/ament_prefix_path.ps1'
[0.319s] INFO:colcon.colcon_core.shell:Creating environment descriptor '/home/dev/gps_setting_ws/install/rbq_patrol/share/rbq_patrol/hook/ament_prefix_path.dsv'
[0.319s] INFO:colcon.colcon_core.shell:Creating environment hook '/home/dev/gps_setting_ws/install/rbq_patrol/share/rbq_patrol/hook/ament_prefix_path.sh'
[0.320s] INFO:colcon.colcon_core.shell:Skip shell extension 'powershell' for command environment: Not usable outside of PowerShell
[0.320s] DEBUG:colcon.colcon_core.shell:Skip shell extension 'dsv' for command environment
[0.326s] DEBUG:colcon.colcon_core.event_handler.log_command:Invoking command in '/home/dev/gps_setting_ws/build/ublox_serialization': CMAKE_PREFIX_PATH=${CMAKE_PREFIX_PATH}:/home/dev/gps_setting_ws/install/rbq_patrol:/home/dev/gps_setting_ws/install/ntrip_client:/opt/ros/humble /usr/bin/cmake --build /home/dev/gps_setting_ws/build/ublox_serialization -- -j16 -l16
[0.568s] INFO:colcon.colcon_core.task.python.build:Building Python package in '/home/dev/gps_setting_ws/src/ntrip_client'
[0.568s] INFO:colcon.colcon_core.shell:Skip shell extension 'powershell' for command environment: Not usable outside of PowerShell
[0.568s] DEBUG:colcon.colcon_core.shell:Skip shell extension 'dsv' for command environment
[0.804s] INFO:colcon.colcon_core.task.python.build:Building Python package in '/home/dev/gps_setting_ws/src/rbq_patrol'
[0.804s] INFO:colcon.colcon_core.shell:Skip shell extension 'powershell' for command environment: Not usable outside of PowerShell
[0.804s] DEBUG:colcon.colcon_core.shell:Skip shell extension 'dsv' for command environment
[0.808s] DEBUG:colcon.colcon_core.event_handler.log_command:Invoked command in '/home/dev/gps_setting_ws/build/ublox_serialization' returned '0': CMAKE_PREFIX_PATH=${CMAKE_PREFIX_PATH}:/home/dev/gps_setting_ws/install/rbq_patrol:/home/dev/gps_setting_ws/install/ntrip_client:/opt/ros/humble /usr/bin/cmake --build /home/dev/gps_setting_ws/build/ublox_serialization -- -j16 -l16
[0.815s] DEBUG:colcon.colcon_core.event_handler.log_command:Invoking command in '/home/dev/gps_setting_ws/build/ublox_serialization': CMAKE_PREFIX_PATH=${CMAKE_PREFIX_PATH}:/home/dev/gps_setting_ws/install/rbq_patrol:/home/dev/gps_setting_ws/install/ntrip_client:/opt/ros/humble /usr/bin/cmake --install /home/dev/gps_setting_ws/build/ublox_serialization
[0.823s] Level 1:colcon.colcon_core.environment:create_environment_scripts_only(ublox_serialization)
[0.824s] DEBUG:colcon.colcon_core.event_handler.log_command:Invoked command in '/home/dev/gps_setting_ws/build/ublox_serialization' returned '0': CMAKE_PREFIX_PATH=${CMAKE_PREFIX_PATH}:/home/dev/gps_setting_ws/install/rbq_patrol:/home/dev/gps_setting_ws/install/ntrip_client:/opt/ros/humble /usr/bin/cmake --install /home/dev/gps_setting_ws/build/ublox_serialization
[0.826s] Level 1:colcon.colcon_core.environment:checking '/home/dev/gps_setting_ws/install/ublox_serialization' for CMake module files
[0.826s] Level 1:colcon.colcon_core.environment:checking '/home/dev/gps_setting_ws/install/ublox_serialization' for CMake config files
[0.826s] Level 1:colcon.colcon_core.shell:create_environment_hook('ublox_serialization', 'cmake_prefix_path')
[0.827s] INFO:colcon.colcon_core.shell:Creating environment hook '/home/dev/gps_setting_ws/install/ublox_serialization/share/ublox_serialization/hook/cmake_prefix_path.ps1'
[0.827s] INFO:colcon.colcon_core.shell:Creating environment descriptor '/home/dev/gps_setting_ws/install/ublox_serialization/share/ublox_serialization/hook/cmake_prefix_path.dsv'
[0.827s] INFO:colcon.colcon_core.shell:Creating environment hook '/home/dev/gps_setting_ws/install/ublox_serialization/share/ublox_serialization/hook/cmake_prefix_path.sh'
[0.828s] Level 1:colcon.colcon_core.environment:checking '/home/dev/gps_setting_ws/install/ublox_serialization/bin'
[0.828s] Level 1:colcon.colcon_core.environment:checking '/home/dev/gps_setting_ws/install/ublox_serialization/lib/pkgconfig/ublox_serialization.pc'
[0.828s] Level 1:colcon.colcon_core.environment:checking '/home/dev/gps_setting_ws/install/ublox_serialization/lib/python3.10/site-packages'
[0.828s] Level 1:colcon.colcon_core.environment:checking '/home/dev/gps_setting_ws/install/ublox_serialization/bin'
[0.829s] INFO:colcon.colcon_core.shell:Creating package script '/home/dev/gps_setting_ws/install/ublox_serialization/share/ublox_serialization/package.ps1'
[0.829s] INFO:colcon.colcon_core.shell:Creating package descriptor '/home/dev/gps_setting_ws/install/ublox_serialization/share/ublox_serialization/package.dsv'
[0.830s] INFO:colcon.colcon_core.shell:Creating package script '/home/dev/gps_setting_ws/install/ublox_serialization/share/ublox_serialization/package.sh'
[0.831s] INFO:colcon.colcon_core.shell:Creating package script '/home/dev/gps_setting_ws/install/ublox_serialization/share/ublox_serialization/package.bash'
[0.831s] INFO:colcon.colcon_core.shell:Creating package script '/home/dev/gps_setting_ws/install/ublox_serialization/share/ublox_serialization/package.zsh'
[0.832s] Level 1:colcon.colcon_core.environment:create_file_with_runtime_dependencies(/home/dev/gps_setting_ws/install/ublox_serialization/share/colcon-core/packages/ublox_serialization)
[0.832s] Level 1:colcon.colcon_core.environment:create_environment_scripts_only(ublox_serialization)
[0.832s] Level 1:colcon.colcon_core.environment:checking '/home/dev/gps_setting_ws/install/ublox_serialization' for CMake module files
[0.833s] Level 1:colcon.colcon_core.environment:checking '/home/dev/gps_setting_ws/install/ublox_serialization' for CMake config files
[0.833s] Level 1:colcon.colcon_core.shell:create_environment_hook('ublox_serialization', 'cmake_prefix_path')
[0.833s] INFO:colcon.colcon_core.shell:Creating environment hook '/home/dev/gps_setting_ws/install/ublox_serialization/share/ublox_serialization/hook/cmake_prefix_path.ps1'
[0.834s] INFO:colcon.colcon_core.shell:Creating environment descriptor '/home/dev/gps_setting_ws/install/ublox_serialization/share/ublox_serialization/hook/cmake_prefix_path.dsv'
[0.834s] INFO:colcon.colcon_core.shell:Creating environment hook '/home/dev/gps_setting_ws/install/ublox_serialization/share/ublox_serialization/hook/cmake_prefix_path.sh'
[0.834s] Level 1:colcon.colcon_core.environment:checking '/home/dev/gps_setting_ws/install/ublox_serialization/bin'
[0.834s] Level 1:colcon.colcon_core.environment:checking '/home/dev/gps_setting_ws/install/ublox_serialization/lib/pkgconfig/ublox_serialization.pc'
[0.835s] Level 1:colcon.colcon_core.environment:checking '/home/dev/gps_setting_ws/install/ublox_serialization/lib/python3.10/site-packages'
[0.835s] Level 1:colcon.colcon_core.environment:checking '/home/dev/gps_setting_ws/install/ublox_serialization/bin'
[0.835s] INFO:colcon.colcon_core.shell:Creating package script '/home/dev/gps_setting_ws/install/ublox_serialization/share/ublox_serialization/package.ps1'
[0.835s] INFO:colcon.colcon_core.shell:Creating package descriptor '/home/dev/gps_setting_ws/install/ublox_serialization/share/ublox_serialization/package.dsv'
[0.836s] INFO:colcon.colcon_core.shell:Creating package script '/home/dev/gps_setting_ws/install/ublox_serialization/share/ublox_serialization/package.sh'
[0.836s] INFO:colcon.colcon_core.shell:Creating package script '/home/dev/gps_setting_ws/install/ublox_serialization/share/ublox_serialization/package.bash'
[0.837s] INFO:colcon.colcon_core.shell:Creating package script '/home/dev/gps_setting_ws/install/ublox_serialization/share/ublox_serialization/package.zsh'
[0.837s] Level 1:colcon.colcon_core.environment:create_file_with_runtime_dependencies(/home/dev/gps_setting_ws/install/ublox_serialization/share/colcon-core/packages/ublox_serialization)
[0.837s] INFO:colcon.colcon_ros.task.ament_cmake.build:Building ROS package in '/home/dev/gps_setting_ws/src/ublox/ublox_msgs' with build type 'ament_cmake'
[0.837s] INFO:colcon.colcon_cmake.task.cmake.build:Building CMake package in '/home/dev/gps_setting_ws/src/ublox/ublox_msgs'
[0.838s] INFO:colcon.colcon_core.shell:Skip shell extension 'powershell' for command environment: Not usable outside of PowerShell
[0.838s] DEBUG:colcon.colcon_core.shell:Skip shell extension 'dsv' for command environment
[0.845s] DEBUG:colcon.colcon_core.event_handler.log_command:Invoking command in '/home/dev/gps_setting_ws/build/ublox_msgs': CMAKE_PREFIX_PATH=/home/dev/gps_setting_ws/install/ublox_serialization:/home/dev/gps_setting_ws/install/ublox:/home/dev/gps_setting_ws/install/ublox_gps:/home/dev/gps_setting_ws/install/ublox_msgs:/home/dev/ex_rbq_simul/ROS2/RBQ/ros2/install/rbq_rviz_plugins:/home/dev/ex_rbq_simul/ROS2/RBQ/ros2/install/rbq_msgs:/home/dev/ex_rbq_simul/ROS2/RBQ/ros2/install/rbq_examples:/home/dev/ex_rbq_simul/ROS2/RBQ/ros2/install/rbq_driver:/home/dev/ex_rbq_simul/ROS2/RBQ/ros2/install/rbq_description:/home/dev/gps_setting_ws/install/rbq_patrol:/home/dev/gps_setting_ws/install/ntrip_client:/opt/ros/humble /usr/bin/cmake --build /home/dev/gps_setting_ws/build/ublox_msgs -- -j16 -l16
[1.304s] DEBUG:colcon.colcon_core.event_handler.log_command:Invoking command in '/home/dev/gps_setting_ws/src/ntrip_client': PYTHONPATH=/home/dev/gps_setting_ws/build/ntrip_client/prefix_override:/usr/lib/python3/dist-packages/colcon_core/task/python/colcon_distutils_commands:/home/dev/gps_setting_ws/install/ntrip_client/lib/python3.10/site-packages:${PYTHONPATH} /usr/bin/python3 -W ignore:setup.py install is deprecated -W ignore:easy_install command is deprecated setup.py egg_info --egg-base ../../build/ntrip_client build --build-base /home/dev/gps_setting_ws/build/ntrip_client/build install --record /home/dev/gps_setting_ws/build/ntrip_client/install.log --single-version-externally-managed install_data
[1.308s] DEBUG:colcon.colcon_core.event_handler.log_command:Invoking command in '/home/dev/gps_setting_ws/src/rbq_patrol': PYTHONPATH=/home/dev/gps_setting_ws/build/rbq_patrol/prefix_override:/usr/lib/python3/dist-packages/colcon_core/task/python/colcon_distutils_commands:/home/dev/gps_setting_ws/install/rbq_patrol/lib/python3.10/site-packages:${PYTHONPATH} /usr/bin/python3 -W ignore:setup.py install is deprecated -W ignore:easy_install command is deprecated setup.py egg_info --egg-base ../../build/rbq_patrol build --build-base /home/dev/gps_setting_ws/build/rbq_patrol/build install --record /home/dev/gps_setting_ws/build/rbq_patrol/install.log --single-version-externally-managed install_data
[1.312s] DEBUG:colcon.colcon_core.event_handler.log_command:Invoked command in '/home/dev/gps_setting_ws/build/ublox_msgs' returned '0': CMAKE_PREFIX_PATH=/home/dev/gps_setting_ws/install/ublox_serialization:/home/dev/gps_setting_ws/install/ublox:/home/dev/gps_setting_ws/install/ublox_gps:/home/dev/gps_setting_ws/install/ublox_msgs:/home/dev/ex_rbq_simul/ROS2/RBQ/ros2/install/rbq_rviz_plugins:/home/dev/ex_rbq_simul/ROS2/RBQ/ros2/install/rbq_msgs:/home/dev/ex_rbq_simul/ROS2/RBQ/ros2/install/rbq_examples:/home/dev/ex_rbq_simul/ROS2/RBQ/ros2/install/rbq_driver:/home/dev/ex_rbq_simul/ROS2/RBQ/ros2/install/rbq_description:/home/dev/gps_setting_ws/install/rbq_patrol:/home/dev/gps_setting_ws/install/ntrip_client:/opt/ros/humble /usr/bin/cmake --build /home/dev/gps_setting_ws/build/ublox_msgs -- -j16 -l16
[1.313s] DEBUG:colcon.colcon_core.event_handler.log_command:Invoking command in '/home/dev/gps_setting_ws/build/ublox_msgs': CMAKE_PREFIX_PATH=/home/dev/gps_setting_ws/install/ublox_serialization:/home/dev/gps_setting_ws/install/ublox:/home/dev/gps_setting_ws/install/ublox_gps:/home/dev/gps_setting_ws/install/ublox_msgs:/home/dev/ex_rbq_simul/ROS2/RBQ/ros2/install/rbq_rviz_plugins:/home/dev/ex_rbq_simul/ROS2/RBQ/ros2/install/rbq_msgs:/home/dev/ex_rbq_simul/ROS2/RBQ/ros2/install/rbq_examples:/home/dev/ex_rbq_simul/ROS2/RBQ/ros2/install/rbq_driver:/home/dev/ex_rbq_simul/ROS2/RBQ/ros2/install/rbq_description:/home/dev/gps_setting_ws/install/rbq_patrol:/home/dev/gps_setting_ws/install/ntrip_client:/opt/ros/humble /usr/bin/cmake --install /home/dev/gps_setting_ws/build/ublox_msgs
[1.422s] Level 1:colcon.colcon_core.environment:create_environment_scripts_only(ublox_msgs)
[1.423s] Level 1:colcon.colcon_core.environment:checking '/home/dev/gps_setting_ws/install/ublox_msgs' for CMake module files
[1.427s] DEBUG:colcon.colcon_core.event_handler.log_command:Invoked command in '/home/dev/gps_setting_ws/build/ublox_msgs' returned '0': CMAKE_PREFIX_PATH=/home/dev/gps_setting_ws/install/ublox_serialization:/home/dev/gps_setting_ws/install/ublox:/home/dev/gps_setting_ws/install/ublox_gps:/home/dev/gps_setting_ws/install/ublox_msgs:/home/dev/ex_rbq_simul/ROS2/RBQ/ros2/install/rbq_rviz_plugins:/home/dev/ex_rbq_simul/ROS2/RBQ/ros2/install/rbq_msgs:/home/dev/ex_rbq_simul/ROS2/RBQ/ros2/install/rbq_examples:/home/dev/ex_rbq_simul/ROS2/RBQ/ros2/install/rbq_driver:/home/dev/ex_rbq_simul/ROS2/RBQ/ros2/install/rbq_description:/home/dev/gps_setting_ws/install/rbq_patrol:/home/dev/gps_setting_ws/install/ntrip_client:/opt/ros/humble /usr/bin/cmake --install /home/dev/gps_setting_ws/build/ublox_msgs
[1.427s] Level 1:colcon.colcon_core.environment:checking '/home/dev/gps_setting_ws/install/ublox_msgs' for CMake config files
[1.429s] Level 1:colcon.colcon_core.shell:create_environment_hook('ublox_msgs', 'cmake_prefix_path')
[1.429s] INFO:colcon.colcon_core.shell:Creating environment hook '/home/dev/gps_setting_ws/install/ublox_msgs/share/ublox_msgs/hook/cmake_prefix_path.ps1'
[1.429s] INFO:colcon.colcon_core.shell:Creating environment descriptor '/home/dev/gps_setting_ws/install/ublox_msgs/share/ublox_msgs/hook/cmake_prefix_path.dsv'
[1.430s] INFO:colcon.colcon_core.shell:Creating environment hook '/home/dev/gps_setting_ws/install/ublox_msgs/share/ublox_msgs/hook/cmake_prefix_path.sh'
[1.430s] Level 1:colcon.colcon_core.environment:checking '/home/dev/gps_setting_ws/install/ublox_msgs/lib'
[1.430s] Level 1:colcon.colcon_core.shell:create_environment_hook('ublox_msgs', 'ld_library_path_lib')
[1.431s] INFO:colcon.colcon_core.shell:Creating environment hook '/home/dev/gps_setting_ws/install/ublox_msgs/share/ublox_msgs/hook/ld_library_path_lib.ps1'
[1.431s] INFO:colcon.colcon_core.shell:Creating environment descriptor '/home/dev/gps_setting_ws/install/ublox_msgs/share/ublox_msgs/hook/ld_library_path_lib.dsv'
[1.431s] INFO:colcon.colcon_core.shell:Creating environment hook '/home/dev/gps_setting_ws/install/ublox_msgs/share/ublox_msgs/hook/ld_library_path_lib.sh'
[1.432s] Level 1:colcon.colcon_core.environment:checking '/home/dev/gps_setting_ws/install/ublox_msgs/bin'
[1.432s] Level 1:colcon.colcon_core.environment:checking '/home/dev/gps_setting_ws/install/ublox_msgs/lib/pkgconfig/ublox_msgs.pc'
[1.432s] Level 1:colcon.colcon_core.environment:checking '/home/dev/gps_setting_ws/install/ublox_msgs/lib/python3.10/site-packages'
[1.432s] Level 1:colcon.colcon_core.environment:checking '/home/dev/gps_setting_ws/install/ublox_msgs/bin'
[1.433s] INFO:colcon.colcon_core.shell:Creating package script '/home/dev/gps_setting_ws/install/ublox_msgs/share/ublox_msgs/package.ps1'
[1.433s] INFO:colcon.colcon_core.shell:Creating package descriptor '/home/dev/gps_setting_ws/install/ublox_msgs/share/ublox_msgs/package.dsv'
[1.434s] INFO:colcon.colcon_core.shell:Creating package script '/home/dev/gps_setting_ws/install/ublox_msgs/share/ublox_msgs/package.sh'
[1.434s] INFO:colcon.colcon_core.shell:Creating package script '/home/dev/gps_setting_ws/install/ublox_msgs/share/ublox_msgs/package.bash'
[1.434s] INFO:colcon.colcon_core.shell:Creating package script '/home/dev/gps_setting_ws/install/ublox_msgs/share/ublox_msgs/package.zsh'
[1.435s] Level 1:colcon.colcon_core.environment:create_file_with_runtime_dependencies(/home/dev/gps_setting_ws/install/ublox_msgs/share/colcon-core/packages/ublox_msgs)
[1.435s] Level 1:colcon.colcon_core.environment:create_environment_scripts_only(ublox_msgs)
[1.435s] Level 1:colcon.colcon_core.environment:checking '/home/dev/gps_setting_ws/install/ublox_msgs' for CMake module files
[1.436s] Level 1:colcon.colcon_core.environment:checking '/home/dev/gps_setting_ws/install/ublox_msgs' for CMake config files
[1.438s] Level 1:colcon.colcon_core.shell:create_environment_hook('ublox_msgs', 'cmake_prefix_path')
[1.438s] INFO:colcon.colcon_core.shell:Creating environment hook '/home/dev/gps_setting_ws/install/ublox_msgs/share/ublox_msgs/hook/cmake_prefix_path.ps1'
[1.438s] INFO:colcon.colcon_core.shell:Creating environment descriptor '/home/dev/gps_setting_ws/install/ublox_msgs/share/ublox_msgs/hook/cmake_prefix_path.dsv'
[1.439s] INFO:colcon.colcon_core.shell:Creating environment hook '/home/dev/gps_setting_ws/install/ublox_msgs/share/ublox_msgs/hook/cmake_prefix_path.sh'
[1.439s] Level 1:colcon.colcon_core.environment:checking '/home/dev/gps_setting_ws/install/ublox_msgs/lib'
[1.439s] Level 1:colcon.colcon_core.shell:create_environment_hook('ublox_msgs', 'ld_library_path_lib')
[1.439s] INFO:colcon.colcon_core.shell:Creating environment hook '/home/dev/gps_setting_ws/install/ublox_msgs/share/ublox_msgs/hook/ld_library_path_lib.ps1'
[1.440s] INFO:colcon.colcon_core.shell:Creating environment descriptor '/home/dev/gps_setting_ws/install/ublox_msgs/share/ublox_msgs/hook/ld_library_path_lib.dsv'
[1.440s] INFO:colcon.colcon_core.shell:Creating environment hook '/home/dev/gps_setting_ws/install/ublox_msgs/share/ublox_msgs/hook/ld_library_path_lib.sh'
[1.440s] Level 1:colcon.colcon_core.environment:checking '/home/dev/gps_setting_ws/install/ublox_msgs/bin'
[1.440s] Level 1:colcon.colcon_core.environment:checking '/home/dev/gps_setting_ws/install/ublox_msgs/lib/pkgconfig/ublox_msgs.pc'
[1.441s] Level 1:colcon.colcon_core.environment:checking '/home/dev/gps_setting_ws/install/ublox_msgs/lib/python3.10/site-packages'
[1.441s] Level 1:colcon.colcon_core.environment:checking '/home/dev/gps_setting_ws/install/ublox_msgs/bin'
[1.441s] INFO:colcon.colcon_core.shell:Creating package script '/home/dev/gps_setting_ws/install/ublox_msgs/share/ublox_msgs/package.ps1'
[1.442s] INFO:colcon.colcon_core.shell:Creating package descriptor '/home/dev/gps_setting_ws/install/ublox_msgs/share/ublox_msgs/package.dsv'
[1.442s] INFO:colcon.colcon_core.shell:Creating package script '/home/dev/gps_setting_ws/install/ublox_msgs/share/ublox_msgs/package.sh'
[1.443s] INFO:colcon.colcon_core.shell:Creating package script '/home/dev/gps_setting_ws/install/ublox_msgs/share/ublox_msgs/package.bash'
[1.443s] INFO:colcon.colcon_core.shell:Creating package script '/home/dev/gps_setting_ws/install/ublox_msgs/share/ublox_msgs/package.zsh'
[1.443s] Level 1:colcon.colcon_core.environment:create_file_with_runtime_dependencies(/home/dev/gps_setting_ws/install/ublox_msgs/share/colcon-core/packages/ublox_msgs)
[1.444s] INFO:colcon.colcon_ros.task.ament_cmake.build:Building ROS package in '/home/dev/gps_setting_ws/src/ublox/ublox_gps' with build type 'ament_cmake'
[1.444s] INFO:colcon.colcon_cmake.task.cmake.build:Building CMake package in '/home/dev/gps_setting_ws/src/ublox/ublox_gps'
[1.444s] INFO:colcon.colcon_core.shell:Skip shell extension 'powershell' for command environment: Not usable outside of PowerShell
[1.444s] DEBUG:colcon.colcon_core.shell:Skip shell extension 'dsv' for command environment
[1.454s] DEBUG:colcon.colcon_core.event_handler.log_command:Invoking command in '/home/dev/gps_setting_ws/build/ublox_gps': CMAKE_PREFIX_PATH=/home/dev/gps_setting_ws/install/ublox_msgs:/home/dev/gps_setting_ws/install/ublox_serialization:/home/dev/gps_setting_ws/install/ublox:/home/dev/gps_setting_ws/install/ublox_gps:/home/dev/ex_rbq_simul/ROS2/RBQ/ros2/install/rbq_rviz_plugins:/home/dev/ex_rbq_simul/ROS2/RBQ/ros2/install/rbq_msgs:/home/dev/ex_rbq_simul/ROS2/RBQ/ros2/install/rbq_examples:/home/dev/ex_rbq_simul/ROS2/RBQ/ros2/install/rbq_driver:/home/dev/ex_rbq_simul/ROS2/RBQ/ros2/install/rbq_description:/home/dev/gps_setting_ws/install/rbq_patrol:/home/dev/gps_setting_ws/install/ntrip_client:/opt/ros/humble LD_LIBRARY_PATH=/home/dev/gps_setting_ws/install/ublox_msgs/lib:/home/dev/gps_setting_ws/install/ublox_gps/lib:/home/dev/ex_rbq_simul/ROS2/RBQ/ros2/install/rbq_rviz_plugins/lib:/home/dev/ex_rbq_simul/ROS2/RBQ/ros2/install/rbq_msgs/lib:/opt/ros/humble/opt/rviz_ogre_vendor/lib:/opt/ros/humble/lib/x86_64-linux-gnu:/opt/ros/humble/lib /usr/bin/cmake --build /home/dev/gps_setting_ws/build/ublox_gps -- -j16 -l16
[1.575s] DEBUG:colcon.colcon_core.event_handler.log_command:Invoked command in '/home/dev/gps_setting_ws/build/ublox_gps' returned '0': CMAKE_PREFIX_PATH=/home/dev/gps_setting_ws/install/ublox_msgs:/home/dev/gps_setting_ws/install/ublox_serialization:/home/dev/gps_setting_ws/install/ublox:/home/dev/gps_setting_ws/install/ublox_gps:/home/dev/ex_rbq_simul/ROS2/RBQ/ros2/install/rbq_rviz_plugins:/home/dev/ex_rbq_simul/ROS2/RBQ/ros2/install/rbq_msgs:/home/dev/ex_rbq_simul/ROS2/RBQ/ros2/install/rbq_examples:/home/dev/ex_rbq_simul/ROS2/RBQ/ros2/install/rbq_driver:/home/dev/ex_rbq_simul/ROS2/RBQ/ros2/install/rbq_description:/home/dev/gps_setting_ws/install/rbq_patrol:/home/dev/gps_setting_ws/install/ntrip_client:/opt/ros/humble LD_LIBRARY_PATH=/home/dev/gps_setting_ws/install/ublox_msgs/lib:/home/dev/gps_setting_ws/install/ublox_gps/lib:/home/dev/ex_rbq_simul/ROS2/RBQ/ros2/install/rbq_rviz_plugins/lib:/home/dev/ex_rbq_simul/ROS2/RBQ/ros2/install/rbq_msgs/lib:/opt/ros/humble/opt/rviz_ogre_vendor/lib:/opt/ros/humble/lib/x86_64-linux-gnu:/opt/ros/humble/lib /usr/bin/cmake --build /home/dev/gps_setting_ws/build/ublox_gps -- -j16 -l16
[1.576s] DEBUG:colcon.colcon_core.event_handler.log_command:Invoking command in '/home/dev/gps_setting_ws/build/ublox_gps': CMAKE_PREFIX_PATH=/home/dev/gps_setting_ws/install/ublox_msgs:/home/dev/gps_setting_ws/install/ublox_serialization:/home/dev/gps_setting_ws/install/ublox:/home/dev/gps_setting_ws/install/ublox_gps:/home/dev/ex_rbq_simul/ROS2/RBQ/ros2/install/rbq_rviz_plugins:/home/dev/ex_rbq_simul/ROS2/RBQ/ros2/install/rbq_msgs:/home/dev/ex_rbq_simul/ROS2/RBQ/ros2/install/rbq_examples:/home/dev/ex_rbq_simul/ROS2/RBQ/ros2/install/rbq_driver:/home/dev/ex_rbq_simul/ROS2/RBQ/ros2/install/rbq_description:/home/dev/gps_setting_ws/install/rbq_patrol:/home/dev/gps_setting_ws/install/ntrip_client:/opt/ros/humble LD_LIBRARY_PATH=/home/dev/gps_setting_ws/install/ublox_msgs/lib:/home/dev/gps_setting_ws/install/ublox_gps/lib:/home/dev/ex_rbq_simul/ROS2/RBQ/ros2/install/rbq_rviz_plugins/lib:/home/dev/ex_rbq_simul/ROS2/RBQ/ros2/install/rbq_msgs/lib:/opt/ros/humble/opt/rviz_ogre_vendor/lib:/opt/ros/humble/lib/x86_64-linux-gnu:/opt/ros/humble/lib /usr/bin/cmake --install /home/dev/gps_setting_ws/build/ublox_gps
[1.587s] Level 1:colcon.colcon_core.environment:create_environment_scripts_only(ublox_gps)
[1.588s] Level 1:colcon.colcon_core.environment:checking '/home/dev/gps_setting_ws/install/ublox_gps' for CMake module files
[1.588s] DEBUG:colcon.colcon_core.event_handler.log_command:Invoked command in '/home/dev/gps_setting_ws/build/ublox_gps' returned '0': CMAKE_PREFIX_PATH=/home/dev/gps_setting_ws/install/ublox_msgs:/home/dev/gps_setting_ws/install/ublox_serialization:/home/dev/gps_setting_ws/install/ublox:/home/dev/gps_setting_ws/install/ublox_gps:/home/dev/ex_rbq_simul/ROS2/RBQ/ros2/install/rbq_rviz_plugins:/home/dev/ex_rbq_simul/ROS2/RBQ/ros2/install/rbq_msgs:/home/dev/ex_rbq_simul/ROS2/RBQ/ros2/install/rbq_examples:/home/dev/ex_rbq_simul/ROS2/RBQ/ros2/install/rbq_driver:/home/dev/ex_rbq_simul/ROS2/RBQ/ros2/install/rbq_description:/home/dev/gps_setting_ws/install/rbq_patrol:/home/dev/gps_setting_ws/install/ntrip_client:/opt/ros/humble LD_LIBRARY_PATH=/home/dev/gps_setting_ws/install/ublox_msgs/lib:/home/dev/gps_setting_ws/install/ublox_gps/lib:/home/dev/ex_rbq_simul/ROS2/RBQ/ros2/install/rbq_rviz_plugins/lib:/home/dev/ex_rbq_simul/ROS2/RBQ/ros2/install/rbq_msgs/lib:/opt/ros/humble/opt/rviz_ogre_vendor/lib:/opt/ros/humble/lib/x86_64-linux-gnu:/opt/ros/humble/lib /usr/bin/cmake --install /home/dev/gps_setting_ws/build/ublox_gps
[1.589s] Level 1:colcon.colcon_core.environment:checking '/home/dev/gps_setting_ws/install/ublox_gps' for CMake config files
[1.589s] Level 1:colcon.colcon_core.shell:create_environment_hook('ublox_gps', 'cmake_prefix_path')
[1.589s] INFO:colcon.colcon_core.shell:Creating environment hook '/home/dev/gps_setting_ws/install/ublox_gps/share/ublox_gps/hook/cmake_prefix_path.ps1'
[1.589s] INFO:colcon.colcon_core.shell:Creating environment descriptor '/home/dev/gps_setting_ws/install/ublox_gps/share/ublox_gps/hook/cmake_prefix_path.dsv'
[1.590s] INFO:colcon.colcon_core.shell:Creating environment hook '/home/dev/gps_setting_ws/install/ublox_gps/share/ublox_gps/hook/cmake_prefix_path.sh'
[1.590s] Level 1:colcon.colcon_core.environment:checking '/home/dev/gps_setting_ws/install/ublox_gps/lib'
[1.590s] Level 1:colcon.colcon_core.shell:create_environment_hook('ublox_gps', 'ld_library_path_lib')
[1.590s] INFO:colcon.colcon_core.shell:Creating environment hook '/home/dev/gps_setting_ws/install/ublox_gps/share/ublox_gps/hook/ld_library_path_lib.ps1'
[1.591s] INFO:colcon.colcon_core.shell:Creating environment descriptor '/home/dev/gps_setting_ws/install/ublox_gps/share/ublox_gps/hook/ld_library_path_lib.dsv'
[1.591s] INFO:colcon.colcon_core.shell:Creating environment hook '/home/dev/gps_setting_ws/install/ublox_gps/share/ublox_gps/hook/ld_library_path_lib.sh'
[1.591s] Level 1:colcon.colcon_core.environment:checking '/home/dev/gps_setting_ws/install/ublox_gps/bin'
[1.591s] Level 1:colcon.colcon_core.environment:checking '/home/dev/gps_setting_ws/install/ublox_gps/lib/pkgconfig/ublox_gps.pc'
[1.592s] Level 1:colcon.colcon_core.environment:checking '/home/dev/gps_setting_ws/install/ublox_gps/lib/python3.10/site-packages'
[1.592s] Level 1:colcon.colcon_core.environment:checking '/home/dev/gps_setting_ws/install/ublox_gps/bin'
[1.592s] INFO:colcon.colcon_core.shell:Creating package script '/home/dev/gps_setting_ws/install/ublox_gps/share/ublox_gps/package.ps1'
[1.593s] INFO:colcon.colcon_core.shell:Creating package descriptor '/home/dev/gps_setting_ws/install/ublox_gps/share/ublox_gps/package.dsv'
[1.593s] INFO:colcon.colcon_core.shell:Creating package script '/home/dev/gps_setting_ws/install/ublox_gps/share/ublox_gps/package.sh'
[1.593s] INFO:colcon.colcon_core.shell:Creating package script '/home/dev/gps_setting_ws/install/ublox_gps/share/ublox_gps/package.bash'
[1.594s] INFO:colcon.colcon_core.shell:Creating package script '/home/dev/gps_setting_ws/install/ublox_gps/share/ublox_gps/package.zsh'
[1.595s] Level 1:colcon.colcon_core.environment:create_file_with_runtime_dependencies(/home/dev/gps_setting_ws/install/ublox_gps/share/colcon-core/packages/ublox_gps)
[1.595s] Level 1:colcon.colcon_core.environment:create_environment_scripts_only(ublox_gps)
[1.595s] Level 1:colcon.colcon_core.environment:checking '/home/dev/gps_setting_ws/install/ublox_gps' for CMake module files
[1.596s] Level 1:colcon.colcon_core.environment:checking '/home/dev/gps_setting_ws/install/ublox_gps' for CMake config files
[1.596s] Level 1:colcon.colcon_core.shell:create_environment_hook('ublox_gps', 'cmake_prefix_path')
[1.596s] INFO:colcon.colcon_core.shell:Creating environment hook '/home/dev/gps_setting_ws/install/ublox_gps/share/ublox_gps/hook/cmake_prefix_path.ps1'
[1.597s] INFO:colcon.colcon_core.shell:Creating environment descriptor '/home/dev/gps_setting_ws/install/ublox_gps/share/ublox_gps/hook/cmake_prefix_path.dsv'
[1.597s] INFO:colcon.colcon_core.shell:Creating environment hook '/home/dev/gps_setting_ws/install/ublox_gps/share/ublox_gps/hook/cmake_prefix_path.sh'
[1.597s] Level 1:colcon.colcon_core.environment:checking '/home/dev/gps_setting_ws/install/ublox_gps/lib'
[1.597s] Level 1:colcon.colcon_core.shell:create_environment_hook('ublox_gps', 'ld_library_path_lib')
[1.598s] INFO:colcon.colcon_core.shell:Creating environment hook '/home/dev/gps_setting_ws/install/ublox_gps/share/ublox_gps/hook/ld_library_path_lib.ps1'
[1.598s] INFO:colcon.colcon_core.shell:Creating environment descriptor '/home/dev/gps_setting_ws/install/ublox_gps/share/ublox_gps/hook/ld_library_path_lib.dsv'
[1.598s] INFO:colcon.colcon_core.shell:Creating environment hook '/home/dev/gps_setting_ws/install/ublox_gps/share/ublox_gps/hook/ld_library_path_lib.sh'
[1.599s] Level 1:colcon.colcon_core.environment:checking '/home/dev/gps_setting_ws/install/ublox_gps/bin'
[1.599s] Level 1:colcon.colcon_core.environment:checking '/home/dev/gps_setting_ws/install/ublox_gps/lib/pkgconfig/ublox_gps.pc'
[1.599s] Level 1:colcon.colcon_core.environment:checking '/home/dev/gps_setting_ws/install/ublox_gps/lib/python3.10/site-packages'
[1.600s] Level 1:colcon.colcon_core.environment:checking '/home/dev/gps_setting_ws/install/ublox_gps/bin'
[1.600s] INFO:colcon.colcon_core.shell:Creating package script '/home/dev/gps_setting_ws/install/ublox_gps/share/ublox_gps/package.ps1'
[1.600s] INFO:colcon.colcon_core.shell:Creating package descriptor '/home/dev/gps_setting_ws/install/ublox_gps/share/ublox_gps/package.dsv'
[1.601s] INFO:colcon.colcon_core.shell:Creating package script '/home/dev/gps_setting_ws/install/ublox_gps/share/ublox_gps/package.sh'
[1.601s] INFO:colcon.colcon_core.shell:Creating package script '/home/dev/gps_setting_ws/install/ublox_gps/share/ublox_gps/package.bash'
[1.602s] INFO:colcon.colcon_core.shell:Creating package script '/home/dev/gps_setting_ws/install/ublox_gps/share/ublox_gps/package.zsh'
[1.602s] Level 1:colcon.colcon_core.environment:create_file_with_runtime_dependencies(/home/dev/gps_setting_ws/install/ublox_gps/share/colcon-core/packages/ublox_gps)
[1.603s] INFO:colcon.colcon_ros.task.ament_cmake.build:Building ROS package in '/home/dev/gps_setting_ws/src/ublox/ublox' with build type 'ament_cmake'
[1.603s] INFO:colcon.colcon_cmake.task.cmake.build:Building CMake package in '/home/dev/gps_setting_ws/src/ublox/ublox'
[1.603s] INFO:colcon.colcon_core.shell:Skip shell extension 'powershell' for command environment: Not usable outside of PowerShell
[1.603s] DEBUG:colcon.colcon_core.shell:Skip shell extension 'dsv' for command environment
[1.607s] Level 1:colcon.colcon_core.environment:checking '/home/dev/gps_setting_ws/install/ntrip_client' for CMake module files
[1.607s] DEBUG:colcon.colcon_core.event_handler.log_command:Invoked command in '/home/dev/gps_setting_ws/src/ntrip_client' returned '0': PYTHONPATH=/home/dev/gps_setting_ws/build/ntrip_client/prefix_override:/usr/lib/python3/dist-packages/colcon_core/task/python/colcon_distutils_commands:/home/dev/gps_setting_ws/install/ntrip_client/lib/python3.10/site-packages:${PYTHONPATH} /usr/bin/python3 -W ignore:setup.py install is deprecated -W ignore:easy_install command is deprecated setup.py egg_info --egg-base ../../build/ntrip_client build --build-base /home/dev/gps_setting_ws/build/ntrip_client/build install --record /home/dev/gps_setting_ws/build/ntrip_client/install.log --single-version-externally-managed install_data
[1.608s] Level 1:colcon.colcon_core.environment:checking '/home/dev/gps_setting_ws/install/ntrip_client' for CMake config files
[1.608s] Level 1:colcon.colcon_core.environment:checking '/home/dev/gps_setting_ws/install/ntrip_client/lib'
[1.608s] Level 1:colcon.colcon_core.environment:checking '/home/dev/gps_setting_ws/install/ntrip_client/bin'
[1.608s] Level 1:colcon.colcon_core.environment:checking '/home/dev/gps_setting_ws/install/ntrip_client/lib/pkgconfig/ntrip_client.pc'
[1.608s] Level 1:colcon.colcon_core.environment:checking '/home/dev/gps_setting_ws/install/ntrip_client/lib/python3.10/site-packages'
[1.608s] Level 1:colcon.colcon_core.shell:create_environment_hook('ntrip_client', 'pythonpath')
[1.609s] INFO:colcon.colcon_core.shell:Creating environment hook '/home/dev/gps_setting_ws/install/ntrip_client/share/ntrip_client/hook/pythonpath.ps1'
[1.609s] INFO:colcon.colcon_core.shell:Creating environment descriptor '/home/dev/gps_setting_ws/install/ntrip_client/share/ntrip_client/hook/pythonpath.dsv'
[1.609s] INFO:colcon.colcon_core.shell:Creating environment hook '/home/dev/gps_setting_ws/install/ntrip_client/share/ntrip_client/hook/pythonpath.sh'
[1.610s] Level 1:colcon.colcon_core.environment:checking '/home/dev/gps_setting_ws/install/ntrip_client/bin'
[1.610s] Level 1:colcon.colcon_core.environment:create_environment_scripts_only(ntrip_client)
[1.610s] INFO:colcon.colcon_core.shell:Creating package script '/home/dev/gps_setting_ws/install/ntrip_client/share/ntrip_client/package.ps1'
[1.611s] INFO:colcon.colcon_core.shell:Creating package descriptor '/home/dev/gps_setting_ws/install/ntrip_client/share/ntrip_client/package.dsv'
[1.611s] INFO:colcon.colcon_core.shell:Creating package script '/home/dev/gps_setting_ws/install/ntrip_client/share/ntrip_client/package.sh'
[1.611s] INFO:colcon.colcon_core.shell:Creating package script '/home/dev/gps_setting_ws/install/ntrip_client/share/ntrip_client/package.bash'
[1.612s] INFO:colcon.colcon_core.shell:Creating package script '/home/dev/gps_setting_ws/install/ntrip_client/share/ntrip_client/package.zsh'
[1.612s] Level 1:colcon.colcon_core.environment:create_file_with_runtime_dependencies(/home/dev/gps_setting_ws/install/ntrip_client/share/colcon-core/packages/ntrip_client)
[1.615s] Level 1:colcon.colcon_core.environment:checking '/home/dev/gps_setting_ws/install/rbq_patrol' for CMake module files
[1.616s] DEBUG:colcon.colcon_core.event_handler.log_command:Invoking command in '/home/dev/gps_setting_ws/build/ublox': CMAKE_PREFIX_PATH=/home/dev/gps_setting_ws/install/ublox_gps:/home/dev/gps_setting_ws/install/ublox_msgs:/home/dev/gps_setting_ws/install/ublox_serialization:/home/dev/gps_setting_ws/install/ublox:/home/dev/ex_rbq_simul/ROS2/RBQ/ros2/install/rbq_rviz_plugins:/home/dev/ex_rbq_simul/ROS2/RBQ/ros2/install/rbq_msgs:/home/dev/ex_rbq_simul/ROS2/RBQ/ros2/install/rbq_examples:/home/dev/ex_rbq_simul/ROS2/RBQ/ros2/install/rbq_driver:/home/dev/ex_rbq_simul/ROS2/RBQ/ros2/install/rbq_description:/home/dev/gps_setting_ws/install/rbq_patrol:/home/dev/gps_setting_ws/install/ntrip_client:/opt/ros/humble /usr/bin/cmake --build /home/dev/gps_setting_ws/build/ublox -- -j16 -l16
[1.616s] Level 1:colcon.colcon_core.environment:checking '/home/dev/gps_setting_ws/install/rbq_patrol' for CMake config files
[1.616s] DEBUG:colcon.colcon_core.event_handler.log_command:Invoked command in '/home/dev/gps_setting_ws/src/rbq_patrol' returned '0': PYTHONPATH=/home/dev/gps_setting_ws/build/rbq_patrol/prefix_override:/usr/lib/python3/dist-packages/colcon_core/task/python/colcon_distutils_commands:/home/dev/gps_setting_ws/install/rbq_patrol/lib/python3.10/site-packages:${PYTHONPATH} /usr/bin/python3 -W ignore:setup.py install is deprecated -W ignore:easy_install command is deprecated setup.py egg_info --egg-base ../../build/rbq_patrol build --build-base /home/dev/gps_setting_ws/build/rbq_patrol/build install --record /home/dev/gps_setting_ws/build/rbq_patrol/install.log --single-version-externally-managed install_data
[1.616s] Level 1:colcon.colcon_core.environment:checking '/home/dev/gps_setting_ws/install/rbq_patrol/lib'
[1.617s] Level 1:colcon.colcon_core.environment:checking '/home/dev/gps_setting_ws/install/rbq_patrol/bin'
[1.617s] Level 1:colcon.colcon_core.environment:checking '/home/dev/gps_setting_ws/install/rbq_patrol/lib/pkgconfig/rbq_patrol.pc'
[1.617s] Level 1:colcon.colcon_core.environment:checking '/home/dev/gps_setting_ws/install/rbq_patrol/lib/python3.10/site-packages'
[1.617s] Level 1:colcon.colcon_core.shell:create_environment_hook('rbq_patrol', 'pythonpath')
[1.617s] INFO:colcon.colcon_core.shell:Creating environment hook '/home/dev/gps_setting_ws/install/rbq_patrol/share/rbq_patrol/hook/pythonpath.ps1'
[1.617s] INFO:colcon.colcon_core.shell:Creating environment descriptor '/home/dev/gps_setting_ws/install/rbq_patrol/share/rbq_patrol/hook/pythonpath.dsv'
[1.618s] INFO:colcon.colcon_core.shell:Creating environment hook '/home/dev/gps_setting_ws/install/rbq_patrol/share/rbq_patrol/hook/pythonpath.sh'
[1.618s] Level 1:colcon.colcon_core.environment:checking '/home/dev/gps_setting_ws/install/rbq_patrol/bin'
[1.618s] Level 1:colcon.colcon_core.environment:create_environment_scripts_only(rbq_patrol)
[1.619s] INFO:colcon.colcon_core.shell:Creating package script '/home/dev/gps_setting_ws/install/rbq_patrol/share/rbq_patrol/package.ps1'
[1.619s] INFO:colcon.colcon_core.shell:Creating package descriptor '/home/dev/gps_setting_ws/install/rbq_patrol/share/rbq_patrol/package.dsv'
[1.619s] INFO:colcon.colcon_core.shell:Creating package script '/home/dev/gps_setting_ws/install/rbq_patrol/share/rbq_patrol/package.sh'
[1.620s] INFO:colcon.colcon_core.shell:Creating package script '/home/dev/gps_setting_ws/install/rbq_patrol/share/rbq_patrol/package.bash'
[1.620s] INFO:colcon.colcon_core.shell:Creating package script '/home/dev/gps_setting_ws/install/rbq_patrol/share/rbq_patrol/package.zsh'
[1.620s] Level 1:colcon.colcon_core.environment:create_file_with_runtime_dependencies(/home/dev/gps_setting_ws/install/rbq_patrol/share/colcon-core/packages/rbq_patrol)
[1.642s] DEBUG:colcon.colcon_core.event_handler.log_command:Invoked command in '/home/dev/gps_setting_ws/build/ublox' returned '0': CMAKE_PREFIX_PATH=/home/dev/gps_setting_ws/install/ublox_gps:/home/dev/gps_setting_ws/install/ublox_msgs:/home/dev/gps_setting_ws/install/ublox_serialization:/home/dev/gps_setting_ws/install/ublox:/home/dev/ex_rbq_simul/ROS2/RBQ/ros2/install/rbq_rviz_plugins:/home/dev/ex_rbq_simul/ROS2/RBQ/ros2/install/rbq_msgs:/home/dev/ex_rbq_simul/ROS2/RBQ/ros2/install/rbq_examples:/home/dev/ex_rbq_simul/ROS2/RBQ/ros2/install/rbq_driver:/home/dev/ex_rbq_simul/ROS2/RBQ/ros2/install/rbq_description:/home/dev/gps_setting_ws/install/rbq_patrol:/home/dev/gps_setting_ws/install/ntrip_client:/opt/ros/humble /usr/bin/cmake --build /home/dev/gps_setting_ws/build/ublox -- -j16 -l16
[1.644s] DEBUG:colcon.colcon_core.event_handler.log_command:Invoking command in '/home/dev/gps_setting_ws/build/ublox': CMAKE_PREFIX_PATH=/home/dev/gps_setting_ws/install/ublox_gps:/home/dev/gps_setting_ws/install/ublox_msgs:/home/dev/gps_setting_ws/install/ublox_serialization:/home/dev/gps_setting_ws/install/ublox:/home/dev/ex_rbq_simul/ROS2/RBQ/ros2/install/rbq_rviz_plugins:/home/dev/ex_rbq_simul/ROS2/RBQ/ros2/install/rbq_msgs:/home/dev/ex_rbq_simul/ROS2/RBQ/ros2/install/rbq_examples:/home/dev/ex_rbq_simul/ROS2/RBQ/ros2/install/rbq_driver:/home/dev/ex_rbq_simul/ROS2/RBQ/ros2/install/rbq_description:/home/dev/gps_setting_ws/install/rbq_patrol:/home/dev/gps_setting_ws/install/ntrip_client:/opt/ros/humble /usr/bin/cmake --install /home/dev/gps_setting_ws/build/ublox
[1.651s] Level 1:colcon.colcon_core.environment:create_environment_scripts_only(ublox)
[1.651s] Level 1:colcon.colcon_core.environment:checking '/home/dev/gps_setting_ws/install/ublox' for CMake module files
[1.651s] DEBUG:colcon.colcon_core.event_handler.log_command:Invoked command in '/home/dev/gps_setting_ws/build/ublox' returned '0': CMAKE_PREFIX_PATH=/home/dev/gps_setting_ws/install/ublox_gps:/home/dev/gps_setting_ws/install/ublox_msgs:/home/dev/gps_setting_ws/install/ublox_serialization:/home/dev/gps_setting_ws/install/ublox:/home/dev/ex_rbq_simul/ROS2/RBQ/ros2/install/rbq_rviz_plugins:/home/dev/ex_rbq_simul/ROS2/RBQ/ros2/install/rbq_msgs:/home/dev/ex_rbq_simul/ROS2/RBQ/ros2/install/rbq_examples:/home/dev/ex_rbq_simul/ROS2/RBQ/ros2/install/rbq_driver:/home/dev/ex_rbq_simul/ROS2/RBQ/ros2/install/rbq_description:/home/dev/gps_setting_ws/install/rbq_patrol:/home/dev/gps_setting_ws/install/ntrip_client:/opt/ros/humble /usr/bin/cmake --install /home/dev/gps_setting_ws/build/ublox
[1.651s] Level 1:colcon.colcon_core.environment:checking '/home/dev/gps_setting_ws/install/ublox' for CMake config files
[1.652s] Level 1:colcon.colcon_core.shell:create_environment_hook('ublox', 'cmake_prefix_path')
[1.652s] INFO:colcon.colcon_core.shell:Creating environment hook '/home/dev/gps_setting_ws/install/ublox/share/ublox/hook/cmake_prefix_path.ps1'
[1.652s] INFO:colcon.colcon_core.shell:Creating environment descriptor '/home/dev/gps_setting_ws/install/ublox/share/ublox/hook/cmake_prefix_path.dsv'
[1.653s] INFO:colcon.colcon_core.shell:Creating environment hook '/home/dev/gps_setting_ws/install/ublox/share/ublox/hook/cmake_prefix_path.sh'
[1.653s] Level 1:colcon.colcon_core.environment:checking '/home/dev/gps_setting_ws/install/ublox/bin'
[1.653s] Level 1:colcon.colcon_core.environment:checking '/home/dev/gps_setting_ws/install/ublox/lib/pkgconfig/ublox.pc'
[1.653s] Level 1:colcon.colcon_core.environment:checking '/home/dev/gps_setting_ws/install/ublox/lib/python3.10/site-packages'
[1.654s] Level 1:colcon.colcon_core.environment:checking '/home/dev/gps_setting_ws/install/ublox/bin'
[1.654s] INFO:colcon.colcon_core.shell:Creating package script '/home/dev/gps_setting_ws/install/ublox/share/ublox/package.ps1'
[1.654s] INFO:colcon.colcon_core.shell:Creating package descriptor '/home/dev/gps_setting_ws/install/ublox/share/ublox/package.dsv'
[1.654s] INFO:colcon.colcon_core.shell:Creating package script '/home/dev/gps_setting_ws/install/ublox/share/ublox/package.sh'
[1.655s] INFO:colcon.colcon_core.shell:Creating package script '/home/dev/gps_setting_ws/install/ublox/share/ublox/package.bash'
[1.655s] INFO:colcon.colcon_core.shell:Creating package script '/home/dev/gps_setting_ws/install/ublox/share/ublox/package.zsh'
[1.655s] Level 1:colcon.colcon_core.environment:create_file_with_runtime_dependencies(/home/dev/gps_setting_ws/install/ublox/share/colcon-core/packages/ublox)
[1.656s] Level 1:colcon.colcon_core.environment:create_environment_scripts_only(ublox)
[1.656s] Level 1:colcon.colcon_core.environment:checking '/home/dev/gps_setting_ws/install/ublox' for CMake module files
[1.656s] Level 1:colcon.colcon_core.environment:checking '/home/dev/gps_setting_ws/install/ublox' for CMake config files
[1.656s] Level 1:colcon.colcon_core.shell:create_environment_hook('ublox', 'cmake_prefix_path')
[1.657s] INFO:colcon.colcon_core.shell:Creating environment hook '/home/dev/gps_setting_ws/install/ublox/share/ublox/hook/cmake_prefix_path.ps1'
[1.657s] INFO:colcon.colcon_core.shell:Creating environment descriptor '/home/dev/gps_setting_ws/install/ublox/share/ublox/hook/cmake_prefix_path.dsv'
[1.657s] INFO:colcon.colcon_core.shell:Creating environment hook '/home/dev/gps_setting_ws/install/ublox/share/ublox/hook/cmake_prefix_path.sh'
[1.658s] Level 1:colcon.colcon_core.environment:checking '/home/dev/gps_setting_ws/install/ublox/bin'
[1.658s] Level 1:colcon.colcon_core.environment:checking '/home/dev/gps_setting_ws/install/ublox/lib/pkgconfig/ublox.pc'
[1.658s] Level 1:colcon.colcon_core.environment:checking '/home/dev/gps_setting_ws/install/ublox/lib/python3.10/site-packages'
[1.658s] Level 1:colcon.colcon_core.environment:checking '/home/dev/gps_setting_ws/install/ublox/bin'
[1.658s] INFO:colcon.colcon_core.shell:Creating package script '/home/dev/gps_setting_ws/install/ublox/share/ublox/package.ps1'
[1.659s] INFO:colcon.colcon_core.shell:Creating package descriptor '/home/dev/gps_setting_ws/install/ublox/share/ublox/package.dsv'
[1.659s] INFO:colcon.colcon_core.shell:Creating package script '/home/dev/gps_setting_ws/install/ublox/share/ublox/package.sh'
[1.660s] INFO:colcon.colcon_core.shell:Creating package script '/home/dev/gps_setting_ws/install/ublox/share/ublox/package.bash'
[1.660s] INFO:colcon.colcon_core.shell:Creating package script '/home/dev/gps_setting_ws/install/ublox/share/ublox/package.zsh'
[1.660s] Level 1:colcon.colcon_core.environment:create_file_with_runtime_dependencies(/home/dev/gps_setting_ws/install/ublox/share/colcon-core/packages/ublox)
[1.660s] DEBUG:colcon.colcon_parallel_executor.executor.parallel:closing loop
[1.661s] DEBUG:colcon.colcon_parallel_executor.executor.parallel:loop closed
[1.661s] DEBUG:colcon.colcon_parallel_executor.executor.parallel:run_until_complete finished with '0'
[1.661s] DEBUG:colcon.colcon_core.event_reactor:joining thread
[1.666s] INFO:colcon.colcon_core.plugin_system:Skipping extension 'colcon_notification.desktop_notification.terminal_notifier': Not used on non-Darwin systems
[1.666s] INFO:colcon.colcon_core.plugin_system:Skipping extension 'colcon_notification.desktop_notification.win32': Not used on non-Windows systems
[1.666s] INFO:colcon.colcon_notification.desktop_notification:Sending desktop notification using 'notify2'
[1.677s] DEBUG:colcon.colcon_core.event_reactor:joined thread
[1.678s] INFO:colcon.colcon_core.shell:Creating prefix script '/home/dev/gps_setting_ws/install/local_setup.ps1'
[1.679s] INFO:colcon.colcon_core.shell:Creating prefix util module '/home/dev/gps_setting_ws/install/_local_setup_util_ps1.py'
[1.680s] INFO:colcon.colcon_core.shell:Creating prefix chain script '/home/dev/gps_setting_ws/install/setup.ps1'
[1.681s] INFO:colcon.colcon_core.shell:Creating prefix script '/home/dev/gps_setting_ws/install/local_setup.sh'
[1.681s] INFO:colcon.colcon_core.shell:Creating prefix util module '/home/dev/gps_setting_ws/install/_local_setup_util_sh.py'
[1.682s] INFO:colcon.colcon_core.shell:Creating prefix chain script '/home/dev/gps_setting_ws/install/setup.sh'
[1.683s] INFO:colcon.colcon_core.shell:Creating prefix script '/home/dev/gps_setting_ws/install/local_setup.bash'
[1.684s] INFO:colcon.colcon_core.shell:Creating prefix chain script '/home/dev/gps_setting_ws/install/setup.bash'
[1.685s] INFO:colcon.colcon_core.shell:Creating prefix script '/home/dev/gps_setting_ws/install/local_setup.zsh'
[1.685s] INFO:colcon.colcon_core.shell:Creating prefix chain script '/home/dev/gps_setting_ws/install/setup.zsh'
